2022-04-02 23:46:20,876 INFO - Starting the scheduler
2022-04-02 23:46:20,877 INFO - Processing each file at most -1 times
2022-04-02 23:46:20,882 INFO - Launched DagFileProcessorManager with pid: 5915
2022-04-02 23:46:20,884 INFO - Resetting orphaned tasks for active dag runs
2022-04-02 23:51:21,624 INFO - Resetting orphaned tasks for active dag runs
2022-04-02 23:56:21,916 INFO - Resetting orphaned tasks for active dag runs
2022-04-03 00:01:22,287 INFO - Resetting orphaned tasks for active dag runs
2022-04-03 00:06:23,254 INFO - Resetting orphaned tasks for active dag runs
2022-04-03 00:11:23,317 INFO - Resetting orphaned tasks for active dag runs
2022-04-03 00:16:24,298 INFO - Resetting orphaned tasks for active dag runs
2022-04-03 00:21:25,241 INFO - Resetting orphaned tasks for active dag runs
2022-04-03 00:26:25,334 INFO - Resetting orphaned tasks for active dag runs
2022-04-03 00:31:26,222 INFO - Resetting orphaned tasks for active dag runs
2022-04-03 00:36:27,166 INFO - Resetting orphaned tasks for active dag runs
2022-04-03 00:57:56,496 INFO - Resetting orphaned tasks for active dag runs
2022-04-03 05:23:44,800 INFO - Resetting orphaned tasks for active dag runs
2022-04-03 05:23:44,804 INFO - Marked 1 SchedulerJob instances as failed
2022-04-03 10:21:02,824 INFO - Resetting orphaned tasks for active dag runs
2022-04-03 10:26:03,779 INFO - Resetting orphaned tasks for active dag runs
2022-04-03 10:31:04,244 INFO - Resetting orphaned tasks for active dag runs
2022-04-03 10:36:05,160 INFO - Resetting orphaned tasks for active dag runs
2022-04-03 10:41:05,770 INFO - Resetting orphaned tasks for active dag runs
2022-04-03 10:46:05,849 INFO - Resetting orphaned tasks for active dag runs
2022-04-03 10:51:06,860 INFO - Resetting orphaned tasks for active dag runs
2022-04-03 10:56:07,840 INFO - Resetting orphaned tasks for active dag runs
2022-04-03 11:01:08,065 INFO - Resetting orphaned tasks for active dag runs
2022-04-03 11:06:09,059 INFO - Resetting orphaned tasks for active dag runs
2022-04-03 11:11:10,062 INFO - Resetting orphaned tasks for active dag runs
2022-04-03 11:16:10,310 INFO - Resetting orphaned tasks for active dag runs
2022-04-03 11:21:11,307 INFO - Resetting orphaned tasks for active dag runs
2022-04-03 11:26:12,029 INFO - Resetting orphaned tasks for active dag runs
2022-04-03 11:31:12,753 INFO - Resetting orphaned tasks for active dag runs
2022-04-03 11:36:13,418 INFO - Resetting orphaned tasks for active dag runs
2022-04-03 11:41:14,405 INFO - Resetting orphaned tasks for active dag runs
2022-04-03 11:46:15,381 INFO - Resetting orphaned tasks for active dag runs
2022-04-03 11:51:16,357 INFO - Resetting orphaned tasks for active dag runs
2022-04-03 11:56:16,842 INFO - Resetting orphaned tasks for active dag runs
2022-04-03 12:01:16,875 INFO - Resetting orphaned tasks for active dag runs
2022-04-03 12:06:17,807 INFO - Resetting orphaned tasks for active dag runs
2022-04-03 12:11:18,790 INFO - Resetting orphaned tasks for active dag runs
