[[34m2022-04-05 21:45:03,736[0m] {[34mscheduler_job.py:[0m619} INFO[0m - Starting the scheduler[0m
[[34m2022-04-05 21:45:03,737[0m] {[34mscheduler_job.py:[0m624} INFO[0m - Processing each file at most -1 times[0m
[[34m2022-04-05 21:45:03,743[0m] {[34mmanager.py:[0m163} INFO[0m - Launched DagFileProcessorManager with pid: 4267[0m
[[34m2022-04-05 21:45:03,745[0m] {[34mscheduler_job.py:[0m1137} INFO[0m - Resetting orphaned tasks for active dag runs[0m
[[34m2022-04-05 21:45:04,591[0m] {[34msettings.py:[0m55} INFO[0m - Configured default timezone Timezone('UTC')[0m
[2022-04-05 21:45:04,594] {manager.py:441} WARNING - Because we cannot use more than 1 thread (parsing_processes = 2) when using sqlite. So we set parallelism to 1.
[[34m2022-04-05 21:50:05,285[0m] {[34mscheduler_job.py:[0m1137} INFO[0m - Resetting orphaned tasks for active dag runs[0m
[[34m2022-04-05 21:55:06,438[0m] {[34mscheduler_job.py:[0m1137} INFO[0m - Resetting orphaned tasks for active dag runs[0m
[[34m2022-04-05 22:00:07,939[0m] {[34mscheduler_job.py:[0m1137} INFO[0m - Resetting orphaned tasks for active dag runs[0m
[[34m2022-04-05 22:05:08,887[0m] {[34mscheduler_job.py:[0m1137} INFO[0m - Resetting orphaned tasks for active dag runs[0m
[[34m2022-04-05 22:10:09,366[0m] {[34mscheduler_job.py:[0m1137} INFO[0m - Resetting orphaned tasks for active dag runs[0m
[[34m2022-04-05 22:15:09,940[0m] {[34mscheduler_job.py:[0m1137} INFO[0m - Resetting orphaned tasks for active dag runs[0m
[[34m2022-04-05 22:20:09,957[0m] {[34mscheduler_job.py:[0m1137} INFO[0m - Resetting orphaned tasks for active dag runs[0m
[[34m2022-04-05 22:25:10,386[0m] {[34mscheduler_job.py:[0m1137} INFO[0m - Resetting orphaned tasks for active dag runs[0m
[[34m2022-04-05 22:30:11,946[0m] {[34mscheduler_job.py:[0m1137} INFO[0m - Resetting orphaned tasks for active dag runs[0m
[[34m2022-04-05 22:35:12,280[0m] {[34mscheduler_job.py:[0m1137} INFO[0m - Resetting orphaned tasks for active dag runs[0m
[[34m2022-04-05 22:55:37,273[0m] {[34mscheduler_job.py:[0m1137} INFO[0m - Resetting orphaned tasks for active dag runs[0m
[[34m2022-04-05 23:03:00,067[0m] {[34mscheduler_job.py:[0m1137} INFO[0m - Resetting orphaned tasks for active dag runs[0m
[[34m2022-04-05 23:08:01,576[0m] {[34mscheduler_job.py:[0m1137} INFO[0m - Resetting orphaned tasks for active dag runs[0m
[[34m2022-04-05 23:13:02,723[0m] {[34mscheduler_job.py:[0m1137} INFO[0m - Resetting orphaned tasks for active dag runs[0m
[[34m2022-04-05 23:18:03,774[0m] {[34mscheduler_job.py:[0m1137} INFO[0m - Resetting orphaned tasks for active dag runs[0m
[[34m2022-04-05 23:23:04,547[0m] {[34mscheduler_job.py:[0m1137} INFO[0m - Resetting orphaned tasks for active dag runs[0m
[[34m2022-04-05 23:28:06,021[0m] {[34mscheduler_job.py:[0m1137} INFO[0m - Resetting orphaned tasks for active dag runs[0m
[[34m2022-04-05 23:33:07,096[0m] {[34mscheduler_job.py:[0m1137} INFO[0m - Resetting orphaned tasks for active dag runs[0m
[[34m2022-04-05 23:38:08,597[0m] {[34mscheduler_job.py:[0m1137} INFO[0m - Resetting orphaned tasks for active dag runs[0m
[[34m2022-04-05 23:43:08,965[0m] {[34mscheduler_job.py:[0m1137} INFO[0m - Resetting orphaned tasks for active dag runs[0m
[[34m2022-04-05 23:48:10,412[0m] {[34mscheduler_job.py:[0m1137} INFO[0m - Resetting orphaned tasks for active dag runs[0m
[[34m2022-04-05 23:53:11,655[0m] {[34mscheduler_job.py:[0m1137} INFO[0m - Resetting orphaned tasks for active dag runs[0m
[[34m2022-04-05 23:58:13,149[0m] {[34mscheduler_job.py:[0m1137} INFO[0m - Resetting orphaned tasks for active dag runs[0m
[[34m2022-04-06 00:03:13,320[0m] {[34mscheduler_job.py:[0m1137} INFO[0m - Resetting orphaned tasks for active dag runs[0m
[[34m2022-04-06 00:08:14,641[0m] {[34mscheduler_job.py:[0m1137} INFO[0m - Resetting orphaned tasks for active dag runs[0m
[[34m2022-04-06 00:13:16,139[0m] {[34mscheduler_job.py:[0m1137} INFO[0m - Resetting orphaned tasks for active dag runs[0m
[[34m2022-04-06 00:18:17,514[0m] {[34mscheduler_job.py:[0m1137} INFO[0m - Resetting orphaned tasks for active dag runs[0m
[[34m2022-04-06 00:23:17,834[0m] {[34mscheduler_job.py:[0m1137} INFO[0m - Resetting orphaned tasks for active dag runs[0m
[[34m2022-04-06 00:29:37,635[0m] {[34mscheduler_job.py:[0m1137} INFO[0m - Resetting orphaned tasks for active dag runs[0m
[[34m2022-04-06 00:34:39,009[0m] {[34mscheduler_job.py:[0m1137} INFO[0m - Resetting orphaned tasks for active dag runs[0m
[[34m2022-04-06 00:39:40,506[0m] {[34mscheduler_job.py:[0m1137} INFO[0m - Resetting orphaned tasks for active dag runs[0m
[[34m2022-04-06 00:44:40,821[0m] {[34mscheduler_job.py:[0m1137} INFO[0m - Resetting orphaned tasks for active dag runs[0m
[[34m2022-04-06 00:49:42,331[0m] {[34mscheduler_job.py:[0m1137} INFO[0m - Resetting orphaned tasks for active dag runs[0m
[[34m2022-04-06 00:54:43,071[0m] {[34mscheduler_job.py:[0m1137} INFO[0m - Resetting orphaned tasks for active dag runs[0m
[[34m2022-04-06 00:59:43,880[0m] {[34mscheduler_job.py:[0m1137} INFO[0m - Resetting orphaned tasks for active dag runs[0m
[[34m2022-04-06 04:47:17,837[0m] {[34mscheduler_job.py:[0m1137} INFO[0m - Resetting orphaned tasks for active dag runs[0m
[[34m2022-04-06 04:47:17,839[0m] {[34mscheduler_job.py:[0m1160} INFO[0m - Marked 1 SchedulerJob instances as failed[0m
[[34m2022-04-06 10:02:23,419[0m] {[34mscheduler_job.py:[0m1137} INFO[0m - Resetting orphaned tasks for active dag runs[0m
[[34m2022-04-06 10:07:23,466[0m] {[34mscheduler_job.py:[0m1137} INFO[0m - Resetting orphaned tasks for active dag runs[0m
[[34m2022-04-06 10:22:18,889[0m] {[34mscheduler_job.py:[0m1137} INFO[0m - Resetting orphaned tasks for active dag runs[0m
[[34m2022-04-06 10:27:18,943[0m] {[34mscheduler_job.py:[0m1137} INFO[0m - Resetting orphaned tasks for active dag runs[0m
[[34m2022-04-06 10:33:11,511[0m] {[34mscheduler_job.py:[0m1137} INFO[0m - Resetting orphaned tasks for active dag runs[0m
[[34m2022-04-06 11:04:21,996[0m] {[34mscheduler_job.py:[0m1137} INFO[0m - Resetting orphaned tasks for active dag runs[0m
[[34m2022-04-06 11:12:05,457[0m] {[34mscheduler_job.py:[0m1137} INFO[0m - Resetting orphaned tasks for active dag runs[0m
[[34m2022-04-06 11:22:19,702[0m] {[34mscheduler_job.py:[0m1137} INFO[0m - Resetting orphaned tasks for active dag runs[0m
[[34m2022-04-06 11:27:19,744[0m] {[34mscheduler_job.py:[0m1137} INFO[0m - Resetting orphaned tasks for active dag runs[0m
[[34m2022-04-06 11:32:19,794[0m] {[34mscheduler_job.py:[0m1137} INFO[0m - Resetting orphaned tasks for active dag runs[0m
[[34m2022-04-06 11:37:19,828[0m] {[34mscheduler_job.py:[0m1137} INFO[0m - Resetting orphaned tasks for active dag runs[0m
[[34m2022-04-06 11:42:21,431[0m] {[34mscheduler_job.py:[0m1137} INFO[0m - Resetting orphaned tasks for active dag runs[0m
[[34m2022-04-06 11:47:21,467[0m] {[34mscheduler_job.py:[0m1137} INFO[0m - Resetting orphaned tasks for active dag runs[0m
[[34m2022-04-06 11:52:23,082[0m] {[34mscheduler_job.py:[0m1137} INFO[0m - Resetting orphaned tasks for active dag runs[0m
[[34m2022-04-06 11:57:23,121[0m] {[34mscheduler_job.py:[0m1137} INFO[0m - Resetting orphaned tasks for active dag runs[0m
[[34m2022-04-06 12:02:23,163[0m] {[34mscheduler_job.py:[0m1137} INFO[0m - Resetting orphaned tasks for active dag runs[0m
[[34m2022-04-06 12:07:23,204[0m] {[34mscheduler_job.py:[0m1137} INFO[0m - Resetting orphaned tasks for active dag runs[0m
[[34m2022-04-06 12:12:23,259[0m] {[34mscheduler_job.py:[0m1137} INFO[0m - Resetting orphaned tasks for active dag runs[0m
[[34m2022-04-06 12:17:23,260[0m] {[34mscheduler_job.py:[0m1137} INFO[0m - Resetting orphaned tasks for active dag runs[0m
[[34m2022-04-06 12:22:23,314[0m] {[34mscheduler_job.py:[0m1137} INFO[0m - Resetting orphaned tasks for active dag runs[0m
[[34m2022-04-06 12:27:23,354[0m] {[34mscheduler_job.py:[0m1137} INFO[0m - Resetting orphaned tasks for active dag runs[0m
[[34m2022-04-06 12:49:25,810[0m] {[34mscheduler_job.py:[0m1137} INFO[0m - Resetting orphaned tasks for active dag runs[0m
[[34m2022-04-06 12:54:26,048[0m] {[34mscheduler_job.py:[0m1137} INFO[0m - Resetting orphaned tasks for active dag runs[0m
[[34m2022-04-06 12:59:26,102[0m] {[34mscheduler_job.py:[0m1137} INFO[0m - Resetting orphaned tasks for active dag runs[0m
[[34m2022-04-06 13:04:26,146[0m] {[34mscheduler_job.py:[0m1137} INFO[0m - Resetting orphaned tasks for active dag runs[0m
[[34m2022-04-06 13:09:26,182[0m] {[34mscheduler_job.py:[0m1137} INFO[0m - Resetting orphaned tasks for active dag runs[0m
[[34m2022-04-06 13:14:26,230[0m] {[34mscheduler_job.py:[0m1137} INFO[0m - Resetting orphaned tasks for active dag runs[0m
[[34m2022-04-06 13:19:26,265[0m] {[34mscheduler_job.py:[0m1137} INFO[0m - Resetting orphaned tasks for active dag runs[0m
[[34m2022-04-06 13:24:26,296[0m] {[34mscheduler_job.py:[0m1137} INFO[0m - Resetting orphaned tasks for active dag runs[0m
[[34m2022-04-06 13:29:26,348[0m] {[34mscheduler_job.py:[0m1137} INFO[0m - Resetting orphaned tasks for active dag runs[0m
[[34m2022-04-06 13:34:26,390[0m] {[34mscheduler_job.py:[0m1137} INFO[0m - Resetting orphaned tasks for active dag runs[0m
[[34m2022-04-06 13:39:26,424[0m] {[34mscheduler_job.py:[0m1137} INFO[0m - Resetting orphaned tasks for active dag runs[0m
[[34m2022-04-06 13:44:26,470[0m] {[34mscheduler_job.py:[0m1137} INFO[0m - Resetting orphaned tasks for active dag runs[0m
[[34m2022-04-06 13:49:26,508[0m] {[34mscheduler_job.py:[0m1137} INFO[0m - Resetting orphaned tasks for active dag runs[0m
[[34m2022-04-06 13:54:26,558[0m] {[34mscheduler_job.py:[0m1137} INFO[0m - Resetting orphaned tasks for active dag runs[0m
[[34m2022-04-06 13:59:26,607[0m] {[34mscheduler_job.py:[0m1137} INFO[0m - Resetting orphaned tasks for active dag runs[0m
[[34m2022-04-06 14:04:28,312[0m] {[34mscheduler_job.py:[0m1137} INFO[0m - Resetting orphaned tasks for active dag runs[0m
[[34m2022-04-06 14:09:28,353[0m] {[34mscheduler_job.py:[0m1137} INFO[0m - Resetting orphaned tasks for active dag runs[0m
[[34m2022-04-06 14:14:28,395[0m] {[34mscheduler_job.py:[0m1137} INFO[0m - Resetting orphaned tasks for active dag runs[0m
[[34m2022-04-06 14:19:28,439[0m] {[34mscheduler_job.py:[0m1137} INFO[0m - Resetting orphaned tasks for active dag runs[0m
[[34m2022-04-06 14:24:28,490[0m] {[34mscheduler_job.py:[0m1137} INFO[0m - Resetting orphaned tasks for active dag runs[0m
[[34m2022-04-06 14:29:28,543[0m] {[34mscheduler_job.py:[0m1137} INFO[0m - Resetting orphaned tasks for active dag runs[0m
[[34m2022-04-06 14:34:28,593[0m] {[34mscheduler_job.py:[0m1137} INFO[0m - Resetting orphaned tasks for active dag runs[0m
[[34m2022-04-06 14:39:28,677[0m] {[34mscheduler_job.py:[0m1137} INFO[0m - Resetting orphaned tasks for active dag runs[0m
[[34m2022-04-06 14:44:29,137[0m] {[34mscheduler_job.py:[0m1137} INFO[0m - Resetting orphaned tasks for active dag runs[0m
[[34m2022-04-06 14:49:29,184[0m] {[34mscheduler_job.py:[0m1137} INFO[0m - Resetting orphaned tasks for active dag runs[0m
[[34m2022-04-06 14:54:29,204[0m] {[34mscheduler_job.py:[0m1137} INFO[0m - Resetting orphaned tasks for active dag runs[0m
[[34m2022-04-06 14:59:29,286[0m] {[34mscheduler_job.py:[0m1137} INFO[0m - Resetting orphaned tasks for active dag runs[0m
[[34m2022-04-06 15:04:29,358[0m] {[34mscheduler_job.py:[0m1137} INFO[0m - Resetting orphaned tasks for active dag runs[0m
[[34m2022-04-06 15:09:30,950[0m] {[34mscheduler_job.py:[0m1137} INFO[0m - Resetting orphaned tasks for active dag runs[0m
[[34m2022-04-06 15:14:31,002[0m] {[34mscheduler_job.py:[0m1137} INFO[0m - Resetting orphaned tasks for active dag runs[0m
[[34m2022-04-06 15:19:31,057[0m] {[34mscheduler_job.py:[0m1137} INFO[0m - Resetting orphaned tasks for active dag runs[0m
[[34m2022-04-06 15:24:31,110[0m] {[34mscheduler_job.py:[0m1137} INFO[0m - Resetting orphaned tasks for active dag runs[0m
[[34m2022-04-06 15:29:32,714[0m] {[34mscheduler_job.py:[0m1137} INFO[0m - Resetting orphaned tasks for active dag runs[0m
[[34m2022-04-06 15:34:34,088[0m] {[34mscheduler_job.py:[0m1137} INFO[0m - Resetting orphaned tasks for active dag runs[0m
[[34m2022-04-06 15:39:34,752[0m] {[34mscheduler_job.py:[0m1137} INFO[0m - Resetting orphaned tasks for active dag runs[0m
[[34m2022-04-06 15:44:35,272[0m] {[34mscheduler_job.py:[0m1137} INFO[0m - Resetting orphaned tasks for active dag runs[0m
[[34m2022-04-06 15:49:36,738[0m] {[34mscheduler_job.py:[0m1137} INFO[0m - Resetting orphaned tasks for active dag runs[0m
[[34m2022-04-06 15:54:37,449[0m] {[34mscheduler_job.py:[0m1137} INFO[0m - Resetting orphaned tasks for active dag runs[0m
[[34m2022-04-06 15:59:38,577[0m] {[34mscheduler_job.py:[0m1137} INFO[0m - Resetting orphaned tasks for active dag runs[0m
[[34m2022-04-06 16:04:40,204[0m] {[34mscheduler_job.py:[0m1137} INFO[0m - Resetting orphaned tasks for active dag runs[0m
[[34m2022-04-06 16:09:41,750[0m] {[34mscheduler_job.py:[0m1137} INFO[0m - Resetting orphaned tasks for active dag runs[0m
[[34m2022-04-06 16:14:41,790[0m] {[34mscheduler_job.py:[0m1137} INFO[0m - Resetting orphaned tasks for active dag runs[0m
[[34m2022-04-06 16:19:43,363[0m] {[34mscheduler_job.py:[0m1137} INFO[0m - Resetting orphaned tasks for active dag runs[0m
[[34m2022-04-06 16:24:44,960[0m] {[34mscheduler_job.py:[0m1137} INFO[0m - Resetting orphaned tasks for active dag runs[0m
[[34m2022-04-06 16:29:45,861[0m] {[34mscheduler_job.py:[0m1137} INFO[0m - Resetting orphaned tasks for active dag runs[0m
[[34m2022-04-06 16:35:31,333[0m] {[34mscheduler_job.py:[0m1137} INFO[0m - Resetting orphaned tasks for active dag runs[0m
[[34m2022-04-06 16:40:33,011[0m] {[34mscheduler_job.py:[0m1137} INFO[0m - Resetting orphaned tasks for active dag runs[0m
[[34m2022-04-06 16:45:34,612[0m] {[34mscheduler_job.py:[0m1137} INFO[0m - Resetting orphaned tasks for active dag runs[0m
[[34m2022-04-06 16:58:45,624[0m] {[34mscheduler_job.py:[0m1137} INFO[0m - Resetting orphaned tasks for active dag runs[0m
[[34m2022-04-06 17:08:46,753[0m] {[34mscheduler_job.py:[0m1137} INFO[0m - Resetting orphaned tasks for active dag runs[0m
[[34m2022-04-06 17:15:38,279[0m] {[34mscheduler_job.py:[0m1137} INFO[0m - Resetting orphaned tasks for active dag runs[0m
[[34m2022-04-06 17:21:39,301[0m] {[34mscheduler_job.py:[0m1137} INFO[0m - Resetting orphaned tasks for active dag runs[0m
[[34m2022-04-06 17:26:39,914[0m] {[34mscheduler_job.py:[0m1137} INFO[0m - Resetting orphaned tasks for active dag runs[0m
[[34m2022-04-06 17:31:40,144[0m] {[34mscheduler_job.py:[0m1137} INFO[0m - Resetting orphaned tasks for active dag runs[0m
[[34m2022-04-06 17:36:40,425[0m] {[34mscheduler_job.py:[0m1137} INFO[0m - Resetting orphaned tasks for active dag runs[0m
[[34m2022-04-06 17:41:41,440[0m] {[34mscheduler_job.py:[0m1137} INFO[0m - Resetting orphaned tasks for active dag runs[0m
[[34m2022-04-06 17:47:37,792[0m] {[34mscheduler_job.py:[0m1137} INFO[0m - Resetting orphaned tasks for active dag runs[0m
[[34m2022-04-06 17:52:39,390[0m] {[34mscheduler_job.py:[0m1137} INFO[0m - Resetting orphaned tasks for active dag runs[0m
[[34m2022-04-06 17:57:41,005[0m] {[34mscheduler_job.py:[0m1137} INFO[0m - Resetting orphaned tasks for active dag runs[0m
[[34m2022-04-06 18:02:42,496[0m] {[34mscheduler_job.py:[0m1137} INFO[0m - Resetting orphaned tasks for active dag runs[0m
[[34m2022-04-06 18:07:42,945[0m] {[34mscheduler_job.py:[0m1137} INFO[0m - Resetting orphaned tasks for active dag runs[0m
[[34m2022-04-06 18:12:44,573[0m] {[34mscheduler_job.py:[0m1137} INFO[0m - Resetting orphaned tasks for active dag runs[0m
[[34m2022-04-06 18:17:44,690[0m] {[34mscheduler_job.py:[0m1137} INFO[0m - Resetting orphaned tasks for active dag runs[0m
[[34m2022-04-06 18:22:45,892[0m] {[34mscheduler_job.py:[0m1137} INFO[0m - Resetting orphaned tasks for active dag runs[0m
[[34m2022-04-06 18:27:45,939[0m] {[34mscheduler_job.py:[0m1137} INFO[0m - Resetting orphaned tasks for active dag runs[0m
[[34m2022-04-06 18:32:45,994[0m] {[34mscheduler_job.py:[0m1137} INFO[0m - Resetting orphaned tasks for active dag runs[0m
[[34m2022-04-06 18:39:07,720[0m] {[34mscheduler_job.py:[0m1137} INFO[0m - Resetting orphaned tasks for active dag runs[0m
[[34m2022-04-06 18:44:07,788[0m] {[34mscheduler_job.py:[0m1137} INFO[0m - Resetting orphaned tasks for active dag runs[0m
[[34m2022-04-06 18:49:08,919[0m] {[34mscheduler_job.py:[0m1137} INFO[0m - Resetting orphaned tasks for active dag runs[0m
[[34m2022-04-06 18:55:36,299[0m] {[34mscheduler_job.py:[0m1137} INFO[0m - Resetting orphaned tasks for active dag runs[0m
[[34m2022-04-06 19:03:43,827[0m] {[34mscheduler_job.py:[0m1137} INFO[0m - Resetting orphaned tasks for active dag runs[0m
[[34m2022-04-06 19:08:45,207[0m] {[34mscheduler_job.py:[0m1137} INFO[0m - Resetting orphaned tasks for active dag runs[0m
[[34m2022-04-06 19:13:46,623[0m] {[34mscheduler_job.py:[0m1137} INFO[0m - Resetting orphaned tasks for active dag runs[0m
[[34m2022-04-06 19:18:48,199[0m] {[34mscheduler_job.py:[0m1137} INFO[0m - Resetting orphaned tasks for active dag runs[0m
[[34m2022-04-06 19:23:48,993[0m] {[34mscheduler_job.py:[0m1137} INFO[0m - Resetting orphaned tasks for active dag runs[0m
[[34m2022-04-06 19:28:50,593[0m] {[34mscheduler_job.py:[0m1137} INFO[0m - Resetting orphaned tasks for active dag runs[0m
[[34m2022-04-06 19:33:51,803[0m] {[34mscheduler_job.py:[0m1137} INFO[0m - Resetting orphaned tasks for active dag runs[0m
[[34m2022-04-06 19:38:53,507[0m] {[34mscheduler_job.py:[0m1137} INFO[0m - Resetting orphaned tasks for active dag runs[0m
[[34m2022-04-06 19:43:54,642[0m] {[34mscheduler_job.py:[0m1137} INFO[0m - Resetting orphaned tasks for active dag runs[0m
[[34m2022-04-06 19:48:55,992[0m] {[34mscheduler_job.py:[0m1137} INFO[0m - Resetting orphaned tasks for active dag runs[0m
[[34m2022-04-06 19:53:56,234[0m] {[34mscheduler_job.py:[0m1137} INFO[0m - Resetting orphaned tasks for active dag runs[0m
[[34m2022-04-06 19:58:57,697[0m] {[34mscheduler_job.py:[0m1137} INFO[0m - Resetting orphaned tasks for active dag runs[0m
