[2022-04-05 21:45:04 +0200] [4266] [INFO] Starting gunicorn 20.1.0
[2022-04-05 21:45:04 +0200] [4266] [INFO] Listening at: http://0.0.0.0:8793 (4266)
[2022-04-05 21:45:04 +0200] [4266] [INFO] Using worker: sync
[2022-04-05 21:45:04 +0200] [4270] [INFO] Booting worker with pid: 4270
[2022-04-05 21:45:04 +0200] [4271] [INFO] Booting worker with pid: 4271
[2022-04-05 22:53:26 +0200] [4266] [CRITICAL] WORKER TIMEOUT (pid:4270)
[2022-04-05 22:53:26 +0200] [4266] [CRITICAL] WORKER TIMEOUT (pid:4271)
[2022-04-05 22:53:26 +0200] [4271] [INFO] Worker exiting (pid: 4271)
[2022-04-05 22:53:26 +0200] [4270] [INFO] Worker exiting (pid: 4270)
[2022-04-05 22:53:26 +0200] [8656] [INFO] Booting worker with pid: 8656
[2022-04-05 22:53:26 +0200] [4266] [WARNING] Worker with pid 4270 was terminated due to signal 9
[2022-04-05 22:53:26 +0200] [8658] [INFO] Booting worker with pid: 8658
[2022-04-05 22:59:59 +0200] [4266] [CRITICAL] WORKER TIMEOUT (pid:8656)
[2022-04-05 22:59:59 +0200] [4266] [CRITICAL] WORKER TIMEOUT (pid:8658)
[2022-04-05 22:59:59 +0200] [8656] [INFO] Worker exiting (pid: 8656)
[2022-04-05 22:59:59 +0200] [8658] [INFO] Worker exiting (pid: 8658)
[2022-04-05 22:59:59 +0200] [8983] [INFO] Booting worker with pid: 8983
[2022-04-05 22:59:59 +0200] [8985] [INFO] Booting worker with pid: 8985
[2022-04-06 00:26:58 +0200] [4266] [CRITICAL] WORKER TIMEOUT (pid:8983)
[2022-04-06 00:26:58 +0200] [4266] [CRITICAL] WORKER TIMEOUT (pid:8985)
[2022-04-06 00:26:58 +0200] [8983] [INFO] Worker exiting (pid: 8983)
[2022-04-06 00:26:58 +0200] [8985] [INFO] Worker exiting (pid: 8985)
[2022-04-06 00:26:58 +0200] [15153] [INFO] Booting worker with pid: 15153
[2022-04-06 00:26:58 +0200] [15154] [INFO] Booting worker with pid: 15154
[2022-04-06 01:20:13 +0200] [4266] [CRITICAL] WORKER TIMEOUT (pid:15153)
[2022-04-06 01:20:13 +0200] [4266] [CRITICAL] WORKER TIMEOUT (pid:15154)
[2022-04-06 01:20:13 +0200] [15153] [INFO] Worker exiting (pid: 15153)
[2022-04-06 01:20:13 +0200] [15154] [INFO] Worker exiting (pid: 15154)
[2022-04-06 01:20:13 +0200] [4266] [WARNING] Worker with pid 15154 was terminated due to signal 9
[2022-04-06 01:20:13 +0200] [18353] [INFO] Booting worker with pid: 18353
[2022-04-06 01:20:13 +0200] [18356] [INFO] Booting worker with pid: 18356
[2022-04-06 01:50:59 +0200] [4266] [CRITICAL] WORKER TIMEOUT (pid:18353)
[2022-04-06 01:50:59 +0200] [4266] [CRITICAL] WORKER TIMEOUT (pid:18356)
[2022-04-06 01:50:59 +0200] [18353] [INFO] Worker exiting (pid: 18353)
[2022-04-06 01:50:59 +0200] [18356] [INFO] Worker exiting (pid: 18356)
[2022-04-06 01:50:59 +0200] [18363] [INFO] Booting worker with pid: 18363
[2022-04-06 01:50:59 +0200] [18364] [INFO] Booting worker with pid: 18364
[2022-04-06 02:20:03 +0200] [4266] [CRITICAL] WORKER TIMEOUT (pid:18363)
[2022-04-06 02:20:03 +0200] [4266] [CRITICAL] WORKER TIMEOUT (pid:18364)
[2022-04-06 02:20:03 +0200] [18363] [INFO] Worker exiting (pid: 18363)
[2022-04-06 02:20:03 +0200] [18364] [INFO] Worker exiting (pid: 18364)
[2022-04-06 02:20:03 +0200] [4266] [WARNING] Worker with pid 18364 was terminated due to signal 9
[2022-04-06 02:20:03 +0200] [18382] [INFO] Booting worker with pid: 18382
[2022-04-06 02:20:03 +0200] [18383] [INFO] Booting worker with pid: 18383
[2022-04-06 02:39:43 +0200] [4266] [CRITICAL] WORKER TIMEOUT (pid:18382)
[2022-04-06 02:39:43 +0200] [4266] [CRITICAL] WORKER TIMEOUT (pid:18383)
[2022-04-06 02:39:43 +0200] [18383] [INFO] Worker exiting (pid: 18383)
[2022-04-06 02:39:44 +0200] [18382] [INFO] Worker exiting (pid: 18382)
[2022-04-06 02:39:44 +0200] [4266] [WARNING] Worker with pid 18382 was terminated due to signal 9
[2022-04-06 02:39:44 +0200] [18407] [INFO] Booting worker with pid: 18407
[2022-04-06 02:39:44 +0200] [18408] [INFO] Booting worker with pid: 18408
[2022-04-06 02:55:50 +0200] [4266] [CRITICAL] WORKER TIMEOUT (pid:18407)
[2022-04-06 02:55:50 +0200] [4266] [CRITICAL] WORKER TIMEOUT (pid:18408)
[2022-04-06 02:55:50 +0200] [18407] [INFO] Worker exiting (pid: 18407)
[2022-04-06 02:55:50 +0200] [18408] [INFO] Worker exiting (pid: 18408)
[2022-04-06 02:55:50 +0200] [4266] [WARNING] Worker with pid 18408 was terminated due to signal 9
[2022-04-06 02:55:50 +0200] [18434] [INFO] Booting worker with pid: 18434
[2022-04-06 02:55:50 +0200] [18436] [INFO] Booting worker with pid: 18436
[2022-04-06 03:11:13 +0200] [4266] [CRITICAL] WORKER TIMEOUT (pid:18434)
[2022-04-06 03:11:13 +0200] [4266] [CRITICAL] WORKER TIMEOUT (pid:18436)
[2022-04-06 03:11:13 +0200] [18436] [INFO] Worker exiting (pid: 18436)
[2022-04-06 03:11:13 +0200] [18434] [INFO] Worker exiting (pid: 18434)
[2022-04-06 03:11:13 +0200] [18466] [INFO] Booting worker with pid: 18466
[2022-04-06 03:11:13 +0200] [18467] [INFO] Booting worker with pid: 18467
[2022-04-06 03:26:42 +0200] [4266] [CRITICAL] WORKER TIMEOUT (pid:18466)
[2022-04-06 03:26:42 +0200] [4266] [CRITICAL] WORKER TIMEOUT (pid:18467)
[2022-04-06 03:26:42 +0200] [18466] [INFO] Worker exiting (pid: 18466)
[2022-04-06 03:26:42 +0200] [18467] [INFO] Worker exiting (pid: 18467)
[2022-04-06 03:26:42 +0200] [18473] [INFO] Booting worker with pid: 18473
[2022-04-06 03:26:42 +0200] [18474] [INFO] Booting worker with pid: 18474
[2022-04-06 03:42:49 +0200] [4266] [CRITICAL] WORKER TIMEOUT (pid:18473)
[2022-04-06 03:42:49 +0200] [4266] [CRITICAL] WORKER TIMEOUT (pid:18474)
[2022-04-06 03:42:49 +0200] [18473] [INFO] Worker exiting (pid: 18473)
[2022-04-06 03:42:49 +0200] [18474] [INFO] Worker exiting (pid: 18474)
[2022-04-06 03:42:49 +0200] [18511] [INFO] Booting worker with pid: 18511
[2022-04-06 03:42:49 +0200] [18512] [INFO] Booting worker with pid: 18512
[2022-04-06 03:58:02 +0200] [4266] [CRITICAL] WORKER TIMEOUT (pid:18511)
[2022-04-06 03:58:02 +0200] [4266] [CRITICAL] WORKER TIMEOUT (pid:18512)
[2022-04-06 03:58:02 +0200] [18511] [INFO] Worker exiting (pid: 18511)
[2022-04-06 03:58:02 +0200] [18512] [INFO] Worker exiting (pid: 18512)
[2022-04-06 03:58:02 +0200] [18525] [INFO] Booting worker with pid: 18525
[2022-04-06 03:58:02 +0200] [18526] [INFO] Booting worker with pid: 18526
[2022-04-06 04:13:53 +0200] [4266] [CRITICAL] WORKER TIMEOUT (pid:18525)
[2022-04-06 04:13:53 +0200] [4266] [CRITICAL] WORKER TIMEOUT (pid:18526)
[2022-04-06 04:13:53 +0200] [18525] [INFO] Worker exiting (pid: 18525)
[2022-04-06 04:13:53 +0200] [18526] [INFO] Worker exiting (pid: 18526)
[2022-04-06 04:13:53 +0200] [4266] [WARNING] Worker with pid 18526 was terminated due to signal 9
[2022-04-06 04:13:53 +0200] [18538] [INFO] Booting worker with pid: 18538
[2022-04-06 04:13:53 +0200] [18540] [INFO] Booting worker with pid: 18540
[2022-04-06 04:29:39 +0200] [4266] [CRITICAL] WORKER TIMEOUT (pid:18538)
[2022-04-06 04:29:39 +0200] [4266] [CRITICAL] WORKER TIMEOUT (pid:18540)
[2022-04-06 04:29:39 +0200] [18538] [INFO] Worker exiting (pid: 18538)
[2022-04-06 04:29:39 +0200] [18540] [INFO] Worker exiting (pid: 18540)
[2022-04-06 04:29:39 +0200] [4266] [WARNING] Worker with pid 18540 was terminated due to signal 9
[2022-04-06 04:29:39 +0200] [18550] [INFO] Booting worker with pid: 18550
[2022-04-06 04:29:39 +0200] [18552] [INFO] Booting worker with pid: 18552
[2022-04-06 04:47:15 +0200] [4266] [CRITICAL] WORKER TIMEOUT (pid:18550)
[2022-04-06 04:47:15 +0200] [4266] [CRITICAL] WORKER TIMEOUT (pid:18552)
[2022-04-06 04:47:15 +0200] [18550] [INFO] Worker exiting (pid: 18550)
[2022-04-06 04:47:15 +0200] [18552] [INFO] Worker exiting (pid: 18552)
[2022-04-06 04:47:15 +0200] [4266] [WARNING] Worker with pid 18552 was terminated due to signal 9
[2022-04-06 04:47:15 +0200] [18557] [INFO] Booting worker with pid: 18557
[2022-04-06 04:47:15 +0200] [18559] [INFO] Booting worker with pid: 18559
[2022-04-06 05:03:18 +0200] [4266] [CRITICAL] WORKER TIMEOUT (pid:18557)
[2022-04-06 05:03:18 +0200] [4266] [CRITICAL] WORKER TIMEOUT (pid:18559)
[2022-04-06 05:03:18 +0200] [18557] [INFO] Worker exiting (pid: 18557)
[2022-04-06 05:03:18 +0200] [18559] [INFO] Worker exiting (pid: 18559)
[2022-04-06 05:03:19 +0200] [18565] [INFO] Booting worker with pid: 18565
[2022-04-06 05:03:19 +0200] [18566] [INFO] Booting worker with pid: 18566
[2022-04-06 05:20:45 +0200] [4266] [CRITICAL] WORKER TIMEOUT (pid:18565)
[2022-04-06 05:20:45 +0200] [4266] [CRITICAL] WORKER TIMEOUT (pid:18566)
[2022-04-06 05:20:45 +0200] [18565] [INFO] Worker exiting (pid: 18565)
[2022-04-06 05:20:45 +0200] [18566] [INFO] Worker exiting (pid: 18566)
[2022-04-06 05:20:46 +0200] [4266] [WARNING] Worker with pid 18566 was terminated due to signal 9
[2022-04-06 05:20:46 +0200] [18579] [INFO] Booting worker with pid: 18579
[2022-04-06 05:20:46 +0200] [18580] [INFO] Booting worker with pid: 18580
[2022-04-06 05:36:38 +0200] [4266] [CRITICAL] WORKER TIMEOUT (pid:18579)
[2022-04-06 05:36:38 +0200] [4266] [CRITICAL] WORKER TIMEOUT (pid:18580)
[2022-04-06 05:36:38 +0200] [18580] [INFO] Worker exiting (pid: 18580)
[2022-04-06 05:36:38 +0200] [18579] [INFO] Worker exiting (pid: 18579)
[2022-04-06 05:36:39 +0200] [4266] [WARNING] Worker with pid 18580 was terminated due to signal 9
[2022-04-06 05:36:39 +0200] [18594] [INFO] Booting worker with pid: 18594
[2022-04-06 05:36:39 +0200] [18595] [INFO] Booting worker with pid: 18595
[2022-04-06 06:07:16 +0200] [4266] [CRITICAL] WORKER TIMEOUT (pid:18594)
[2022-04-06 06:07:16 +0200] [4266] [CRITICAL] WORKER TIMEOUT (pid:18595)
[2022-04-06 06:07:16 +0200] [18594] [INFO] Worker exiting (pid: 18594)
[2022-04-06 06:07:16 +0200] [18595] [INFO] Worker exiting (pid: 18595)
[2022-04-06 06:07:17 +0200] [4266] [WARNING] Worker with pid 18595 was terminated due to signal 9
[2022-04-06 06:07:17 +0200] [18602] [INFO] Booting worker with pid: 18602
[2022-04-06 06:07:17 +0200] [18605] [INFO] Booting worker with pid: 18605
[2022-04-06 06:24:23 +0200] [4266] [CRITICAL] WORKER TIMEOUT (pid:18602)
[2022-04-06 06:24:23 +0200] [4266] [CRITICAL] WORKER TIMEOUT (pid:18605)
[2022-04-06 06:24:23 +0200] [18602] [INFO] Worker exiting (pid: 18602)
[2022-04-06 06:24:23 +0200] [18605] [INFO] Worker exiting (pid: 18605)
[2022-04-06 06:24:24 +0200] [18615] [INFO] Booting worker with pid: 18615
[2022-04-06 06:24:24 +0200] [18616] [INFO] Booting worker with pid: 18616
[2022-04-06 06:41:42 +0200] [4266] [CRITICAL] WORKER TIMEOUT (pid:18615)
[2022-04-06 06:41:42 +0200] [4266] [CRITICAL] WORKER TIMEOUT (pid:18616)
[2022-04-06 06:41:42 +0200] [18616] [INFO] Worker exiting (pid: 18616)
[2022-04-06 06:41:42 +0200] [18615] [INFO] Worker exiting (pid: 18615)
[2022-04-06 06:41:42 +0200] [18624] [INFO] Booting worker with pid: 18624
[2022-04-06 06:41:42 +0200] [18625] [INFO] Booting worker with pid: 18625
[2022-04-06 06:57:59 +0200] [4266] [CRITICAL] WORKER TIMEOUT (pid:18624)
[2022-04-06 06:57:59 +0200] [4266] [CRITICAL] WORKER TIMEOUT (pid:18625)
[2022-04-06 06:57:59 +0200] [18625] [INFO] Worker exiting (pid: 18625)
[2022-04-06 06:57:59 +0200] [18624] [INFO] Worker exiting (pid: 18624)
[2022-04-06 06:57:59 +0200] [4266] [WARNING] Worker with pid 18625 was terminated due to signal 9
[2022-04-06 06:57:59 +0200] [18634] [INFO] Booting worker with pid: 18634
[2022-04-06 06:57:59 +0200] [18636] [INFO] Booting worker with pid: 18636
[2022-04-06 07:26:32 +0200] [4266] [CRITICAL] WORKER TIMEOUT (pid:18634)
[2022-04-06 07:26:32 +0200] [4266] [CRITICAL] WORKER TIMEOUT (pid:18636)
[2022-04-06 07:26:32 +0200] [18634] [INFO] Worker exiting (pid: 18634)
[2022-04-06 07:26:32 +0200] [18636] [INFO] Worker exiting (pid: 18636)
[2022-04-06 07:26:32 +0200] [18646] [INFO] Booting worker with pid: 18646
[2022-04-06 07:26:32 +0200] [18647] [INFO] Booting worker with pid: 18647
[2022-04-06 07:44:56 +0200] [4266] [CRITICAL] WORKER TIMEOUT (pid:18646)
[2022-04-06 07:44:56 +0200] [4266] [CRITICAL] WORKER TIMEOUT (pid:18647)
[2022-04-06 07:44:56 +0200] [18646] [INFO] Worker exiting (pid: 18646)
[2022-04-06 07:44:56 +0200] [18647] [INFO] Worker exiting (pid: 18647)
[2022-04-06 07:44:56 +0200] [18656] [INFO] Booting worker with pid: 18656
[2022-04-06 07:44:56 +0200] [18657] [INFO] Booting worker with pid: 18657
[2022-04-06 08:15:32 +0200] [4266] [CRITICAL] WORKER TIMEOUT (pid:18656)
[2022-04-06 08:15:32 +0200] [4266] [CRITICAL] WORKER TIMEOUT (pid:18657)
[2022-04-06 08:15:32 +0200] [18656] [INFO] Worker exiting (pid: 18656)
[2022-04-06 08:15:32 +0200] [18657] [INFO] Worker exiting (pid: 18657)
[2022-04-06 08:15:32 +0200] [18664] [INFO] Booting worker with pid: 18664
[2022-04-06 08:15:32 +0200] [18665] [INFO] Booting worker with pid: 18665
[2022-04-06 08:32:18 +0200] [4266] [CRITICAL] WORKER TIMEOUT (pid:18664)
[2022-04-06 08:32:18 +0200] [4266] [CRITICAL] WORKER TIMEOUT (pid:18665)
[2022-04-06 08:32:18 +0200] [18664] [INFO] Worker exiting (pid: 18664)
[2022-04-06 08:32:18 +0200] [18665] [INFO] Worker exiting (pid: 18665)
[2022-04-06 08:32:18 +0200] [18684] [INFO] Booting worker with pid: 18684
[2022-04-06 08:32:18 +0200] [18685] [INFO] Booting worker with pid: 18685
[2022-04-06 08:48:29 +0200] [4266] [CRITICAL] WORKER TIMEOUT (pid:18684)
[2022-04-06 08:48:29 +0200] [4266] [CRITICAL] WORKER TIMEOUT (pid:18685)
[2022-04-06 08:48:29 +0200] [18684] [INFO] Worker exiting (pid: 18684)
[2022-04-06 08:48:29 +0200] [18685] [INFO] Worker exiting (pid: 18685)
[2022-04-06 08:48:29 +0200] [18694] [INFO] Booting worker with pid: 18694
[2022-04-06 08:48:29 +0200] [18695] [INFO] Booting worker with pid: 18695
[2022-04-06 09:04:52 +0200] [4266] [CRITICAL] WORKER TIMEOUT (pid:18694)
[2022-04-06 09:04:52 +0200] [4266] [CRITICAL] WORKER TIMEOUT (pid:18695)
[2022-04-06 09:04:52 +0200] [18694] [INFO] Worker exiting (pid: 18694)
[2022-04-06 09:04:52 +0200] [18695] [INFO] Worker exiting (pid: 18695)
[2022-04-06 09:04:52 +0200] [4266] [WARNING] Worker with pid 18695 was terminated due to signal 9
[2022-04-06 09:04:52 +0200] [18702] [INFO] Booting worker with pid: 18702
[2022-04-06 09:04:52 +0200] [18705] [INFO] Booting worker with pid: 18705
[2022-04-06 09:20:13 +0200] [4266] [CRITICAL] WORKER TIMEOUT (pid:18702)
[2022-04-06 09:20:13 +0200] [4266] [CRITICAL] WORKER TIMEOUT (pid:18705)
[2022-04-06 09:20:13 +0200] [18702] [INFO] Worker exiting (pid: 18702)
[2022-04-06 09:20:13 +0200] [18705] [INFO] Worker exiting (pid: 18705)
[2022-04-06 09:20:14 +0200] [4266] [WARNING] Worker with pid 18702 was terminated due to signal 9
[2022-04-06 09:20:14 +0200] [18709] [INFO] Booting worker with pid: 18709
[2022-04-06 09:20:14 +0200] [18710] [INFO] Booting worker with pid: 18710
[2022-04-06 09:49:21 +0200] [4266] [CRITICAL] WORKER TIMEOUT (pid:18709)
[2022-04-06 09:49:21 +0200] [4266] [CRITICAL] WORKER TIMEOUT (pid:18710)
[2022-04-06 09:49:21 +0200] [18709] [INFO] Worker exiting (pid: 18709)
[2022-04-06 09:49:21 +0200] [18710] [INFO] Worker exiting (pid: 18710)
[2022-04-06 09:49:21 +0200] [18723] [INFO] Booting worker with pid: 18723
[2022-04-06 09:49:22 +0200] [18724] [INFO] Booting worker with pid: 18724
[2022-04-06 09:58:45 +0200] [4266] [CRITICAL] WORKER TIMEOUT (pid:18723)
[2022-04-06 09:58:45 +0200] [4266] [CRITICAL] WORKER TIMEOUT (pid:18724)
[2022-04-06 09:58:45 +0200] [18723] [INFO] Worker exiting (pid: 18723)
[2022-04-06 09:58:45 +0200] [18724] [INFO] Worker exiting (pid: 18724)
[2022-04-06 09:58:47 +0200] [18734] [INFO] Booting worker with pid: 18734
[2022-04-06 09:58:47 +0200] [18735] [INFO] Booting worker with pid: 18735
[2022-04-06 10:21:36 +0200] [4266] [CRITICAL] WORKER TIMEOUT (pid:18734)
[2022-04-06 10:21:36 +0200] [4266] [CRITICAL] WORKER TIMEOUT (pid:18735)
[2022-04-06 10:21:36 +0200] [18734] [INFO] Worker exiting (pid: 18734)
[2022-04-06 10:21:37 +0200] [18735] [INFO] Worker exiting (pid: 18735)
[2022-04-06 10:21:37 +0200] [19003] [INFO] Booting worker with pid: 19003
[2022-04-06 10:21:37 +0200] [19007] [INFO] Booting worker with pid: 19007
[2022-04-06 10:32:53 +0200] [4266] [CRITICAL] WORKER TIMEOUT (pid:19003)
[2022-04-06 10:32:53 +0200] [4266] [CRITICAL] WORKER TIMEOUT (pid:19007)
[2022-04-06 10:32:53 +0200] [19007] [INFO] Worker exiting (pid: 19007)
[2022-04-06 10:32:53 +0200] [19003] [INFO] Worker exiting (pid: 19003)
[2022-04-06 10:32:54 +0200] [19312] [INFO] Booting worker with pid: 19312
[2022-04-06 10:32:54 +0200] [19313] [INFO] Booting worker with pid: 19313
[2022-04-06 11:02:23 +0200] [4266] [CRITICAL] WORKER TIMEOUT (pid:19312)
[2022-04-06 11:02:23 +0200] [4266] [CRITICAL] WORKER TIMEOUT (pid:19313)
[2022-04-06 11:02:23 +0200] [19313] [INFO] Worker exiting (pid: 19313)
[2022-04-06 11:02:23 +0200] [19312] [INFO] Worker exiting (pid: 19312)
[2022-04-06 11:02:24 +0200] [19424] [INFO] Booting worker with pid: 19424
[2022-04-06 11:02:24 +0200] [19426] [INFO] Booting worker with pid: 19426
[2022-04-06 11:08:57 +0200] [4266] [CRITICAL] WORKER TIMEOUT (pid:19424)
[2022-04-06 11:08:57 +0200] [4266] [CRITICAL] WORKER TIMEOUT (pid:19426)
[2022-04-06 11:08:57 +0200] [19424] [INFO] Worker exiting (pid: 19424)
[2022-04-06 11:08:57 +0200] [19426] [INFO] Worker exiting (pid: 19426)
[2022-04-06 11:08:57 +0200] [19530] [INFO] Booting worker with pid: 19530
[2022-04-06 11:08:57 +0200] [19531] [INFO] Booting worker with pid: 19531
[2022-04-06 11:18:00 +0200] [4266] [CRITICAL] WORKER TIMEOUT (pid:19530)
[2022-04-06 11:18:00 +0200] [4266] [CRITICAL] WORKER TIMEOUT (pid:19531)
[2022-04-06 11:18:00 +0200] [19530] [INFO] Worker exiting (pid: 19530)
[2022-04-06 11:18:00 +0200] [19531] [INFO] Worker exiting (pid: 19531)
[2022-04-06 11:18:00 +0200] [19621] [INFO] Booting worker with pid: 19621
[2022-04-06 11:18:00 +0200] [19622] [INFO] Booting worker with pid: 19622
[2022-04-06 12:47:26 +0200] [4266] [CRITICAL] WORKER TIMEOUT (pid:19621)
[2022-04-06 12:47:26 +0200] [4266] [CRITICAL] WORKER TIMEOUT (pid:19622)
[2022-04-06 12:47:26 +0200] [19621] [INFO] Worker exiting (pid: 19621)
[2022-04-06 12:47:26 +0200] [19622] [INFO] Worker exiting (pid: 19622)
[2022-04-06 12:47:26 +0200] [20578] [INFO] Booting worker with pid: 20578
[2022-04-06 12:47:26 +0200] [20579] [INFO] Booting worker with pid: 20579
[2022-04-06 16:32:46 +0200] [4266] [CRITICAL] WORKER TIMEOUT (pid:20578)
[2022-04-06 16:32:46 +0200] [20578] [INFO] Worker exiting (pid: 20578)
[2022-04-06 16:32:46 +0200] [4266] [CRITICAL] WORKER TIMEOUT (pid:20579)
[2022-04-06 16:32:46 +0200] [20579] [INFO] Worker exiting (pid: 20579)
[2022-04-06 16:32:46 +0200] [29173] [INFO] Booting worker with pid: 29173
[2022-04-06 16:32:46 +0200] [29174] [INFO] Booting worker with pid: 29174
[2022-04-06 16:57:53 +0200] [4266] [CRITICAL] WORKER TIMEOUT (pid:29173)
[2022-04-06 16:57:53 +0200] [4266] [CRITICAL] WORKER TIMEOUT (pid:29174)
[2022-04-06 16:57:53 +0200] [29173] [INFO] Worker exiting (pid: 29173)
[2022-04-06 16:57:53 +0200] [29174] [INFO] Worker exiting (pid: 29174)
[2022-04-06 16:57:54 +0200] [30181] [INFO] Booting worker with pid: 30181
[2022-04-06 16:57:54 +0200] [30182] [INFO] Booting worker with pid: 30182
[2022-04-06 17:06:13 +0200] [4266] [CRITICAL] WORKER TIMEOUT (pid:30181)
[2022-04-06 17:06:13 +0200] [4266] [CRITICAL] WORKER TIMEOUT (pid:30182)
[2022-04-06 17:06:13 +0200] [30182] [INFO] Worker exiting (pid: 30182)
[2022-04-06 17:06:13 +0200] [30181] [INFO] Worker exiting (pid: 30181)
[2022-04-06 17:06:13 +0200] [4266] [WARNING] Worker with pid 30181 was terminated due to signal 9
[2022-04-06 17:06:13 +0200] [30439] [INFO] Booting worker with pid: 30439
[2022-04-06 17:06:13 +0200] [30441] [INFO] Booting worker with pid: 30441
[2022-04-06 17:11:23 +0200] [4266] [CRITICAL] WORKER TIMEOUT (pid:30439)
[2022-04-06 17:11:23 +0200] [4266] [CRITICAL] WORKER TIMEOUT (pid:30441)
[2022-04-06 17:11:23 +0200] [30439] [INFO] Worker exiting (pid: 30439)
[2022-04-06 17:11:23 +0200] [30441] [INFO] Worker exiting (pid: 30441)
[2022-04-06 17:11:23 +0200] [4266] [WARNING] Worker with pid 30441 was terminated due to signal 9
[2022-04-06 17:11:23 +0200] [30670] [INFO] Booting worker with pid: 30670
[2022-04-06 17:11:24 +0200] [30671] [INFO] Booting worker with pid: 30671
[2022-04-06 17:17:44 +0200] [4266] [CRITICAL] WORKER TIMEOUT (pid:30670)
[2022-04-06 17:17:44 +0200] [4266] [CRITICAL] WORKER TIMEOUT (pid:30671)
[2022-04-06 17:17:44 +0200] [30670] [INFO] Worker exiting (pid: 30670)
[2022-04-06 17:17:44 +0200] [30671] [INFO] Worker exiting (pid: 30671)
[2022-04-06 17:17:44 +0200] [31002] [INFO] Booting worker with pid: 31002
[2022-04-06 17:17:44 +0200] [31003] [INFO] Booting worker with pid: 31003
[2022-04-06 17:46:11 +0200] [4266] [CRITICAL] WORKER TIMEOUT (pid:31002)
[2022-04-06 17:46:11 +0200] [4266] [CRITICAL] WORKER TIMEOUT (pid:31003)
[2022-04-06 17:46:11 +0200] [31002] [INFO] Worker exiting (pid: 31002)
[2022-04-06 17:46:11 +0200] [31003] [INFO] Worker exiting (pid: 31003)
[2022-04-06 17:46:11 +0200] [32573] [INFO] Booting worker with pid: 32573
[2022-04-06 17:46:12 +0200] [32574] [INFO] Booting worker with pid: 32574
[2022-04-06 18:35:46 +0200] [4266] [CRITICAL] WORKER TIMEOUT (pid:32573)
[2022-04-06 18:35:46 +0200] [4266] [CRITICAL] WORKER TIMEOUT (pid:32574)
[2022-04-06 18:35:46 +0200] [32574] [INFO] Worker exiting (pid: 32574)
[2022-04-06 18:35:46 +0200] [32573] [INFO] Worker exiting (pid: 32573)
[2022-04-06 18:35:46 +0200] [35088] [INFO] Booting worker with pid: 35088
[2022-04-06 18:35:46 +0200] [35090] [INFO] Booting worker with pid: 35090
[2022-04-06 18:54:10 +0200] [4266] [CRITICAL] WORKER TIMEOUT (pid:35088)
[2022-04-06 18:54:10 +0200] [4266] [CRITICAL] WORKER TIMEOUT (pid:35090)
[2022-04-06 18:54:10 +0200] [35090] [INFO] Worker exiting (pid: 35090)
[2022-04-06 18:54:10 +0200] [35088] [INFO] Worker exiting (pid: 35088)
[2022-04-06 18:54:11 +0200] [36156] [INFO] Booting worker with pid: 36156
[2022-04-06 18:54:11 +0200] [36157] [INFO] Booting worker with pid: 36157
[2022-04-06 19:01:08 +0200] [4266] [CRITICAL] WORKER TIMEOUT (pid:36156)
[2022-04-06 19:01:08 +0200] [4266] [CRITICAL] WORKER TIMEOUT (pid:36157)
[2022-04-06 19:01:08 +0200] [36156] [INFO] Worker exiting (pid: 36156)
[2022-04-06 19:01:08 +0200] [36157] [INFO] Worker exiting (pid: 36157)
[2022-04-06 19:01:08 +0200] [36404] [INFO] Booting worker with pid: 36404
[2022-04-06 19:01:09 +0200] [36405] [INFO] Booting worker with pid: 36405
