[2022-04-02 23:46:54,263] {processor.py:163} INFO - Started process (PID=5997) to work on /opt/anaconda3/envs/airflow_env/lib/python3.8/site-packages/airflow/example_dags/example_short_circuit_operator.py
[2022-04-02 23:46:54,264] {processor.py:642} INFO - Processing file /opt/anaconda3/envs/airflow_env/lib/python3.8/site-packages/airflow/example_dags/example_short_circuit_operator.py for tasks to queue
[2022-04-02 23:46:54,264] {logging_mixin.py:109} INFO - [2022-04-02 23:46:54,264] {dagbag.py:500} INFO - Filling up the DagBag from /opt/anaconda3/envs/airflow_env/lib/python3.8/site-packages/airflow/example_dags/example_short_circuit_operator.py
[2022-04-02 23:46:54,292] {processor.py:654} INFO - DAG(s) dict_keys(['example_short_circuit_operator']) retrieved from /opt/anaconda3/envs/airflow_env/lib/python3.8/site-packages/airflow/example_dags/example_short_circuit_operator.py
[2022-04-02 23:46:54,302] {logging_mixin.py:109} INFO - [2022-04-02 23:46:54,302] {dag.py:2398} INFO - Sync 1 DAGs
[2022-04-02 23:46:54,307] {logging_mixin.py:109} INFO - [2022-04-02 23:46:54,307] {dag.py:2937} INFO - Setting next_dagrun for example_short_circuit_operator to 2022-04-01T21:46:54.307301+00:00
[2022-04-02 23:46:54,311] {processor.py:171} INFO - Processing /opt/anaconda3/envs/airflow_env/lib/python3.8/site-packages/airflow/example_dags/example_short_circuit_operator.py took 0.048 seconds
[2022-04-02 23:47:57,612] {processor.py:163} INFO - Started process (PID=6177) to work on /opt/anaconda3/envs/airflow_env/lib/python3.8/site-packages/airflow/example_dags/example_short_circuit_operator.py
[2022-04-02 23:47:57,612] {processor.py:642} INFO - Processing file /opt/anaconda3/envs/airflow_env/lib/python3.8/site-packages/airflow/example_dags/example_short_circuit_operator.py for tasks to queue
[2022-04-02 23:47:57,613] {logging_mixin.py:109} INFO - [2022-04-02 23:47:57,612] {dagbag.py:500} INFO - Filling up the DagBag from /opt/anaconda3/envs/airflow_env/lib/python3.8/site-packages/airflow/example_dags/example_short_circuit_operator.py
[2022-04-02 23:47:57,644] {processor.py:654} INFO - DAG(s) dict_keys(['example_short_circuit_operator']) retrieved from /opt/anaconda3/envs/airflow_env/lib/python3.8/site-packages/airflow/example_dags/example_short_circuit_operator.py
[2022-04-02 23:47:57,655] {logging_mixin.py:109} INFO - [2022-04-02 23:47:57,655] {dag.py:2398} INFO - Sync 1 DAGs
[2022-04-02 23:47:57,661] {logging_mixin.py:109} INFO - [2022-04-02 23:47:57,661] {dag.py:2937} INFO - Setting next_dagrun for example_short_circuit_operator to 2022-04-01T21:47:57.661607+00:00
[2022-04-02 23:47:57,666] {processor.py:171} INFO - Processing /opt/anaconda3/envs/airflow_env/lib/python3.8/site-packages/airflow/example_dags/example_short_circuit_operator.py took 0.055 seconds
[2022-04-02 23:49:05,011] {processor.py:163} INFO - Started process (PID=6358) to work on /opt/anaconda3/envs/airflow_env/lib/python3.8/site-packages/airflow/example_dags/example_short_circuit_operator.py
[2022-04-02 23:49:05,012] {processor.py:642} INFO - Processing file /opt/anaconda3/envs/airflow_env/lib/python3.8/site-packages/airflow/example_dags/example_short_circuit_operator.py for tasks to queue
[2022-04-02 23:49:05,012] {logging_mixin.py:109} INFO - [2022-04-02 23:49:05,012] {dagbag.py:500} INFO - Filling up the DagBag from /opt/anaconda3/envs/airflow_env/lib/python3.8/site-packages/airflow/example_dags/example_short_circuit_operator.py
[2022-04-02 23:49:05,037] {processor.py:654} INFO - DAG(s) dict_keys(['example_short_circuit_operator']) retrieved from /opt/anaconda3/envs/airflow_env/lib/python3.8/site-packages/airflow/example_dags/example_short_circuit_operator.py
[2022-04-02 23:49:05,046] {logging_mixin.py:109} INFO - [2022-04-02 23:49:05,046] {dag.py:2398} INFO - Sync 1 DAGs
[2022-04-02 23:49:05,051] {logging_mixin.py:109} INFO - [2022-04-02 23:49:05,051] {dag.py:2937} INFO - Setting next_dagrun for example_short_circuit_operator to 2022-04-01T21:49:05.050975+00:00
[2022-04-02 23:49:05,055] {processor.py:171} INFO - Processing /opt/anaconda3/envs/airflow_env/lib/python3.8/site-packages/airflow/example_dags/example_short_circuit_operator.py took 0.044 seconds
[2022-04-02 23:50:12,629] {processor.py:163} INFO - Started process (PID=6574) to work on /opt/anaconda3/envs/airflow_env/lib/python3.8/site-packages/airflow/example_dags/example_short_circuit_operator.py
[2022-04-02 23:50:12,630] {processor.py:642} INFO - Processing file /opt/anaconda3/envs/airflow_env/lib/python3.8/site-packages/airflow/example_dags/example_short_circuit_operator.py for tasks to queue
[2022-04-02 23:50:12,630] {logging_mixin.py:109} INFO - [2022-04-02 23:50:12,630] {dagbag.py:500} INFO - Filling up the DagBag from /opt/anaconda3/envs/airflow_env/lib/python3.8/site-packages/airflow/example_dags/example_short_circuit_operator.py
[2022-04-02 23:50:12,661] {processor.py:654} INFO - DAG(s) dict_keys(['example_short_circuit_operator']) retrieved from /opt/anaconda3/envs/airflow_env/lib/python3.8/site-packages/airflow/example_dags/example_short_circuit_operator.py
[2022-04-02 23:50:12,672] {logging_mixin.py:109} INFO - [2022-04-02 23:50:12,672] {dag.py:2398} INFO - Sync 1 DAGs
[2022-04-02 23:50:12,678] {logging_mixin.py:109} INFO - [2022-04-02 23:50:12,678] {dag.py:2937} INFO - Setting next_dagrun for example_short_circuit_operator to 2022-04-01T21:50:12.677905+00:00
[2022-04-02 23:50:12,682] {processor.py:171} INFO - Processing /opt/anaconda3/envs/airflow_env/lib/python3.8/site-packages/airflow/example_dags/example_short_circuit_operator.py took 0.053 seconds
[2022-04-02 23:51:19,532] {processor.py:163} INFO - Started process (PID=6750) to work on /opt/anaconda3/envs/airflow_env/lib/python3.8/site-packages/airflow/example_dags/example_short_circuit_operator.py
[2022-04-02 23:51:19,532] {processor.py:642} INFO - Processing file /opt/anaconda3/envs/airflow_env/lib/python3.8/site-packages/airflow/example_dags/example_short_circuit_operator.py for tasks to queue
[2022-04-02 23:51:19,532] {logging_mixin.py:109} INFO - [2022-04-02 23:51:19,532] {dagbag.py:500} INFO - Filling up the DagBag from /opt/anaconda3/envs/airflow_env/lib/python3.8/site-packages/airflow/example_dags/example_short_circuit_operator.py
[2022-04-02 23:51:19,559] {processor.py:654} INFO - DAG(s) dict_keys(['example_short_circuit_operator']) retrieved from /opt/anaconda3/envs/airflow_env/lib/python3.8/site-packages/airflow/example_dags/example_short_circuit_operator.py
[2022-04-02 23:51:19,568] {logging_mixin.py:109} INFO - [2022-04-02 23:51:19,568] {dag.py:2398} INFO - Sync 1 DAGs
[2022-04-02 23:51:19,573] {logging_mixin.py:109} INFO - [2022-04-02 23:51:19,573] {dag.py:2937} INFO - Setting next_dagrun for example_short_circuit_operator to 2022-04-01T21:51:19.573645+00:00
[2022-04-02 23:51:19,577] {processor.py:171} INFO - Processing /opt/anaconda3/envs/airflow_env/lib/python3.8/site-packages/airflow/example_dags/example_short_circuit_operator.py took 0.046 seconds
