[2022-04-02 23:47:10,398] {processor.py:163} INFO - Started process (PID=6032) to work on /opt/anaconda3/envs/airflow_env/lib/python3.8/site-packages/airflow/example_dags/example_dag_decorator.py
[2022-04-02 23:47:10,399] {processor.py:642} INFO - Processing file /opt/anaconda3/envs/airflow_env/lib/python3.8/site-packages/airflow/example_dags/example_dag_decorator.py for tasks to queue
[2022-04-02 23:47:10,399] {logging_mixin.py:109} INFO - [2022-04-02 23:47:10,399] {dagbag.py:500} INFO - Filling up the DagBag from /opt/anaconda3/envs/airflow_env/lib/python3.8/site-packages/airflow/example_dags/example_dag_decorator.py
[2022-04-02 23:47:10,430] {processor.py:654} INFO - DAG(s) dict_keys(['example_dag_decorator']) retrieved from /opt/anaconda3/envs/airflow_env/lib/python3.8/site-packages/airflow/example_dags/example_dag_decorator.py
[2022-04-02 23:47:10,573] {logging_mixin.py:109} INFO - [2022-04-02 23:47:10,573] {dag.py:2398} INFO - Sync 1 DAGs
[2022-04-02 23:47:10,577] {logging_mixin.py:109} INFO - [2022-04-02 23:47:10,577] {dag.py:2937} INFO - Setting next_dagrun for example_dag_decorator to None
[2022-04-02 23:47:10,581] {processor.py:171} INFO - Processing /opt/anaconda3/envs/airflow_env/lib/python3.8/site-packages/airflow/example_dags/example_dag_decorator.py took 0.184 seconds
[2022-04-02 23:48:17,620] {processor.py:163} INFO - Started process (PID=6236) to work on /opt/anaconda3/envs/airflow_env/lib/python3.8/site-packages/airflow/example_dags/example_dag_decorator.py
[2022-04-02 23:48:17,621] {processor.py:642} INFO - Processing file /opt/anaconda3/envs/airflow_env/lib/python3.8/site-packages/airflow/example_dags/example_dag_decorator.py for tasks to queue
[2022-04-02 23:48:17,621] {logging_mixin.py:109} INFO - [2022-04-02 23:48:17,621] {dagbag.py:500} INFO - Filling up the DagBag from /opt/anaconda3/envs/airflow_env/lib/python3.8/site-packages/airflow/example_dags/example_dag_decorator.py
[2022-04-02 23:48:17,655] {processor.py:654} INFO - DAG(s) dict_keys(['example_dag_decorator']) retrieved from /opt/anaconda3/envs/airflow_env/lib/python3.8/site-packages/airflow/example_dags/example_dag_decorator.py
[2022-04-02 23:48:17,800] {logging_mixin.py:109} INFO - [2022-04-02 23:48:17,800] {dag.py:2398} INFO - Sync 1 DAGs
[2022-04-02 23:48:17,804] {logging_mixin.py:109} INFO - [2022-04-02 23:48:17,804] {dag.py:2937} INFO - Setting next_dagrun for example_dag_decorator to None
[2022-04-02 23:48:17,808] {processor.py:171} INFO - Processing /opt/anaconda3/envs/airflow_env/lib/python3.8/site-packages/airflow/example_dags/example_dag_decorator.py took 0.189 seconds
[2022-04-02 23:49:24,843] {processor.py:163} INFO - Started process (PID=6415) to work on /opt/anaconda3/envs/airflow_env/lib/python3.8/site-packages/airflow/example_dags/example_dag_decorator.py
[2022-04-02 23:49:24,844] {processor.py:642} INFO - Processing file /opt/anaconda3/envs/airflow_env/lib/python3.8/site-packages/airflow/example_dags/example_dag_decorator.py for tasks to queue
[2022-04-02 23:49:24,844] {logging_mixin.py:109} INFO - [2022-04-02 23:49:24,844] {dagbag.py:500} INFO - Filling up the DagBag from /opt/anaconda3/envs/airflow_env/lib/python3.8/site-packages/airflow/example_dags/example_dag_decorator.py
[2022-04-02 23:49:24,872] {processor.py:654} INFO - DAG(s) dict_keys(['example_dag_decorator']) retrieved from /opt/anaconda3/envs/airflow_env/lib/python3.8/site-packages/airflow/example_dags/example_dag_decorator.py
[2022-04-02 23:49:25,031] {logging_mixin.py:109} INFO - [2022-04-02 23:49:25,031] {dag.py:2398} INFO - Sync 1 DAGs
[2022-04-02 23:49:25,035] {logging_mixin.py:109} INFO - [2022-04-02 23:49:25,035] {dag.py:2937} INFO - Setting next_dagrun for example_dag_decorator to None
[2022-04-02 23:49:25,040] {processor.py:171} INFO - Processing /opt/anaconda3/envs/airflow_env/lib/python3.8/site-packages/airflow/example_dags/example_dag_decorator.py took 0.197 seconds
[2022-04-02 23:50:32,518] {processor.py:163} INFO - Started process (PID=6627) to work on /opt/anaconda3/envs/airflow_env/lib/python3.8/site-packages/airflow/example_dags/example_dag_decorator.py
[2022-04-02 23:50:32,519] {processor.py:642} INFO - Processing file /opt/anaconda3/envs/airflow_env/lib/python3.8/site-packages/airflow/example_dags/example_dag_decorator.py for tasks to queue
[2022-04-02 23:50:32,519] {logging_mixin.py:109} INFO - [2022-04-02 23:50:32,519] {dagbag.py:500} INFO - Filling up the DagBag from /opt/anaconda3/envs/airflow_env/lib/python3.8/site-packages/airflow/example_dags/example_dag_decorator.py
[2022-04-02 23:50:32,548] {processor.py:654} INFO - DAG(s) dict_keys(['example_dag_decorator']) retrieved from /opt/anaconda3/envs/airflow_env/lib/python3.8/site-packages/airflow/example_dags/example_dag_decorator.py
[2022-04-02 23:50:32,659] {logging_mixin.py:109} INFO - [2022-04-02 23:50:32,659] {dag.py:2398} INFO - Sync 1 DAGs
[2022-04-02 23:50:32,663] {logging_mixin.py:109} INFO - [2022-04-02 23:50:32,663] {dag.py:2937} INFO - Setting next_dagrun for example_dag_decorator to None
[2022-04-02 23:50:32,668] {processor.py:171} INFO - Processing /opt/anaconda3/envs/airflow_env/lib/python3.8/site-packages/airflow/example_dags/example_dag_decorator.py took 0.150 seconds
[2022-04-02 23:51:39,140] {processor.py:163} INFO - Started process (PID=6790) to work on /opt/anaconda3/envs/airflow_env/lib/python3.8/site-packages/airflow/example_dags/example_dag_decorator.py
[2022-04-02 23:51:39,140] {processor.py:642} INFO - Processing file /opt/anaconda3/envs/airflow_env/lib/python3.8/site-packages/airflow/example_dags/example_dag_decorator.py for tasks to queue
[2022-04-02 23:51:39,140] {logging_mixin.py:109} INFO - [2022-04-02 23:51:39,140] {dagbag.py:500} INFO - Filling up the DagBag from /opt/anaconda3/envs/airflow_env/lib/python3.8/site-packages/airflow/example_dags/example_dag_decorator.py
[2022-04-02 23:51:39,168] {processor.py:654} INFO - DAG(s) dict_keys(['example_dag_decorator']) retrieved from /opt/anaconda3/envs/airflow_env/lib/python3.8/site-packages/airflow/example_dags/example_dag_decorator.py
[2022-04-02 23:51:39,277] {logging_mixin.py:109} INFO - [2022-04-02 23:51:39,277] {dag.py:2398} INFO - Sync 1 DAGs
[2022-04-02 23:51:39,282] {logging_mixin.py:109} INFO - [2022-04-02 23:51:39,282] {dag.py:2937} INFO - Setting next_dagrun for example_dag_decorator to None
[2022-04-02 23:51:39,286] {processor.py:171} INFO - Processing /opt/anaconda3/envs/airflow_env/lib/python3.8/site-packages/airflow/example_dags/example_dag_decorator.py took 0.147 seconds
