[2022-04-02 23:46:48,351] {processor.py:163} INFO - Started process (PID=5980) to work on /opt/anaconda3/envs/airflow_env/lib/python3.8/site-packages/airflow/example_dags/example_subdag_operator.py
[2022-04-02 23:46:48,352] {processor.py:642} INFO - Processing file /opt/anaconda3/envs/airflow_env/lib/python3.8/site-packages/airflow/example_dags/example_subdag_operator.py for tasks to queue
[2022-04-02 23:46:48,352] {logging_mixin.py:109} INFO - [2022-04-02 23:46:48,352] {dagbag.py:500} INFO - Filling up the DagBag from /opt/anaconda3/envs/airflow_env/lib/python3.8/site-packages/airflow/example_dags/example_subdag_operator.py
[2022-04-02 23:46:48,374] {processor.py:654} INFO - DAG(s) dict_keys(['example_subdag_operator.section-1', 'example_subdag_operator.section-2', 'example_subdag_operator']) retrieved from /opt/anaconda3/envs/airflow_env/lib/python3.8/site-packages/airflow/example_dags/example_subdag_operator.py
[2022-04-02 23:46:48,385] {logging_mixin.py:109} INFO - [2022-04-02 23:46:48,385] {dag.py:2398} INFO - Sync 3 DAGs
[2022-04-02 23:46:48,389] {logging_mixin.py:109} INFO - [2022-04-02 23:46:48,389] {dag.py:2937} INFO - Setting next_dagrun for example_subdag_operator to 2022-03-31T00:00:00+00:00
[2022-04-02 23:46:48,389] {logging_mixin.py:109} INFO - [2022-04-02 23:46:48,389] {dag.py:2937} INFO - Setting next_dagrun for example_subdag_operator.section-1 to None
[2022-04-02 23:46:48,389] {logging_mixin.py:109} INFO - [2022-04-02 23:46:48,389] {dag.py:2937} INFO - Setting next_dagrun for example_subdag_operator.section-2 to None
[2022-04-02 23:46:48,391] {logging_mixin.py:109} INFO - [2022-04-02 23:46:48,391] {dag.py:2398} INFO - Sync 2 DAGs
[2022-04-02 23:46:48,394] {logging_mixin.py:109} INFO - [2022-04-02 23:46:48,394] {dag.py:2937} INFO - Setting next_dagrun for example_subdag_operator.section-1 to None
[2022-04-02 23:46:48,394] {logging_mixin.py:109} INFO - [2022-04-02 23:46:48,394] {dag.py:2937} INFO - Setting next_dagrun for example_subdag_operator.section-2 to None
[2022-04-02 23:46:48,396] {processor.py:171} INFO - Processing /opt/anaconda3/envs/airflow_env/lib/python3.8/site-packages/airflow/example_dags/example_subdag_operator.py took 0.045 seconds
[2022-04-02 23:47:51,736] {processor.py:163} INFO - Started process (PID=6165) to work on /opt/anaconda3/envs/airflow_env/lib/python3.8/site-packages/airflow/example_dags/example_subdag_operator.py
[2022-04-02 23:47:51,736] {processor.py:642} INFO - Processing file /opt/anaconda3/envs/airflow_env/lib/python3.8/site-packages/airflow/example_dags/example_subdag_operator.py for tasks to queue
[2022-04-02 23:47:51,736] {logging_mixin.py:109} INFO - [2022-04-02 23:47:51,736] {dagbag.py:500} INFO - Filling up the DagBag from /opt/anaconda3/envs/airflow_env/lib/python3.8/site-packages/airflow/example_dags/example_subdag_operator.py
[2022-04-02 23:47:51,757] {processor.py:654} INFO - DAG(s) dict_keys(['example_subdag_operator.section-1', 'example_subdag_operator.section-2', 'example_subdag_operator']) retrieved from /opt/anaconda3/envs/airflow_env/lib/python3.8/site-packages/airflow/example_dags/example_subdag_operator.py
[2022-04-02 23:47:51,768] {logging_mixin.py:109} INFO - [2022-04-02 23:47:51,768] {dag.py:2398} INFO - Sync 3 DAGs
[2022-04-02 23:47:51,773] {logging_mixin.py:109} INFO - [2022-04-02 23:47:51,773] {dag.py:2937} INFO - Setting next_dagrun for example_subdag_operator to 2022-03-31T00:00:00+00:00
[2022-04-02 23:47:51,773] {logging_mixin.py:109} INFO - [2022-04-02 23:47:51,773] {dag.py:2937} INFO - Setting next_dagrun for example_subdag_operator.section-1 to None
[2022-04-02 23:47:51,773] {logging_mixin.py:109} INFO - [2022-04-02 23:47:51,773] {dag.py:2937} INFO - Setting next_dagrun for example_subdag_operator.section-2 to None
[2022-04-02 23:47:51,775] {logging_mixin.py:109} INFO - [2022-04-02 23:47:51,775] {dag.py:2398} INFO - Sync 2 DAGs
[2022-04-02 23:47:51,778] {logging_mixin.py:109} INFO - [2022-04-02 23:47:51,778] {dag.py:2937} INFO - Setting next_dagrun for example_subdag_operator.section-1 to None
[2022-04-02 23:47:51,778] {logging_mixin.py:109} INFO - [2022-04-02 23:47:51,778] {dag.py:2937} INFO - Setting next_dagrun for example_subdag_operator.section-2 to None
[2022-04-02 23:47:51,780] {processor.py:171} INFO - Processing /opt/anaconda3/envs/airflow_env/lib/python3.8/site-packages/airflow/example_dags/example_subdag_operator.py took 0.045 seconds
[2022-04-02 23:48:59,132] {processor.py:163} INFO - Started process (PID=6346) to work on /opt/anaconda3/envs/airflow_env/lib/python3.8/site-packages/airflow/example_dags/example_subdag_operator.py
[2022-04-02 23:48:59,133] {processor.py:642} INFO - Processing file /opt/anaconda3/envs/airflow_env/lib/python3.8/site-packages/airflow/example_dags/example_subdag_operator.py for tasks to queue
[2022-04-02 23:48:59,133] {logging_mixin.py:109} INFO - [2022-04-02 23:48:59,133] {dagbag.py:500} INFO - Filling up the DagBag from /opt/anaconda3/envs/airflow_env/lib/python3.8/site-packages/airflow/example_dags/example_subdag_operator.py
[2022-04-02 23:48:59,157] {processor.py:654} INFO - DAG(s) dict_keys(['example_subdag_operator.section-1', 'example_subdag_operator.section-2', 'example_subdag_operator']) retrieved from /opt/anaconda3/envs/airflow_env/lib/python3.8/site-packages/airflow/example_dags/example_subdag_operator.py
[2022-04-02 23:48:59,169] {logging_mixin.py:109} INFO - [2022-04-02 23:48:59,169] {dag.py:2398} INFO - Sync 3 DAGs
[2022-04-02 23:48:59,174] {logging_mixin.py:109} INFO - [2022-04-02 23:48:59,174] {dag.py:2937} INFO - Setting next_dagrun for example_subdag_operator to 2022-03-31T00:00:00+00:00
[2022-04-02 23:48:59,174] {logging_mixin.py:109} INFO - [2022-04-02 23:48:59,174] {dag.py:2937} INFO - Setting next_dagrun for example_subdag_operator.section-1 to None
[2022-04-02 23:48:59,175] {logging_mixin.py:109} INFO - [2022-04-02 23:48:59,174] {dag.py:2937} INFO - Setting next_dagrun for example_subdag_operator.section-2 to None
[2022-04-02 23:48:59,176] {logging_mixin.py:109} INFO - [2022-04-02 23:48:59,176] {dag.py:2398} INFO - Sync 2 DAGs
[2022-04-02 23:48:59,179] {logging_mixin.py:109} INFO - [2022-04-02 23:48:59,179] {dag.py:2937} INFO - Setting next_dagrun for example_subdag_operator.section-1 to None
[2022-04-02 23:48:59,179] {logging_mixin.py:109} INFO - [2022-04-02 23:48:59,179] {dag.py:2937} INFO - Setting next_dagrun for example_subdag_operator.section-2 to None
[2022-04-02 23:48:59,182] {processor.py:171} INFO - Processing /opt/anaconda3/envs/airflow_env/lib/python3.8/site-packages/airflow/example_dags/example_subdag_operator.py took 0.050 seconds
[2022-04-02 23:50:06,746] {processor.py:163} INFO - Started process (PID=6554) to work on /opt/anaconda3/envs/airflow_env/lib/python3.8/site-packages/airflow/example_dags/example_subdag_operator.py
[2022-04-02 23:50:06,747] {processor.py:642} INFO - Processing file /opt/anaconda3/envs/airflow_env/lib/python3.8/site-packages/airflow/example_dags/example_subdag_operator.py for tasks to queue
[2022-04-02 23:50:06,747] {logging_mixin.py:109} INFO - [2022-04-02 23:50:06,747] {dagbag.py:500} INFO - Filling up the DagBag from /opt/anaconda3/envs/airflow_env/lib/python3.8/site-packages/airflow/example_dags/example_subdag_operator.py
[2022-04-02 23:50:06,772] {processor.py:654} INFO - DAG(s) dict_keys(['example_subdag_operator.section-1', 'example_subdag_operator.section-2', 'example_subdag_operator']) retrieved from /opt/anaconda3/envs/airflow_env/lib/python3.8/site-packages/airflow/example_dags/example_subdag_operator.py
[2022-04-02 23:50:06,784] {logging_mixin.py:109} INFO - [2022-04-02 23:50:06,784] {dag.py:2398} INFO - Sync 3 DAGs
[2022-04-02 23:50:06,790] {logging_mixin.py:109} INFO - [2022-04-02 23:50:06,789] {dag.py:2937} INFO - Setting next_dagrun for example_subdag_operator to 2022-03-31T00:00:00+00:00
[2022-04-02 23:50:06,790] {logging_mixin.py:109} INFO - [2022-04-02 23:50:06,790] {dag.py:2937} INFO - Setting next_dagrun for example_subdag_operator.section-1 to None
[2022-04-02 23:50:06,790] {logging_mixin.py:109} INFO - [2022-04-02 23:50:06,790] {dag.py:2937} INFO - Setting next_dagrun for example_subdag_operator.section-2 to None
[2022-04-02 23:50:06,792] {logging_mixin.py:109} INFO - [2022-04-02 23:50:06,792] {dag.py:2398} INFO - Sync 2 DAGs
[2022-04-02 23:50:06,795] {logging_mixin.py:109} INFO - [2022-04-02 23:50:06,795] {dag.py:2937} INFO - Setting next_dagrun for example_subdag_operator.section-1 to None
[2022-04-02 23:50:06,795] {logging_mixin.py:109} INFO - [2022-04-02 23:50:06,795] {dag.py:2937} INFO - Setting next_dagrun for example_subdag_operator.section-2 to None
[2022-04-02 23:50:06,798] {processor.py:171} INFO - Processing /opt/anaconda3/envs/airflow_env/lib/python3.8/site-packages/airflow/example_dags/example_subdag_operator.py took 0.052 seconds
[2022-04-02 23:51:13,782] {processor.py:163} INFO - Started process (PID=6739) to work on /opt/anaconda3/envs/airflow_env/lib/python3.8/site-packages/airflow/example_dags/example_subdag_operator.py
[2022-04-02 23:51:13,783] {processor.py:642} INFO - Processing file /opt/anaconda3/envs/airflow_env/lib/python3.8/site-packages/airflow/example_dags/example_subdag_operator.py for tasks to queue
[2022-04-02 23:51:13,784] {logging_mixin.py:109} INFO - [2022-04-02 23:51:13,784] {dagbag.py:500} INFO - Filling up the DagBag from /opt/anaconda3/envs/airflow_env/lib/python3.8/site-packages/airflow/example_dags/example_subdag_operator.py
[2022-04-02 23:51:13,805] {processor.py:654} INFO - DAG(s) dict_keys(['example_subdag_operator.section-1', 'example_subdag_operator.section-2', 'example_subdag_operator']) retrieved from /opt/anaconda3/envs/airflow_env/lib/python3.8/site-packages/airflow/example_dags/example_subdag_operator.py
[2022-04-02 23:51:13,815] {logging_mixin.py:109} INFO - [2022-04-02 23:51:13,815] {dag.py:2398} INFO - Sync 3 DAGs
[2022-04-02 23:51:13,820] {logging_mixin.py:109} INFO - [2022-04-02 23:51:13,820] {dag.py:2937} INFO - Setting next_dagrun for example_subdag_operator to 2022-03-31T00:00:00+00:00
[2022-04-02 23:51:13,820] {logging_mixin.py:109} INFO - [2022-04-02 23:51:13,820] {dag.py:2937} INFO - Setting next_dagrun for example_subdag_operator.section-1 to None
[2022-04-02 23:51:13,820] {logging_mixin.py:109} INFO - [2022-04-02 23:51:13,820] {dag.py:2937} INFO - Setting next_dagrun for example_subdag_operator.section-2 to None
[2022-04-02 23:51:13,822] {logging_mixin.py:109} INFO - [2022-04-02 23:51:13,822] {dag.py:2398} INFO - Sync 2 DAGs
[2022-04-02 23:51:13,824] {logging_mixin.py:109} INFO - [2022-04-02 23:51:13,824] {dag.py:2937} INFO - Setting next_dagrun for example_subdag_operator.section-1 to None
[2022-04-02 23:51:13,824] {logging_mixin.py:109} INFO - [2022-04-02 23:51:13,824] {dag.py:2937} INFO - Setting next_dagrun for example_subdag_operator.section-2 to None
[2022-04-02 23:51:13,827] {processor.py:171} INFO - Processing /opt/anaconda3/envs/airflow_env/lib/python3.8/site-packages/airflow/example_dags/example_subdag_operator.py took 0.045 seconds
