[2022-04-02 23:47:06,343] {processor.py:163} INFO - Started process (PID=6021) to work on /opt/anaconda3/envs/airflow_env/lib/python3.8/site-packages/airflow/example_dags/example_kubernetes_executor.py
[2022-04-02 23:47:06,343] {processor.py:642} INFO - Processing file /opt/anaconda3/envs/airflow_env/lib/python3.8/site-packages/airflow/example_dags/example_kubernetes_executor.py for tasks to queue
[2022-04-02 23:47:06,344] {logging_mixin.py:109} INFO - [2022-04-02 23:47:06,344] {dagbag.py:500} INFO - Filling up the DagBag from /opt/anaconda3/envs/airflow_env/lib/python3.8/site-packages/airflow/example_dags/example_kubernetes_executor.py
[2022-04-02 23:47:06,354] {logging_mixin.py:109} INFO - [2022-04-02 23:47:06,354] {example_kubernetes_executor.py:39} WARNING - The example_kubernetes_executor example DAG requires the kubernetes provider. Please install it with: pip install apache-airflow[cncf.kubernetes]
[2022-04-02 23:47:06,367] {processor.py:656} WARNING - No viable dags retrieved from /opt/anaconda3/envs/airflow_env/lib/python3.8/site-packages/airflow/example_dags/example_kubernetes_executor.py
[2022-04-02 23:47:06,368] {processor.py:171} INFO - Processing /opt/anaconda3/envs/airflow_env/lib/python3.8/site-packages/airflow/example_dags/example_kubernetes_executor.py took 0.025 seconds
[2022-04-02 23:48:13,700] {processor.py:163} INFO - Started process (PID=6227) to work on /opt/anaconda3/envs/airflow_env/lib/python3.8/site-packages/airflow/example_dags/example_kubernetes_executor.py
[2022-04-02 23:48:13,700] {processor.py:642} INFO - Processing file /opt/anaconda3/envs/airflow_env/lib/python3.8/site-packages/airflow/example_dags/example_kubernetes_executor.py for tasks to queue
[2022-04-02 23:48:13,700] {logging_mixin.py:109} INFO - [2022-04-02 23:48:13,700] {dagbag.py:500} INFO - Filling up the DagBag from /opt/anaconda3/envs/airflow_env/lib/python3.8/site-packages/airflow/example_dags/example_kubernetes_executor.py
[2022-04-02 23:48:13,710] {logging_mixin.py:109} INFO - [2022-04-02 23:48:13,710] {example_kubernetes_executor.py:39} WARNING - The example_kubernetes_executor example DAG requires the kubernetes provider. Please install it with: pip install apache-airflow[cncf.kubernetes]
[2022-04-02 23:48:13,723] {processor.py:656} WARNING - No viable dags retrieved from /opt/anaconda3/envs/airflow_env/lib/python3.8/site-packages/airflow/example_dags/example_kubernetes_executor.py
[2022-04-02 23:48:13,724] {processor.py:171} INFO - Processing /opt/anaconda3/envs/airflow_env/lib/python3.8/site-packages/airflow/example_dags/example_kubernetes_executor.py took 0.024 seconds
[2022-04-02 23:49:20,858] {processor.py:163} INFO - Started process (PID=6400) to work on /opt/anaconda3/envs/airflow_env/lib/python3.8/site-packages/airflow/example_dags/example_kubernetes_executor.py
[2022-04-02 23:49:20,859] {processor.py:642} INFO - Processing file /opt/anaconda3/envs/airflow_env/lib/python3.8/site-packages/airflow/example_dags/example_kubernetes_executor.py for tasks to queue
[2022-04-02 23:49:20,860] {logging_mixin.py:109} INFO - [2022-04-02 23:49:20,860] {dagbag.py:500} INFO - Filling up the DagBag from /opt/anaconda3/envs/airflow_env/lib/python3.8/site-packages/airflow/example_dags/example_kubernetes_executor.py
[2022-04-02 23:49:20,869] {logging_mixin.py:109} INFO - [2022-04-02 23:49:20,869] {example_kubernetes_executor.py:39} WARNING - The example_kubernetes_executor example DAG requires the kubernetes provider. Please install it with: pip install apache-airflow[cncf.kubernetes]
[2022-04-02 23:49:20,882] {processor.py:656} WARNING - No viable dags retrieved from /opt/anaconda3/envs/airflow_env/lib/python3.8/site-packages/airflow/example_dags/example_kubernetes_executor.py
[2022-04-02 23:49:20,883] {processor.py:171} INFO - Processing /opt/anaconda3/envs/airflow_env/lib/python3.8/site-packages/airflow/example_dags/example_kubernetes_executor.py took 0.025 seconds
[2022-04-02 23:50:28,601] {processor.py:163} INFO - Started process (PID=6618) to work on /opt/anaconda3/envs/airflow_env/lib/python3.8/site-packages/airflow/example_dags/example_kubernetes_executor.py
[2022-04-02 23:50:28,601] {processor.py:642} INFO - Processing file /opt/anaconda3/envs/airflow_env/lib/python3.8/site-packages/airflow/example_dags/example_kubernetes_executor.py for tasks to queue
[2022-04-02 23:50:28,601] {logging_mixin.py:109} INFO - [2022-04-02 23:50:28,601] {dagbag.py:500} INFO - Filling up the DagBag from /opt/anaconda3/envs/airflow_env/lib/python3.8/site-packages/airflow/example_dags/example_kubernetes_executor.py
[2022-04-02 23:50:28,611] {logging_mixin.py:109} INFO - [2022-04-02 23:50:28,611] {example_kubernetes_executor.py:39} WARNING - The example_kubernetes_executor example DAG requires the kubernetes provider. Please install it with: pip install apache-airflow[cncf.kubernetes]
[2022-04-02 23:50:28,624] {processor.py:656} WARNING - No viable dags retrieved from /opt/anaconda3/envs/airflow_env/lib/python3.8/site-packages/airflow/example_dags/example_kubernetes_executor.py
[2022-04-02 23:50:28,624] {processor.py:171} INFO - Processing /opt/anaconda3/envs/airflow_env/lib/python3.8/site-packages/airflow/example_dags/example_kubernetes_executor.py took 0.024 seconds
[2022-04-02 23:51:35,235] {processor.py:163} INFO - Started process (PID=6782) to work on /opt/anaconda3/envs/airflow_env/lib/python3.8/site-packages/airflow/example_dags/example_kubernetes_executor.py
[2022-04-02 23:51:35,236] {processor.py:642} INFO - Processing file /opt/anaconda3/envs/airflow_env/lib/python3.8/site-packages/airflow/example_dags/example_kubernetes_executor.py for tasks to queue
[2022-04-02 23:51:35,236] {logging_mixin.py:109} INFO - [2022-04-02 23:51:35,236] {dagbag.py:500} INFO - Filling up the DagBag from /opt/anaconda3/envs/airflow_env/lib/python3.8/site-packages/airflow/example_dags/example_kubernetes_executor.py
[2022-04-02 23:51:35,246] {logging_mixin.py:109} INFO - [2022-04-02 23:51:35,246] {example_kubernetes_executor.py:39} WARNING - The example_kubernetes_executor example DAG requires the kubernetes provider. Please install it with: pip install apache-airflow[cncf.kubernetes]
[2022-04-02 23:51:35,258] {processor.py:656} WARNING - No viable dags retrieved from /opt/anaconda3/envs/airflow_env/lib/python3.8/site-packages/airflow/example_dags/example_kubernetes_executor.py
[2022-04-02 23:51:35,259] {processor.py:171} INFO - Processing /opt/anaconda3/envs/airflow_env/lib/python3.8/site-packages/airflow/example_dags/example_kubernetes_executor.py took 0.024 seconds
[2022-04-02 23:52:50,464] {processor.py:163} INFO - Started process (PID=6983) to work on /opt/anaconda3/envs/airflow_env/lib/python3.8/site-packages/airflow/example_dags/example_kubernetes_executor.py
[2022-04-02 23:52:50,465] {processor.py:642} INFO - Processing file /opt/anaconda3/envs/airflow_env/lib/python3.8/site-packages/airflow/example_dags/example_kubernetes_executor.py for tasks to queue
[2022-04-02 23:52:50,465] {logging_mixin.py:109} INFO - [2022-04-02 23:52:50,465] {dagbag.py:500} INFO - Filling up the DagBag from /opt/anaconda3/envs/airflow_env/lib/python3.8/site-packages/airflow/example_dags/example_kubernetes_executor.py
[2022-04-02 23:52:50,479] {logging_mixin.py:109} INFO - [2022-04-02 23:52:50,479] {example_kubernetes_executor.py:39} WARNING - The example_kubernetes_executor example DAG requires the kubernetes provider. Please install it with: pip install apache-airflow[cncf.kubernetes]
[2022-04-02 23:52:50,494] {processor.py:656} WARNING - No viable dags retrieved from /opt/anaconda3/envs/airflow_env/lib/python3.8/site-packages/airflow/example_dags/example_kubernetes_executor.py
[2022-04-02 23:52:50,495] {processor.py:171} INFO - Processing /opt/anaconda3/envs/airflow_env/lib/python3.8/site-packages/airflow/example_dags/example_kubernetes_executor.py took 0.031 seconds
[2022-04-02 23:54:06,173] {processor.py:163} INFO - Started process (PID=7167) to work on /opt/anaconda3/envs/airflow_env/lib/python3.8/site-packages/airflow/example_dags/example_kubernetes_executor.py
[2022-04-02 23:54:06,174] {processor.py:642} INFO - Processing file /opt/anaconda3/envs/airflow_env/lib/python3.8/site-packages/airflow/example_dags/example_kubernetes_executor.py for tasks to queue
[2022-04-02 23:54:06,175] {logging_mixin.py:109} INFO - [2022-04-02 23:54:06,175] {dagbag.py:500} INFO - Filling up the DagBag from /opt/anaconda3/envs/airflow_env/lib/python3.8/site-packages/airflow/example_dags/example_kubernetes_executor.py
[2022-04-02 23:54:06,186] {logging_mixin.py:109} INFO - [2022-04-02 23:54:06,185] {example_kubernetes_executor.py:39} WARNING - The example_kubernetes_executor example DAG requires the kubernetes provider. Please install it with: pip install apache-airflow[cncf.kubernetes]
[2022-04-02 23:54:06,199] {processor.py:656} WARNING - No viable dags retrieved from /opt/anaconda3/envs/airflow_env/lib/python3.8/site-packages/airflow/example_dags/example_kubernetes_executor.py
[2022-04-02 23:54:06,200] {processor.py:171} INFO - Processing /opt/anaconda3/envs/airflow_env/lib/python3.8/site-packages/airflow/example_dags/example_kubernetes_executor.py took 0.027 seconds
[2022-04-02 23:55:21,782] {processor.py:163} INFO - Started process (PID=7337) to work on /opt/anaconda3/envs/airflow_env/lib/python3.8/site-packages/airflow/example_dags/example_kubernetes_executor.py
[2022-04-02 23:55:21,782] {processor.py:642} INFO - Processing file /opt/anaconda3/envs/airflow_env/lib/python3.8/site-packages/airflow/example_dags/example_kubernetes_executor.py for tasks to queue
[2022-04-02 23:55:21,782] {logging_mixin.py:109} INFO - [2022-04-02 23:55:21,782] {dagbag.py:500} INFO - Filling up the DagBag from /opt/anaconda3/envs/airflow_env/lib/python3.8/site-packages/airflow/example_dags/example_kubernetes_executor.py
[2022-04-02 23:55:21,792] {logging_mixin.py:109} INFO - [2022-04-02 23:55:21,792] {example_kubernetes_executor.py:39} WARNING - The example_kubernetes_executor example DAG requires the kubernetes provider. Please install it with: pip install apache-airflow[cncf.kubernetes]
[2022-04-02 23:55:21,804] {processor.py:656} WARNING - No viable dags retrieved from /opt/anaconda3/envs/airflow_env/lib/python3.8/site-packages/airflow/example_dags/example_kubernetes_executor.py
[2022-04-02 23:55:21,805] {processor.py:171} INFO - Processing /opt/anaconda3/envs/airflow_env/lib/python3.8/site-packages/airflow/example_dags/example_kubernetes_executor.py took 0.024 seconds
[2022-04-02 23:56:37,254] {processor.py:163} INFO - Started process (PID=7498) to work on /opt/anaconda3/envs/airflow_env/lib/python3.8/site-packages/airflow/example_dags/example_kubernetes_executor.py
[2022-04-02 23:56:37,256] {processor.py:642} INFO - Processing file /opt/anaconda3/envs/airflow_env/lib/python3.8/site-packages/airflow/example_dags/example_kubernetes_executor.py for tasks to queue
[2022-04-02 23:56:37,256] {logging_mixin.py:109} INFO - [2022-04-02 23:56:37,256] {dagbag.py:500} INFO - Filling up the DagBag from /opt/anaconda3/envs/airflow_env/lib/python3.8/site-packages/airflow/example_dags/example_kubernetes_executor.py
[2022-04-02 23:56:37,266] {logging_mixin.py:109} INFO - [2022-04-02 23:56:37,266] {example_kubernetes_executor.py:39} WARNING - The example_kubernetes_executor example DAG requires the kubernetes provider. Please install it with: pip install apache-airflow[cncf.kubernetes]
[2022-04-02 23:56:37,279] {processor.py:656} WARNING - No viable dags retrieved from /opt/anaconda3/envs/airflow_env/lib/python3.8/site-packages/airflow/example_dags/example_kubernetes_executor.py
[2022-04-02 23:56:37,280] {processor.py:171} INFO - Processing /opt/anaconda3/envs/airflow_env/lib/python3.8/site-packages/airflow/example_dags/example_kubernetes_executor.py took 0.026 seconds
[2022-04-02 23:57:52,970] {processor.py:163} INFO - Started process (PID=7673) to work on /opt/anaconda3/envs/airflow_env/lib/python3.8/site-packages/airflow/example_dags/example_kubernetes_executor.py
[2022-04-02 23:57:52,972] {processor.py:642} INFO - Processing file /opt/anaconda3/envs/airflow_env/lib/python3.8/site-packages/airflow/example_dags/example_kubernetes_executor.py for tasks to queue
[2022-04-02 23:57:52,972] {logging_mixin.py:109} INFO - [2022-04-02 23:57:52,972] {dagbag.py:500} INFO - Filling up the DagBag from /opt/anaconda3/envs/airflow_env/lib/python3.8/site-packages/airflow/example_dags/example_kubernetes_executor.py
[2022-04-02 23:57:52,982] {logging_mixin.py:109} INFO - [2022-04-02 23:57:52,982] {example_kubernetes_executor.py:39} WARNING - The example_kubernetes_executor example DAG requires the kubernetes provider. Please install it with: pip install apache-airflow[cncf.kubernetes]
[2022-04-02 23:57:52,994] {processor.py:656} WARNING - No viable dags retrieved from /opt/anaconda3/envs/airflow_env/lib/python3.8/site-packages/airflow/example_dags/example_kubernetes_executor.py
[2022-04-02 23:57:52,995] {processor.py:171} INFO - Processing /opt/anaconda3/envs/airflow_env/lib/python3.8/site-packages/airflow/example_dags/example_kubernetes_executor.py took 0.025 seconds
[2022-04-02 23:59:08,514] {processor.py:163} INFO - Started process (PID=7843) to work on /opt/anaconda3/envs/airflow_env/lib/python3.8/site-packages/airflow/example_dags/example_kubernetes_executor.py
[2022-04-02 23:59:08,515] {processor.py:642} INFO - Processing file /opt/anaconda3/envs/airflow_env/lib/python3.8/site-packages/airflow/example_dags/example_kubernetes_executor.py for tasks to queue
[2022-04-02 23:59:08,515] {logging_mixin.py:109} INFO - [2022-04-02 23:59:08,515] {dagbag.py:500} INFO - Filling up the DagBag from /opt/anaconda3/envs/airflow_env/lib/python3.8/site-packages/airflow/example_dags/example_kubernetes_executor.py
[2022-04-02 23:59:08,525] {logging_mixin.py:109} INFO - [2022-04-02 23:59:08,525] {example_kubernetes_executor.py:39} WARNING - The example_kubernetes_executor example DAG requires the kubernetes provider. Please install it with: pip install apache-airflow[cncf.kubernetes]
[2022-04-02 23:59:08,537] {processor.py:656} WARNING - No viable dags retrieved from /opt/anaconda3/envs/airflow_env/lib/python3.8/site-packages/airflow/example_dags/example_kubernetes_executor.py
[2022-04-02 23:59:08,538] {processor.py:171} INFO - Processing /opt/anaconda3/envs/airflow_env/lib/python3.8/site-packages/airflow/example_dags/example_kubernetes_executor.py took 0.024 seconds
[2022-04-03 00:00:24,172] {processor.py:163} INFO - Started process (PID=8025) to work on /opt/anaconda3/envs/airflow_env/lib/python3.8/site-packages/airflow/example_dags/example_kubernetes_executor.py
[2022-04-03 00:00:24,173] {processor.py:642} INFO - Processing file /opt/anaconda3/envs/airflow_env/lib/python3.8/site-packages/airflow/example_dags/example_kubernetes_executor.py for tasks to queue
[2022-04-03 00:00:24,173] {logging_mixin.py:109} INFO - [2022-04-03 00:00:24,173] {dagbag.py:500} INFO - Filling up the DagBag from /opt/anaconda3/envs/airflow_env/lib/python3.8/site-packages/airflow/example_dags/example_kubernetes_executor.py
[2022-04-03 00:00:24,183] {logging_mixin.py:109} INFO - [2022-04-03 00:00:24,183] {example_kubernetes_executor.py:39} WARNING - The example_kubernetes_executor example DAG requires the kubernetes provider. Please install it with: pip install apache-airflow[cncf.kubernetes]
[2022-04-03 00:00:24,195] {processor.py:656} WARNING - No viable dags retrieved from /opt/anaconda3/envs/airflow_env/lib/python3.8/site-packages/airflow/example_dags/example_kubernetes_executor.py
[2022-04-03 00:00:24,196] {processor.py:171} INFO - Processing /opt/anaconda3/envs/airflow_env/lib/python3.8/site-packages/airflow/example_dags/example_kubernetes_executor.py took 0.024 seconds
[2022-04-03 00:01:40,085] {processor.py:163} INFO - Started process (PID=8208) to work on /opt/anaconda3/envs/airflow_env/lib/python3.8/site-packages/airflow/example_dags/example_kubernetes_executor.py
[2022-04-03 00:01:40,085] {processor.py:642} INFO - Processing file /opt/anaconda3/envs/airflow_env/lib/python3.8/site-packages/airflow/example_dags/example_kubernetes_executor.py for tasks to queue
[2022-04-03 00:01:40,085] {logging_mixin.py:109} INFO - [2022-04-03 00:01:40,085] {dagbag.py:500} INFO - Filling up the DagBag from /opt/anaconda3/envs/airflow_env/lib/python3.8/site-packages/airflow/example_dags/example_kubernetes_executor.py
[2022-04-03 00:01:40,096] {logging_mixin.py:109} INFO - [2022-04-03 00:01:40,096] {example_kubernetes_executor.py:39} WARNING - The example_kubernetes_executor example DAG requires the kubernetes provider. Please install it with: pip install apache-airflow[cncf.kubernetes]
[2022-04-03 00:01:40,109] {processor.py:656} WARNING - No viable dags retrieved from /opt/anaconda3/envs/airflow_env/lib/python3.8/site-packages/airflow/example_dags/example_kubernetes_executor.py
[2022-04-03 00:01:40,110] {processor.py:171} INFO - Processing /opt/anaconda3/envs/airflow_env/lib/python3.8/site-packages/airflow/example_dags/example_kubernetes_executor.py took 0.026 seconds
[2022-04-03 00:02:56,032] {processor.py:163} INFO - Started process (PID=8410) to work on /opt/anaconda3/envs/airflow_env/lib/python3.8/site-packages/airflow/example_dags/example_kubernetes_executor.py
[2022-04-03 00:02:56,033] {processor.py:642} INFO - Processing file /opt/anaconda3/envs/airflow_env/lib/python3.8/site-packages/airflow/example_dags/example_kubernetes_executor.py for tasks to queue
[2022-04-03 00:02:56,033] {logging_mixin.py:109} INFO - [2022-04-03 00:02:56,033] {dagbag.py:500} INFO - Filling up the DagBag from /opt/anaconda3/envs/airflow_env/lib/python3.8/site-packages/airflow/example_dags/example_kubernetes_executor.py
[2022-04-03 00:02:56,042] {logging_mixin.py:109} INFO - [2022-04-03 00:02:56,042] {example_kubernetes_executor.py:39} WARNING - The example_kubernetes_executor example DAG requires the kubernetes provider. Please install it with: pip install apache-airflow[cncf.kubernetes]
[2022-04-03 00:02:56,056] {processor.py:656} WARNING - No viable dags retrieved from /opt/anaconda3/envs/airflow_env/lib/python3.8/site-packages/airflow/example_dags/example_kubernetes_executor.py
[2022-04-03 00:02:56,056] {processor.py:171} INFO - Processing /opt/anaconda3/envs/airflow_env/lib/python3.8/site-packages/airflow/example_dags/example_kubernetes_executor.py took 0.024 seconds
[2022-04-03 00:04:12,233] {processor.py:163} INFO - Started process (PID=8600) to work on /opt/anaconda3/envs/airflow_env/lib/python3.8/site-packages/airflow/example_dags/example_kubernetes_executor.py
[2022-04-03 00:04:12,234] {processor.py:642} INFO - Processing file /opt/anaconda3/envs/airflow_env/lib/python3.8/site-packages/airflow/example_dags/example_kubernetes_executor.py for tasks to queue
[2022-04-03 00:04:12,234] {logging_mixin.py:109} INFO - [2022-04-03 00:04:12,234] {dagbag.py:500} INFO - Filling up the DagBag from /opt/anaconda3/envs/airflow_env/lib/python3.8/site-packages/airflow/example_dags/example_kubernetes_executor.py
[2022-04-03 00:04:12,243] {logging_mixin.py:109} INFO - [2022-04-03 00:04:12,243] {example_kubernetes_executor.py:39} WARNING - The example_kubernetes_executor example DAG requires the kubernetes provider. Please install it with: pip install apache-airflow[cncf.kubernetes]
[2022-04-03 00:04:12,256] {processor.py:656} WARNING - No viable dags retrieved from /opt/anaconda3/envs/airflow_env/lib/python3.8/site-packages/airflow/example_dags/example_kubernetes_executor.py
[2022-04-03 00:04:12,257] {processor.py:171} INFO - Processing /opt/anaconda3/envs/airflow_env/lib/python3.8/site-packages/airflow/example_dags/example_kubernetes_executor.py took 0.024 seconds
[2022-04-03 00:05:27,651] {processor.py:163} INFO - Started process (PID=8804) to work on /opt/anaconda3/envs/airflow_env/lib/python3.8/site-packages/airflow/example_dags/example_kubernetes_executor.py
[2022-04-03 00:05:27,652] {processor.py:642} INFO - Processing file /opt/anaconda3/envs/airflow_env/lib/python3.8/site-packages/airflow/example_dags/example_kubernetes_executor.py for tasks to queue
[2022-04-03 00:05:27,652] {logging_mixin.py:109} INFO - [2022-04-03 00:05:27,652] {dagbag.py:500} INFO - Filling up the DagBag from /opt/anaconda3/envs/airflow_env/lib/python3.8/site-packages/airflow/example_dags/example_kubernetes_executor.py
[2022-04-03 00:05:27,662] {logging_mixin.py:109} INFO - [2022-04-03 00:05:27,661] {example_kubernetes_executor.py:39} WARNING - The example_kubernetes_executor example DAG requires the kubernetes provider. Please install it with: pip install apache-airflow[cncf.kubernetes]
[2022-04-03 00:05:27,674] {processor.py:656} WARNING - No viable dags retrieved from /opt/anaconda3/envs/airflow_env/lib/python3.8/site-packages/airflow/example_dags/example_kubernetes_executor.py
[2022-04-03 00:05:27,675] {processor.py:171} INFO - Processing /opt/anaconda3/envs/airflow_env/lib/python3.8/site-packages/airflow/example_dags/example_kubernetes_executor.py took 0.025 seconds
[2022-04-03 00:06:42,863] {processor.py:163} INFO - Started process (PID=8973) to work on /opt/anaconda3/envs/airflow_env/lib/python3.8/site-packages/airflow/example_dags/example_kubernetes_executor.py
[2022-04-03 00:06:42,864] {processor.py:642} INFO - Processing file /opt/anaconda3/envs/airflow_env/lib/python3.8/site-packages/airflow/example_dags/example_kubernetes_executor.py for tasks to queue
[2022-04-03 00:06:42,864] {logging_mixin.py:109} INFO - [2022-04-03 00:06:42,864] {dagbag.py:500} INFO - Filling up the DagBag from /opt/anaconda3/envs/airflow_env/lib/python3.8/site-packages/airflow/example_dags/example_kubernetes_executor.py
[2022-04-03 00:06:42,875] {logging_mixin.py:109} INFO - [2022-04-03 00:06:42,875] {example_kubernetes_executor.py:39} WARNING - The example_kubernetes_executor example DAG requires the kubernetes provider. Please install it with: pip install apache-airflow[cncf.kubernetes]
[2022-04-03 00:06:42,887] {processor.py:656} WARNING - No viable dags retrieved from /opt/anaconda3/envs/airflow_env/lib/python3.8/site-packages/airflow/example_dags/example_kubernetes_executor.py
[2022-04-03 00:06:42,888] {processor.py:171} INFO - Processing /opt/anaconda3/envs/airflow_env/lib/python3.8/site-packages/airflow/example_dags/example_kubernetes_executor.py took 0.025 seconds
[2022-04-03 00:07:58,845] {processor.py:163} INFO - Started process (PID=9171) to work on /opt/anaconda3/envs/airflow_env/lib/python3.8/site-packages/airflow/example_dags/example_kubernetes_executor.py
[2022-04-03 00:07:58,845] {processor.py:642} INFO - Processing file /opt/anaconda3/envs/airflow_env/lib/python3.8/site-packages/airflow/example_dags/example_kubernetes_executor.py for tasks to queue
[2022-04-03 00:07:58,845] {logging_mixin.py:109} INFO - [2022-04-03 00:07:58,845] {dagbag.py:500} INFO - Filling up the DagBag from /opt/anaconda3/envs/airflow_env/lib/python3.8/site-packages/airflow/example_dags/example_kubernetes_executor.py
[2022-04-03 00:07:58,856] {logging_mixin.py:109} INFO - [2022-04-03 00:07:58,856] {example_kubernetes_executor.py:39} WARNING - The example_kubernetes_executor example DAG requires the kubernetes provider. Please install it with: pip install apache-airflow[cncf.kubernetes]
[2022-04-03 00:07:58,869] {processor.py:656} WARNING - No viable dags retrieved from /opt/anaconda3/envs/airflow_env/lib/python3.8/site-packages/airflow/example_dags/example_kubernetes_executor.py
[2022-04-03 00:07:58,870] {processor.py:171} INFO - Processing /opt/anaconda3/envs/airflow_env/lib/python3.8/site-packages/airflow/example_dags/example_kubernetes_executor.py took 0.026 seconds
[2022-04-03 00:09:14,327] {processor.py:163} INFO - Started process (PID=9328) to work on /opt/anaconda3/envs/airflow_env/lib/python3.8/site-packages/airflow/example_dags/example_kubernetes_executor.py
[2022-04-03 00:09:14,327] {processor.py:642} INFO - Processing file /opt/anaconda3/envs/airflow_env/lib/python3.8/site-packages/airflow/example_dags/example_kubernetes_executor.py for tasks to queue
[2022-04-03 00:09:14,327] {logging_mixin.py:109} INFO - [2022-04-03 00:09:14,327] {dagbag.py:500} INFO - Filling up the DagBag from /opt/anaconda3/envs/airflow_env/lib/python3.8/site-packages/airflow/example_dags/example_kubernetes_executor.py
[2022-04-03 00:09:14,339] {logging_mixin.py:109} INFO - [2022-04-03 00:09:14,339] {example_kubernetes_executor.py:39} WARNING - The example_kubernetes_executor example DAG requires the kubernetes provider. Please install it with: pip install apache-airflow[cncf.kubernetes]
[2022-04-03 00:09:14,353] {processor.py:656} WARNING - No viable dags retrieved from /opt/anaconda3/envs/airflow_env/lib/python3.8/site-packages/airflow/example_dags/example_kubernetes_executor.py
[2022-04-03 00:09:14,354] {processor.py:171} INFO - Processing /opt/anaconda3/envs/airflow_env/lib/python3.8/site-packages/airflow/example_dags/example_kubernetes_executor.py took 0.028 seconds
[2022-04-03 00:10:29,558] {processor.py:163} INFO - Started process (PID=9497) to work on /opt/anaconda3/envs/airflow_env/lib/python3.8/site-packages/airflow/example_dags/example_kubernetes_executor.py
[2022-04-03 00:10:29,559] {processor.py:642} INFO - Processing file /opt/anaconda3/envs/airflow_env/lib/python3.8/site-packages/airflow/example_dags/example_kubernetes_executor.py for tasks to queue
[2022-04-03 00:10:29,559] {logging_mixin.py:109} INFO - [2022-04-03 00:10:29,559] {dagbag.py:500} INFO - Filling up the DagBag from /opt/anaconda3/envs/airflow_env/lib/python3.8/site-packages/airflow/example_dags/example_kubernetes_executor.py
[2022-04-03 00:10:29,569] {logging_mixin.py:109} INFO - [2022-04-03 00:10:29,568] {example_kubernetes_executor.py:39} WARNING - The example_kubernetes_executor example DAG requires the kubernetes provider. Please install it with: pip install apache-airflow[cncf.kubernetes]
[2022-04-03 00:10:29,581] {processor.py:656} WARNING - No viable dags retrieved from /opt/anaconda3/envs/airflow_env/lib/python3.8/site-packages/airflow/example_dags/example_kubernetes_executor.py
[2022-04-03 00:10:29,581] {processor.py:171} INFO - Processing /opt/anaconda3/envs/airflow_env/lib/python3.8/site-packages/airflow/example_dags/example_kubernetes_executor.py took 0.024 seconds
[2022-04-03 00:11:44,753] {processor.py:163} INFO - Started process (PID=9695) to work on /opt/anaconda3/envs/airflow_env/lib/python3.8/site-packages/airflow/example_dags/example_kubernetes_executor.py
[2022-04-03 00:11:44,753] {processor.py:642} INFO - Processing file /opt/anaconda3/envs/airflow_env/lib/python3.8/site-packages/airflow/example_dags/example_kubernetes_executor.py for tasks to queue
[2022-04-03 00:11:44,754] {logging_mixin.py:109} INFO - [2022-04-03 00:11:44,754] {dagbag.py:500} INFO - Filling up the DagBag from /opt/anaconda3/envs/airflow_env/lib/python3.8/site-packages/airflow/example_dags/example_kubernetes_executor.py
[2022-04-03 00:11:44,764] {logging_mixin.py:109} INFO - [2022-04-03 00:11:44,764] {example_kubernetes_executor.py:39} WARNING - The example_kubernetes_executor example DAG requires the kubernetes provider. Please install it with: pip install apache-airflow[cncf.kubernetes]
[2022-04-03 00:11:44,777] {processor.py:656} WARNING - No viable dags retrieved from /opt/anaconda3/envs/airflow_env/lib/python3.8/site-packages/airflow/example_dags/example_kubernetes_executor.py
[2022-04-03 00:11:44,778] {processor.py:171} INFO - Processing /opt/anaconda3/envs/airflow_env/lib/python3.8/site-packages/airflow/example_dags/example_kubernetes_executor.py took 0.025 seconds
[2022-04-03 00:12:59,590] {processor.py:163} INFO - Started process (PID=9917) to work on /opt/anaconda3/envs/airflow_env/lib/python3.8/site-packages/airflow/example_dags/example_kubernetes_executor.py
[2022-04-03 00:12:59,591] {processor.py:642} INFO - Processing file /opt/anaconda3/envs/airflow_env/lib/python3.8/site-packages/airflow/example_dags/example_kubernetes_executor.py for tasks to queue
[2022-04-03 00:12:59,591] {logging_mixin.py:109} INFO - [2022-04-03 00:12:59,591] {dagbag.py:500} INFO - Filling up the DagBag from /opt/anaconda3/envs/airflow_env/lib/python3.8/site-packages/airflow/example_dags/example_kubernetes_executor.py
[2022-04-03 00:12:59,609] {logging_mixin.py:109} INFO - [2022-04-03 00:12:59,609] {example_kubernetes_executor.py:39} WARNING - The example_kubernetes_executor example DAG requires the kubernetes provider. Please install it with: pip install apache-airflow[cncf.kubernetes]
[2022-04-03 00:12:59,621] {processor.py:656} WARNING - No viable dags retrieved from /opt/anaconda3/envs/airflow_env/lib/python3.8/site-packages/airflow/example_dags/example_kubernetes_executor.py
[2022-04-03 00:12:59,622] {processor.py:171} INFO - Processing /opt/anaconda3/envs/airflow_env/lib/python3.8/site-packages/airflow/example_dags/example_kubernetes_executor.py took 0.033 seconds
[2022-04-03 00:14:15,087] {processor.py:163} INFO - Started process (PID=10184) to work on /opt/anaconda3/envs/airflow_env/lib/python3.8/site-packages/airflow/example_dags/example_kubernetes_executor.py
[2022-04-03 00:14:15,088] {processor.py:642} INFO - Processing file /opt/anaconda3/envs/airflow_env/lib/python3.8/site-packages/airflow/example_dags/example_kubernetes_executor.py for tasks to queue
[2022-04-03 00:14:15,088] {logging_mixin.py:109} INFO - [2022-04-03 00:14:15,088] {dagbag.py:500} INFO - Filling up the DagBag from /opt/anaconda3/envs/airflow_env/lib/python3.8/site-packages/airflow/example_dags/example_kubernetes_executor.py
[2022-04-03 00:14:15,099] {logging_mixin.py:109} INFO - [2022-04-03 00:14:15,099] {example_kubernetes_executor.py:39} WARNING - The example_kubernetes_executor example DAG requires the kubernetes provider. Please install it with: pip install apache-airflow[cncf.kubernetes]
[2022-04-03 00:14:15,111] {processor.py:656} WARNING - No viable dags retrieved from /opt/anaconda3/envs/airflow_env/lib/python3.8/site-packages/airflow/example_dags/example_kubernetes_executor.py
[2022-04-03 00:14:15,112] {processor.py:171} INFO - Processing /opt/anaconda3/envs/airflow_env/lib/python3.8/site-packages/airflow/example_dags/example_kubernetes_executor.py took 0.025 seconds
[2022-04-03 00:15:30,592] {processor.py:163} INFO - Started process (PID=10451) to work on /opt/anaconda3/envs/airflow_env/lib/python3.8/site-packages/airflow/example_dags/example_kubernetes_executor.py
[2022-04-03 00:15:30,593] {processor.py:642} INFO - Processing file /opt/anaconda3/envs/airflow_env/lib/python3.8/site-packages/airflow/example_dags/example_kubernetes_executor.py for tasks to queue
[2022-04-03 00:15:30,593] {logging_mixin.py:109} INFO - [2022-04-03 00:15:30,593] {dagbag.py:500} INFO - Filling up the DagBag from /opt/anaconda3/envs/airflow_env/lib/python3.8/site-packages/airflow/example_dags/example_kubernetes_executor.py
[2022-04-03 00:15:30,603] {logging_mixin.py:109} INFO - [2022-04-03 00:15:30,603] {example_kubernetes_executor.py:39} WARNING - The example_kubernetes_executor example DAG requires the kubernetes provider. Please install it with: pip install apache-airflow[cncf.kubernetes]
[2022-04-03 00:15:30,615] {processor.py:656} WARNING - No viable dags retrieved from /opt/anaconda3/envs/airflow_env/lib/python3.8/site-packages/airflow/example_dags/example_kubernetes_executor.py
[2022-04-03 00:15:30,616] {processor.py:171} INFO - Processing /opt/anaconda3/envs/airflow_env/lib/python3.8/site-packages/airflow/example_dags/example_kubernetes_executor.py took 0.025 seconds
[2022-04-03 00:16:45,865] {processor.py:163} INFO - Started process (PID=10632) to work on /opt/anaconda3/envs/airflow_env/lib/python3.8/site-packages/airflow/example_dags/example_kubernetes_executor.py
[2022-04-03 00:16:45,865] {processor.py:642} INFO - Processing file /opt/anaconda3/envs/airflow_env/lib/python3.8/site-packages/airflow/example_dags/example_kubernetes_executor.py for tasks to queue
[2022-04-03 00:16:45,866] {logging_mixin.py:109} INFO - [2022-04-03 00:16:45,866] {dagbag.py:500} INFO - Filling up the DagBag from /opt/anaconda3/envs/airflow_env/lib/python3.8/site-packages/airflow/example_dags/example_kubernetes_executor.py
[2022-04-03 00:16:45,876] {logging_mixin.py:109} INFO - [2022-04-03 00:16:45,876] {example_kubernetes_executor.py:39} WARNING - The example_kubernetes_executor example DAG requires the kubernetes provider. Please install it with: pip install apache-airflow[cncf.kubernetes]
[2022-04-03 00:16:45,891] {processor.py:656} WARNING - No viable dags retrieved from /opt/anaconda3/envs/airflow_env/lib/python3.8/site-packages/airflow/example_dags/example_kubernetes_executor.py
[2022-04-03 00:16:45,892] {processor.py:171} INFO - Processing /opt/anaconda3/envs/airflow_env/lib/python3.8/site-packages/airflow/example_dags/example_kubernetes_executor.py took 0.028 seconds
[2022-04-03 00:18:00,964] {processor.py:163} INFO - Started process (PID=10804) to work on /opt/anaconda3/envs/airflow_env/lib/python3.8/site-packages/airflow/example_dags/example_kubernetes_executor.py
[2022-04-03 00:18:00,965] {processor.py:642} INFO - Processing file /opt/anaconda3/envs/airflow_env/lib/python3.8/site-packages/airflow/example_dags/example_kubernetes_executor.py for tasks to queue
[2022-04-03 00:18:00,965] {logging_mixin.py:109} INFO - [2022-04-03 00:18:00,965] {dagbag.py:500} INFO - Filling up the DagBag from /opt/anaconda3/envs/airflow_env/lib/python3.8/site-packages/airflow/example_dags/example_kubernetes_executor.py
[2022-04-03 00:18:00,978] {logging_mixin.py:109} INFO - [2022-04-03 00:18:00,978] {example_kubernetes_executor.py:39} WARNING - The example_kubernetes_executor example DAG requires the kubernetes provider. Please install it with: pip install apache-airflow[cncf.kubernetes]
[2022-04-03 00:18:00,991] {processor.py:656} WARNING - No viable dags retrieved from /opt/anaconda3/envs/airflow_env/lib/python3.8/site-packages/airflow/example_dags/example_kubernetes_executor.py
[2022-04-03 00:18:00,992] {processor.py:171} INFO - Processing /opt/anaconda3/envs/airflow_env/lib/python3.8/site-packages/airflow/example_dags/example_kubernetes_executor.py took 0.028 seconds
[2022-04-03 00:19:16,392] {processor.py:163} INFO - Started process (PID=10970) to work on /opt/anaconda3/envs/airflow_env/lib/python3.8/site-packages/airflow/example_dags/example_kubernetes_executor.py
[2022-04-03 00:19:16,393] {processor.py:642} INFO - Processing file /opt/anaconda3/envs/airflow_env/lib/python3.8/site-packages/airflow/example_dags/example_kubernetes_executor.py for tasks to queue
[2022-04-03 00:19:16,393] {logging_mixin.py:109} INFO - [2022-04-03 00:19:16,393] {dagbag.py:500} INFO - Filling up the DagBag from /opt/anaconda3/envs/airflow_env/lib/python3.8/site-packages/airflow/example_dags/example_kubernetes_executor.py
[2022-04-03 00:19:16,404] {logging_mixin.py:109} INFO - [2022-04-03 00:19:16,404] {example_kubernetes_executor.py:39} WARNING - The example_kubernetes_executor example DAG requires the kubernetes provider. Please install it with: pip install apache-airflow[cncf.kubernetes]
[2022-04-03 00:19:16,417] {processor.py:656} WARNING - No viable dags retrieved from /opt/anaconda3/envs/airflow_env/lib/python3.8/site-packages/airflow/example_dags/example_kubernetes_executor.py
[2022-04-03 00:19:16,418] {processor.py:171} INFO - Processing /opt/anaconda3/envs/airflow_env/lib/python3.8/site-packages/airflow/example_dags/example_kubernetes_executor.py took 0.026 seconds
[2022-04-03 00:20:32,115] {processor.py:163} INFO - Started process (PID=11155) to work on /opt/anaconda3/envs/airflow_env/lib/python3.8/site-packages/airflow/example_dags/example_kubernetes_executor.py
[2022-04-03 00:20:32,116] {processor.py:642} INFO - Processing file /opt/anaconda3/envs/airflow_env/lib/python3.8/site-packages/airflow/example_dags/example_kubernetes_executor.py for tasks to queue
[2022-04-03 00:20:32,116] {logging_mixin.py:109} INFO - [2022-04-03 00:20:32,116] {dagbag.py:500} INFO - Filling up the DagBag from /opt/anaconda3/envs/airflow_env/lib/python3.8/site-packages/airflow/example_dags/example_kubernetes_executor.py
[2022-04-03 00:20:32,126] {logging_mixin.py:109} INFO - [2022-04-03 00:20:32,126] {example_kubernetes_executor.py:39} WARNING - The example_kubernetes_executor example DAG requires the kubernetes provider. Please install it with: pip install apache-airflow[cncf.kubernetes]
[2022-04-03 00:20:32,138] {processor.py:656} WARNING - No viable dags retrieved from /opt/anaconda3/envs/airflow_env/lib/python3.8/site-packages/airflow/example_dags/example_kubernetes_executor.py
[2022-04-03 00:20:32,139] {processor.py:171} INFO - Processing /opt/anaconda3/envs/airflow_env/lib/python3.8/site-packages/airflow/example_dags/example_kubernetes_executor.py took 0.024 seconds
[2022-04-03 00:21:46,843] {processor.py:163} INFO - Started process (PID=11314) to work on /opt/anaconda3/envs/airflow_env/lib/python3.8/site-packages/airflow/example_dags/example_kubernetes_executor.py
[2022-04-03 00:21:46,844] {processor.py:642} INFO - Processing file /opt/anaconda3/envs/airflow_env/lib/python3.8/site-packages/airflow/example_dags/example_kubernetes_executor.py for tasks to queue
[2022-04-03 00:21:46,844] {logging_mixin.py:109} INFO - [2022-04-03 00:21:46,844] {dagbag.py:500} INFO - Filling up the DagBag from /opt/anaconda3/envs/airflow_env/lib/python3.8/site-packages/airflow/example_dags/example_kubernetes_executor.py
[2022-04-03 00:21:46,854] {logging_mixin.py:109} INFO - [2022-04-03 00:21:46,854] {example_kubernetes_executor.py:39} WARNING - The example_kubernetes_executor example DAG requires the kubernetes provider. Please install it with: pip install apache-airflow[cncf.kubernetes]
[2022-04-03 00:21:46,866] {processor.py:656} WARNING - No viable dags retrieved from /opt/anaconda3/envs/airflow_env/lib/python3.8/site-packages/airflow/example_dags/example_kubernetes_executor.py
[2022-04-03 00:21:46,867] {processor.py:171} INFO - Processing /opt/anaconda3/envs/airflow_env/lib/python3.8/site-packages/airflow/example_dags/example_kubernetes_executor.py took 0.024 seconds
[2022-04-03 00:23:02,547] {processor.py:163} INFO - Started process (PID=11480) to work on /opt/anaconda3/envs/airflow_env/lib/python3.8/site-packages/airflow/example_dags/example_kubernetes_executor.py
[2022-04-03 00:23:02,548] {processor.py:642} INFO - Processing file /opt/anaconda3/envs/airflow_env/lib/python3.8/site-packages/airflow/example_dags/example_kubernetes_executor.py for tasks to queue
[2022-04-03 00:23:02,548] {logging_mixin.py:109} INFO - [2022-04-03 00:23:02,548] {dagbag.py:500} INFO - Filling up the DagBag from /opt/anaconda3/envs/airflow_env/lib/python3.8/site-packages/airflow/example_dags/example_kubernetes_executor.py
[2022-04-03 00:23:02,558] {logging_mixin.py:109} INFO - [2022-04-03 00:23:02,558] {example_kubernetes_executor.py:39} WARNING - The example_kubernetes_executor example DAG requires the kubernetes provider. Please install it with: pip install apache-airflow[cncf.kubernetes]
[2022-04-03 00:23:02,570] {processor.py:656} WARNING - No viable dags retrieved from /opt/anaconda3/envs/airflow_env/lib/python3.8/site-packages/airflow/example_dags/example_kubernetes_executor.py
[2022-04-03 00:23:02,571] {processor.py:171} INFO - Processing /opt/anaconda3/envs/airflow_env/lib/python3.8/site-packages/airflow/example_dags/example_kubernetes_executor.py took 0.025 seconds
[2022-04-03 00:24:19,950] {processor.py:163} INFO - Started process (PID=11672) to work on /opt/anaconda3/envs/airflow_env/lib/python3.8/site-packages/airflow/example_dags/example_kubernetes_executor.py
[2022-04-03 00:24:19,951] {processor.py:642} INFO - Processing file /opt/anaconda3/envs/airflow_env/lib/python3.8/site-packages/airflow/example_dags/example_kubernetes_executor.py for tasks to queue
[2022-04-03 00:24:19,951] {logging_mixin.py:109} INFO - [2022-04-03 00:24:19,951] {dagbag.py:500} INFO - Filling up the DagBag from /opt/anaconda3/envs/airflow_env/lib/python3.8/site-packages/airflow/example_dags/example_kubernetes_executor.py
[2022-04-03 00:24:19,961] {logging_mixin.py:109} INFO - [2022-04-03 00:24:19,960] {example_kubernetes_executor.py:39} WARNING - The example_kubernetes_executor example DAG requires the kubernetes provider. Please install it with: pip install apache-airflow[cncf.kubernetes]
[2022-04-03 00:24:19,972] {processor.py:656} WARNING - No viable dags retrieved from /opt/anaconda3/envs/airflow_env/lib/python3.8/site-packages/airflow/example_dags/example_kubernetes_executor.py
[2022-04-03 00:24:19,973] {processor.py:171} INFO - Processing /opt/anaconda3/envs/airflow_env/lib/python3.8/site-packages/airflow/example_dags/example_kubernetes_executor.py took 0.024 seconds
[2022-04-03 00:25:35,619] {processor.py:163} INFO - Started process (PID=11832) to work on /opt/anaconda3/envs/airflow_env/lib/python3.8/site-packages/airflow/example_dags/example_kubernetes_executor.py
[2022-04-03 00:25:35,620] {processor.py:642} INFO - Processing file /opt/anaconda3/envs/airflow_env/lib/python3.8/site-packages/airflow/example_dags/example_kubernetes_executor.py for tasks to queue
[2022-04-03 00:25:35,620] {logging_mixin.py:109} INFO - [2022-04-03 00:25:35,620] {dagbag.py:500} INFO - Filling up the DagBag from /opt/anaconda3/envs/airflow_env/lib/python3.8/site-packages/airflow/example_dags/example_kubernetes_executor.py
[2022-04-03 00:25:35,632] {logging_mixin.py:109} INFO - [2022-04-03 00:25:35,632] {example_kubernetes_executor.py:39} WARNING - The example_kubernetes_executor example DAG requires the kubernetes provider. Please install it with: pip install apache-airflow[cncf.kubernetes]
[2022-04-03 00:25:35,644] {processor.py:656} WARNING - No viable dags retrieved from /opt/anaconda3/envs/airflow_env/lib/python3.8/site-packages/airflow/example_dags/example_kubernetes_executor.py
[2022-04-03 00:25:35,645] {processor.py:171} INFO - Processing /opt/anaconda3/envs/airflow_env/lib/python3.8/site-packages/airflow/example_dags/example_kubernetes_executor.py took 0.027 seconds
[2022-04-03 00:26:50,986] {processor.py:163} INFO - Started process (PID=11997) to work on /opt/anaconda3/envs/airflow_env/lib/python3.8/site-packages/airflow/example_dags/example_kubernetes_executor.py
[2022-04-03 00:26:50,988] {processor.py:642} INFO - Processing file /opt/anaconda3/envs/airflow_env/lib/python3.8/site-packages/airflow/example_dags/example_kubernetes_executor.py for tasks to queue
[2022-04-03 00:26:50,988] {logging_mixin.py:109} INFO - [2022-04-03 00:26:50,988] {dagbag.py:500} INFO - Filling up the DagBag from /opt/anaconda3/envs/airflow_env/lib/python3.8/site-packages/airflow/example_dags/example_kubernetes_executor.py
[2022-04-03 00:26:51,002] {logging_mixin.py:109} INFO - [2022-04-03 00:26:51,002] {example_kubernetes_executor.py:39} WARNING - The example_kubernetes_executor example DAG requires the kubernetes provider. Please install it with: pip install apache-airflow[cncf.kubernetes]
[2022-04-03 00:26:51,014] {processor.py:656} WARNING - No viable dags retrieved from /opt/anaconda3/envs/airflow_env/lib/python3.8/site-packages/airflow/example_dags/example_kubernetes_executor.py
[2022-04-03 00:26:51,016] {processor.py:171} INFO - Processing /opt/anaconda3/envs/airflow_env/lib/python3.8/site-packages/airflow/example_dags/example_kubernetes_executor.py took 0.030 seconds
[2022-04-03 00:28:06,508] {processor.py:163} INFO - Started process (PID=12213) to work on /opt/anaconda3/envs/airflow_env/lib/python3.8/site-packages/airflow/example_dags/example_kubernetes_executor.py
[2022-04-03 00:28:06,509] {processor.py:642} INFO - Processing file /opt/anaconda3/envs/airflow_env/lib/python3.8/site-packages/airflow/example_dags/example_kubernetes_executor.py for tasks to queue
[2022-04-03 00:28:06,509] {logging_mixin.py:109} INFO - [2022-04-03 00:28:06,509] {dagbag.py:500} INFO - Filling up the DagBag from /opt/anaconda3/envs/airflow_env/lib/python3.8/site-packages/airflow/example_dags/example_kubernetes_executor.py
[2022-04-03 00:28:06,520] {logging_mixin.py:109} INFO - [2022-04-03 00:28:06,520] {example_kubernetes_executor.py:39} WARNING - The example_kubernetes_executor example DAG requires the kubernetes provider. Please install it with: pip install apache-airflow[cncf.kubernetes]
[2022-04-03 00:28:06,535] {processor.py:656} WARNING - No viable dags retrieved from /opt/anaconda3/envs/airflow_env/lib/python3.8/site-packages/airflow/example_dags/example_kubernetes_executor.py
[2022-04-03 00:28:06,536] {processor.py:171} INFO - Processing /opt/anaconda3/envs/airflow_env/lib/python3.8/site-packages/airflow/example_dags/example_kubernetes_executor.py took 0.028 seconds
[2022-04-03 00:29:22,015] {processor.py:163} INFO - Started process (PID=12423) to work on /opt/anaconda3/envs/airflow_env/lib/python3.8/site-packages/airflow/example_dags/example_kubernetes_executor.py
[2022-04-03 00:29:22,015] {processor.py:642} INFO - Processing file /opt/anaconda3/envs/airflow_env/lib/python3.8/site-packages/airflow/example_dags/example_kubernetes_executor.py for tasks to queue
[2022-04-03 00:29:22,015] {logging_mixin.py:109} INFO - [2022-04-03 00:29:22,015] {dagbag.py:500} INFO - Filling up the DagBag from /opt/anaconda3/envs/airflow_env/lib/python3.8/site-packages/airflow/example_dags/example_kubernetes_executor.py
[2022-04-03 00:29:22,025] {logging_mixin.py:109} INFO - [2022-04-03 00:29:22,025] {example_kubernetes_executor.py:39} WARNING - The example_kubernetes_executor example DAG requires the kubernetes provider. Please install it with: pip install apache-airflow[cncf.kubernetes]
[2022-04-03 00:29:22,039] {processor.py:656} WARNING - No viable dags retrieved from /opt/anaconda3/envs/airflow_env/lib/python3.8/site-packages/airflow/example_dags/example_kubernetes_executor.py
[2022-04-03 00:29:22,040] {processor.py:171} INFO - Processing /opt/anaconda3/envs/airflow_env/lib/python3.8/site-packages/airflow/example_dags/example_kubernetes_executor.py took 0.026 seconds
[2022-04-03 00:30:37,285] {processor.py:163} INFO - Started process (PID=12651) to work on /opt/anaconda3/envs/airflow_env/lib/python3.8/site-packages/airflow/example_dags/example_kubernetes_executor.py
[2022-04-03 00:30:37,286] {processor.py:642} INFO - Processing file /opt/anaconda3/envs/airflow_env/lib/python3.8/site-packages/airflow/example_dags/example_kubernetes_executor.py for tasks to queue
[2022-04-03 00:30:37,286] {logging_mixin.py:109} INFO - [2022-04-03 00:30:37,286] {dagbag.py:500} INFO - Filling up the DagBag from /opt/anaconda3/envs/airflow_env/lib/python3.8/site-packages/airflow/example_dags/example_kubernetes_executor.py
[2022-04-03 00:30:37,297] {logging_mixin.py:109} INFO - [2022-04-03 00:30:37,296] {example_kubernetes_executor.py:39} WARNING - The example_kubernetes_executor example DAG requires the kubernetes provider. Please install it with: pip install apache-airflow[cncf.kubernetes]
[2022-04-03 00:30:37,309] {processor.py:656} WARNING - No viable dags retrieved from /opt/anaconda3/envs/airflow_env/lib/python3.8/site-packages/airflow/example_dags/example_kubernetes_executor.py
[2022-04-03 00:30:37,310] {processor.py:171} INFO - Processing /opt/anaconda3/envs/airflow_env/lib/python3.8/site-packages/airflow/example_dags/example_kubernetes_executor.py took 0.025 seconds
[2022-04-03 00:31:48,703] {processor.py:163} INFO - Started process (PID=12837) to work on /opt/anaconda3/envs/airflow_env/lib/python3.8/site-packages/airflow/example_dags/example_kubernetes_executor.py
[2022-04-03 00:31:48,704] {processor.py:642} INFO - Processing file /opt/anaconda3/envs/airflow_env/lib/python3.8/site-packages/airflow/example_dags/example_kubernetes_executor.py for tasks to queue
[2022-04-03 00:31:48,704] {logging_mixin.py:109} INFO - [2022-04-03 00:31:48,704] {dagbag.py:500} INFO - Filling up the DagBag from /opt/anaconda3/envs/airflow_env/lib/python3.8/site-packages/airflow/example_dags/example_kubernetes_executor.py
[2022-04-03 00:31:48,714] {logging_mixin.py:109} INFO - [2022-04-03 00:31:48,714] {example_kubernetes_executor.py:39} WARNING - The example_kubernetes_executor example DAG requires the kubernetes provider. Please install it with: pip install apache-airflow[cncf.kubernetes]
[2022-04-03 00:31:48,728] {processor.py:656} WARNING - No viable dags retrieved from /opt/anaconda3/envs/airflow_env/lib/python3.8/site-packages/airflow/example_dags/example_kubernetes_executor.py
[2022-04-03 00:31:48,729] {processor.py:171} INFO - Processing /opt/anaconda3/envs/airflow_env/lib/python3.8/site-packages/airflow/example_dags/example_kubernetes_executor.py took 0.026 seconds
[2022-04-03 00:33:04,705] {processor.py:163} INFO - Started process (PID=13040) to work on /opt/anaconda3/envs/airflow_env/lib/python3.8/site-packages/airflow/example_dags/example_kubernetes_executor.py
[2022-04-03 00:33:04,707] {processor.py:642} INFO - Processing file /opt/anaconda3/envs/airflow_env/lib/python3.8/site-packages/airflow/example_dags/example_kubernetes_executor.py for tasks to queue
[2022-04-03 00:33:04,707] {logging_mixin.py:109} INFO - [2022-04-03 00:33:04,707] {dagbag.py:500} INFO - Filling up the DagBag from /opt/anaconda3/envs/airflow_env/lib/python3.8/site-packages/airflow/example_dags/example_kubernetes_executor.py
[2022-04-03 00:33:04,717] {logging_mixin.py:109} INFO - [2022-04-03 00:33:04,717] {example_kubernetes_executor.py:39} WARNING - The example_kubernetes_executor example DAG requires the kubernetes provider. Please install it with: pip install apache-airflow[cncf.kubernetes]
[2022-04-03 00:33:04,729] {processor.py:656} WARNING - No viable dags retrieved from /opt/anaconda3/envs/airflow_env/lib/python3.8/site-packages/airflow/example_dags/example_kubernetes_executor.py
[2022-04-03 00:33:04,730] {processor.py:171} INFO - Processing /opt/anaconda3/envs/airflow_env/lib/python3.8/site-packages/airflow/example_dags/example_kubernetes_executor.py took 0.026 seconds
