[2022-04-02 23:46:46,355] {processor.py:163} INFO - Started process (PID=5976) to work on /opt/anaconda3/envs/airflow_env/lib/python3.8/site-packages/airflow/example_dags/example_task_group.py
[2022-04-02 23:46:46,356] {processor.py:642} INFO - Processing file /opt/anaconda3/envs/airflow_env/lib/python3.8/site-packages/airflow/example_dags/example_task_group.py for tasks to queue
[2022-04-02 23:46:46,356] {logging_mixin.py:109} INFO - [2022-04-02 23:46:46,356] {dagbag.py:500} INFO - Filling up the DagBag from /opt/anaconda3/envs/airflow_env/lib/python3.8/site-packages/airflow/example_dags/example_task_group.py
[2022-04-02 23:46:46,376] {processor.py:654} INFO - DAG(s) dict_keys(['example_task_group']) retrieved from /opt/anaconda3/envs/airflow_env/lib/python3.8/site-packages/airflow/example_dags/example_task_group.py
[2022-04-02 23:46:46,387] {logging_mixin.py:109} INFO - [2022-04-02 23:46:46,387] {dag.py:2398} INFO - Sync 1 DAGs
[2022-04-02 23:46:46,392] {logging_mixin.py:109} INFO - [2022-04-02 23:46:46,392] {dag.py:2937} INFO - Setting next_dagrun for example_task_group to 2022-04-01T21:46:46.392433+00:00
[2022-04-02 23:46:46,397] {processor.py:171} INFO - Processing /opt/anaconda3/envs/airflow_env/lib/python3.8/site-packages/airflow/example_dags/example_task_group.py took 0.041 seconds
[2022-04-02 23:47:49,814] {processor.py:163} INFO - Started process (PID=6161) to work on /opt/anaconda3/envs/airflow_env/lib/python3.8/site-packages/airflow/example_dags/example_task_group.py
[2022-04-02 23:47:49,816] {processor.py:642} INFO - Processing file /opt/anaconda3/envs/airflow_env/lib/python3.8/site-packages/airflow/example_dags/example_task_group.py for tasks to queue
[2022-04-02 23:47:49,816] {logging_mixin.py:109} INFO - [2022-04-02 23:47:49,816] {dagbag.py:500} INFO - Filling up the DagBag from /opt/anaconda3/envs/airflow_env/lib/python3.8/site-packages/airflow/example_dags/example_task_group.py
[2022-04-02 23:47:49,834] {processor.py:654} INFO - DAG(s) dict_keys(['example_task_group']) retrieved from /opt/anaconda3/envs/airflow_env/lib/python3.8/site-packages/airflow/example_dags/example_task_group.py
[2022-04-02 23:47:49,844] {logging_mixin.py:109} INFO - [2022-04-02 23:47:49,844] {dag.py:2398} INFO - Sync 1 DAGs
[2022-04-02 23:47:49,851] {logging_mixin.py:109} INFO - [2022-04-02 23:47:49,851] {dag.py:2937} INFO - Setting next_dagrun for example_task_group to 2022-04-01T21:47:49.851556+00:00
[2022-04-02 23:47:49,855] {processor.py:171} INFO - Processing /opt/anaconda3/envs/airflow_env/lib/python3.8/site-packages/airflow/example_dags/example_task_group.py took 0.041 seconds
[2022-04-02 23:48:57,237] {processor.py:163} INFO - Started process (PID=6343) to work on /opt/anaconda3/envs/airflow_env/lib/python3.8/site-packages/airflow/example_dags/example_task_group.py
[2022-04-02 23:48:57,238] {processor.py:642} INFO - Processing file /opt/anaconda3/envs/airflow_env/lib/python3.8/site-packages/airflow/example_dags/example_task_group.py for tasks to queue
[2022-04-02 23:48:57,238] {logging_mixin.py:109} INFO - [2022-04-02 23:48:57,238] {dagbag.py:500} INFO - Filling up the DagBag from /opt/anaconda3/envs/airflow_env/lib/python3.8/site-packages/airflow/example_dags/example_task_group.py
[2022-04-02 23:48:57,256] {processor.py:654} INFO - DAG(s) dict_keys(['example_task_group']) retrieved from /opt/anaconda3/envs/airflow_env/lib/python3.8/site-packages/airflow/example_dags/example_task_group.py
[2022-04-02 23:48:57,267] {logging_mixin.py:109} INFO - [2022-04-02 23:48:57,267] {dag.py:2398} INFO - Sync 1 DAGs
[2022-04-02 23:48:57,272] {logging_mixin.py:109} INFO - [2022-04-02 23:48:57,271] {dag.py:2937} INFO - Setting next_dagrun for example_task_group to 2022-04-01T21:48:57.271864+00:00
[2022-04-02 23:48:57,275] {processor.py:171} INFO - Processing /opt/anaconda3/envs/airflow_env/lib/python3.8/site-packages/airflow/example_dags/example_task_group.py took 0.039 seconds
[2022-04-02 23:50:04,777] {processor.py:163} INFO - Started process (PID=6545) to work on /opt/anaconda3/envs/airflow_env/lib/python3.8/site-packages/airflow/example_dags/example_task_group.py
[2022-04-02 23:50:04,779] {processor.py:642} INFO - Processing file /opt/anaconda3/envs/airflow_env/lib/python3.8/site-packages/airflow/example_dags/example_task_group.py for tasks to queue
[2022-04-02 23:50:04,779] {logging_mixin.py:109} INFO - [2022-04-02 23:50:04,779] {dagbag.py:500} INFO - Filling up the DagBag from /opt/anaconda3/envs/airflow_env/lib/python3.8/site-packages/airflow/example_dags/example_task_group.py
[2022-04-02 23:50:04,799] {processor.py:654} INFO - DAG(s) dict_keys(['example_task_group']) retrieved from /opt/anaconda3/envs/airflow_env/lib/python3.8/site-packages/airflow/example_dags/example_task_group.py
[2022-04-02 23:50:04,809] {logging_mixin.py:109} INFO - [2022-04-02 23:50:04,809] {dag.py:2398} INFO - Sync 1 DAGs
[2022-04-02 23:50:04,814] {logging_mixin.py:109} INFO - [2022-04-02 23:50:04,814] {dag.py:2937} INFO - Setting next_dagrun for example_task_group to 2022-04-01T21:50:04.814448+00:00
[2022-04-02 23:50:04,818] {processor.py:171} INFO - Processing /opt/anaconda3/envs/airflow_env/lib/python3.8/site-packages/airflow/example_dags/example_task_group.py took 0.041 seconds
[2022-04-02 23:51:11,860] {processor.py:163} INFO - Started process (PID=6735) to work on /opt/anaconda3/envs/airflow_env/lib/python3.8/site-packages/airflow/example_dags/example_task_group.py
[2022-04-02 23:51:11,861] {processor.py:642} INFO - Processing file /opt/anaconda3/envs/airflow_env/lib/python3.8/site-packages/airflow/example_dags/example_task_group.py for tasks to queue
[2022-04-02 23:51:11,861] {logging_mixin.py:109} INFO - [2022-04-02 23:51:11,861] {dagbag.py:500} INFO - Filling up the DagBag from /opt/anaconda3/envs/airflow_env/lib/python3.8/site-packages/airflow/example_dags/example_task_group.py
[2022-04-02 23:51:11,879] {processor.py:654} INFO - DAG(s) dict_keys(['example_task_group']) retrieved from /opt/anaconda3/envs/airflow_env/lib/python3.8/site-packages/airflow/example_dags/example_task_group.py
[2022-04-02 23:51:11,889] {logging_mixin.py:109} INFO - [2022-04-02 23:51:11,888] {dag.py:2398} INFO - Sync 1 DAGs
[2022-04-02 23:51:11,893] {logging_mixin.py:109} INFO - [2022-04-02 23:51:11,893] {dag.py:2937} INFO - Setting next_dagrun for example_task_group to 2022-04-01T21:51:11.893227+00:00
[2022-04-02 23:51:11,897] {processor.py:171} INFO - Processing /opt/anaconda3/envs/airflow_env/lib/python3.8/site-packages/airflow/example_dags/example_task_group.py took 0.037 seconds
