[2022-04-02 23:46:42,194] {processor.py:163} INFO - Started process (PID=5966) to work on /opt/anaconda3/envs/airflow_env/lib/python3.8/site-packages/airflow/example_dags/example_time_delta_sensor_async.py
[2022-04-02 23:46:42,194] {processor.py:642} INFO - Processing file /opt/anaconda3/envs/airflow_env/lib/python3.8/site-packages/airflow/example_dags/example_time_delta_sensor_async.py for tasks to queue
[2022-04-02 23:46:42,194] {logging_mixin.py:109} INFO - [2022-04-02 23:46:42,194] {dagbag.py:500} INFO - Filling up the DagBag from /opt/anaconda3/envs/airflow_env/lib/python3.8/site-packages/airflow/example_dags/example_time_delta_sensor_async.py
[2022-04-02 23:46:42,213] {processor.py:654} INFO - DAG(s) dict_keys(['example_time_delta_sensor_async']) retrieved from /opt/anaconda3/envs/airflow_env/lib/python3.8/site-packages/airflow/example_dags/example_time_delta_sensor_async.py
[2022-04-02 23:46:42,224] {logging_mixin.py:109} INFO - [2022-04-02 23:46:42,224] {dag.py:2398} INFO - Sync 1 DAGs
[2022-04-02 23:46:42,228] {logging_mixin.py:109} INFO - [2022-04-02 23:46:42,228] {dag.py:2937} INFO - Setting next_dagrun for example_time_delta_sensor_async to None
[2022-04-02 23:46:42,232] {processor.py:171} INFO - Processing /opt/anaconda3/envs/airflow_env/lib/python3.8/site-packages/airflow/example_dags/example_time_delta_sensor_async.py took 0.038 seconds
[2022-04-02 23:47:45,925] {processor.py:163} INFO - Started process (PID=6153) to work on /opt/anaconda3/envs/airflow_env/lib/python3.8/site-packages/airflow/example_dags/example_time_delta_sensor_async.py
[2022-04-02 23:47:45,927] {processor.py:642} INFO - Processing file /opt/anaconda3/envs/airflow_env/lib/python3.8/site-packages/airflow/example_dags/example_time_delta_sensor_async.py for tasks to queue
[2022-04-02 23:47:45,927] {logging_mixin.py:109} INFO - [2022-04-02 23:47:45,927] {dagbag.py:500} INFO - Filling up the DagBag from /opt/anaconda3/envs/airflow_env/lib/python3.8/site-packages/airflow/example_dags/example_time_delta_sensor_async.py
[2022-04-02 23:47:45,947] {processor.py:654} INFO - DAG(s) dict_keys(['example_time_delta_sensor_async']) retrieved from /opt/anaconda3/envs/airflow_env/lib/python3.8/site-packages/airflow/example_dags/example_time_delta_sensor_async.py
[2022-04-02 23:47:45,958] {logging_mixin.py:109} INFO - [2022-04-02 23:47:45,958] {dag.py:2398} INFO - Sync 1 DAGs
[2022-04-02 23:47:45,963] {logging_mixin.py:109} INFO - [2022-04-02 23:47:45,963] {dag.py:2937} INFO - Setting next_dagrun for example_time_delta_sensor_async to None
[2022-04-02 23:47:45,967] {processor.py:171} INFO - Processing /opt/anaconda3/envs/airflow_env/lib/python3.8/site-packages/airflow/example_dags/example_time_delta_sensor_async.py took 0.042 seconds
[2022-04-02 23:48:53,129] {processor.py:163} INFO - Started process (PID=6332) to work on /opt/anaconda3/envs/airflow_env/lib/python3.8/site-packages/airflow/example_dags/example_time_delta_sensor_async.py
[2022-04-02 23:48:53,130] {processor.py:642} INFO - Processing file /opt/anaconda3/envs/airflow_env/lib/python3.8/site-packages/airflow/example_dags/example_time_delta_sensor_async.py for tasks to queue
[2022-04-02 23:48:53,130] {logging_mixin.py:109} INFO - [2022-04-02 23:48:53,130] {dagbag.py:500} INFO - Filling up the DagBag from /opt/anaconda3/envs/airflow_env/lib/python3.8/site-packages/airflow/example_dags/example_time_delta_sensor_async.py
[2022-04-02 23:48:53,148] {processor.py:654} INFO - DAG(s) dict_keys(['example_time_delta_sensor_async']) retrieved from /opt/anaconda3/envs/airflow_env/lib/python3.8/site-packages/airflow/example_dags/example_time_delta_sensor_async.py
[2022-04-02 23:48:53,159] {logging_mixin.py:109} INFO - [2022-04-02 23:48:53,159] {dag.py:2398} INFO - Sync 1 DAGs
[2022-04-02 23:48:53,164] {logging_mixin.py:109} INFO - [2022-04-02 23:48:53,164] {dag.py:2937} INFO - Setting next_dagrun for example_time_delta_sensor_async to None
[2022-04-02 23:48:53,173] {processor.py:171} INFO - Processing /opt/anaconda3/envs/airflow_env/lib/python3.8/site-packages/airflow/example_dags/example_time_delta_sensor_async.py took 0.044 seconds
[2022-04-02 23:50:00,761] {processor.py:163} INFO - Started process (PID=6536) to work on /opt/anaconda3/envs/airflow_env/lib/python3.8/site-packages/airflow/example_dags/example_time_delta_sensor_async.py
[2022-04-02 23:50:00,762] {processor.py:642} INFO - Processing file /opt/anaconda3/envs/airflow_env/lib/python3.8/site-packages/airflow/example_dags/example_time_delta_sensor_async.py for tasks to queue
[2022-04-02 23:50:00,762] {logging_mixin.py:109} INFO - [2022-04-02 23:50:00,762] {dagbag.py:500} INFO - Filling up the DagBag from /opt/anaconda3/envs/airflow_env/lib/python3.8/site-packages/airflow/example_dags/example_time_delta_sensor_async.py
[2022-04-02 23:50:00,782] {processor.py:654} INFO - DAG(s) dict_keys(['example_time_delta_sensor_async']) retrieved from /opt/anaconda3/envs/airflow_env/lib/python3.8/site-packages/airflow/example_dags/example_time_delta_sensor_async.py
[2022-04-02 23:50:00,793] {logging_mixin.py:109} INFO - [2022-04-02 23:50:00,793] {dag.py:2398} INFO - Sync 1 DAGs
[2022-04-02 23:50:00,798] {logging_mixin.py:109} INFO - [2022-04-02 23:50:00,798] {dag.py:2937} INFO - Setting next_dagrun for example_time_delta_sensor_async to None
[2022-04-02 23:50:00,802] {processor.py:171} INFO - Processing /opt/anaconda3/envs/airflow_env/lib/python3.8/site-packages/airflow/example_dags/example_time_delta_sensor_async.py took 0.041 seconds
[2022-04-02 23:51:07,890] {processor.py:163} INFO - Started process (PID=6724) to work on /opt/anaconda3/envs/airflow_env/lib/python3.8/site-packages/airflow/example_dags/example_time_delta_sensor_async.py
[2022-04-02 23:51:07,891] {processor.py:642} INFO - Processing file /opt/anaconda3/envs/airflow_env/lib/python3.8/site-packages/airflow/example_dags/example_time_delta_sensor_async.py for tasks to queue
[2022-04-02 23:51:07,891] {logging_mixin.py:109} INFO - [2022-04-02 23:51:07,891] {dagbag.py:500} INFO - Filling up the DagBag from /opt/anaconda3/envs/airflow_env/lib/python3.8/site-packages/airflow/example_dags/example_time_delta_sensor_async.py
[2022-04-02 23:51:07,913] {processor.py:654} INFO - DAG(s) dict_keys(['example_time_delta_sensor_async']) retrieved from /opt/anaconda3/envs/airflow_env/lib/python3.8/site-packages/airflow/example_dags/example_time_delta_sensor_async.py
[2022-04-02 23:51:07,923] {logging_mixin.py:109} INFO - [2022-04-02 23:51:07,923] {dag.py:2398} INFO - Sync 1 DAGs
[2022-04-02 23:51:07,927] {logging_mixin.py:109} INFO - [2022-04-02 23:51:07,927] {dag.py:2937} INFO - Setting next_dagrun for example_time_delta_sensor_async to None
[2022-04-02 23:51:07,931] {processor.py:171} INFO - Processing /opt/anaconda3/envs/airflow_env/lib/python3.8/site-packages/airflow/example_dags/example_time_delta_sensor_async.py took 0.042 seconds
[2022-04-02 23:52:18,701] {processor.py:163} INFO - Started process (PID=6904) to work on /opt/anaconda3/envs/airflow_env/lib/python3.8/site-packages/airflow/example_dags/example_time_delta_sensor_async.py
[2022-04-02 23:52:18,701] {processor.py:642} INFO - Processing file /opt/anaconda3/envs/airflow_env/lib/python3.8/site-packages/airflow/example_dags/example_time_delta_sensor_async.py for tasks to queue
[2022-04-02 23:52:18,702] {logging_mixin.py:109} INFO - [2022-04-02 23:52:18,702] {dagbag.py:500} INFO - Filling up the DagBag from /opt/anaconda3/envs/airflow_env/lib/python3.8/site-packages/airflow/example_dags/example_time_delta_sensor_async.py
[2022-04-02 23:52:18,720] {processor.py:654} INFO - DAG(s) dict_keys(['example_time_delta_sensor_async']) retrieved from /opt/anaconda3/envs/airflow_env/lib/python3.8/site-packages/airflow/example_dags/example_time_delta_sensor_async.py
[2022-04-02 23:52:18,730] {logging_mixin.py:109} INFO - [2022-04-02 23:52:18,730] {dag.py:2398} INFO - Sync 1 DAGs
[2022-04-02 23:52:18,736] {logging_mixin.py:109} INFO - [2022-04-02 23:52:18,736] {dag.py:2937} INFO - Setting next_dagrun for example_time_delta_sensor_async to None
[2022-04-02 23:52:18,740] {processor.py:171} INFO - Processing /opt/anaconda3/envs/airflow_env/lib/python3.8/site-packages/airflow/example_dags/example_time_delta_sensor_async.py took 0.039 seconds
[2022-04-02 23:53:34,382] {processor.py:163} INFO - Started process (PID=7090) to work on /opt/anaconda3/envs/airflow_env/lib/python3.8/site-packages/airflow/example_dags/example_time_delta_sensor_async.py
[2022-04-02 23:53:34,383] {processor.py:642} INFO - Processing file /opt/anaconda3/envs/airflow_env/lib/python3.8/site-packages/airflow/example_dags/example_time_delta_sensor_async.py for tasks to queue
[2022-04-02 23:53:34,384] {logging_mixin.py:109} INFO - [2022-04-02 23:53:34,384] {dagbag.py:500} INFO - Filling up the DagBag from /opt/anaconda3/envs/airflow_env/lib/python3.8/site-packages/airflow/example_dags/example_time_delta_sensor_async.py
[2022-04-02 23:53:34,402] {processor.py:654} INFO - DAG(s) dict_keys(['example_time_delta_sensor_async']) retrieved from /opt/anaconda3/envs/airflow_env/lib/python3.8/site-packages/airflow/example_dags/example_time_delta_sensor_async.py
[2022-04-02 23:53:34,412] {logging_mixin.py:109} INFO - [2022-04-02 23:53:34,412] {dag.py:2398} INFO - Sync 1 DAGs
[2022-04-02 23:53:34,418] {logging_mixin.py:109} INFO - [2022-04-02 23:53:34,418] {dag.py:2937} INFO - Setting next_dagrun for example_time_delta_sensor_async to None
[2022-04-02 23:53:34,422] {processor.py:171} INFO - Processing /opt/anaconda3/envs/airflow_env/lib/python3.8/site-packages/airflow/example_dags/example_time_delta_sensor_async.py took 0.039 seconds
[2022-04-02 23:54:49,898] {processor.py:163} INFO - Started process (PID=7263) to work on /opt/anaconda3/envs/airflow_env/lib/python3.8/site-packages/airflow/example_dags/example_time_delta_sensor_async.py
[2022-04-02 23:54:49,898] {processor.py:642} INFO - Processing file /opt/anaconda3/envs/airflow_env/lib/python3.8/site-packages/airflow/example_dags/example_time_delta_sensor_async.py for tasks to queue
[2022-04-02 23:54:49,899] {logging_mixin.py:109} INFO - [2022-04-02 23:54:49,899] {dagbag.py:500} INFO - Filling up the DagBag from /opt/anaconda3/envs/airflow_env/lib/python3.8/site-packages/airflow/example_dags/example_time_delta_sensor_async.py
[2022-04-02 23:54:49,917] {processor.py:654} INFO - DAG(s) dict_keys(['example_time_delta_sensor_async']) retrieved from /opt/anaconda3/envs/airflow_env/lib/python3.8/site-packages/airflow/example_dags/example_time_delta_sensor_async.py
[2022-04-02 23:54:49,928] {logging_mixin.py:109} INFO - [2022-04-02 23:54:49,928] {dag.py:2398} INFO - Sync 1 DAGs
[2022-04-02 23:54:49,933] {logging_mixin.py:109} INFO - [2022-04-02 23:54:49,933] {dag.py:2937} INFO - Setting next_dagrun for example_time_delta_sensor_async to None
[2022-04-02 23:54:49,937] {processor.py:171} INFO - Processing /opt/anaconda3/envs/airflow_env/lib/python3.8/site-packages/airflow/example_dags/example_time_delta_sensor_async.py took 0.040 seconds
[2022-04-02 23:56:05,356] {processor.py:163} INFO - Started process (PID=7431) to work on /opt/anaconda3/envs/airflow_env/lib/python3.8/site-packages/airflow/example_dags/example_time_delta_sensor_async.py
[2022-04-02 23:56:05,357] {processor.py:642} INFO - Processing file /opt/anaconda3/envs/airflow_env/lib/python3.8/site-packages/airflow/example_dags/example_time_delta_sensor_async.py for tasks to queue
[2022-04-02 23:56:05,357] {logging_mixin.py:109} INFO - [2022-04-02 23:56:05,357] {dagbag.py:500} INFO - Filling up the DagBag from /opt/anaconda3/envs/airflow_env/lib/python3.8/site-packages/airflow/example_dags/example_time_delta_sensor_async.py
[2022-04-02 23:56:05,376] {processor.py:654} INFO - DAG(s) dict_keys(['example_time_delta_sensor_async']) retrieved from /opt/anaconda3/envs/airflow_env/lib/python3.8/site-packages/airflow/example_dags/example_time_delta_sensor_async.py
[2022-04-02 23:56:05,385] {logging_mixin.py:109} INFO - [2022-04-02 23:56:05,385] {dag.py:2398} INFO - Sync 1 DAGs
[2022-04-02 23:56:05,390] {logging_mixin.py:109} INFO - [2022-04-02 23:56:05,390] {dag.py:2937} INFO - Setting next_dagrun for example_time_delta_sensor_async to None
[2022-04-02 23:56:05,393] {processor.py:171} INFO - Processing /opt/anaconda3/envs/airflow_env/lib/python3.8/site-packages/airflow/example_dags/example_time_delta_sensor_async.py took 0.037 seconds
[2022-04-02 23:57:21,192] {processor.py:163} INFO - Started process (PID=7599) to work on /opt/anaconda3/envs/airflow_env/lib/python3.8/site-packages/airflow/example_dags/example_time_delta_sensor_async.py
[2022-04-02 23:57:21,193] {processor.py:642} INFO - Processing file /opt/anaconda3/envs/airflow_env/lib/python3.8/site-packages/airflow/example_dags/example_time_delta_sensor_async.py for tasks to queue
[2022-04-02 23:57:21,193] {logging_mixin.py:109} INFO - [2022-04-02 23:57:21,193] {dagbag.py:500} INFO - Filling up the DagBag from /opt/anaconda3/envs/airflow_env/lib/python3.8/site-packages/airflow/example_dags/example_time_delta_sensor_async.py
[2022-04-02 23:57:21,212] {processor.py:654} INFO - DAG(s) dict_keys(['example_time_delta_sensor_async']) retrieved from /opt/anaconda3/envs/airflow_env/lib/python3.8/site-packages/airflow/example_dags/example_time_delta_sensor_async.py
[2022-04-02 23:57:21,223] {logging_mixin.py:109} INFO - [2022-04-02 23:57:21,223] {dag.py:2398} INFO - Sync 1 DAGs
[2022-04-02 23:57:21,227] {logging_mixin.py:109} INFO - [2022-04-02 23:57:21,227] {dag.py:2937} INFO - Setting next_dagrun for example_time_delta_sensor_async to None
[2022-04-02 23:57:21,234] {processor.py:171} INFO - Processing /opt/anaconda3/envs/airflow_env/lib/python3.8/site-packages/airflow/example_dags/example_time_delta_sensor_async.py took 0.042 seconds
[2022-04-02 23:58:36,547] {processor.py:163} INFO - Started process (PID=7766) to work on /opt/anaconda3/envs/airflow_env/lib/python3.8/site-packages/airflow/example_dags/example_time_delta_sensor_async.py
[2022-04-02 23:58:36,547] {processor.py:642} INFO - Processing file /opt/anaconda3/envs/airflow_env/lib/python3.8/site-packages/airflow/example_dags/example_time_delta_sensor_async.py for tasks to queue
[2022-04-02 23:58:36,547] {logging_mixin.py:109} INFO - [2022-04-02 23:58:36,547] {dagbag.py:500} INFO - Filling up the DagBag from /opt/anaconda3/envs/airflow_env/lib/python3.8/site-packages/airflow/example_dags/example_time_delta_sensor_async.py
[2022-04-02 23:58:36,565] {processor.py:654} INFO - DAG(s) dict_keys(['example_time_delta_sensor_async']) retrieved from /opt/anaconda3/envs/airflow_env/lib/python3.8/site-packages/airflow/example_dags/example_time_delta_sensor_async.py
[2022-04-02 23:58:36,575] {logging_mixin.py:109} INFO - [2022-04-02 23:58:36,575] {dag.py:2398} INFO - Sync 1 DAGs
[2022-04-02 23:58:36,582] {logging_mixin.py:109} INFO - [2022-04-02 23:58:36,582] {dag.py:2937} INFO - Setting next_dagrun for example_time_delta_sensor_async to None
[2022-04-02 23:58:36,587] {processor.py:171} INFO - Processing /opt/anaconda3/envs/airflow_env/lib/python3.8/site-packages/airflow/example_dags/example_time_delta_sensor_async.py took 0.041 seconds
[2022-04-02 23:59:52,357] {processor.py:163} INFO - Started process (PID=7951) to work on /opt/anaconda3/envs/airflow_env/lib/python3.8/site-packages/airflow/example_dags/example_time_delta_sensor_async.py
[2022-04-02 23:59:52,358] {processor.py:642} INFO - Processing file /opt/anaconda3/envs/airflow_env/lib/python3.8/site-packages/airflow/example_dags/example_time_delta_sensor_async.py for tasks to queue
[2022-04-02 23:59:52,358] {logging_mixin.py:109} INFO - [2022-04-02 23:59:52,358] {dagbag.py:500} INFO - Filling up the DagBag from /opt/anaconda3/envs/airflow_env/lib/python3.8/site-packages/airflow/example_dags/example_time_delta_sensor_async.py
[2022-04-02 23:59:52,377] {processor.py:654} INFO - DAG(s) dict_keys(['example_time_delta_sensor_async']) retrieved from /opt/anaconda3/envs/airflow_env/lib/python3.8/site-packages/airflow/example_dags/example_time_delta_sensor_async.py
[2022-04-02 23:59:52,386] {logging_mixin.py:109} INFO - [2022-04-02 23:59:52,386] {dag.py:2398} INFO - Sync 1 DAGs
[2022-04-02 23:59:52,391] {logging_mixin.py:109} INFO - [2022-04-02 23:59:52,391] {dag.py:2937} INFO - Setting next_dagrun for example_time_delta_sensor_async to None
[2022-04-02 23:59:52,395] {processor.py:171} INFO - Processing /opt/anaconda3/envs/airflow_env/lib/python3.8/site-packages/airflow/example_dags/example_time_delta_sensor_async.py took 0.038 seconds
[2022-04-03 00:01:08,063] {processor.py:163} INFO - Started process (PID=8127) to work on /opt/anaconda3/envs/airflow_env/lib/python3.8/site-packages/airflow/example_dags/example_time_delta_sensor_async.py
[2022-04-03 00:01:08,064] {processor.py:642} INFO - Processing file /opt/anaconda3/envs/airflow_env/lib/python3.8/site-packages/airflow/example_dags/example_time_delta_sensor_async.py for tasks to queue
[2022-04-03 00:01:08,065] {logging_mixin.py:109} INFO - [2022-04-03 00:01:08,065] {dagbag.py:500} INFO - Filling up the DagBag from /opt/anaconda3/envs/airflow_env/lib/python3.8/site-packages/airflow/example_dags/example_time_delta_sensor_async.py
[2022-04-03 00:01:08,082] {processor.py:654} INFO - DAG(s) dict_keys(['example_time_delta_sensor_async']) retrieved from /opt/anaconda3/envs/airflow_env/lib/python3.8/site-packages/airflow/example_dags/example_time_delta_sensor_async.py
[2022-04-03 00:01:08,092] {logging_mixin.py:109} INFO - [2022-04-03 00:01:08,092] {dag.py:2398} INFO - Sync 1 DAGs
[2022-04-03 00:01:08,096] {logging_mixin.py:109} INFO - [2022-04-03 00:01:08,096] {dag.py:2937} INFO - Setting next_dagrun for example_time_delta_sensor_async to None
[2022-04-03 00:01:08,100] {processor.py:171} INFO - Processing /opt/anaconda3/envs/airflow_env/lib/python3.8/site-packages/airflow/example_dags/example_time_delta_sensor_async.py took 0.037 seconds
[2022-04-03 00:02:24,071] {processor.py:163} INFO - Started process (PID=8325) to work on /opt/anaconda3/envs/airflow_env/lib/python3.8/site-packages/airflow/example_dags/example_time_delta_sensor_async.py
[2022-04-03 00:02:24,072] {processor.py:642} INFO - Processing file /opt/anaconda3/envs/airflow_env/lib/python3.8/site-packages/airflow/example_dags/example_time_delta_sensor_async.py for tasks to queue
[2022-04-03 00:02:24,072] {logging_mixin.py:109} INFO - [2022-04-03 00:02:24,072] {dagbag.py:500} INFO - Filling up the DagBag from /opt/anaconda3/envs/airflow_env/lib/python3.8/site-packages/airflow/example_dags/example_time_delta_sensor_async.py
[2022-04-03 00:02:24,090] {processor.py:654} INFO - DAG(s) dict_keys(['example_time_delta_sensor_async']) retrieved from /opt/anaconda3/envs/airflow_env/lib/python3.8/site-packages/airflow/example_dags/example_time_delta_sensor_async.py
[2022-04-03 00:02:24,099] {logging_mixin.py:109} INFO - [2022-04-03 00:02:24,099] {dag.py:2398} INFO - Sync 1 DAGs
[2022-04-03 00:02:24,104] {logging_mixin.py:109} INFO - [2022-04-03 00:02:24,104] {dag.py:2937} INFO - Setting next_dagrun for example_time_delta_sensor_async to None
[2022-04-03 00:02:24,107] {processor.py:171} INFO - Processing /opt/anaconda3/envs/airflow_env/lib/python3.8/site-packages/airflow/example_dags/example_time_delta_sensor_async.py took 0.037 seconds
[2022-04-03 00:03:40,316] {processor.py:163} INFO - Started process (PID=8504) to work on /opt/anaconda3/envs/airflow_env/lib/python3.8/site-packages/airflow/example_dags/example_time_delta_sensor_async.py
[2022-04-03 00:03:40,316] {processor.py:642} INFO - Processing file /opt/anaconda3/envs/airflow_env/lib/python3.8/site-packages/airflow/example_dags/example_time_delta_sensor_async.py for tasks to queue
[2022-04-03 00:03:40,317] {logging_mixin.py:109} INFO - [2022-04-03 00:03:40,317] {dagbag.py:500} INFO - Filling up the DagBag from /opt/anaconda3/envs/airflow_env/lib/python3.8/site-packages/airflow/example_dags/example_time_delta_sensor_async.py
[2022-04-03 00:03:40,338] {processor.py:654} INFO - DAG(s) dict_keys(['example_time_delta_sensor_async']) retrieved from /opt/anaconda3/envs/airflow_env/lib/python3.8/site-packages/airflow/example_dags/example_time_delta_sensor_async.py
[2022-04-03 00:03:40,349] {logging_mixin.py:109} INFO - [2022-04-03 00:03:40,349] {dag.py:2398} INFO - Sync 1 DAGs
[2022-04-03 00:03:40,355] {logging_mixin.py:109} INFO - [2022-04-03 00:03:40,355] {dag.py:2937} INFO - Setting next_dagrun for example_time_delta_sensor_async to None
[2022-04-03 00:03:40,359] {processor.py:171} INFO - Processing /opt/anaconda3/envs/airflow_env/lib/python3.8/site-packages/airflow/example_dags/example_time_delta_sensor_async.py took 0.043 seconds
[2022-04-03 00:04:56,080] {processor.py:163} INFO - Started process (PID=8732) to work on /opt/anaconda3/envs/airflow_env/lib/python3.8/site-packages/airflow/example_dags/example_time_delta_sensor_async.py
[2022-04-03 00:04:56,080] {processor.py:642} INFO - Processing file /opt/anaconda3/envs/airflow_env/lib/python3.8/site-packages/airflow/example_dags/example_time_delta_sensor_async.py for tasks to queue
[2022-04-03 00:04:56,081] {logging_mixin.py:109} INFO - [2022-04-03 00:04:56,081] {dagbag.py:500} INFO - Filling up the DagBag from /opt/anaconda3/envs/airflow_env/lib/python3.8/site-packages/airflow/example_dags/example_time_delta_sensor_async.py
[2022-04-03 00:04:56,098] {processor.py:654} INFO - DAG(s) dict_keys(['example_time_delta_sensor_async']) retrieved from /opt/anaconda3/envs/airflow_env/lib/python3.8/site-packages/airflow/example_dags/example_time_delta_sensor_async.py
[2022-04-03 00:04:56,108] {logging_mixin.py:109} INFO - [2022-04-03 00:04:56,108] {dag.py:2398} INFO - Sync 1 DAGs
[2022-04-03 00:04:56,112] {logging_mixin.py:109} INFO - [2022-04-03 00:04:56,112] {dag.py:2937} INFO - Setting next_dagrun for example_time_delta_sensor_async to None
[2022-04-03 00:04:56,116] {processor.py:171} INFO - Processing /opt/anaconda3/envs/airflow_env/lib/python3.8/site-packages/airflow/example_dags/example_time_delta_sensor_async.py took 0.036 seconds
[2022-04-03 00:06:11,337] {processor.py:163} INFO - Started process (PID=8905) to work on /opt/anaconda3/envs/airflow_env/lib/python3.8/site-packages/airflow/example_dags/example_time_delta_sensor_async.py
[2022-04-03 00:06:11,337] {processor.py:642} INFO - Processing file /opt/anaconda3/envs/airflow_env/lib/python3.8/site-packages/airflow/example_dags/example_time_delta_sensor_async.py for tasks to queue
[2022-04-03 00:06:11,337] {logging_mixin.py:109} INFO - [2022-04-03 00:06:11,337] {dagbag.py:500} INFO - Filling up the DagBag from /opt/anaconda3/envs/airflow_env/lib/python3.8/site-packages/airflow/example_dags/example_time_delta_sensor_async.py
[2022-04-03 00:06:11,356] {processor.py:654} INFO - DAG(s) dict_keys(['example_time_delta_sensor_async']) retrieved from /opt/anaconda3/envs/airflow_env/lib/python3.8/site-packages/airflow/example_dags/example_time_delta_sensor_async.py
[2022-04-03 00:06:11,371] {logging_mixin.py:109} INFO - [2022-04-03 00:06:11,370] {dag.py:2398} INFO - Sync 1 DAGs
[2022-04-03 00:06:11,376] {logging_mixin.py:109} INFO - [2022-04-03 00:06:11,376] {dag.py:2937} INFO - Setting next_dagrun for example_time_delta_sensor_async to None
[2022-04-03 00:06:11,380] {processor.py:171} INFO - Processing /opt/anaconda3/envs/airflow_env/lib/python3.8/site-packages/airflow/example_dags/example_time_delta_sensor_async.py took 0.044 seconds
[2022-04-03 00:07:27,071] {processor.py:163} INFO - Started process (PID=9103) to work on /opt/anaconda3/envs/airflow_env/lib/python3.8/site-packages/airflow/example_dags/example_time_delta_sensor_async.py
[2022-04-03 00:07:27,071] {processor.py:642} INFO - Processing file /opt/anaconda3/envs/airflow_env/lib/python3.8/site-packages/airflow/example_dags/example_time_delta_sensor_async.py for tasks to queue
[2022-04-03 00:07:27,071] {logging_mixin.py:109} INFO - [2022-04-03 00:07:27,071] {dagbag.py:500} INFO - Filling up the DagBag from /opt/anaconda3/envs/airflow_env/lib/python3.8/site-packages/airflow/example_dags/example_time_delta_sensor_async.py
[2022-04-03 00:07:27,089] {processor.py:654} INFO - DAG(s) dict_keys(['example_time_delta_sensor_async']) retrieved from /opt/anaconda3/envs/airflow_env/lib/python3.8/site-packages/airflow/example_dags/example_time_delta_sensor_async.py
[2022-04-03 00:07:27,097] {logging_mixin.py:109} INFO - [2022-04-03 00:07:27,097] {dag.py:2398} INFO - Sync 1 DAGs
[2022-04-03 00:07:27,102] {logging_mixin.py:109} INFO - [2022-04-03 00:07:27,101] {dag.py:2937} INFO - Setting next_dagrun for example_time_delta_sensor_async to None
[2022-04-03 00:07:27,105] {processor.py:171} INFO - Processing /opt/anaconda3/envs/airflow_env/lib/python3.8/site-packages/airflow/example_dags/example_time_delta_sensor_async.py took 0.034 seconds
[2022-04-03 00:08:42,474] {processor.py:163} INFO - Started process (PID=9262) to work on /opt/anaconda3/envs/airflow_env/lib/python3.8/site-packages/airflow/example_dags/example_time_delta_sensor_async.py
[2022-04-03 00:08:42,476] {processor.py:642} INFO - Processing file /opt/anaconda3/envs/airflow_env/lib/python3.8/site-packages/airflow/example_dags/example_time_delta_sensor_async.py for tasks to queue
[2022-04-03 00:08:42,476] {logging_mixin.py:109} INFO - [2022-04-03 00:08:42,476] {dagbag.py:500} INFO - Filling up the DagBag from /opt/anaconda3/envs/airflow_env/lib/python3.8/site-packages/airflow/example_dags/example_time_delta_sensor_async.py
[2022-04-03 00:08:42,496] {processor.py:654} INFO - DAG(s) dict_keys(['example_time_delta_sensor_async']) retrieved from /opt/anaconda3/envs/airflow_env/lib/python3.8/site-packages/airflow/example_dags/example_time_delta_sensor_async.py
[2022-04-03 00:08:42,505] {logging_mixin.py:109} INFO - [2022-04-03 00:08:42,505] {dag.py:2398} INFO - Sync 1 DAGs
[2022-04-03 00:08:42,510] {logging_mixin.py:109} INFO - [2022-04-03 00:08:42,510] {dag.py:2937} INFO - Setting next_dagrun for example_time_delta_sensor_async to None
[2022-04-03 00:08:42,514] {processor.py:171} INFO - Processing /opt/anaconda3/envs/airflow_env/lib/python3.8/site-packages/airflow/example_dags/example_time_delta_sensor_async.py took 0.040 seconds
[2022-04-03 00:09:58,079] {processor.py:163} INFO - Started process (PID=9425) to work on /opt/anaconda3/envs/airflow_env/lib/python3.8/site-packages/airflow/example_dags/example_time_delta_sensor_async.py
[2022-04-03 00:09:58,080] {processor.py:642} INFO - Processing file /opt/anaconda3/envs/airflow_env/lib/python3.8/site-packages/airflow/example_dags/example_time_delta_sensor_async.py for tasks to queue
[2022-04-03 00:09:58,080] {logging_mixin.py:109} INFO - [2022-04-03 00:09:58,080] {dagbag.py:500} INFO - Filling up the DagBag from /opt/anaconda3/envs/airflow_env/lib/python3.8/site-packages/airflow/example_dags/example_time_delta_sensor_async.py
[2022-04-03 00:09:58,100] {processor.py:654} INFO - DAG(s) dict_keys(['example_time_delta_sensor_async']) retrieved from /opt/anaconda3/envs/airflow_env/lib/python3.8/site-packages/airflow/example_dags/example_time_delta_sensor_async.py
[2022-04-03 00:09:58,110] {logging_mixin.py:109} INFO - [2022-04-03 00:09:58,110] {dag.py:2398} INFO - Sync 1 DAGs
[2022-04-03 00:09:58,114] {logging_mixin.py:109} INFO - [2022-04-03 00:09:58,114] {dag.py:2937} INFO - Setting next_dagrun for example_time_delta_sensor_async to None
[2022-04-03 00:09:58,118] {processor.py:171} INFO - Processing /opt/anaconda3/envs/airflow_env/lib/python3.8/site-packages/airflow/example_dags/example_time_delta_sensor_async.py took 0.039 seconds
[2022-04-03 00:11:13,182] {processor.py:163} INFO - Started process (PID=9619) to work on /opt/anaconda3/envs/airflow_env/lib/python3.8/site-packages/airflow/example_dags/example_time_delta_sensor_async.py
[2022-04-03 00:11:13,182] {processor.py:642} INFO - Processing file /opt/anaconda3/envs/airflow_env/lib/python3.8/site-packages/airflow/example_dags/example_time_delta_sensor_async.py for tasks to queue
[2022-04-03 00:11:13,182] {logging_mixin.py:109} INFO - [2022-04-03 00:11:13,182] {dagbag.py:500} INFO - Filling up the DagBag from /opt/anaconda3/envs/airflow_env/lib/python3.8/site-packages/airflow/example_dags/example_time_delta_sensor_async.py
[2022-04-03 00:11:13,203] {processor.py:654} INFO - DAG(s) dict_keys(['example_time_delta_sensor_async']) retrieved from /opt/anaconda3/envs/airflow_env/lib/python3.8/site-packages/airflow/example_dags/example_time_delta_sensor_async.py
[2022-04-03 00:11:13,213] {logging_mixin.py:109} INFO - [2022-04-03 00:11:13,213] {dag.py:2398} INFO - Sync 1 DAGs
[2022-04-03 00:11:13,219] {logging_mixin.py:109} INFO - [2022-04-03 00:11:13,219] {dag.py:2937} INFO - Setting next_dagrun for example_time_delta_sensor_async to None
[2022-04-03 00:11:13,223] {processor.py:171} INFO - Processing /opt/anaconda3/envs/airflow_env/lib/python3.8/site-packages/airflow/example_dags/example_time_delta_sensor_async.py took 0.042 seconds
[2022-04-03 00:12:28,207] {processor.py:163} INFO - Started process (PID=9800) to work on /opt/anaconda3/envs/airflow_env/lib/python3.8/site-packages/airflow/example_dags/example_time_delta_sensor_async.py
[2022-04-03 00:12:28,208] {processor.py:642} INFO - Processing file /opt/anaconda3/envs/airflow_env/lib/python3.8/site-packages/airflow/example_dags/example_time_delta_sensor_async.py for tasks to queue
[2022-04-03 00:12:28,209] {logging_mixin.py:109} INFO - [2022-04-03 00:12:28,209] {dagbag.py:500} INFO - Filling up the DagBag from /opt/anaconda3/envs/airflow_env/lib/python3.8/site-packages/airflow/example_dags/example_time_delta_sensor_async.py
[2022-04-03 00:12:28,227] {processor.py:654} INFO - DAG(s) dict_keys(['example_time_delta_sensor_async']) retrieved from /opt/anaconda3/envs/airflow_env/lib/python3.8/site-packages/airflow/example_dags/example_time_delta_sensor_async.py
[2022-04-03 00:12:28,235] {logging_mixin.py:109} INFO - [2022-04-03 00:12:28,235] {dag.py:2398} INFO - Sync 1 DAGs
[2022-04-03 00:12:28,240] {logging_mixin.py:109} INFO - [2022-04-03 00:12:28,240] {dag.py:2937} INFO - Setting next_dagrun for example_time_delta_sensor_async to None
[2022-04-03 00:12:28,243] {processor.py:171} INFO - Processing /opt/anaconda3/envs/airflow_env/lib/python3.8/site-packages/airflow/example_dags/example_time_delta_sensor_async.py took 0.036 seconds
[2022-04-03 00:13:43,186] {processor.py:163} INFO - Started process (PID=10067) to work on /opt/anaconda3/envs/airflow_env/lib/python3.8/site-packages/airflow/example_dags/example_time_delta_sensor_async.py
[2022-04-03 00:13:43,187] {processor.py:642} INFO - Processing file /opt/anaconda3/envs/airflow_env/lib/python3.8/site-packages/airflow/example_dags/example_time_delta_sensor_async.py for tasks to queue
[2022-04-03 00:13:43,187] {logging_mixin.py:109} INFO - [2022-04-03 00:13:43,187] {dagbag.py:500} INFO - Filling up the DagBag from /opt/anaconda3/envs/airflow_env/lib/python3.8/site-packages/airflow/example_dags/example_time_delta_sensor_async.py
[2022-04-03 00:13:43,205] {processor.py:654} INFO - DAG(s) dict_keys(['example_time_delta_sensor_async']) retrieved from /opt/anaconda3/envs/airflow_env/lib/python3.8/site-packages/airflow/example_dags/example_time_delta_sensor_async.py
[2022-04-03 00:13:43,221] {logging_mixin.py:109} INFO - [2022-04-03 00:13:43,221] {dag.py:2398} INFO - Sync 1 DAGs
[2022-04-03 00:13:43,227] {logging_mixin.py:109} INFO - [2022-04-03 00:13:43,227] {dag.py:2937} INFO - Setting next_dagrun for example_time_delta_sensor_async to None
[2022-04-03 00:13:43,231] {processor.py:171} INFO - Processing /opt/anaconda3/envs/airflow_env/lib/python3.8/site-packages/airflow/example_dags/example_time_delta_sensor_async.py took 0.045 seconds
[2022-04-03 00:14:58,749] {processor.py:163} INFO - Started process (PID=10325) to work on /opt/anaconda3/envs/airflow_env/lib/python3.8/site-packages/airflow/example_dags/example_time_delta_sensor_async.py
[2022-04-03 00:14:58,750] {processor.py:642} INFO - Processing file /opt/anaconda3/envs/airflow_env/lib/python3.8/site-packages/airflow/example_dags/example_time_delta_sensor_async.py for tasks to queue
[2022-04-03 00:14:58,750] {logging_mixin.py:109} INFO - [2022-04-03 00:14:58,750] {dagbag.py:500} INFO - Filling up the DagBag from /opt/anaconda3/envs/airflow_env/lib/python3.8/site-packages/airflow/example_dags/example_time_delta_sensor_async.py
[2022-04-03 00:14:58,770] {processor.py:654} INFO - DAG(s) dict_keys(['example_time_delta_sensor_async']) retrieved from /opt/anaconda3/envs/airflow_env/lib/python3.8/site-packages/airflow/example_dags/example_time_delta_sensor_async.py
[2022-04-03 00:14:58,780] {logging_mixin.py:109} INFO - [2022-04-03 00:14:58,780] {dag.py:2398} INFO - Sync 1 DAGs
[2022-04-03 00:14:58,786] {logging_mixin.py:109} INFO - [2022-04-03 00:14:58,786] {dag.py:2937} INFO - Setting next_dagrun for example_time_delta_sensor_async to None
[2022-04-03 00:14:58,790] {processor.py:171} INFO - Processing /opt/anaconda3/envs/airflow_env/lib/python3.8/site-packages/airflow/example_dags/example_time_delta_sensor_async.py took 0.041 seconds
[2022-04-03 00:16:14,700] {processor.py:163} INFO - Started process (PID=10556) to work on /opt/anaconda3/envs/airflow_env/lib/python3.8/site-packages/airflow/example_dags/example_time_delta_sensor_async.py
[2022-04-03 00:16:14,701] {processor.py:642} INFO - Processing file /opt/anaconda3/envs/airflow_env/lib/python3.8/site-packages/airflow/example_dags/example_time_delta_sensor_async.py for tasks to queue
[2022-04-03 00:16:14,701] {logging_mixin.py:109} INFO - [2022-04-03 00:16:14,701] {dagbag.py:500} INFO - Filling up the DagBag from /opt/anaconda3/envs/airflow_env/lib/python3.8/site-packages/airflow/example_dags/example_time_delta_sensor_async.py
[2022-04-03 00:16:14,721] {processor.py:654} INFO - DAG(s) dict_keys(['example_time_delta_sensor_async']) retrieved from /opt/anaconda3/envs/airflow_env/lib/python3.8/site-packages/airflow/example_dags/example_time_delta_sensor_async.py
[2022-04-03 00:16:14,732] {logging_mixin.py:109} INFO - [2022-04-03 00:16:14,732] {dag.py:2398} INFO - Sync 1 DAGs
[2022-04-03 00:16:14,737] {logging_mixin.py:109} INFO - [2022-04-03 00:16:14,737] {dag.py:2937} INFO - Setting next_dagrun for example_time_delta_sensor_async to None
[2022-04-03 00:16:14,741] {processor.py:171} INFO - Processing /opt/anaconda3/envs/airflow_env/lib/python3.8/site-packages/airflow/example_dags/example_time_delta_sensor_async.py took 0.041 seconds
[2022-04-03 00:17:29,460] {processor.py:163} INFO - Started process (PID=10729) to work on /opt/anaconda3/envs/airflow_env/lib/python3.8/site-packages/airflow/example_dags/example_time_delta_sensor_async.py
[2022-04-03 00:17:29,461] {processor.py:642} INFO - Processing file /opt/anaconda3/envs/airflow_env/lib/python3.8/site-packages/airflow/example_dags/example_time_delta_sensor_async.py for tasks to queue
[2022-04-03 00:17:29,461] {logging_mixin.py:109} INFO - [2022-04-03 00:17:29,461] {dagbag.py:500} INFO - Filling up the DagBag from /opt/anaconda3/envs/airflow_env/lib/python3.8/site-packages/airflow/example_dags/example_time_delta_sensor_async.py
[2022-04-03 00:17:29,478] {processor.py:654} INFO - DAG(s) dict_keys(['example_time_delta_sensor_async']) retrieved from /opt/anaconda3/envs/airflow_env/lib/python3.8/site-packages/airflow/example_dags/example_time_delta_sensor_async.py
[2022-04-03 00:17:29,487] {logging_mixin.py:109} INFO - [2022-04-03 00:17:29,487] {dag.py:2398} INFO - Sync 1 DAGs
[2022-04-03 00:17:29,491] {logging_mixin.py:109} INFO - [2022-04-03 00:17:29,491] {dag.py:2937} INFO - Setting next_dagrun for example_time_delta_sensor_async to None
[2022-04-03 00:17:29,494] {processor.py:171} INFO - Processing /opt/anaconda3/envs/airflow_env/lib/python3.8/site-packages/airflow/example_dags/example_time_delta_sensor_async.py took 0.034 seconds
[2022-04-03 00:18:44,546] {processor.py:163} INFO - Started process (PID=10905) to work on /opt/anaconda3/envs/airflow_env/lib/python3.8/site-packages/airflow/example_dags/example_time_delta_sensor_async.py
[2022-04-03 00:18:44,547] {processor.py:642} INFO - Processing file /opt/anaconda3/envs/airflow_env/lib/python3.8/site-packages/airflow/example_dags/example_time_delta_sensor_async.py for tasks to queue
[2022-04-03 00:18:44,547] {logging_mixin.py:109} INFO - [2022-04-03 00:18:44,547] {dagbag.py:500} INFO - Filling up the DagBag from /opt/anaconda3/envs/airflow_env/lib/python3.8/site-packages/airflow/example_dags/example_time_delta_sensor_async.py
[2022-04-03 00:18:44,566] {processor.py:654} INFO - DAG(s) dict_keys(['example_time_delta_sensor_async']) retrieved from /opt/anaconda3/envs/airflow_env/lib/python3.8/site-packages/airflow/example_dags/example_time_delta_sensor_async.py
[2022-04-03 00:18:44,576] {logging_mixin.py:109} INFO - [2022-04-03 00:18:44,576] {dag.py:2398} INFO - Sync 1 DAGs
[2022-04-03 00:18:44,580] {logging_mixin.py:109} INFO - [2022-04-03 00:18:44,580] {dag.py:2937} INFO - Setting next_dagrun for example_time_delta_sensor_async to None
[2022-04-03 00:18:44,584] {processor.py:171} INFO - Processing /opt/anaconda3/envs/airflow_env/lib/python3.8/site-packages/airflow/example_dags/example_time_delta_sensor_async.py took 0.038 seconds
[2022-04-03 00:20:00,145] {processor.py:163} INFO - Started process (PID=11075) to work on /opt/anaconda3/envs/airflow_env/lib/python3.8/site-packages/airflow/example_dags/example_time_delta_sensor_async.py
[2022-04-03 00:20:00,147] {processor.py:642} INFO - Processing file /opt/anaconda3/envs/airflow_env/lib/python3.8/site-packages/airflow/example_dags/example_time_delta_sensor_async.py for tasks to queue
[2022-04-03 00:20:00,147] {logging_mixin.py:109} INFO - [2022-04-03 00:20:00,147] {dagbag.py:500} INFO - Filling up the DagBag from /opt/anaconda3/envs/airflow_env/lib/python3.8/site-packages/airflow/example_dags/example_time_delta_sensor_async.py
[2022-04-03 00:20:00,165] {processor.py:654} INFO - DAG(s) dict_keys(['example_time_delta_sensor_async']) retrieved from /opt/anaconda3/envs/airflow_env/lib/python3.8/site-packages/airflow/example_dags/example_time_delta_sensor_async.py
[2022-04-03 00:20:00,175] {logging_mixin.py:109} INFO - [2022-04-03 00:20:00,175] {dag.py:2398} INFO - Sync 1 DAGs
[2022-04-03 00:20:00,180] {logging_mixin.py:109} INFO - [2022-04-03 00:20:00,180] {dag.py:2937} INFO - Setting next_dagrun for example_time_delta_sensor_async to None
[2022-04-03 00:20:00,183] {processor.py:171} INFO - Processing /opt/anaconda3/envs/airflow_env/lib/python3.8/site-packages/airflow/example_dags/example_time_delta_sensor_async.py took 0.038 seconds
[2022-04-03 00:21:15,651] {processor.py:163} INFO - Started process (PID=11248) to work on /opt/anaconda3/envs/airflow_env/lib/python3.8/site-packages/airflow/example_dags/example_time_delta_sensor_async.py
[2022-04-03 00:21:15,652] {processor.py:642} INFO - Processing file /opt/anaconda3/envs/airflow_env/lib/python3.8/site-packages/airflow/example_dags/example_time_delta_sensor_async.py for tasks to queue
[2022-04-03 00:21:15,652] {logging_mixin.py:109} INFO - [2022-04-03 00:21:15,652] {dagbag.py:500} INFO - Filling up the DagBag from /opt/anaconda3/envs/airflow_env/lib/python3.8/site-packages/airflow/example_dags/example_time_delta_sensor_async.py
[2022-04-03 00:21:15,671] {processor.py:654} INFO - DAG(s) dict_keys(['example_time_delta_sensor_async']) retrieved from /opt/anaconda3/envs/airflow_env/lib/python3.8/site-packages/airflow/example_dags/example_time_delta_sensor_async.py
[2022-04-03 00:21:15,681] {logging_mixin.py:109} INFO - [2022-04-03 00:21:15,681] {dag.py:2398} INFO - Sync 1 DAGs
[2022-04-03 00:21:15,686] {logging_mixin.py:109} INFO - [2022-04-03 00:21:15,685] {dag.py:2937} INFO - Setting next_dagrun for example_time_delta_sensor_async to None
[2022-04-03 00:21:15,689] {processor.py:171} INFO - Processing /opt/anaconda3/envs/airflow_env/lib/python3.8/site-packages/airflow/example_dags/example_time_delta_sensor_async.py took 0.039 seconds
[2022-04-03 00:22:30,653] {processor.py:163} INFO - Started process (PID=11413) to work on /opt/anaconda3/envs/airflow_env/lib/python3.8/site-packages/airflow/example_dags/example_time_delta_sensor_async.py
[2022-04-03 00:22:30,655] {processor.py:642} INFO - Processing file /opt/anaconda3/envs/airflow_env/lib/python3.8/site-packages/airflow/example_dags/example_time_delta_sensor_async.py for tasks to queue
[2022-04-03 00:22:30,655] {logging_mixin.py:109} INFO - [2022-04-03 00:22:30,655] {dagbag.py:500} INFO - Filling up the DagBag from /opt/anaconda3/envs/airflow_env/lib/python3.8/site-packages/airflow/example_dags/example_time_delta_sensor_async.py
[2022-04-03 00:22:30,673] {processor.py:654} INFO - DAG(s) dict_keys(['example_time_delta_sensor_async']) retrieved from /opt/anaconda3/envs/airflow_env/lib/python3.8/site-packages/airflow/example_dags/example_time_delta_sensor_async.py
[2022-04-03 00:22:30,682] {logging_mixin.py:109} INFO - [2022-04-03 00:22:30,682] {dag.py:2398} INFO - Sync 1 DAGs
[2022-04-03 00:22:30,686] {logging_mixin.py:109} INFO - [2022-04-03 00:22:30,686] {dag.py:2937} INFO - Setting next_dagrun for example_time_delta_sensor_async to None
[2022-04-03 00:22:30,690] {processor.py:171} INFO - Processing /opt/anaconda3/envs/airflow_env/lib/python3.8/site-packages/airflow/example_dags/example_time_delta_sensor_async.py took 0.036 seconds
[2022-04-03 00:23:46,568] {processor.py:163} INFO - Started process (PID=11589) to work on /opt/anaconda3/envs/airflow_env/lib/python3.8/site-packages/airflow/example_dags/example_time_delta_sensor_async.py
[2022-04-03 00:23:46,568] {processor.py:642} INFO - Processing file /opt/anaconda3/envs/airflow_env/lib/python3.8/site-packages/airflow/example_dags/example_time_delta_sensor_async.py for tasks to queue
[2022-04-03 00:23:46,569] {logging_mixin.py:109} INFO - [2022-04-03 00:23:46,569] {dagbag.py:500} INFO - Filling up the DagBag from /opt/anaconda3/envs/airflow_env/lib/python3.8/site-packages/airflow/example_dags/example_time_delta_sensor_async.py
[2022-04-03 00:23:46,595] {processor.py:654} INFO - DAG(s) dict_keys(['example_time_delta_sensor_async']) retrieved from /opt/anaconda3/envs/airflow_env/lib/python3.8/site-packages/airflow/example_dags/example_time_delta_sensor_async.py
[2022-04-03 00:23:46,675] {logging_mixin.py:109} INFO - [2022-04-03 00:23:46,674] {dag.py:2398} INFO - Sync 1 DAGs
[2022-04-03 00:23:46,694] {logging_mixin.py:109} INFO - [2022-04-03 00:23:46,693] {dag.py:2937} INFO - Setting next_dagrun for example_time_delta_sensor_async to None
[2022-04-03 00:23:46,716] {processor.py:171} INFO - Processing /opt/anaconda3/envs/airflow_env/lib/python3.8/site-packages/airflow/example_dags/example_time_delta_sensor_async.py took 0.148 seconds
[2022-04-03 00:25:03,779] {processor.py:163} INFO - Started process (PID=11766) to work on /opt/anaconda3/envs/airflow_env/lib/python3.8/site-packages/airflow/example_dags/example_time_delta_sensor_async.py
[2022-04-03 00:25:03,779] {processor.py:642} INFO - Processing file /opt/anaconda3/envs/airflow_env/lib/python3.8/site-packages/airflow/example_dags/example_time_delta_sensor_async.py for tasks to queue
[2022-04-03 00:25:03,780] {logging_mixin.py:109} INFO - [2022-04-03 00:25:03,780] {dagbag.py:500} INFO - Filling up the DagBag from /opt/anaconda3/envs/airflow_env/lib/python3.8/site-packages/airflow/example_dags/example_time_delta_sensor_async.py
[2022-04-03 00:25:03,799] {processor.py:654} INFO - DAG(s) dict_keys(['example_time_delta_sensor_async']) retrieved from /opt/anaconda3/envs/airflow_env/lib/python3.8/site-packages/airflow/example_dags/example_time_delta_sensor_async.py
[2022-04-03 00:25:03,808] {logging_mixin.py:109} INFO - [2022-04-03 00:25:03,808] {dag.py:2398} INFO - Sync 1 DAGs
[2022-04-03 00:25:03,813] {logging_mixin.py:109} INFO - [2022-04-03 00:25:03,813] {dag.py:2937} INFO - Setting next_dagrun for example_time_delta_sensor_async to None
[2022-04-03 00:25:03,817] {processor.py:171} INFO - Processing /opt/anaconda3/envs/airflow_env/lib/python3.8/site-packages/airflow/example_dags/example_time_delta_sensor_async.py took 0.038 seconds
[2022-04-03 00:26:19,289] {processor.py:163} INFO - Started process (PID=11924) to work on /opt/anaconda3/envs/airflow_env/lib/python3.8/site-packages/airflow/example_dags/example_time_delta_sensor_async.py
[2022-04-03 00:26:19,290] {processor.py:642} INFO - Processing file /opt/anaconda3/envs/airflow_env/lib/python3.8/site-packages/airflow/example_dags/example_time_delta_sensor_async.py for tasks to queue
[2022-04-03 00:26:19,290] {logging_mixin.py:109} INFO - [2022-04-03 00:26:19,290] {dagbag.py:500} INFO - Filling up the DagBag from /opt/anaconda3/envs/airflow_env/lib/python3.8/site-packages/airflow/example_dags/example_time_delta_sensor_async.py
[2022-04-03 00:26:19,309] {processor.py:654} INFO - DAG(s) dict_keys(['example_time_delta_sensor_async']) retrieved from /opt/anaconda3/envs/airflow_env/lib/python3.8/site-packages/airflow/example_dags/example_time_delta_sensor_async.py
[2022-04-03 00:26:19,320] {logging_mixin.py:109} INFO - [2022-04-03 00:26:19,320] {dag.py:2398} INFO - Sync 1 DAGs
[2022-04-03 00:26:19,325] {logging_mixin.py:109} INFO - [2022-04-03 00:26:19,325] {dag.py:2937} INFO - Setting next_dagrun for example_time_delta_sensor_async to None
[2022-04-03 00:26:19,330] {processor.py:171} INFO - Processing /opt/anaconda3/envs/airflow_env/lib/python3.8/site-packages/airflow/example_dags/example_time_delta_sensor_async.py took 0.041 seconds
[2022-04-03 00:27:34,798] {processor.py:163} INFO - Started process (PID=12144) to work on /opt/anaconda3/envs/airflow_env/lib/python3.8/site-packages/airflow/example_dags/example_time_delta_sensor_async.py
[2022-04-03 00:27:34,799] {processor.py:642} INFO - Processing file /opt/anaconda3/envs/airflow_env/lib/python3.8/site-packages/airflow/example_dags/example_time_delta_sensor_async.py for tasks to queue
[2022-04-03 00:27:34,799] {logging_mixin.py:109} INFO - [2022-04-03 00:27:34,799] {dagbag.py:500} INFO - Filling up the DagBag from /opt/anaconda3/envs/airflow_env/lib/python3.8/site-packages/airflow/example_dags/example_time_delta_sensor_async.py
[2022-04-03 00:27:34,816] {processor.py:654} INFO - DAG(s) dict_keys(['example_time_delta_sensor_async']) retrieved from /opt/anaconda3/envs/airflow_env/lib/python3.8/site-packages/airflow/example_dags/example_time_delta_sensor_async.py
[2022-04-03 00:27:34,826] {logging_mixin.py:109} INFO - [2022-04-03 00:27:34,826] {dag.py:2398} INFO - Sync 1 DAGs
[2022-04-03 00:27:34,830] {logging_mixin.py:109} INFO - [2022-04-03 00:27:34,830] {dag.py:2937} INFO - Setting next_dagrun for example_time_delta_sensor_async to None
[2022-04-03 00:27:34,834] {processor.py:171} INFO - Processing /opt/anaconda3/envs/airflow_env/lib/python3.8/site-packages/airflow/example_dags/example_time_delta_sensor_async.py took 0.036 seconds
[2022-04-03 00:28:50,216] {processor.py:163} INFO - Started process (PID=12314) to work on /opt/anaconda3/envs/airflow_env/lib/python3.8/site-packages/airflow/example_dags/example_time_delta_sensor_async.py
[2022-04-03 00:28:50,217] {processor.py:642} INFO - Processing file /opt/anaconda3/envs/airflow_env/lib/python3.8/site-packages/airflow/example_dags/example_time_delta_sensor_async.py for tasks to queue
[2022-04-03 00:28:50,217] {logging_mixin.py:109} INFO - [2022-04-03 00:28:50,217] {dagbag.py:500} INFO - Filling up the DagBag from /opt/anaconda3/envs/airflow_env/lib/python3.8/site-packages/airflow/example_dags/example_time_delta_sensor_async.py
[2022-04-03 00:28:50,235] {processor.py:654} INFO - DAG(s) dict_keys(['example_time_delta_sensor_async']) retrieved from /opt/anaconda3/envs/airflow_env/lib/python3.8/site-packages/airflow/example_dags/example_time_delta_sensor_async.py
[2022-04-03 00:28:50,247] {logging_mixin.py:109} INFO - [2022-04-03 00:28:50,247] {dag.py:2398} INFO - Sync 1 DAGs
[2022-04-03 00:28:50,252] {logging_mixin.py:109} INFO - [2022-04-03 00:28:50,252] {dag.py:2937} INFO - Setting next_dagrun for example_time_delta_sensor_async to None
[2022-04-03 00:28:50,256] {processor.py:171} INFO - Processing /opt/anaconda3/envs/airflow_env/lib/python3.8/site-packages/airflow/example_dags/example_time_delta_sensor_async.py took 0.040 seconds
[2022-04-03 00:30:05,604] {processor.py:163} INFO - Started process (PID=12566) to work on /opt/anaconda3/envs/airflow_env/lib/python3.8/site-packages/airflow/example_dags/example_time_delta_sensor_async.py
[2022-04-03 00:30:05,604] {processor.py:642} INFO - Processing file /opt/anaconda3/envs/airflow_env/lib/python3.8/site-packages/airflow/example_dags/example_time_delta_sensor_async.py for tasks to queue
[2022-04-03 00:30:05,605] {logging_mixin.py:109} INFO - [2022-04-03 00:30:05,604] {dagbag.py:500} INFO - Filling up the DagBag from /opt/anaconda3/envs/airflow_env/lib/python3.8/site-packages/airflow/example_dags/example_time_delta_sensor_async.py
[2022-04-03 00:30:05,623] {processor.py:654} INFO - DAG(s) dict_keys(['example_time_delta_sensor_async']) retrieved from /opt/anaconda3/envs/airflow_env/lib/python3.8/site-packages/airflow/example_dags/example_time_delta_sensor_async.py
[2022-04-03 00:30:05,632] {logging_mixin.py:109} INFO - [2022-04-03 00:30:05,632] {dag.py:2398} INFO - Sync 1 DAGs
[2022-04-03 00:30:05,637] {logging_mixin.py:109} INFO - [2022-04-03 00:30:05,637] {dag.py:2937} INFO - Setting next_dagrun for example_time_delta_sensor_async to None
[2022-04-03 00:30:05,641] {processor.py:171} INFO - Processing /opt/anaconda3/envs/airflow_env/lib/python3.8/site-packages/airflow/example_dags/example_time_delta_sensor_async.py took 0.037 seconds
[2022-04-03 00:31:21,125] {processor.py:163} INFO - Started process (PID=12765) to work on /opt/anaconda3/envs/airflow_env/lib/python3.8/site-packages/airflow/example_dags/example_time_delta_sensor_async.py
[2022-04-03 00:31:21,129] {processor.py:642} INFO - Processing file /opt/anaconda3/envs/airflow_env/lib/python3.8/site-packages/airflow/example_dags/example_time_delta_sensor_async.py for tasks to queue
[2022-04-03 00:31:21,130] {logging_mixin.py:109} INFO - [2022-04-03 00:31:21,130] {dagbag.py:500} INFO - Filling up the DagBag from /opt/anaconda3/envs/airflow_env/lib/python3.8/site-packages/airflow/example_dags/example_time_delta_sensor_async.py
[2022-04-03 00:31:21,157] {processor.py:654} INFO - DAG(s) dict_keys(['example_time_delta_sensor_async']) retrieved from /opt/anaconda3/envs/airflow_env/lib/python3.8/site-packages/airflow/example_dags/example_time_delta_sensor_async.py
[2022-04-03 00:31:21,168] {logging_mixin.py:109} INFO - [2022-04-03 00:31:21,168] {dag.py:2398} INFO - Sync 1 DAGs
[2022-04-03 00:31:21,174] {logging_mixin.py:109} INFO - [2022-04-03 00:31:21,174] {dag.py:2937} INFO - Setting next_dagrun for example_time_delta_sensor_async to None
[2022-04-03 00:31:21,178] {processor.py:171} INFO - Processing /opt/anaconda3/envs/airflow_env/lib/python3.8/site-packages/airflow/example_dags/example_time_delta_sensor_async.py took 0.054 seconds
[2022-04-03 00:32:32,800] {processor.py:163} INFO - Started process (PID=12969) to work on /opt/anaconda3/envs/airflow_env/lib/python3.8/site-packages/airflow/example_dags/example_time_delta_sensor_async.py
[2022-04-03 00:32:32,801] {processor.py:642} INFO - Processing file /opt/anaconda3/envs/airflow_env/lib/python3.8/site-packages/airflow/example_dags/example_time_delta_sensor_async.py for tasks to queue
[2022-04-03 00:32:32,801] {logging_mixin.py:109} INFO - [2022-04-03 00:32:32,801] {dagbag.py:500} INFO - Filling up the DagBag from /opt/anaconda3/envs/airflow_env/lib/python3.8/site-packages/airflow/example_dags/example_time_delta_sensor_async.py
[2022-04-03 00:32:32,821] {processor.py:654} INFO - DAG(s) dict_keys(['example_time_delta_sensor_async']) retrieved from /opt/anaconda3/envs/airflow_env/lib/python3.8/site-packages/airflow/example_dags/example_time_delta_sensor_async.py
[2022-04-03 00:32:32,831] {logging_mixin.py:109} INFO - [2022-04-03 00:32:32,831] {dag.py:2398} INFO - Sync 1 DAGs
[2022-04-03 00:32:32,835] {logging_mixin.py:109} INFO - [2022-04-03 00:32:32,835] {dag.py:2937} INFO - Setting next_dagrun for example_time_delta_sensor_async to None
[2022-04-03 00:32:32,839] {processor.py:171} INFO - Processing /opt/anaconda3/envs/airflow_env/lib/python3.8/site-packages/airflow/example_dags/example_time_delta_sensor_async.py took 0.039 seconds
[2022-04-03 00:33:48,220] {processor.py:163} INFO - Started process (PID=13137) to work on /opt/anaconda3/envs/airflow_env/lib/python3.8/site-packages/airflow/example_dags/example_time_delta_sensor_async.py
[2022-04-03 00:33:48,220] {processor.py:642} INFO - Processing file /opt/anaconda3/envs/airflow_env/lib/python3.8/site-packages/airflow/example_dags/example_time_delta_sensor_async.py for tasks to queue
[2022-04-03 00:33:48,220] {logging_mixin.py:109} INFO - [2022-04-03 00:33:48,220] {dagbag.py:500} INFO - Filling up the DagBag from /opt/anaconda3/envs/airflow_env/lib/python3.8/site-packages/airflow/example_dags/example_time_delta_sensor_async.py
[2022-04-03 00:33:48,240] {processor.py:654} INFO - DAG(s) dict_keys(['example_time_delta_sensor_async']) retrieved from /opt/anaconda3/envs/airflow_env/lib/python3.8/site-packages/airflow/example_dags/example_time_delta_sensor_async.py
[2022-04-03 00:33:48,250] {logging_mixin.py:109} INFO - [2022-04-03 00:33:48,250] {dag.py:2398} INFO - Sync 1 DAGs
[2022-04-03 00:33:48,255] {logging_mixin.py:109} INFO - [2022-04-03 00:33:48,255] {dag.py:2937} INFO - Setting next_dagrun for example_time_delta_sensor_async to None
[2022-04-03 00:33:48,260] {processor.py:171} INFO - Processing /opt/anaconda3/envs/airflow_env/lib/python3.8/site-packages/airflow/example_dags/example_time_delta_sensor_async.py took 0.040 seconds
[2022-04-03 00:35:03,641] {processor.py:163} INFO - Started process (PID=13356) to work on /opt/anaconda3/envs/airflow_env/lib/python3.8/site-packages/airflow/example_dags/example_time_delta_sensor_async.py
[2022-04-03 00:35:03,642] {processor.py:642} INFO - Processing file /opt/anaconda3/envs/airflow_env/lib/python3.8/site-packages/airflow/example_dags/example_time_delta_sensor_async.py for tasks to queue
[2022-04-03 00:35:03,642] {logging_mixin.py:109} INFO - [2022-04-03 00:35:03,642] {dagbag.py:500} INFO - Filling up the DagBag from /opt/anaconda3/envs/airflow_env/lib/python3.8/site-packages/airflow/example_dags/example_time_delta_sensor_async.py
[2022-04-03 00:35:03,659] {processor.py:654} INFO - DAG(s) dict_keys(['example_time_delta_sensor_async']) retrieved from /opt/anaconda3/envs/airflow_env/lib/python3.8/site-packages/airflow/example_dags/example_time_delta_sensor_async.py
[2022-04-03 00:35:03,671] {logging_mixin.py:109} INFO - [2022-04-03 00:35:03,671] {dag.py:2398} INFO - Sync 1 DAGs
[2022-04-03 00:35:03,675] {logging_mixin.py:109} INFO - [2022-04-03 00:35:03,675] {dag.py:2937} INFO - Setting next_dagrun for example_time_delta_sensor_async to None
[2022-04-03 00:35:03,679] {processor.py:171} INFO - Processing /opt/anaconda3/envs/airflow_env/lib/python3.8/site-packages/airflow/example_dags/example_time_delta_sensor_async.py took 0.038 seconds
[2022-04-03 00:36:19,519] {processor.py:163} INFO - Started process (PID=13574) to work on /opt/anaconda3/envs/airflow_env/lib/python3.8/site-packages/airflow/example_dags/example_time_delta_sensor_async.py
[2022-04-03 00:36:19,519] {processor.py:642} INFO - Processing file /opt/anaconda3/envs/airflow_env/lib/python3.8/site-packages/airflow/example_dags/example_time_delta_sensor_async.py for tasks to queue
[2022-04-03 00:36:19,519] {logging_mixin.py:109} INFO - [2022-04-03 00:36:19,519] {dagbag.py:500} INFO - Filling up the DagBag from /opt/anaconda3/envs/airflow_env/lib/python3.8/site-packages/airflow/example_dags/example_time_delta_sensor_async.py
[2022-04-03 00:36:19,539] {processor.py:654} INFO - DAG(s) dict_keys(['example_time_delta_sensor_async']) retrieved from /opt/anaconda3/envs/airflow_env/lib/python3.8/site-packages/airflow/example_dags/example_time_delta_sensor_async.py
[2022-04-03 00:36:19,550] {logging_mixin.py:109} INFO - [2022-04-03 00:36:19,550] {dag.py:2398} INFO - Sync 1 DAGs
[2022-04-03 00:36:19,555] {logging_mixin.py:109} INFO - [2022-04-03 00:36:19,555] {dag.py:2937} INFO - Setting next_dagrun for example_time_delta_sensor_async to None
[2022-04-03 00:36:19,559] {processor.py:171} INFO - Processing /opt/anaconda3/envs/airflow_env/lib/python3.8/site-packages/airflow/example_dags/example_time_delta_sensor_async.py took 0.041 seconds
[2022-04-03 00:37:34,519] {processor.py:163} INFO - Started process (PID=13770) to work on /opt/anaconda3/envs/airflow_env/lib/python3.8/site-packages/airflow/example_dags/example_time_delta_sensor_async.py
[2022-04-03 00:37:34,519] {processor.py:642} INFO - Processing file /opt/anaconda3/envs/airflow_env/lib/python3.8/site-packages/airflow/example_dags/example_time_delta_sensor_async.py for tasks to queue
[2022-04-03 00:37:34,519] {logging_mixin.py:109} INFO - [2022-04-03 00:37:34,519] {dagbag.py:500} INFO - Filling up the DagBag from /opt/anaconda3/envs/airflow_env/lib/python3.8/site-packages/airflow/example_dags/example_time_delta_sensor_async.py
[2022-04-03 00:37:34,537] {processor.py:654} INFO - DAG(s) dict_keys(['example_time_delta_sensor_async']) retrieved from /opt/anaconda3/envs/airflow_env/lib/python3.8/site-packages/airflow/example_dags/example_time_delta_sensor_async.py
[2022-04-03 00:37:34,546] {logging_mixin.py:109} INFO - [2022-04-03 00:37:34,546] {dag.py:2398} INFO - Sync 1 DAGs
[2022-04-03 00:37:34,551] {logging_mixin.py:109} INFO - [2022-04-03 00:37:34,550] {dag.py:2937} INFO - Setting next_dagrun for example_time_delta_sensor_async to None
[2022-04-03 00:37:34,554] {processor.py:171} INFO - Processing /opt/anaconda3/envs/airflow_env/lib/python3.8/site-packages/airflow/example_dags/example_time_delta_sensor_async.py took 0.036 seconds
