[2022-04-02 23:47:14,358] {processor.py:163} INFO - Started process (PID=6046) to work on /opt/anaconda3/envs/airflow_env/lib/python3.8/site-packages/airflow/example_dags/example_branch_python_dop_operator_3.py
[2022-04-02 23:47:14,358] {processor.py:642} INFO - Processing file /opt/anaconda3/envs/airflow_env/lib/python3.8/site-packages/airflow/example_dags/example_branch_python_dop_operator_3.py for tasks to queue
[2022-04-02 23:47:14,358] {logging_mixin.py:109} INFO - [2022-04-02 23:47:14,358] {dagbag.py:500} INFO - Filling up the DagBag from /opt/anaconda3/envs/airflow_env/lib/python3.8/site-packages/airflow/example_dags/example_branch_python_dop_operator_3.py
[2022-04-02 23:47:14,384] {processor.py:654} INFO - DAG(s) dict_keys(['example_branch_dop_operator_v3']) retrieved from /opt/anaconda3/envs/airflow_env/lib/python3.8/site-packages/airflow/example_dags/example_branch_python_dop_operator_3.py
[2022-04-02 23:47:14,393] {logging_mixin.py:109} INFO - [2022-04-02 23:47:14,393] {dag.py:2398} INFO - Sync 1 DAGs
[2022-04-02 23:47:14,401] {logging_mixin.py:109} INFO - [2022-04-02 23:47:14,401] {dag.py:2937} INFO - Setting next_dagrun for example_branch_dop_operator_v3 to 2022-04-02T21:46:00+00:00
[2022-04-02 23:47:14,404] {processor.py:171} INFO - Processing /opt/anaconda3/envs/airflow_env/lib/python3.8/site-packages/airflow/example_dags/example_branch_python_dop_operator_3.py took 0.047 seconds
[2022-04-02 23:48:21,543] {processor.py:163} INFO - Started process (PID=6244) to work on /opt/anaconda3/envs/airflow_env/lib/python3.8/site-packages/airflow/example_dags/example_branch_python_dop_operator_3.py
[2022-04-02 23:48:21,543] {processor.py:642} INFO - Processing file /opt/anaconda3/envs/airflow_env/lib/python3.8/site-packages/airflow/example_dags/example_branch_python_dop_operator_3.py for tasks to queue
[2022-04-02 23:48:21,543] {logging_mixin.py:109} INFO - [2022-04-02 23:48:21,543] {dagbag.py:500} INFO - Filling up the DagBag from /opt/anaconda3/envs/airflow_env/lib/python3.8/site-packages/airflow/example_dags/example_branch_python_dop_operator_3.py
[2022-04-02 23:48:21,572] {processor.py:654} INFO - DAG(s) dict_keys(['example_branch_dop_operator_v3']) retrieved from /opt/anaconda3/envs/airflow_env/lib/python3.8/site-packages/airflow/example_dags/example_branch_python_dop_operator_3.py
[2022-04-02 23:48:21,582] {logging_mixin.py:109} INFO - [2022-04-02 23:48:21,582] {dag.py:2398} INFO - Sync 1 DAGs
[2022-04-02 23:48:21,590] {logging_mixin.py:109} INFO - [2022-04-02 23:48:21,590] {dag.py:2937} INFO - Setting next_dagrun for example_branch_dop_operator_v3 to 2022-04-02T21:47:00+00:00
[2022-04-02 23:48:21,595] {processor.py:171} INFO - Processing /opt/anaconda3/envs/airflow_env/lib/python3.8/site-packages/airflow/example_dags/example_branch_python_dop_operator_3.py took 0.052 seconds
[2022-04-02 23:49:28,844] {processor.py:163} INFO - Started process (PID=6431) to work on /opt/anaconda3/envs/airflow_env/lib/python3.8/site-packages/airflow/example_dags/example_branch_python_dop_operator_3.py
[2022-04-02 23:49:28,845] {processor.py:642} INFO - Processing file /opt/anaconda3/envs/airflow_env/lib/python3.8/site-packages/airflow/example_dags/example_branch_python_dop_operator_3.py for tasks to queue
[2022-04-02 23:49:28,845] {logging_mixin.py:109} INFO - [2022-04-02 23:49:28,845] {dagbag.py:500} INFO - Filling up the DagBag from /opt/anaconda3/envs/airflow_env/lib/python3.8/site-packages/airflow/example_dags/example_branch_python_dop_operator_3.py
[2022-04-02 23:49:28,874] {processor.py:654} INFO - DAG(s) dict_keys(['example_branch_dop_operator_v3']) retrieved from /opt/anaconda3/envs/airflow_env/lib/python3.8/site-packages/airflow/example_dags/example_branch_python_dop_operator_3.py
[2022-04-02 23:49:28,884] {logging_mixin.py:109} INFO - [2022-04-02 23:49:28,883] {dag.py:2398} INFO - Sync 1 DAGs
[2022-04-02 23:49:28,892] {logging_mixin.py:109} INFO - [2022-04-02 23:49:28,892] {dag.py:2937} INFO - Setting next_dagrun for example_branch_dop_operator_v3 to 2022-04-02T21:48:00+00:00
[2022-04-02 23:49:28,896] {processor.py:171} INFO - Processing /opt/anaconda3/envs/airflow_env/lib/python3.8/site-packages/airflow/example_dags/example_branch_python_dop_operator_3.py took 0.052 seconds
[2022-04-02 23:50:36,455] {processor.py:163} INFO - Started process (PID=6635) to work on /opt/anaconda3/envs/airflow_env/lib/python3.8/site-packages/airflow/example_dags/example_branch_python_dop_operator_3.py
[2022-04-02 23:50:36,455] {processor.py:642} INFO - Processing file /opt/anaconda3/envs/airflow_env/lib/python3.8/site-packages/airflow/example_dags/example_branch_python_dop_operator_3.py for tasks to queue
[2022-04-02 23:50:36,455] {logging_mixin.py:109} INFO - [2022-04-02 23:50:36,455] {dagbag.py:500} INFO - Filling up the DagBag from /opt/anaconda3/envs/airflow_env/lib/python3.8/site-packages/airflow/example_dags/example_branch_python_dop_operator_3.py
[2022-04-02 23:50:36,482] {processor.py:654} INFO - DAG(s) dict_keys(['example_branch_dop_operator_v3']) retrieved from /opt/anaconda3/envs/airflow_env/lib/python3.8/site-packages/airflow/example_dags/example_branch_python_dop_operator_3.py
[2022-04-02 23:50:36,497] {logging_mixin.py:109} INFO - [2022-04-02 23:50:36,497] {dag.py:2398} INFO - Sync 1 DAGs
[2022-04-02 23:50:36,506] {logging_mixin.py:109} INFO - [2022-04-02 23:50:36,506] {dag.py:2937} INFO - Setting next_dagrun for example_branch_dop_operator_v3 to 2022-04-02T21:49:00+00:00
[2022-04-02 23:50:36,511] {processor.py:171} INFO - Processing /opt/anaconda3/envs/airflow_env/lib/python3.8/site-packages/airflow/example_dags/example_branch_python_dop_operator_3.py took 0.056 seconds
[2022-04-02 23:51:43,176] {processor.py:163} INFO - Started process (PID=6799) to work on /opt/anaconda3/envs/airflow_env/lib/python3.8/site-packages/airflow/example_dags/example_branch_python_dop_operator_3.py
[2022-04-02 23:51:43,176] {processor.py:642} INFO - Processing file /opt/anaconda3/envs/airflow_env/lib/python3.8/site-packages/airflow/example_dags/example_branch_python_dop_operator_3.py for tasks to queue
[2022-04-02 23:51:43,177] {logging_mixin.py:109} INFO - [2022-04-02 23:51:43,177] {dagbag.py:500} INFO - Filling up the DagBag from /opt/anaconda3/envs/airflow_env/lib/python3.8/site-packages/airflow/example_dags/example_branch_python_dop_operator_3.py
[2022-04-02 23:51:43,203] {processor.py:654} INFO - DAG(s) dict_keys(['example_branch_dop_operator_v3']) retrieved from /opt/anaconda3/envs/airflow_env/lib/python3.8/site-packages/airflow/example_dags/example_branch_python_dop_operator_3.py
[2022-04-02 23:51:43,213] {logging_mixin.py:109} INFO - [2022-04-02 23:51:43,213] {dag.py:2398} INFO - Sync 1 DAGs
[2022-04-02 23:51:43,221] {logging_mixin.py:109} INFO - [2022-04-02 23:51:43,221] {dag.py:2937} INFO - Setting next_dagrun for example_branch_dop_operator_v3 to 2022-04-02T21:50:00+00:00
[2022-04-02 23:51:43,225] {processor.py:171} INFO - Processing /opt/anaconda3/envs/airflow_env/lib/python3.8/site-packages/airflow/example_dags/example_branch_python_dop_operator_3.py took 0.050 seconds
