[2022-04-02 23:47:08,336] {processor.py:163} INFO - Started process (PID=6025) to work on /opt/anaconda3/envs/airflow_env/lib/python3.8/site-packages/airflow/example_dags/example_external_task_marker_dag.py
[2022-04-02 23:47:08,336] {processor.py:642} INFO - Processing file /opt/anaconda3/envs/airflow_env/lib/python3.8/site-packages/airflow/example_dags/example_external_task_marker_dag.py for tasks to queue
[2022-04-02 23:47:08,336] {logging_mixin.py:109} INFO - [2022-04-02 23:47:08,336] {dagbag.py:500} INFO - Filling up the DagBag from /opt/anaconda3/envs/airflow_env/lib/python3.8/site-packages/airflow/example_dags/example_external_task_marker_dag.py
[2022-04-02 23:47:08,356] {processor.py:654} INFO - DAG(s) dict_keys(['example_external_task_marker_parent', 'example_external_task_marker_child']) retrieved from /opt/anaconda3/envs/airflow_env/lib/python3.8/site-packages/airflow/example_dags/example_external_task_marker_dag.py
[2022-04-02 23:47:08,373] {logging_mixin.py:109} INFO - [2022-04-02 23:47:08,373] {dag.py:2398} INFO - Sync 2 DAGs
[2022-04-02 23:47:08,379] {logging_mixin.py:109} INFO - [2022-04-02 23:47:08,379] {dag.py:2937} INFO - Setting next_dagrun for example_external_task_marker_child to None
[2022-04-02 23:47:08,379] {logging_mixin.py:109} INFO - [2022-04-02 23:47:08,379] {dag.py:2937} INFO - Setting next_dagrun for example_external_task_marker_parent to None
[2022-04-02 23:47:08,384] {processor.py:171} INFO - Processing /opt/anaconda3/envs/airflow_env/lib/python3.8/site-packages/airflow/example_dags/example_external_task_marker_dag.py took 0.048 seconds
[2022-04-02 23:48:15,679] {processor.py:163} INFO - Started process (PID=6231) to work on /opt/anaconda3/envs/airflow_env/lib/python3.8/site-packages/airflow/example_dags/example_external_task_marker_dag.py
[2022-04-02 23:48:15,679] {processor.py:642} INFO - Processing file /opt/anaconda3/envs/airflow_env/lib/python3.8/site-packages/airflow/example_dags/example_external_task_marker_dag.py for tasks to queue
[2022-04-02 23:48:15,679] {logging_mixin.py:109} INFO - [2022-04-02 23:48:15,679] {dagbag.py:500} INFO - Filling up the DagBag from /opt/anaconda3/envs/airflow_env/lib/python3.8/site-packages/airflow/example_dags/example_external_task_marker_dag.py
[2022-04-02 23:48:15,697] {processor.py:654} INFO - DAG(s) dict_keys(['example_external_task_marker_parent', 'example_external_task_marker_child']) retrieved from /opt/anaconda3/envs/airflow_env/lib/python3.8/site-packages/airflow/example_dags/example_external_task_marker_dag.py
[2022-04-02 23:48:15,713] {logging_mixin.py:109} INFO - [2022-04-02 23:48:15,713] {dag.py:2398} INFO - Sync 2 DAGs
[2022-04-02 23:48:15,719] {logging_mixin.py:109} INFO - [2022-04-02 23:48:15,719] {dag.py:2937} INFO - Setting next_dagrun for example_external_task_marker_child to None
[2022-04-02 23:48:15,719] {logging_mixin.py:109} INFO - [2022-04-02 23:48:15,719] {dag.py:2937} INFO - Setting next_dagrun for example_external_task_marker_parent to None
[2022-04-02 23:48:15,723] {processor.py:171} INFO - Processing /opt/anaconda3/envs/airflow_env/lib/python3.8/site-packages/airflow/example_dags/example_external_task_marker_dag.py took 0.045 seconds
[2022-04-02 23:49:22,846] {processor.py:163} INFO - Started process (PID=6411) to work on /opt/anaconda3/envs/airflow_env/lib/python3.8/site-packages/airflow/example_dags/example_external_task_marker_dag.py
[2022-04-02 23:49:22,847] {processor.py:642} INFO - Processing file /opt/anaconda3/envs/airflow_env/lib/python3.8/site-packages/airflow/example_dags/example_external_task_marker_dag.py for tasks to queue
[2022-04-02 23:49:22,847] {logging_mixin.py:109} INFO - [2022-04-02 23:49:22,847] {dagbag.py:500} INFO - Filling up the DagBag from /opt/anaconda3/envs/airflow_env/lib/python3.8/site-packages/airflow/example_dags/example_external_task_marker_dag.py
[2022-04-02 23:49:22,866] {processor.py:654} INFO - DAG(s) dict_keys(['example_external_task_marker_parent', 'example_external_task_marker_child']) retrieved from /opt/anaconda3/envs/airflow_env/lib/python3.8/site-packages/airflow/example_dags/example_external_task_marker_dag.py
[2022-04-02 23:49:22,877] {logging_mixin.py:109} INFO - [2022-04-02 23:49:22,877] {dag.py:2398} INFO - Sync 2 DAGs
[2022-04-02 23:49:22,881] {logging_mixin.py:109} INFO - [2022-04-02 23:49:22,881] {dag.py:2937} INFO - Setting next_dagrun for example_external_task_marker_child to None
[2022-04-02 23:49:22,882] {logging_mixin.py:109} INFO - [2022-04-02 23:49:22,882] {dag.py:2937} INFO - Setting next_dagrun for example_external_task_marker_parent to None
[2022-04-02 23:49:22,885] {processor.py:171} INFO - Processing /opt/anaconda3/envs/airflow_env/lib/python3.8/site-packages/airflow/example_dags/example_external_task_marker_dag.py took 0.039 seconds
[2022-04-02 23:50:30,534] {processor.py:163} INFO - Started process (PID=6622) to work on /opt/anaconda3/envs/airflow_env/lib/python3.8/site-packages/airflow/example_dags/example_external_task_marker_dag.py
[2022-04-02 23:50:30,536] {processor.py:642} INFO - Processing file /opt/anaconda3/envs/airflow_env/lib/python3.8/site-packages/airflow/example_dags/example_external_task_marker_dag.py for tasks to queue
[2022-04-02 23:50:30,536] {logging_mixin.py:109} INFO - [2022-04-02 23:50:30,536] {dagbag.py:500} INFO - Filling up the DagBag from /opt/anaconda3/envs/airflow_env/lib/python3.8/site-packages/airflow/example_dags/example_external_task_marker_dag.py
[2022-04-02 23:50:30,554] {processor.py:654} INFO - DAG(s) dict_keys(['example_external_task_marker_parent', 'example_external_task_marker_child']) retrieved from /opt/anaconda3/envs/airflow_env/lib/python3.8/site-packages/airflow/example_dags/example_external_task_marker_dag.py
[2022-04-02 23:50:30,570] {logging_mixin.py:109} INFO - [2022-04-02 23:50:30,570] {dag.py:2398} INFO - Sync 2 DAGs
[2022-04-02 23:50:30,575] {logging_mixin.py:109} INFO - [2022-04-02 23:50:30,575] {dag.py:2937} INFO - Setting next_dagrun for example_external_task_marker_child to None
[2022-04-02 23:50:30,576] {logging_mixin.py:109} INFO - [2022-04-02 23:50:30,576] {dag.py:2937} INFO - Setting next_dagrun for example_external_task_marker_parent to None
[2022-04-02 23:50:30,580] {processor.py:171} INFO - Processing /opt/anaconda3/envs/airflow_env/lib/python3.8/site-packages/airflow/example_dags/example_external_task_marker_dag.py took 0.045 seconds
[2022-04-02 23:51:37,203] {processor.py:163} INFO - Started process (PID=6786) to work on /opt/anaconda3/envs/airflow_env/lib/python3.8/site-packages/airflow/example_dags/example_external_task_marker_dag.py
[2022-04-02 23:51:37,204] {processor.py:642} INFO - Processing file /opt/anaconda3/envs/airflow_env/lib/python3.8/site-packages/airflow/example_dags/example_external_task_marker_dag.py for tasks to queue
[2022-04-02 23:51:37,204] {logging_mixin.py:109} INFO - [2022-04-02 23:51:37,204] {dagbag.py:500} INFO - Filling up the DagBag from /opt/anaconda3/envs/airflow_env/lib/python3.8/site-packages/airflow/example_dags/example_external_task_marker_dag.py
[2022-04-02 23:51:37,223] {processor.py:654} INFO - DAG(s) dict_keys(['example_external_task_marker_parent', 'example_external_task_marker_child']) retrieved from /opt/anaconda3/envs/airflow_env/lib/python3.8/site-packages/airflow/example_dags/example_external_task_marker_dag.py
[2022-04-02 23:51:37,233] {logging_mixin.py:109} INFO - [2022-04-02 23:51:37,233] {dag.py:2398} INFO - Sync 2 DAGs
[2022-04-02 23:51:37,238] {logging_mixin.py:109} INFO - [2022-04-02 23:51:37,238] {dag.py:2937} INFO - Setting next_dagrun for example_external_task_marker_child to None
[2022-04-02 23:51:37,238] {logging_mixin.py:109} INFO - [2022-04-02 23:51:37,238] {dag.py:2937} INFO - Setting next_dagrun for example_external_task_marker_parent to None
[2022-04-02 23:51:37,242] {processor.py:171} INFO - Processing /opt/anaconda3/envs/airflow_env/lib/python3.8/site-packages/airflow/example_dags/example_external_task_marker_dag.py took 0.039 seconds
