[2022-04-02 23:47:02,277] {processor.py:163} INFO - Started process (PID=6013) to work on /opt/anaconda3/envs/airflow_env/lib/python3.8/site-packages/airflow/example_dags/example_latest_only_with_trigger.py
[2022-04-02 23:47:02,277] {processor.py:642} INFO - Processing file /opt/anaconda3/envs/airflow_env/lib/python3.8/site-packages/airflow/example_dags/example_latest_only_with_trigger.py for tasks to queue
[2022-04-02 23:47:02,277] {logging_mixin.py:109} INFO - [2022-04-02 23:47:02,277] {dagbag.py:500} INFO - Filling up the DagBag from /opt/anaconda3/envs/airflow_env/lib/python3.8/site-packages/airflow/example_dags/example_latest_only_with_trigger.py
[2022-04-02 23:47:02,295] {processor.py:654} INFO - DAG(s) dict_keys(['latest_only_with_trigger']) retrieved from /opt/anaconda3/envs/airflow_env/lib/python3.8/site-packages/airflow/example_dags/example_latest_only_with_trigger.py
[2022-04-02 23:47:02,305] {logging_mixin.py:109} INFO - [2022-04-02 23:47:02,304] {dag.py:2398} INFO - Sync 1 DAGs
[2022-04-02 23:47:02,309] {logging_mixin.py:109} INFO - [2022-04-02 23:47:02,309] {dag.py:2937} INFO - Setting next_dagrun for latest_only_with_trigger to 2022-04-02T17:47:02.309566+00:00
[2022-04-02 23:47:02,313] {processor.py:171} INFO - Processing /opt/anaconda3/envs/airflow_env/lib/python3.8/site-packages/airflow/example_dags/example_latest_only_with_trigger.py took 0.037 seconds
[2022-04-02 23:48:09,738] {processor.py:163} INFO - Started process (PID=6214) to work on /opt/anaconda3/envs/airflow_env/lib/python3.8/site-packages/airflow/example_dags/example_latest_only_with_trigger.py
[2022-04-02 23:48:09,739] {processor.py:642} INFO - Processing file /opt/anaconda3/envs/airflow_env/lib/python3.8/site-packages/airflow/example_dags/example_latest_only_with_trigger.py for tasks to queue
[2022-04-02 23:48:09,739] {logging_mixin.py:109} INFO - [2022-04-02 23:48:09,739] {dagbag.py:500} INFO - Filling up the DagBag from /opt/anaconda3/envs/airflow_env/lib/python3.8/site-packages/airflow/example_dags/example_latest_only_with_trigger.py
[2022-04-02 23:48:09,758] {processor.py:654} INFO - DAG(s) dict_keys(['latest_only_with_trigger']) retrieved from /opt/anaconda3/envs/airflow_env/lib/python3.8/site-packages/airflow/example_dags/example_latest_only_with_trigger.py
[2022-04-02 23:48:09,768] {logging_mixin.py:109} INFO - [2022-04-02 23:48:09,768] {dag.py:2398} INFO - Sync 1 DAGs
[2022-04-02 23:48:09,773] {logging_mixin.py:109} INFO - [2022-04-02 23:48:09,773] {dag.py:2937} INFO - Setting next_dagrun for latest_only_with_trigger to 2022-04-02T17:48:09.773207+00:00
[2022-04-02 23:48:09,777] {processor.py:171} INFO - Processing /opt/anaconda3/envs/airflow_env/lib/python3.8/site-packages/airflow/example_dags/example_latest_only_with_trigger.py took 0.039 seconds
[2022-04-02 23:49:16,857] {processor.py:163} INFO - Started process (PID=6385) to work on /opt/anaconda3/envs/airflow_env/lib/python3.8/site-packages/airflow/example_dags/example_latest_only_with_trigger.py
[2022-04-02 23:49:16,857] {processor.py:642} INFO - Processing file /opt/anaconda3/envs/airflow_env/lib/python3.8/site-packages/airflow/example_dags/example_latest_only_with_trigger.py for tasks to queue
[2022-04-02 23:49:16,857] {logging_mixin.py:109} INFO - [2022-04-02 23:49:16,857] {dagbag.py:500} INFO - Filling up the DagBag from /opt/anaconda3/envs/airflow_env/lib/python3.8/site-packages/airflow/example_dags/example_latest_only_with_trigger.py
[2022-04-02 23:49:16,876] {processor.py:654} INFO - DAG(s) dict_keys(['latest_only_with_trigger']) retrieved from /opt/anaconda3/envs/airflow_env/lib/python3.8/site-packages/airflow/example_dags/example_latest_only_with_trigger.py
[2022-04-02 23:49:16,886] {logging_mixin.py:109} INFO - [2022-04-02 23:49:16,886] {dag.py:2398} INFO - Sync 1 DAGs
[2022-04-02 23:49:16,891] {logging_mixin.py:109} INFO - [2022-04-02 23:49:16,891] {dag.py:2937} INFO - Setting next_dagrun for latest_only_with_trigger to 2022-04-02T17:49:16.891315+00:00
[2022-04-02 23:49:16,895] {processor.py:171} INFO - Processing /opt/anaconda3/envs/airflow_env/lib/python3.8/site-packages/airflow/example_dags/example_latest_only_with_trigger.py took 0.038 seconds
[2022-04-02 23:50:24,686] {processor.py:163} INFO - Started process (PID=6610) to work on /opt/anaconda3/envs/airflow_env/lib/python3.8/site-packages/airflow/example_dags/example_latest_only_with_trigger.py
[2022-04-02 23:50:24,686] {processor.py:642} INFO - Processing file /opt/anaconda3/envs/airflow_env/lib/python3.8/site-packages/airflow/example_dags/example_latest_only_with_trigger.py for tasks to queue
[2022-04-02 23:50:24,686] {logging_mixin.py:109} INFO - [2022-04-02 23:50:24,686] {dagbag.py:500} INFO - Filling up the DagBag from /opt/anaconda3/envs/airflow_env/lib/python3.8/site-packages/airflow/example_dags/example_latest_only_with_trigger.py
[2022-04-02 23:50:24,706] {processor.py:654} INFO - DAG(s) dict_keys(['latest_only_with_trigger']) retrieved from /opt/anaconda3/envs/airflow_env/lib/python3.8/site-packages/airflow/example_dags/example_latest_only_with_trigger.py
[2022-04-02 23:50:24,716] {logging_mixin.py:109} INFO - [2022-04-02 23:50:24,716] {dag.py:2398} INFO - Sync 1 DAGs
[2022-04-02 23:50:24,721] {logging_mixin.py:109} INFO - [2022-04-02 23:50:24,720] {dag.py:2937} INFO - Setting next_dagrun for latest_only_with_trigger to 2022-04-02T17:50:24.720874+00:00
[2022-04-02 23:50:24,724] {processor.py:171} INFO - Processing /opt/anaconda3/envs/airflow_env/lib/python3.8/site-packages/airflow/example_dags/example_latest_only_with_trigger.py took 0.039 seconds
[2022-04-02 23:51:31,380] {processor.py:163} INFO - Started process (PID=6774) to work on /opt/anaconda3/envs/airflow_env/lib/python3.8/site-packages/airflow/example_dags/example_latest_only_with_trigger.py
[2022-04-02 23:51:31,381] {processor.py:642} INFO - Processing file /opt/anaconda3/envs/airflow_env/lib/python3.8/site-packages/airflow/example_dags/example_latest_only_with_trigger.py for tasks to queue
[2022-04-02 23:51:31,381] {logging_mixin.py:109} INFO - [2022-04-02 23:51:31,381] {dagbag.py:500} INFO - Filling up the DagBag from /opt/anaconda3/envs/airflow_env/lib/python3.8/site-packages/airflow/example_dags/example_latest_only_with_trigger.py
[2022-04-02 23:51:31,401] {processor.py:654} INFO - DAG(s) dict_keys(['latest_only_with_trigger']) retrieved from /opt/anaconda3/envs/airflow_env/lib/python3.8/site-packages/airflow/example_dags/example_latest_only_with_trigger.py
[2022-04-02 23:51:31,411] {logging_mixin.py:109} INFO - [2022-04-02 23:51:31,411] {dag.py:2398} INFO - Sync 1 DAGs
[2022-04-02 23:51:31,416] {logging_mixin.py:109} INFO - [2022-04-02 23:51:31,416] {dag.py:2937} INFO - Setting next_dagrun for latest_only_with_trigger to 2022-04-02T17:51:31.416674+00:00
[2022-04-02 23:51:31,420] {processor.py:171} INFO - Processing /opt/anaconda3/envs/airflow_env/lib/python3.8/site-packages/airflow/example_dags/example_latest_only_with_trigger.py took 0.040 seconds
