[2022-04-02 23:47:22,291] {processor.py:163} INFO - Started process (PID=6068) to work on /opt/anaconda3/envs/airflow_env/lib/python3.8/site-packages/airflow/example_dags/example_branch_datetime_operator.py
[2022-04-02 23:47:22,291] {processor.py:642} INFO - Processing file /opt/anaconda3/envs/airflow_env/lib/python3.8/site-packages/airflow/example_dags/example_branch_datetime_operator.py for tasks to queue
[2022-04-02 23:47:22,291] {logging_mixin.py:109} INFO - [2022-04-02 23:47:22,291] {dagbag.py:500} INFO - Filling up the DagBag from /opt/anaconda3/envs/airflow_env/lib/python3.8/site-packages/airflow/example_dags/example_branch_datetime_operator.py
[2022-04-02 23:47:22,311] {processor.py:654} INFO - DAG(s) dict_keys(['example_branch_datetime_operator_2']) retrieved from /opt/anaconda3/envs/airflow_env/lib/python3.8/site-packages/airflow/example_dags/example_branch_datetime_operator.py
[2022-04-02 23:47:22,322] {logging_mixin.py:109} INFO - [2022-04-02 23:47:22,322] {dag.py:2398} INFO - Sync 1 DAGs
[2022-04-02 23:47:22,329] {logging_mixin.py:109} INFO - [2022-04-02 23:47:22,329] {dag.py:2937} INFO - Setting next_dagrun for example_branch_datetime_operator_2 to 2022-04-01 00:00:00+00:00
[2022-04-02 23:47:22,333] {processor.py:171} INFO - Processing /opt/anaconda3/envs/airflow_env/lib/python3.8/site-packages/airflow/example_dags/example_branch_datetime_operator.py took 0.043 seconds
[2022-04-02 23:48:29,452] {processor.py:163} INFO - Started process (PID=6267) to work on /opt/anaconda3/envs/airflow_env/lib/python3.8/site-packages/airflow/example_dags/example_branch_datetime_operator.py
[2022-04-02 23:48:29,452] {processor.py:642} INFO - Processing file /opt/anaconda3/envs/airflow_env/lib/python3.8/site-packages/airflow/example_dags/example_branch_datetime_operator.py for tasks to queue
[2022-04-02 23:48:29,452] {logging_mixin.py:109} INFO - [2022-04-02 23:48:29,452] {dagbag.py:500} INFO - Filling up the DagBag from /opt/anaconda3/envs/airflow_env/lib/python3.8/site-packages/airflow/example_dags/example_branch_datetime_operator.py
[2022-04-02 23:48:29,472] {processor.py:654} INFO - DAG(s) dict_keys(['example_branch_datetime_operator_2']) retrieved from /opt/anaconda3/envs/airflow_env/lib/python3.8/site-packages/airflow/example_dags/example_branch_datetime_operator.py
[2022-04-02 23:48:29,484] {logging_mixin.py:109} INFO - [2022-04-02 23:48:29,484] {dag.py:2398} INFO - Sync 1 DAGs
[2022-04-02 23:48:29,490] {logging_mixin.py:109} INFO - [2022-04-02 23:48:29,490] {dag.py:2937} INFO - Setting next_dagrun for example_branch_datetime_operator_2 to 2022-04-01 00:00:00+00:00
[2022-04-02 23:48:29,497] {processor.py:171} INFO - Processing /opt/anaconda3/envs/airflow_env/lib/python3.8/site-packages/airflow/example_dags/example_branch_datetime_operator.py took 0.045 seconds
[2022-04-02 23:49:36,709] {processor.py:163} INFO - Started process (PID=6451) to work on /opt/anaconda3/envs/airflow_env/lib/python3.8/site-packages/airflow/example_dags/example_branch_datetime_operator.py
[2022-04-02 23:49:36,709] {processor.py:642} INFO - Processing file /opt/anaconda3/envs/airflow_env/lib/python3.8/site-packages/airflow/example_dags/example_branch_datetime_operator.py for tasks to queue
[2022-04-02 23:49:36,709] {logging_mixin.py:109} INFO - [2022-04-02 23:49:36,709] {dagbag.py:500} INFO - Filling up the DagBag from /opt/anaconda3/envs/airflow_env/lib/python3.8/site-packages/airflow/example_dags/example_branch_datetime_operator.py
[2022-04-02 23:49:36,728] {processor.py:654} INFO - DAG(s) dict_keys(['example_branch_datetime_operator_2']) retrieved from /opt/anaconda3/envs/airflow_env/lib/python3.8/site-packages/airflow/example_dags/example_branch_datetime_operator.py
[2022-04-02 23:49:36,738] {logging_mixin.py:109} INFO - [2022-04-02 23:49:36,738] {dag.py:2398} INFO - Sync 1 DAGs
[2022-04-02 23:49:36,743] {logging_mixin.py:109} INFO - [2022-04-02 23:49:36,743] {dag.py:2937} INFO - Setting next_dagrun for example_branch_datetime_operator_2 to 2022-04-01 00:00:00+00:00
[2022-04-02 23:49:36,747] {processor.py:171} INFO - Processing /opt/anaconda3/envs/airflow_env/lib/python3.8/site-packages/airflow/example_dags/example_branch_datetime_operator.py took 0.039 seconds
[2022-04-02 23:50:44,216] {processor.py:163} INFO - Started process (PID=6652) to work on /opt/anaconda3/envs/airflow_env/lib/python3.8/site-packages/airflow/example_dags/example_branch_datetime_operator.py
[2022-04-02 23:50:44,217] {processor.py:642} INFO - Processing file /opt/anaconda3/envs/airflow_env/lib/python3.8/site-packages/airflow/example_dags/example_branch_datetime_operator.py for tasks to queue
[2022-04-02 23:50:44,217] {logging_mixin.py:109} INFO - [2022-04-02 23:50:44,217] {dagbag.py:500} INFO - Filling up the DagBag from /opt/anaconda3/envs/airflow_env/lib/python3.8/site-packages/airflow/example_dags/example_branch_datetime_operator.py
[2022-04-02 23:50:44,236] {processor.py:654} INFO - DAG(s) dict_keys(['example_branch_datetime_operator_2']) retrieved from /opt/anaconda3/envs/airflow_env/lib/python3.8/site-packages/airflow/example_dags/example_branch_datetime_operator.py
[2022-04-02 23:50:44,247] {logging_mixin.py:109} INFO - [2022-04-02 23:50:44,247] {dag.py:2398} INFO - Sync 1 DAGs
[2022-04-02 23:50:44,254] {logging_mixin.py:109} INFO - [2022-04-02 23:50:44,254] {dag.py:2937} INFO - Setting next_dagrun for example_branch_datetime_operator_2 to 2022-04-01 00:00:00+00:00
[2022-04-02 23:50:44,259] {processor.py:171} INFO - Processing /opt/anaconda3/envs/airflow_env/lib/python3.8/site-packages/airflow/example_dags/example_branch_datetime_operator.py took 0.043 seconds
[2022-04-02 23:51:51,148] {processor.py:163} INFO - Started process (PID=6839) to work on /opt/anaconda3/envs/airflow_env/lib/python3.8/site-packages/airflow/example_dags/example_branch_datetime_operator.py
[2022-04-02 23:51:51,148] {processor.py:642} INFO - Processing file /opt/anaconda3/envs/airflow_env/lib/python3.8/site-packages/airflow/example_dags/example_branch_datetime_operator.py for tasks to queue
[2022-04-02 23:51:51,149] {logging_mixin.py:109} INFO - [2022-04-02 23:51:51,149] {dagbag.py:500} INFO - Filling up the DagBag from /opt/anaconda3/envs/airflow_env/lib/python3.8/site-packages/airflow/example_dags/example_branch_datetime_operator.py
[2022-04-02 23:51:51,167] {processor.py:654} INFO - DAG(s) dict_keys(['example_branch_datetime_operator_2']) retrieved from /opt/anaconda3/envs/airflow_env/lib/python3.8/site-packages/airflow/example_dags/example_branch_datetime_operator.py
[2022-04-02 23:51:51,178] {logging_mixin.py:109} INFO - [2022-04-02 23:51:51,178] {dag.py:2398} INFO - Sync 1 DAGs
[2022-04-02 23:51:51,184] {logging_mixin.py:109} INFO - [2022-04-02 23:51:51,184] {dag.py:2937} INFO - Setting next_dagrun for example_branch_datetime_operator_2 to 2022-04-01 00:00:00+00:00
[2022-04-02 23:51:51,189] {processor.py:171} INFO - Processing /opt/anaconda3/envs/airflow_env/lib/python3.8/site-packages/airflow/example_dags/example_branch_datetime_operator.py took 0.041 seconds
[2022-04-02 23:53:06,557] {processor.py:163} INFO - Started process (PID=7019) to work on /opt/anaconda3/envs/airflow_env/lib/python3.8/site-packages/airflow/example_dags/example_branch_datetime_operator.py
[2022-04-02 23:53:06,558] {processor.py:642} INFO - Processing file /opt/anaconda3/envs/airflow_env/lib/python3.8/site-packages/airflow/example_dags/example_branch_datetime_operator.py for tasks to queue
[2022-04-02 23:53:06,558] {logging_mixin.py:109} INFO - [2022-04-02 23:53:06,558] {dagbag.py:500} INFO - Filling up the DagBag from /opt/anaconda3/envs/airflow_env/lib/python3.8/site-packages/airflow/example_dags/example_branch_datetime_operator.py
[2022-04-02 23:53:06,577] {processor.py:654} INFO - DAG(s) dict_keys(['example_branch_datetime_operator_2']) retrieved from /opt/anaconda3/envs/airflow_env/lib/python3.8/site-packages/airflow/example_dags/example_branch_datetime_operator.py
[2022-04-02 23:53:06,587] {logging_mixin.py:109} INFO - [2022-04-02 23:53:06,586] {dag.py:2398} INFO - Sync 1 DAGs
[2022-04-02 23:53:06,592] {logging_mixin.py:109} INFO - [2022-04-02 23:53:06,592] {dag.py:2937} INFO - Setting next_dagrun for example_branch_datetime_operator_2 to 2022-04-01 00:00:00+00:00
[2022-04-02 23:53:06,596] {processor.py:171} INFO - Processing /opt/anaconda3/envs/airflow_env/lib/python3.8/site-packages/airflow/example_dags/example_branch_datetime_operator.py took 0.038 seconds
[2022-04-02 23:54:22,008] {processor.py:163} INFO - Started process (PID=7200) to work on /opt/anaconda3/envs/airflow_env/lib/python3.8/site-packages/airflow/example_dags/example_branch_datetime_operator.py
[2022-04-02 23:54:22,008] {processor.py:642} INFO - Processing file /opt/anaconda3/envs/airflow_env/lib/python3.8/site-packages/airflow/example_dags/example_branch_datetime_operator.py for tasks to queue
[2022-04-02 23:54:22,009] {logging_mixin.py:109} INFO - [2022-04-02 23:54:22,009] {dagbag.py:500} INFO - Filling up the DagBag from /opt/anaconda3/envs/airflow_env/lib/python3.8/site-packages/airflow/example_dags/example_branch_datetime_operator.py
[2022-04-02 23:54:22,029] {processor.py:654} INFO - DAG(s) dict_keys(['example_branch_datetime_operator_2']) retrieved from /opt/anaconda3/envs/airflow_env/lib/python3.8/site-packages/airflow/example_dags/example_branch_datetime_operator.py
[2022-04-02 23:54:22,038] {logging_mixin.py:109} INFO - [2022-04-02 23:54:22,038] {dag.py:2398} INFO - Sync 1 DAGs
[2022-04-02 23:54:22,044] {logging_mixin.py:109} INFO - [2022-04-02 23:54:22,044] {dag.py:2937} INFO - Setting next_dagrun for example_branch_datetime_operator_2 to 2022-04-01 00:00:00+00:00
[2022-04-02 23:54:22,047] {processor.py:171} INFO - Processing /opt/anaconda3/envs/airflow_env/lib/python3.8/site-packages/airflow/example_dags/example_branch_datetime_operator.py took 0.040 seconds
[2022-04-02 23:55:37,553] {processor.py:163} INFO - Started process (PID=7370) to work on /opt/anaconda3/envs/airflow_env/lib/python3.8/site-packages/airflow/example_dags/example_branch_datetime_operator.py
[2022-04-02 23:55:37,554] {processor.py:642} INFO - Processing file /opt/anaconda3/envs/airflow_env/lib/python3.8/site-packages/airflow/example_dags/example_branch_datetime_operator.py for tasks to queue
[2022-04-02 23:55:37,554] {logging_mixin.py:109} INFO - [2022-04-02 23:55:37,554] {dagbag.py:500} INFO - Filling up the DagBag from /opt/anaconda3/envs/airflow_env/lib/python3.8/site-packages/airflow/example_dags/example_branch_datetime_operator.py
[2022-04-02 23:55:37,573] {processor.py:654} INFO - DAG(s) dict_keys(['example_branch_datetime_operator_2']) retrieved from /opt/anaconda3/envs/airflow_env/lib/python3.8/site-packages/airflow/example_dags/example_branch_datetime_operator.py
[2022-04-02 23:55:37,582] {logging_mixin.py:109} INFO - [2022-04-02 23:55:37,582] {dag.py:2398} INFO - Sync 1 DAGs
[2022-04-02 23:55:37,587] {logging_mixin.py:109} INFO - [2022-04-02 23:55:37,587] {dag.py:2937} INFO - Setting next_dagrun for example_branch_datetime_operator_2 to 2022-04-01 00:00:00+00:00
[2022-04-02 23:55:37,591] {processor.py:171} INFO - Processing /opt/anaconda3/envs/airflow_env/lib/python3.8/site-packages/airflow/example_dags/example_branch_datetime_operator.py took 0.038 seconds
[2022-04-02 23:56:53,258] {processor.py:163} INFO - Started process (PID=7533) to work on /opt/anaconda3/envs/airflow_env/lib/python3.8/site-packages/airflow/example_dags/example_branch_datetime_operator.py
[2022-04-02 23:56:53,258] {processor.py:642} INFO - Processing file /opt/anaconda3/envs/airflow_env/lib/python3.8/site-packages/airflow/example_dags/example_branch_datetime_operator.py for tasks to queue
[2022-04-02 23:56:53,258] {logging_mixin.py:109} INFO - [2022-04-02 23:56:53,258] {dagbag.py:500} INFO - Filling up the DagBag from /opt/anaconda3/envs/airflow_env/lib/python3.8/site-packages/airflow/example_dags/example_branch_datetime_operator.py
[2022-04-02 23:56:53,277] {processor.py:654} INFO - DAG(s) dict_keys(['example_branch_datetime_operator_2']) retrieved from /opt/anaconda3/envs/airflow_env/lib/python3.8/site-packages/airflow/example_dags/example_branch_datetime_operator.py
[2022-04-02 23:56:53,288] {logging_mixin.py:109} INFO - [2022-04-02 23:56:53,287] {dag.py:2398} INFO - Sync 1 DAGs
[2022-04-02 23:56:53,294] {logging_mixin.py:109} INFO - [2022-04-02 23:56:53,294] {dag.py:2937} INFO - Setting next_dagrun for example_branch_datetime_operator_2 to 2022-04-01 00:00:00+00:00
[2022-04-02 23:56:53,299] {processor.py:171} INFO - Processing /opt/anaconda3/envs/airflow_env/lib/python3.8/site-packages/airflow/example_dags/example_branch_datetime_operator.py took 0.042 seconds
[2022-04-02 23:58:08,848] {processor.py:163} INFO - Started process (PID=7707) to work on /opt/anaconda3/envs/airflow_env/lib/python3.8/site-packages/airflow/example_dags/example_branch_datetime_operator.py
[2022-04-02 23:58:08,848] {processor.py:642} INFO - Processing file /opt/anaconda3/envs/airflow_env/lib/python3.8/site-packages/airflow/example_dags/example_branch_datetime_operator.py for tasks to queue
[2022-04-02 23:58:08,848] {logging_mixin.py:109} INFO - [2022-04-02 23:58:08,848] {dagbag.py:500} INFO - Filling up the DagBag from /opt/anaconda3/envs/airflow_env/lib/python3.8/site-packages/airflow/example_dags/example_branch_datetime_operator.py
[2022-04-02 23:58:08,867] {processor.py:654} INFO - DAG(s) dict_keys(['example_branch_datetime_operator_2']) retrieved from /opt/anaconda3/envs/airflow_env/lib/python3.8/site-packages/airflow/example_dags/example_branch_datetime_operator.py
[2022-04-02 23:58:08,876] {logging_mixin.py:109} INFO - [2022-04-02 23:58:08,876] {dag.py:2398} INFO - Sync 1 DAGs
[2022-04-02 23:58:08,882] {logging_mixin.py:109} INFO - [2022-04-02 23:58:08,882] {dag.py:2937} INFO - Setting next_dagrun for example_branch_datetime_operator_2 to 2022-04-01 00:00:00+00:00
[2022-04-02 23:58:08,886] {processor.py:171} INFO - Processing /opt/anaconda3/envs/airflow_env/lib/python3.8/site-packages/airflow/example_dags/example_branch_datetime_operator.py took 0.039 seconds
[2022-04-02 23:59:24,429] {processor.py:163} INFO - Started process (PID=7879) to work on /opt/anaconda3/envs/airflow_env/lib/python3.8/site-packages/airflow/example_dags/example_branch_datetime_operator.py
[2022-04-02 23:59:24,430] {processor.py:642} INFO - Processing file /opt/anaconda3/envs/airflow_env/lib/python3.8/site-packages/airflow/example_dags/example_branch_datetime_operator.py for tasks to queue
[2022-04-02 23:59:24,430] {logging_mixin.py:109} INFO - [2022-04-02 23:59:24,430] {dagbag.py:500} INFO - Filling up the DagBag from /opt/anaconda3/envs/airflow_env/lib/python3.8/site-packages/airflow/example_dags/example_branch_datetime_operator.py
[2022-04-02 23:59:24,449] {processor.py:654} INFO - DAG(s) dict_keys(['example_branch_datetime_operator_2']) retrieved from /opt/anaconda3/envs/airflow_env/lib/python3.8/site-packages/airflow/example_dags/example_branch_datetime_operator.py
[2022-04-02 23:59:24,459] {logging_mixin.py:109} INFO - [2022-04-02 23:59:24,459] {dag.py:2398} INFO - Sync 1 DAGs
[2022-04-02 23:59:24,464] {logging_mixin.py:109} INFO - [2022-04-02 23:59:24,464] {dag.py:2937} INFO - Setting next_dagrun for example_branch_datetime_operator_2 to 2022-04-01 00:00:00+00:00
[2022-04-02 23:59:24,468] {processor.py:171} INFO - Processing /opt/anaconda3/envs/airflow_env/lib/python3.8/site-packages/airflow/example_dags/example_branch_datetime_operator.py took 0.040 seconds
[2022-04-03 00:00:39,968] {processor.py:163} INFO - Started process (PID=8060) to work on /opt/anaconda3/envs/airflow_env/lib/python3.8/site-packages/airflow/example_dags/example_branch_datetime_operator.py
[2022-04-03 00:00:39,968] {processor.py:642} INFO - Processing file /opt/anaconda3/envs/airflow_env/lib/python3.8/site-packages/airflow/example_dags/example_branch_datetime_operator.py for tasks to queue
[2022-04-03 00:00:39,969] {logging_mixin.py:109} INFO - [2022-04-03 00:00:39,969] {dagbag.py:500} INFO - Filling up the DagBag from /opt/anaconda3/envs/airflow_env/lib/python3.8/site-packages/airflow/example_dags/example_branch_datetime_operator.py
[2022-04-03 00:00:39,986] {processor.py:654} INFO - DAG(s) dict_keys(['example_branch_datetime_operator_2']) retrieved from /opt/anaconda3/envs/airflow_env/lib/python3.8/site-packages/airflow/example_dags/example_branch_datetime_operator.py
[2022-04-03 00:00:39,996] {logging_mixin.py:109} INFO - [2022-04-03 00:00:39,996] {dag.py:2398} INFO - Sync 1 DAGs
[2022-04-03 00:00:40,001] {logging_mixin.py:109} INFO - [2022-04-03 00:00:40,001] {dag.py:2937} INFO - Setting next_dagrun for example_branch_datetime_operator_2 to 2022-04-01 00:00:00+00:00
[2022-04-03 00:00:40,005] {processor.py:171} INFO - Processing /opt/anaconda3/envs/airflow_env/lib/python3.8/site-packages/airflow/example_dags/example_branch_datetime_operator.py took 0.037 seconds
[2022-04-03 00:01:56,123] {processor.py:163} INFO - Started process (PID=8255) to work on /opt/anaconda3/envs/airflow_env/lib/python3.8/site-packages/airflow/example_dags/example_branch_datetime_operator.py
[2022-04-03 00:01:56,123] {processor.py:642} INFO - Processing file /opt/anaconda3/envs/airflow_env/lib/python3.8/site-packages/airflow/example_dags/example_branch_datetime_operator.py for tasks to queue
[2022-04-03 00:01:56,123] {logging_mixin.py:109} INFO - [2022-04-03 00:01:56,123] {dagbag.py:500} INFO - Filling up the DagBag from /opt/anaconda3/envs/airflow_env/lib/python3.8/site-packages/airflow/example_dags/example_branch_datetime_operator.py
[2022-04-03 00:01:56,142] {processor.py:654} INFO - DAG(s) dict_keys(['example_branch_datetime_operator_2']) retrieved from /opt/anaconda3/envs/airflow_env/lib/python3.8/site-packages/airflow/example_dags/example_branch_datetime_operator.py
[2022-04-03 00:01:56,153] {logging_mixin.py:109} INFO - [2022-04-03 00:01:56,153] {dag.py:2398} INFO - Sync 1 DAGs
[2022-04-03 00:01:56,160] {logging_mixin.py:109} INFO - [2022-04-03 00:01:56,160] {dag.py:2937} INFO - Setting next_dagrun for example_branch_datetime_operator_2 to 2022-04-01 00:00:00+00:00
[2022-04-03 00:01:56,164] {processor.py:171} INFO - Processing /opt/anaconda3/envs/airflow_env/lib/python3.8/site-packages/airflow/example_dags/example_branch_datetime_operator.py took 0.042 seconds
[2022-04-03 00:03:11,964] {processor.py:163} INFO - Started process (PID=8445) to work on /opt/anaconda3/envs/airflow_env/lib/python3.8/site-packages/airflow/example_dags/example_branch_datetime_operator.py
[2022-04-03 00:03:11,964] {processor.py:642} INFO - Processing file /opt/anaconda3/envs/airflow_env/lib/python3.8/site-packages/airflow/example_dags/example_branch_datetime_operator.py for tasks to queue
[2022-04-03 00:03:11,965] {logging_mixin.py:109} INFO - [2022-04-03 00:03:11,965] {dagbag.py:500} INFO - Filling up the DagBag from /opt/anaconda3/envs/airflow_env/lib/python3.8/site-packages/airflow/example_dags/example_branch_datetime_operator.py
[2022-04-03 00:03:11,984] {processor.py:654} INFO - DAG(s) dict_keys(['example_branch_datetime_operator_2']) retrieved from /opt/anaconda3/envs/airflow_env/lib/python3.8/site-packages/airflow/example_dags/example_branch_datetime_operator.py
[2022-04-03 00:03:11,995] {logging_mixin.py:109} INFO - [2022-04-03 00:03:11,995] {dag.py:2398} INFO - Sync 1 DAGs
[2022-04-03 00:03:12,001] {logging_mixin.py:109} INFO - [2022-04-03 00:03:12,001] {dag.py:2937} INFO - Setting next_dagrun for example_branch_datetime_operator_2 to 2022-04-01 00:00:00+00:00
[2022-04-03 00:03:12,005] {processor.py:171} INFO - Processing /opt/anaconda3/envs/airflow_env/lib/python3.8/site-packages/airflow/example_dags/example_branch_datetime_operator.py took 0.042 seconds
[2022-04-03 00:04:28,090] {processor.py:163} INFO - Started process (PID=8654) to work on /opt/anaconda3/envs/airflow_env/lib/python3.8/site-packages/airflow/example_dags/example_branch_datetime_operator.py
[2022-04-03 00:04:28,090] {processor.py:642} INFO - Processing file /opt/anaconda3/envs/airflow_env/lib/python3.8/site-packages/airflow/example_dags/example_branch_datetime_operator.py for tasks to queue
[2022-04-03 00:04:28,090] {logging_mixin.py:109} INFO - [2022-04-03 00:04:28,090] {dagbag.py:500} INFO - Filling up the DagBag from /opt/anaconda3/envs/airflow_env/lib/python3.8/site-packages/airflow/example_dags/example_branch_datetime_operator.py
[2022-04-03 00:04:28,109] {processor.py:654} INFO - DAG(s) dict_keys(['example_branch_datetime_operator_2']) retrieved from /opt/anaconda3/envs/airflow_env/lib/python3.8/site-packages/airflow/example_dags/example_branch_datetime_operator.py
[2022-04-03 00:04:28,119] {logging_mixin.py:109} INFO - [2022-04-03 00:04:28,119] {dag.py:2398} INFO - Sync 1 DAGs
[2022-04-03 00:04:28,125] {logging_mixin.py:109} INFO - [2022-04-03 00:04:28,125] {dag.py:2937} INFO - Setting next_dagrun for example_branch_datetime_operator_2 to 2022-04-01 00:00:00+00:00
[2022-04-03 00:04:28,129] {processor.py:171} INFO - Processing /opt/anaconda3/envs/airflow_env/lib/python3.8/site-packages/airflow/example_dags/example_branch_datetime_operator.py took 0.039 seconds
[2022-04-03 00:05:43,384] {processor.py:163} INFO - Started process (PID=8845) to work on /opt/anaconda3/envs/airflow_env/lib/python3.8/site-packages/airflow/example_dags/example_branch_datetime_operator.py
[2022-04-03 00:05:43,385] {processor.py:642} INFO - Processing file /opt/anaconda3/envs/airflow_env/lib/python3.8/site-packages/airflow/example_dags/example_branch_datetime_operator.py for tasks to queue
[2022-04-03 00:05:43,386] {logging_mixin.py:109} INFO - [2022-04-03 00:05:43,386] {dagbag.py:500} INFO - Filling up the DagBag from /opt/anaconda3/envs/airflow_env/lib/python3.8/site-packages/airflow/example_dags/example_branch_datetime_operator.py
[2022-04-03 00:05:43,404] {processor.py:654} INFO - DAG(s) dict_keys(['example_branch_datetime_operator_2']) retrieved from /opt/anaconda3/envs/airflow_env/lib/python3.8/site-packages/airflow/example_dags/example_branch_datetime_operator.py
[2022-04-03 00:05:43,414] {logging_mixin.py:109} INFO - [2022-04-03 00:05:43,414] {dag.py:2398} INFO - Sync 1 DAGs
[2022-04-03 00:05:43,420] {logging_mixin.py:109} INFO - [2022-04-03 00:05:43,420] {dag.py:2937} INFO - Setting next_dagrun for example_branch_datetime_operator_2 to 2022-04-01 00:00:00+00:00
[2022-04-03 00:05:43,424] {processor.py:171} INFO - Processing /opt/anaconda3/envs/airflow_env/lib/python3.8/site-packages/airflow/example_dags/example_branch_datetime_operator.py took 0.040 seconds
[2022-04-03 00:06:58,926] {processor.py:163} INFO - Started process (PID=9019) to work on /opt/anaconda3/envs/airflow_env/lib/python3.8/site-packages/airflow/example_dags/example_branch_datetime_operator.py
[2022-04-03 00:06:58,927] {processor.py:642} INFO - Processing file /opt/anaconda3/envs/airflow_env/lib/python3.8/site-packages/airflow/example_dags/example_branch_datetime_operator.py for tasks to queue
[2022-04-03 00:06:58,927] {logging_mixin.py:109} INFO - [2022-04-03 00:06:58,927] {dagbag.py:500} INFO - Filling up the DagBag from /opt/anaconda3/envs/airflow_env/lib/python3.8/site-packages/airflow/example_dags/example_branch_datetime_operator.py
[2022-04-03 00:06:58,945] {processor.py:654} INFO - DAG(s) dict_keys(['example_branch_datetime_operator_2']) retrieved from /opt/anaconda3/envs/airflow_env/lib/python3.8/site-packages/airflow/example_dags/example_branch_datetime_operator.py
[2022-04-03 00:06:58,954] {logging_mixin.py:109} INFO - [2022-04-03 00:06:58,954] {dag.py:2398} INFO - Sync 1 DAGs
[2022-04-03 00:06:58,962] {logging_mixin.py:109} INFO - [2022-04-03 00:06:58,962] {dag.py:2937} INFO - Setting next_dagrun for example_branch_datetime_operator_2 to 2022-04-01 00:00:00+00:00
[2022-04-03 00:06:58,966] {processor.py:171} INFO - Processing /opt/anaconda3/envs/airflow_env/lib/python3.8/site-packages/airflow/example_dags/example_branch_datetime_operator.py took 0.040 seconds
[2022-04-03 00:08:14,755] {processor.py:163} INFO - Started process (PID=9203) to work on /opt/anaconda3/envs/airflow_env/lib/python3.8/site-packages/airflow/example_dags/example_branch_datetime_operator.py
[2022-04-03 00:08:14,756] {processor.py:642} INFO - Processing file /opt/anaconda3/envs/airflow_env/lib/python3.8/site-packages/airflow/example_dags/example_branch_datetime_operator.py for tasks to queue
[2022-04-03 00:08:14,756] {logging_mixin.py:109} INFO - [2022-04-03 00:08:14,756] {dagbag.py:500} INFO - Filling up the DagBag from /opt/anaconda3/envs/airflow_env/lib/python3.8/site-packages/airflow/example_dags/example_branch_datetime_operator.py
[2022-04-03 00:08:14,775] {processor.py:654} INFO - DAG(s) dict_keys(['example_branch_datetime_operator_2']) retrieved from /opt/anaconda3/envs/airflow_env/lib/python3.8/site-packages/airflow/example_dags/example_branch_datetime_operator.py
[2022-04-03 00:08:14,785] {logging_mixin.py:109} INFO - [2022-04-03 00:08:14,785] {dag.py:2398} INFO - Sync 1 DAGs
[2022-04-03 00:08:14,790] {logging_mixin.py:109} INFO - [2022-04-03 00:08:14,790] {dag.py:2937} INFO - Setting next_dagrun for example_branch_datetime_operator_2 to 2022-04-01 00:00:00+00:00
[2022-04-03 00:08:14,794] {processor.py:171} INFO - Processing /opt/anaconda3/envs/airflow_env/lib/python3.8/site-packages/airflow/example_dags/example_branch_datetime_operator.py took 0.040 seconds
[2022-04-03 00:09:30,346] {processor.py:163} INFO - Started process (PID=9363) to work on /opt/anaconda3/envs/airflow_env/lib/python3.8/site-packages/airflow/example_dags/example_branch_datetime_operator.py
[2022-04-03 00:09:30,346] {processor.py:642} INFO - Processing file /opt/anaconda3/envs/airflow_env/lib/python3.8/site-packages/airflow/example_dags/example_branch_datetime_operator.py for tasks to queue
[2022-04-03 00:09:30,347] {logging_mixin.py:109} INFO - [2022-04-03 00:09:30,347] {dagbag.py:500} INFO - Filling up the DagBag from /opt/anaconda3/envs/airflow_env/lib/python3.8/site-packages/airflow/example_dags/example_branch_datetime_operator.py
[2022-04-03 00:09:30,367] {processor.py:654} INFO - DAG(s) dict_keys(['example_branch_datetime_operator_2']) retrieved from /opt/anaconda3/envs/airflow_env/lib/python3.8/site-packages/airflow/example_dags/example_branch_datetime_operator.py
[2022-04-03 00:09:30,380] {logging_mixin.py:109} INFO - [2022-04-03 00:09:30,380] {dag.py:2398} INFO - Sync 1 DAGs
[2022-04-03 00:09:30,386] {logging_mixin.py:109} INFO - [2022-04-03 00:09:30,386] {dag.py:2937} INFO - Setting next_dagrun for example_branch_datetime_operator_2 to 2022-04-01 00:00:00+00:00
[2022-04-03 00:09:30,390] {processor.py:171} INFO - Processing /opt/anaconda3/envs/airflow_env/lib/python3.8/site-packages/airflow/example_dags/example_branch_datetime_operator.py took 0.045 seconds
[2022-04-03 00:10:45,315] {processor.py:163} INFO - Started process (PID=9530) to work on /opt/anaconda3/envs/airflow_env/lib/python3.8/site-packages/airflow/example_dags/example_branch_datetime_operator.py
[2022-04-03 00:10:45,316] {processor.py:642} INFO - Processing file /opt/anaconda3/envs/airflow_env/lib/python3.8/site-packages/airflow/example_dags/example_branch_datetime_operator.py for tasks to queue
[2022-04-03 00:10:45,316] {logging_mixin.py:109} INFO - [2022-04-03 00:10:45,316] {dagbag.py:500} INFO - Filling up the DagBag from /opt/anaconda3/envs/airflow_env/lib/python3.8/site-packages/airflow/example_dags/example_branch_datetime_operator.py
[2022-04-03 00:10:45,335] {processor.py:654} INFO - DAG(s) dict_keys(['example_branch_datetime_operator_2']) retrieved from /opt/anaconda3/envs/airflow_env/lib/python3.8/site-packages/airflow/example_dags/example_branch_datetime_operator.py
[2022-04-03 00:10:45,344] {logging_mixin.py:109} INFO - [2022-04-03 00:10:45,344] {dag.py:2398} INFO - Sync 1 DAGs
[2022-04-03 00:10:45,350] {logging_mixin.py:109} INFO - [2022-04-03 00:10:45,350] {dag.py:2937} INFO - Setting next_dagrun for example_branch_datetime_operator_2 to 2022-04-01 00:00:00+00:00
[2022-04-03 00:10:45,354] {processor.py:171} INFO - Processing /opt/anaconda3/envs/airflow_env/lib/python3.8/site-packages/airflow/example_dags/example_branch_datetime_operator.py took 0.040 seconds
[2022-04-03 00:12:00,588] {processor.py:163} INFO - Started process (PID=9728) to work on /opt/anaconda3/envs/airflow_env/lib/python3.8/site-packages/airflow/example_dags/example_branch_datetime_operator.py
[2022-04-03 00:12:00,589] {processor.py:642} INFO - Processing file /opt/anaconda3/envs/airflow_env/lib/python3.8/site-packages/airflow/example_dags/example_branch_datetime_operator.py for tasks to queue
[2022-04-03 00:12:00,589] {logging_mixin.py:109} INFO - [2022-04-03 00:12:00,589] {dagbag.py:500} INFO - Filling up the DagBag from /opt/anaconda3/envs/airflow_env/lib/python3.8/site-packages/airflow/example_dags/example_branch_datetime_operator.py
[2022-04-03 00:12:00,609] {processor.py:654} INFO - DAG(s) dict_keys(['example_branch_datetime_operator_2']) retrieved from /opt/anaconda3/envs/airflow_env/lib/python3.8/site-packages/airflow/example_dags/example_branch_datetime_operator.py
[2022-04-03 00:12:00,619] {logging_mixin.py:109} INFO - [2022-04-03 00:12:00,619] {dag.py:2398} INFO - Sync 1 DAGs
[2022-04-03 00:12:00,627] {logging_mixin.py:109} INFO - [2022-04-03 00:12:00,627] {dag.py:2937} INFO - Setting next_dagrun for example_branch_datetime_operator_2 to 2022-04-01 00:00:00+00:00
[2022-04-03 00:12:00,631] {processor.py:171} INFO - Processing /opt/anaconda3/envs/airflow_env/lib/python3.8/site-packages/airflow/example_dags/example_branch_datetime_operator.py took 0.044 seconds
[2022-04-03 00:13:15,573] {processor.py:163} INFO - Started process (PID=9976) to work on /opt/anaconda3/envs/airflow_env/lib/python3.8/site-packages/airflow/example_dags/example_branch_datetime_operator.py
[2022-04-03 00:13:15,574] {processor.py:642} INFO - Processing file /opt/anaconda3/envs/airflow_env/lib/python3.8/site-packages/airflow/example_dags/example_branch_datetime_operator.py for tasks to queue
[2022-04-03 00:13:15,574] {logging_mixin.py:109} INFO - [2022-04-03 00:13:15,574] {dagbag.py:500} INFO - Filling up the DagBag from /opt/anaconda3/envs/airflow_env/lib/python3.8/site-packages/airflow/example_dags/example_branch_datetime_operator.py
[2022-04-03 00:13:15,592] {processor.py:654} INFO - DAG(s) dict_keys(['example_branch_datetime_operator_2']) retrieved from /opt/anaconda3/envs/airflow_env/lib/python3.8/site-packages/airflow/example_dags/example_branch_datetime_operator.py
[2022-04-03 00:13:15,602] {logging_mixin.py:109} INFO - [2022-04-03 00:13:15,601] {dag.py:2398} INFO - Sync 1 DAGs
[2022-04-03 00:13:15,607] {logging_mixin.py:109} INFO - [2022-04-03 00:13:15,607] {dag.py:2937} INFO - Setting next_dagrun for example_branch_datetime_operator_2 to 2022-04-01 00:00:00+00:00
[2022-04-03 00:13:15,610] {processor.py:171} INFO - Processing /opt/anaconda3/envs/airflow_env/lib/python3.8/site-packages/airflow/example_dags/example_branch_datetime_operator.py took 0.038 seconds
[2022-04-03 00:14:30,898] {processor.py:163} INFO - Started process (PID=10236) to work on /opt/anaconda3/envs/airflow_env/lib/python3.8/site-packages/airflow/example_dags/example_branch_datetime_operator.py
[2022-04-03 00:14:30,899] {processor.py:642} INFO - Processing file /opt/anaconda3/envs/airflow_env/lib/python3.8/site-packages/airflow/example_dags/example_branch_datetime_operator.py for tasks to queue
[2022-04-03 00:14:30,899] {logging_mixin.py:109} INFO - [2022-04-03 00:14:30,899] {dagbag.py:500} INFO - Filling up the DagBag from /opt/anaconda3/envs/airflow_env/lib/python3.8/site-packages/airflow/example_dags/example_branch_datetime_operator.py
[2022-04-03 00:14:30,918] {processor.py:654} INFO - DAG(s) dict_keys(['example_branch_datetime_operator_2']) retrieved from /opt/anaconda3/envs/airflow_env/lib/python3.8/site-packages/airflow/example_dags/example_branch_datetime_operator.py
[2022-04-03 00:14:30,930] {logging_mixin.py:109} INFO - [2022-04-03 00:14:30,930] {dag.py:2398} INFO - Sync 1 DAGs
[2022-04-03 00:14:30,937] {logging_mixin.py:109} INFO - [2022-04-03 00:14:30,937] {dag.py:2937} INFO - Setting next_dagrun for example_branch_datetime_operator_2 to 2022-04-01 00:00:00+00:00
[2022-04-03 00:14:30,942] {processor.py:171} INFO - Processing /opt/anaconda3/envs/airflow_env/lib/python3.8/site-packages/airflow/example_dags/example_branch_datetime_operator.py took 0.044 seconds
[2022-04-03 00:15:46,592] {processor.py:163} INFO - Started process (PID=10494) to work on /opt/anaconda3/envs/airflow_env/lib/python3.8/site-packages/airflow/example_dags/example_branch_datetime_operator.py
[2022-04-03 00:15:46,593] {processor.py:642} INFO - Processing file /opt/anaconda3/envs/airflow_env/lib/python3.8/site-packages/airflow/example_dags/example_branch_datetime_operator.py for tasks to queue
[2022-04-03 00:15:46,593] {logging_mixin.py:109} INFO - [2022-04-03 00:15:46,593] {dagbag.py:500} INFO - Filling up the DagBag from /opt/anaconda3/envs/airflow_env/lib/python3.8/site-packages/airflow/example_dags/example_branch_datetime_operator.py
[2022-04-03 00:15:46,612] {processor.py:654} INFO - DAG(s) dict_keys(['example_branch_datetime_operator_2']) retrieved from /opt/anaconda3/envs/airflow_env/lib/python3.8/site-packages/airflow/example_dags/example_branch_datetime_operator.py
[2022-04-03 00:15:46,621] {logging_mixin.py:109} INFO - [2022-04-03 00:15:46,621] {dag.py:2398} INFO - Sync 1 DAGs
[2022-04-03 00:15:46,626] {logging_mixin.py:109} INFO - [2022-04-03 00:15:46,626] {dag.py:2937} INFO - Setting next_dagrun for example_branch_datetime_operator_2 to 2022-04-01 00:00:00+00:00
[2022-04-03 00:15:46,630] {processor.py:171} INFO - Processing /opt/anaconda3/envs/airflow_env/lib/python3.8/site-packages/airflow/example_dags/example_branch_datetime_operator.py took 0.038 seconds
[2022-04-03 00:17:02,008] {processor.py:163} INFO - Started process (PID=10667) to work on /opt/anaconda3/envs/airflow_env/lib/python3.8/site-packages/airflow/example_dags/example_branch_datetime_operator.py
[2022-04-03 00:17:02,008] {processor.py:642} INFO - Processing file /opt/anaconda3/envs/airflow_env/lib/python3.8/site-packages/airflow/example_dags/example_branch_datetime_operator.py for tasks to queue
[2022-04-03 00:17:02,008] {logging_mixin.py:109} INFO - [2022-04-03 00:17:02,008] {dagbag.py:500} INFO - Filling up the DagBag from /opt/anaconda3/envs/airflow_env/lib/python3.8/site-packages/airflow/example_dags/example_branch_datetime_operator.py
[2022-04-03 00:17:02,026] {processor.py:654} INFO - DAG(s) dict_keys(['example_branch_datetime_operator_2']) retrieved from /opt/anaconda3/envs/airflow_env/lib/python3.8/site-packages/airflow/example_dags/example_branch_datetime_operator.py
[2022-04-03 00:17:02,035] {logging_mixin.py:109} INFO - [2022-04-03 00:17:02,035] {dag.py:2398} INFO - Sync 1 DAGs
[2022-04-03 00:17:02,040] {logging_mixin.py:109} INFO - [2022-04-03 00:17:02,040] {dag.py:2937} INFO - Setting next_dagrun for example_branch_datetime_operator_2 to 2022-04-01 00:00:00+00:00
[2022-04-03 00:17:02,044] {processor.py:171} INFO - Processing /opt/anaconda3/envs/airflow_env/lib/python3.8/site-packages/airflow/example_dags/example_branch_datetime_operator.py took 0.036 seconds
[2022-04-03 00:18:16,911] {processor.py:163} INFO - Started process (PID=10840) to work on /opt/anaconda3/envs/airflow_env/lib/python3.8/site-packages/airflow/example_dags/example_branch_datetime_operator.py
[2022-04-03 00:18:16,912] {processor.py:642} INFO - Processing file /opt/anaconda3/envs/airflow_env/lib/python3.8/site-packages/airflow/example_dags/example_branch_datetime_operator.py for tasks to queue
[2022-04-03 00:18:16,913] {logging_mixin.py:109} INFO - [2022-04-03 00:18:16,913] {dagbag.py:500} INFO - Filling up the DagBag from /opt/anaconda3/envs/airflow_env/lib/python3.8/site-packages/airflow/example_dags/example_branch_datetime_operator.py
[2022-04-03 00:18:16,931] {processor.py:654} INFO - DAG(s) dict_keys(['example_branch_datetime_operator_2']) retrieved from /opt/anaconda3/envs/airflow_env/lib/python3.8/site-packages/airflow/example_dags/example_branch_datetime_operator.py
[2022-04-03 00:18:16,941] {logging_mixin.py:109} INFO - [2022-04-03 00:18:16,940] {dag.py:2398} INFO - Sync 1 DAGs
[2022-04-03 00:18:16,946] {logging_mixin.py:109} INFO - [2022-04-03 00:18:16,946] {dag.py:2937} INFO - Setting next_dagrun for example_branch_datetime_operator_2 to 2022-04-01 00:00:00+00:00
[2022-04-03 00:18:16,950] {processor.py:171} INFO - Processing /opt/anaconda3/envs/airflow_env/lib/python3.8/site-packages/airflow/example_dags/example_branch_datetime_operator.py took 0.039 seconds
[2022-04-03 00:19:32,379] {processor.py:163} INFO - Started process (PID=11011) to work on /opt/anaconda3/envs/airflow_env/lib/python3.8/site-packages/airflow/example_dags/example_branch_datetime_operator.py
[2022-04-03 00:19:32,379] {processor.py:642} INFO - Processing file /opt/anaconda3/envs/airflow_env/lib/python3.8/site-packages/airflow/example_dags/example_branch_datetime_operator.py for tasks to queue
[2022-04-03 00:19:32,379] {logging_mixin.py:109} INFO - [2022-04-03 00:19:32,379] {dagbag.py:500} INFO - Filling up the DagBag from /opt/anaconda3/envs/airflow_env/lib/python3.8/site-packages/airflow/example_dags/example_branch_datetime_operator.py
[2022-04-03 00:19:32,398] {processor.py:654} INFO - DAG(s) dict_keys(['example_branch_datetime_operator_2']) retrieved from /opt/anaconda3/envs/airflow_env/lib/python3.8/site-packages/airflow/example_dags/example_branch_datetime_operator.py
[2022-04-03 00:19:32,408] {logging_mixin.py:109} INFO - [2022-04-03 00:19:32,408] {dag.py:2398} INFO - Sync 1 DAGs
[2022-04-03 00:19:32,414] {logging_mixin.py:109} INFO - [2022-04-03 00:19:32,414] {dag.py:2937} INFO - Setting next_dagrun for example_branch_datetime_operator_2 to 2022-04-01 00:00:00+00:00
[2022-04-03 00:19:32,435] {processor.py:171} INFO - Processing /opt/anaconda3/envs/airflow_env/lib/python3.8/site-packages/airflow/example_dags/example_branch_datetime_operator.py took 0.057 seconds
[2022-04-03 00:20:47,930] {processor.py:163} INFO - Started process (PID=11188) to work on /opt/anaconda3/envs/airflow_env/lib/python3.8/site-packages/airflow/example_dags/example_branch_datetime_operator.py
[2022-04-03 00:20:47,931] {processor.py:642} INFO - Processing file /opt/anaconda3/envs/airflow_env/lib/python3.8/site-packages/airflow/example_dags/example_branch_datetime_operator.py for tasks to queue
[2022-04-03 00:20:47,931] {logging_mixin.py:109} INFO - [2022-04-03 00:20:47,931] {dagbag.py:500} INFO - Filling up the DagBag from /opt/anaconda3/envs/airflow_env/lib/python3.8/site-packages/airflow/example_dags/example_branch_datetime_operator.py
[2022-04-03 00:20:47,950] {processor.py:654} INFO - DAG(s) dict_keys(['example_branch_datetime_operator_2']) retrieved from /opt/anaconda3/envs/airflow_env/lib/python3.8/site-packages/airflow/example_dags/example_branch_datetime_operator.py
[2022-04-03 00:20:47,959] {logging_mixin.py:109} INFO - [2022-04-03 00:20:47,959] {dag.py:2398} INFO - Sync 1 DAGs
[2022-04-03 00:20:47,964] {logging_mixin.py:109} INFO - [2022-04-03 00:20:47,964] {dag.py:2937} INFO - Setting next_dagrun for example_branch_datetime_operator_2 to 2022-04-01 00:00:00+00:00
[2022-04-03 00:20:47,968] {processor.py:171} INFO - Processing /opt/anaconda3/envs/airflow_env/lib/python3.8/site-packages/airflow/example_dags/example_branch_datetime_operator.py took 0.038 seconds
[2022-04-03 00:22:02,832] {processor.py:163} INFO - Started process (PID=11347) to work on /opt/anaconda3/envs/airflow_env/lib/python3.8/site-packages/airflow/example_dags/example_branch_datetime_operator.py
[2022-04-03 00:22:02,833] {processor.py:642} INFO - Processing file /opt/anaconda3/envs/airflow_env/lib/python3.8/site-packages/airflow/example_dags/example_branch_datetime_operator.py for tasks to queue
[2022-04-03 00:22:02,833] {logging_mixin.py:109} INFO - [2022-04-03 00:22:02,833] {dagbag.py:500} INFO - Filling up the DagBag from /opt/anaconda3/envs/airflow_env/lib/python3.8/site-packages/airflow/example_dags/example_branch_datetime_operator.py
[2022-04-03 00:22:02,853] {processor.py:654} INFO - DAG(s) dict_keys(['example_branch_datetime_operator_2']) retrieved from /opt/anaconda3/envs/airflow_env/lib/python3.8/site-packages/airflow/example_dags/example_branch_datetime_operator.py
[2022-04-03 00:22:02,862] {logging_mixin.py:109} INFO - [2022-04-03 00:22:02,862] {dag.py:2398} INFO - Sync 1 DAGs
[2022-04-03 00:22:02,868] {logging_mixin.py:109} INFO - [2022-04-03 00:22:02,868] {dag.py:2937} INFO - Setting next_dagrun for example_branch_datetime_operator_2 to 2022-04-01 00:00:00+00:00
[2022-04-03 00:22:02,872] {processor.py:171} INFO - Processing /opt/anaconda3/envs/airflow_env/lib/python3.8/site-packages/airflow/example_dags/example_branch_datetime_operator.py took 0.040 seconds
[2022-04-03 00:23:18,571] {processor.py:163} INFO - Started process (PID=11525) to work on /opt/anaconda3/envs/airflow_env/lib/python3.8/site-packages/airflow/example_dags/example_branch_datetime_operator.py
[2022-04-03 00:23:18,572] {processor.py:642} INFO - Processing file /opt/anaconda3/envs/airflow_env/lib/python3.8/site-packages/airflow/example_dags/example_branch_datetime_operator.py for tasks to queue
[2022-04-03 00:23:18,572] {logging_mixin.py:109} INFO - [2022-04-03 00:23:18,572] {dagbag.py:500} INFO - Filling up the DagBag from /opt/anaconda3/envs/airflow_env/lib/python3.8/site-packages/airflow/example_dags/example_branch_datetime_operator.py
[2022-04-03 00:23:18,591] {processor.py:654} INFO - DAG(s) dict_keys(['example_branch_datetime_operator_2']) retrieved from /opt/anaconda3/envs/airflow_env/lib/python3.8/site-packages/airflow/example_dags/example_branch_datetime_operator.py
[2022-04-03 00:23:18,600] {logging_mixin.py:109} INFO - [2022-04-03 00:23:18,600] {dag.py:2398} INFO - Sync 1 DAGs
[2022-04-03 00:23:18,606] {logging_mixin.py:109} INFO - [2022-04-03 00:23:18,605] {dag.py:2937} INFO - Setting next_dagrun for example_branch_datetime_operator_2 to 2022-04-01 00:00:00+00:00
[2022-04-03 00:23:18,609] {processor.py:171} INFO - Processing /opt/anaconda3/envs/airflow_env/lib/python3.8/site-packages/airflow/example_dags/example_branch_datetime_operator.py took 0.038 seconds
[2022-04-03 00:24:35,762] {processor.py:163} INFO - Started process (PID=11706) to work on /opt/anaconda3/envs/airflow_env/lib/python3.8/site-packages/airflow/example_dags/example_branch_datetime_operator.py
[2022-04-03 00:24:35,763] {processor.py:642} INFO - Processing file /opt/anaconda3/envs/airflow_env/lib/python3.8/site-packages/airflow/example_dags/example_branch_datetime_operator.py for tasks to queue
[2022-04-03 00:24:35,764] {logging_mixin.py:109} INFO - [2022-04-03 00:24:35,764] {dagbag.py:500} INFO - Filling up the DagBag from /opt/anaconda3/envs/airflow_env/lib/python3.8/site-packages/airflow/example_dags/example_branch_datetime_operator.py
[2022-04-03 00:24:35,782] {processor.py:654} INFO - DAG(s) dict_keys(['example_branch_datetime_operator_2']) retrieved from /opt/anaconda3/envs/airflow_env/lib/python3.8/site-packages/airflow/example_dags/example_branch_datetime_operator.py
[2022-04-03 00:24:35,791] {logging_mixin.py:109} INFO - [2022-04-03 00:24:35,791] {dag.py:2398} INFO - Sync 1 DAGs
[2022-04-03 00:24:35,796] {logging_mixin.py:109} INFO - [2022-04-03 00:24:35,796] {dag.py:2937} INFO - Setting next_dagrun for example_branch_datetime_operator_2 to 2022-04-01 00:00:00+00:00
[2022-04-03 00:24:35,800] {processor.py:171} INFO - Processing /opt/anaconda3/envs/airflow_env/lib/python3.8/site-packages/airflow/example_dags/example_branch_datetime_operator.py took 0.038 seconds
[2022-04-03 00:25:51,347] {processor.py:163} INFO - Started process (PID=11865) to work on /opt/anaconda3/envs/airflow_env/lib/python3.8/site-packages/airflow/example_dags/example_branch_datetime_operator.py
[2022-04-03 00:25:51,347] {processor.py:642} INFO - Processing file /opt/anaconda3/envs/airflow_env/lib/python3.8/site-packages/airflow/example_dags/example_branch_datetime_operator.py for tasks to queue
[2022-04-03 00:25:51,348] {logging_mixin.py:109} INFO - [2022-04-03 00:25:51,348] {dagbag.py:500} INFO - Filling up the DagBag from /opt/anaconda3/envs/airflow_env/lib/python3.8/site-packages/airflow/example_dags/example_branch_datetime_operator.py
[2022-04-03 00:25:51,366] {processor.py:654} INFO - DAG(s) dict_keys(['example_branch_datetime_operator_2']) retrieved from /opt/anaconda3/envs/airflow_env/lib/python3.8/site-packages/airflow/example_dags/example_branch_datetime_operator.py
[2022-04-03 00:25:51,375] {logging_mixin.py:109} INFO - [2022-04-03 00:25:51,375] {dag.py:2398} INFO - Sync 1 DAGs
[2022-04-03 00:25:51,380] {logging_mixin.py:109} INFO - [2022-04-03 00:25:51,380] {dag.py:2937} INFO - Setting next_dagrun for example_branch_datetime_operator_2 to 2022-04-01 00:00:00+00:00
[2022-04-03 00:25:51,384] {processor.py:171} INFO - Processing /opt/anaconda3/envs/airflow_env/lib/python3.8/site-packages/airflow/example_dags/example_branch_datetime_operator.py took 0.037 seconds
[2022-04-03 00:27:06,992] {processor.py:163} INFO - Started process (PID=12054) to work on /opt/anaconda3/envs/airflow_env/lib/python3.8/site-packages/airflow/example_dags/example_branch_datetime_operator.py
[2022-04-03 00:27:06,993] {processor.py:642} INFO - Processing file /opt/anaconda3/envs/airflow_env/lib/python3.8/site-packages/airflow/example_dags/example_branch_datetime_operator.py for tasks to queue
[2022-04-03 00:27:06,993] {logging_mixin.py:109} INFO - [2022-04-03 00:27:06,993] {dagbag.py:500} INFO - Filling up the DagBag from /opt/anaconda3/envs/airflow_env/lib/python3.8/site-packages/airflow/example_dags/example_branch_datetime_operator.py
[2022-04-03 00:27:07,012] {processor.py:654} INFO - DAG(s) dict_keys(['example_branch_datetime_operator_2']) retrieved from /opt/anaconda3/envs/airflow_env/lib/python3.8/site-packages/airflow/example_dags/example_branch_datetime_operator.py
[2022-04-03 00:27:07,022] {logging_mixin.py:109} INFO - [2022-04-03 00:27:07,022] {dag.py:2398} INFO - Sync 1 DAGs
[2022-04-03 00:27:07,027] {logging_mixin.py:109} INFO - [2022-04-03 00:27:07,027] {dag.py:2937} INFO - Setting next_dagrun for example_branch_datetime_operator_2 to 2022-04-01 00:00:00+00:00
[2022-04-03 00:27:07,031] {processor.py:171} INFO - Processing /opt/anaconda3/envs/airflow_env/lib/python3.8/site-packages/airflow/example_dags/example_branch_datetime_operator.py took 0.039 seconds
[2022-04-03 00:28:22,337] {processor.py:163} INFO - Started process (PID=12246) to work on /opt/anaconda3/envs/airflow_env/lib/python3.8/site-packages/airflow/example_dags/example_branch_datetime_operator.py
[2022-04-03 00:28:22,337] {processor.py:642} INFO - Processing file /opt/anaconda3/envs/airflow_env/lib/python3.8/site-packages/airflow/example_dags/example_branch_datetime_operator.py for tasks to queue
[2022-04-03 00:28:22,338] {logging_mixin.py:109} INFO - [2022-04-03 00:28:22,338] {dagbag.py:500} INFO - Filling up the DagBag from /opt/anaconda3/envs/airflow_env/lib/python3.8/site-packages/airflow/example_dags/example_branch_datetime_operator.py
[2022-04-03 00:28:22,358] {processor.py:654} INFO - DAG(s) dict_keys(['example_branch_datetime_operator_2']) retrieved from /opt/anaconda3/envs/airflow_env/lib/python3.8/site-packages/airflow/example_dags/example_branch_datetime_operator.py
[2022-04-03 00:28:22,367] {logging_mixin.py:109} INFO - [2022-04-03 00:28:22,367] {dag.py:2398} INFO - Sync 1 DAGs
[2022-04-03 00:28:22,373] {logging_mixin.py:109} INFO - [2022-04-03 00:28:22,373] {dag.py:2937} INFO - Setting next_dagrun for example_branch_datetime_operator_2 to 2022-04-01 00:00:00+00:00
[2022-04-03 00:28:22,376] {processor.py:171} INFO - Processing /opt/anaconda3/envs/airflow_env/lib/python3.8/site-packages/airflow/example_dags/example_branch_datetime_operator.py took 0.040 seconds
[2022-04-03 00:29:37,922] {processor.py:163} INFO - Started process (PID=12473) to work on /opt/anaconda3/envs/airflow_env/lib/python3.8/site-packages/airflow/example_dags/example_branch_datetime_operator.py
[2022-04-03 00:29:37,922] {processor.py:642} INFO - Processing file /opt/anaconda3/envs/airflow_env/lib/python3.8/site-packages/airflow/example_dags/example_branch_datetime_operator.py for tasks to queue
[2022-04-03 00:29:37,923] {logging_mixin.py:109} INFO - [2022-04-03 00:29:37,923] {dagbag.py:500} INFO - Filling up the DagBag from /opt/anaconda3/envs/airflow_env/lib/python3.8/site-packages/airflow/example_dags/example_branch_datetime_operator.py
[2022-04-03 00:29:37,941] {processor.py:654} INFO - DAG(s) dict_keys(['example_branch_datetime_operator_2']) retrieved from /opt/anaconda3/envs/airflow_env/lib/python3.8/site-packages/airflow/example_dags/example_branch_datetime_operator.py
[2022-04-03 00:29:37,951] {logging_mixin.py:109} INFO - [2022-04-03 00:29:37,951] {dag.py:2398} INFO - Sync 1 DAGs
[2022-04-03 00:29:37,956] {logging_mixin.py:109} INFO - [2022-04-03 00:29:37,956] {dag.py:2937} INFO - Setting next_dagrun for example_branch_datetime_operator_2 to 2022-04-01 00:00:00+00:00
[2022-04-03 00:29:37,960] {processor.py:171} INFO - Processing /opt/anaconda3/envs/airflow_env/lib/python3.8/site-packages/airflow/example_dags/example_branch_datetime_operator.py took 0.038 seconds
[2022-04-03 00:30:53,284] {processor.py:163} INFO - Started process (PID=12688) to work on /opt/anaconda3/envs/airflow_env/lib/python3.8/site-packages/airflow/example_dags/example_branch_datetime_operator.py
[2022-04-03 00:30:53,284] {processor.py:642} INFO - Processing file /opt/anaconda3/envs/airflow_env/lib/python3.8/site-packages/airflow/example_dags/example_branch_datetime_operator.py for tasks to queue
[2022-04-03 00:30:53,284] {logging_mixin.py:109} INFO - [2022-04-03 00:30:53,284] {dagbag.py:500} INFO - Filling up the DagBag from /opt/anaconda3/envs/airflow_env/lib/python3.8/site-packages/airflow/example_dags/example_branch_datetime_operator.py
[2022-04-03 00:30:53,303] {processor.py:654} INFO - DAG(s) dict_keys(['example_branch_datetime_operator_2']) retrieved from /opt/anaconda3/envs/airflow_env/lib/python3.8/site-packages/airflow/example_dags/example_branch_datetime_operator.py
[2022-04-03 00:30:53,312] {logging_mixin.py:109} INFO - [2022-04-03 00:30:53,312] {dag.py:2398} INFO - Sync 1 DAGs
[2022-04-03 00:30:53,317] {logging_mixin.py:109} INFO - [2022-04-03 00:30:53,317] {dag.py:2937} INFO - Setting next_dagrun for example_branch_datetime_operator_2 to 2022-04-01 00:00:00+00:00
[2022-04-03 00:30:53,321] {processor.py:171} INFO - Processing /opt/anaconda3/envs/airflow_env/lib/python3.8/site-packages/airflow/example_dags/example_branch_datetime_operator.py took 0.037 seconds
[2022-04-03 00:32:04,805] {processor.py:163} INFO - Started process (PID=12879) to work on /opt/anaconda3/envs/airflow_env/lib/python3.8/site-packages/airflow/example_dags/example_branch_datetime_operator.py
[2022-04-03 00:32:04,806] {processor.py:642} INFO - Processing file /opt/anaconda3/envs/airflow_env/lib/python3.8/site-packages/airflow/example_dags/example_branch_datetime_operator.py for tasks to queue
[2022-04-03 00:32:04,806] {logging_mixin.py:109} INFO - [2022-04-03 00:32:04,806] {dagbag.py:500} INFO - Filling up the DagBag from /opt/anaconda3/envs/airflow_env/lib/python3.8/site-packages/airflow/example_dags/example_branch_datetime_operator.py
[2022-04-03 00:32:04,825] {processor.py:654} INFO - DAG(s) dict_keys(['example_branch_datetime_operator_2']) retrieved from /opt/anaconda3/envs/airflow_env/lib/python3.8/site-packages/airflow/example_dags/example_branch_datetime_operator.py
[2022-04-03 00:32:04,834] {logging_mixin.py:109} INFO - [2022-04-03 00:32:04,834] {dag.py:2398} INFO - Sync 1 DAGs
[2022-04-03 00:32:04,842] {logging_mixin.py:109} INFO - [2022-04-03 00:32:04,842] {dag.py:2937} INFO - Setting next_dagrun for example_branch_datetime_operator_2 to 2022-04-01 00:00:00+00:00
[2022-04-03 00:32:04,846] {processor.py:171} INFO - Processing /opt/anaconda3/envs/airflow_env/lib/python3.8/site-packages/airflow/example_dags/example_branch_datetime_operator.py took 0.042 seconds
[2022-04-03 00:33:20,684] {processor.py:163} INFO - Started process (PID=13075) to work on /opt/anaconda3/envs/airflow_env/lib/python3.8/site-packages/airflow/example_dags/example_branch_datetime_operator.py
[2022-04-03 00:33:20,684] {processor.py:642} INFO - Processing file /opt/anaconda3/envs/airflow_env/lib/python3.8/site-packages/airflow/example_dags/example_branch_datetime_operator.py for tasks to queue
[2022-04-03 00:33:20,684] {logging_mixin.py:109} INFO - [2022-04-03 00:33:20,684] {dagbag.py:500} INFO - Filling up the DagBag from /opt/anaconda3/envs/airflow_env/lib/python3.8/site-packages/airflow/example_dags/example_branch_datetime_operator.py
[2022-04-03 00:33:20,704] {processor.py:654} INFO - DAG(s) dict_keys(['example_branch_datetime_operator_2']) retrieved from /opt/anaconda3/envs/airflow_env/lib/python3.8/site-packages/airflow/example_dags/example_branch_datetime_operator.py
[2022-04-03 00:33:20,714] {logging_mixin.py:109} INFO - [2022-04-03 00:33:20,713] {dag.py:2398} INFO - Sync 1 DAGs
[2022-04-03 00:33:20,719] {logging_mixin.py:109} INFO - [2022-04-03 00:33:20,719] {dag.py:2937} INFO - Setting next_dagrun for example_branch_datetime_operator_2 to 2022-04-01 00:00:00+00:00
[2022-04-03 00:33:20,723] {processor.py:171} INFO - Processing /opt/anaconda3/envs/airflow_env/lib/python3.8/site-packages/airflow/example_dags/example_branch_datetime_operator.py took 0.040 seconds
