[2022-04-02 23:47:12,524] {processor.py:163} INFO - Started process (PID=6037) to work on /opt/anaconda3/envs/airflow_env/lib/python3.8/site-packages/airflow/example_dags/example_complex.py
[2022-04-02 23:47:12,525] {processor.py:642} INFO - Processing file /opt/anaconda3/envs/airflow_env/lib/python3.8/site-packages/airflow/example_dags/example_complex.py for tasks to queue
[2022-04-02 23:47:12,525] {logging_mixin.py:109} INFO - [2022-04-02 23:47:12,525] {dagbag.py:500} INFO - Filling up the DagBag from /opt/anaconda3/envs/airflow_env/lib/python3.8/site-packages/airflow/example_dags/example_complex.py
[2022-04-02 23:47:12,547] {processor.py:654} INFO - DAG(s) dict_keys(['example_complex']) retrieved from /opt/anaconda3/envs/airflow_env/lib/python3.8/site-packages/airflow/example_dags/example_complex.py
[2022-04-02 23:47:12,559] {logging_mixin.py:109} INFO - [2022-04-02 23:47:12,559] {dag.py:2398} INFO - Sync 1 DAGs
[2022-04-02 23:47:12,564] {logging_mixin.py:109} INFO - [2022-04-02 23:47:12,563] {dag.py:2937} INFO - Setting next_dagrun for example_complex to None
[2022-04-02 23:47:12,567] {processor.py:171} INFO - Processing /opt/anaconda3/envs/airflow_env/lib/python3.8/site-packages/airflow/example_dags/example_complex.py took 0.043 seconds
[2022-04-02 23:48:19,625] {processor.py:163} INFO - Started process (PID=6240) to work on /opt/anaconda3/envs/airflow_env/lib/python3.8/site-packages/airflow/example_dags/example_complex.py
[2022-04-02 23:48:19,626] {processor.py:642} INFO - Processing file /opt/anaconda3/envs/airflow_env/lib/python3.8/site-packages/airflow/example_dags/example_complex.py for tasks to queue
[2022-04-02 23:48:19,626] {logging_mixin.py:109} INFO - [2022-04-02 23:48:19,626] {dagbag.py:500} INFO - Filling up the DagBag from /opt/anaconda3/envs/airflow_env/lib/python3.8/site-packages/airflow/example_dags/example_complex.py
[2022-04-02 23:48:19,648] {processor.py:654} INFO - DAG(s) dict_keys(['example_complex']) retrieved from /opt/anaconda3/envs/airflow_env/lib/python3.8/site-packages/airflow/example_dags/example_complex.py
[2022-04-02 23:48:19,661] {logging_mixin.py:109} INFO - [2022-04-02 23:48:19,661] {dag.py:2398} INFO - Sync 1 DAGs
[2022-04-02 23:48:19,666] {logging_mixin.py:109} INFO - [2022-04-02 23:48:19,666] {dag.py:2937} INFO - Setting next_dagrun for example_complex to None
[2022-04-02 23:48:19,670] {processor.py:171} INFO - Processing /opt/anaconda3/envs/airflow_env/lib/python3.8/site-packages/airflow/example_dags/example_complex.py took 0.046 seconds
[2022-04-02 23:49:26,944] {processor.py:163} INFO - Started process (PID=6421) to work on /opt/anaconda3/envs/airflow_env/lib/python3.8/site-packages/airflow/example_dags/example_complex.py
[2022-04-02 23:49:26,945] {processor.py:642} INFO - Processing file /opt/anaconda3/envs/airflow_env/lib/python3.8/site-packages/airflow/example_dags/example_complex.py for tasks to queue
[2022-04-02 23:49:26,945] {logging_mixin.py:109} INFO - [2022-04-02 23:49:26,945] {dagbag.py:500} INFO - Filling up the DagBag from /opt/anaconda3/envs/airflow_env/lib/python3.8/site-packages/airflow/example_dags/example_complex.py
[2022-04-02 23:49:26,965] {processor.py:654} INFO - DAG(s) dict_keys(['example_complex']) retrieved from /opt/anaconda3/envs/airflow_env/lib/python3.8/site-packages/airflow/example_dags/example_complex.py
[2022-04-02 23:49:26,977] {logging_mixin.py:109} INFO - [2022-04-02 23:49:26,977] {dag.py:2398} INFO - Sync 1 DAGs
[2022-04-02 23:49:26,981] {logging_mixin.py:109} INFO - [2022-04-02 23:49:26,981] {dag.py:2937} INFO - Setting next_dagrun for example_complex to None
[2022-04-02 23:49:26,984] {processor.py:171} INFO - Processing /opt/anaconda3/envs/airflow_env/lib/python3.8/site-packages/airflow/example_dags/example_complex.py took 0.041 seconds
[2022-04-02 23:50:34,553] {processor.py:163} INFO - Started process (PID=6632) to work on /opt/anaconda3/envs/airflow_env/lib/python3.8/site-packages/airflow/example_dags/example_complex.py
[2022-04-02 23:50:34,554] {processor.py:642} INFO - Processing file /opt/anaconda3/envs/airflow_env/lib/python3.8/site-packages/airflow/example_dags/example_complex.py for tasks to queue
[2022-04-02 23:50:34,554] {logging_mixin.py:109} INFO - [2022-04-02 23:50:34,554] {dagbag.py:500} INFO - Filling up the DagBag from /opt/anaconda3/envs/airflow_env/lib/python3.8/site-packages/airflow/example_dags/example_complex.py
[2022-04-02 23:50:34,576] {processor.py:654} INFO - DAG(s) dict_keys(['example_complex']) retrieved from /opt/anaconda3/envs/airflow_env/lib/python3.8/site-packages/airflow/example_dags/example_complex.py
[2022-04-02 23:50:34,590] {logging_mixin.py:109} INFO - [2022-04-02 23:50:34,590] {dag.py:2398} INFO - Sync 1 DAGs
[2022-04-02 23:50:34,595] {logging_mixin.py:109} INFO - [2022-04-02 23:50:34,595] {dag.py:2937} INFO - Setting next_dagrun for example_complex to None
[2022-04-02 23:50:34,599] {processor.py:171} INFO - Processing /opt/anaconda3/envs/airflow_env/lib/python3.8/site-packages/airflow/example_dags/example_complex.py took 0.046 seconds
[2022-04-02 23:51:41,198] {processor.py:163} INFO - Started process (PID=6795) to work on /opt/anaconda3/envs/airflow_env/lib/python3.8/site-packages/airflow/example_dags/example_complex.py
[2022-04-02 23:51:41,199] {processor.py:642} INFO - Processing file /opt/anaconda3/envs/airflow_env/lib/python3.8/site-packages/airflow/example_dags/example_complex.py for tasks to queue
[2022-04-02 23:51:41,199] {logging_mixin.py:109} INFO - [2022-04-02 23:51:41,199] {dagbag.py:500} INFO - Filling up the DagBag from /opt/anaconda3/envs/airflow_env/lib/python3.8/site-packages/airflow/example_dags/example_complex.py
[2022-04-02 23:51:41,222] {processor.py:654} INFO - DAG(s) dict_keys(['example_complex']) retrieved from /opt/anaconda3/envs/airflow_env/lib/python3.8/site-packages/airflow/example_dags/example_complex.py
[2022-04-02 23:51:41,235] {logging_mixin.py:109} INFO - [2022-04-02 23:51:41,235] {dag.py:2398} INFO - Sync 1 DAGs
[2022-04-02 23:51:41,239] {logging_mixin.py:109} INFO - [2022-04-02 23:51:41,239] {dag.py:2937} INFO - Setting next_dagrun for example_complex to None
[2022-04-02 23:51:41,243] {processor.py:171} INFO - Processing /opt/anaconda3/envs/airflow_env/lib/python3.8/site-packages/airflow/example_dags/example_complex.py took 0.045 seconds
