[2022-04-02 23:47:04,291] {processor.py:163} INFO - Started process (PID=6017) to work on /opt/anaconda3/envs/airflow_env/lib/python3.8/site-packages/airflow/example_dags/example_latest_only.py
[2022-04-02 23:47:04,291] {processor.py:642} INFO - Processing file /opt/anaconda3/envs/airflow_env/lib/python3.8/site-packages/airflow/example_dags/example_latest_only.py for tasks to queue
[2022-04-02 23:47:04,292] {logging_mixin.py:109} INFO - [2022-04-02 23:47:04,291] {dagbag.py:500} INFO - Filling up the DagBag from /opt/anaconda3/envs/airflow_env/lib/python3.8/site-packages/airflow/example_dags/example_latest_only.py
[2022-04-02 23:47:04,313] {processor.py:654} INFO - DAG(s) dict_keys(['latest_only']) retrieved from /opt/anaconda3/envs/airflow_env/lib/python3.8/site-packages/airflow/example_dags/example_latest_only.py
[2022-04-02 23:47:04,323] {logging_mixin.py:109} INFO - [2022-04-02 23:47:04,323] {dag.py:2398} INFO - Sync 1 DAGs
[2022-04-02 23:47:04,328] {logging_mixin.py:109} INFO - [2022-04-02 23:47:04,328] {dag.py:2937} INFO - Setting next_dagrun for latest_only to 2022-04-02T17:47:04.328724+00:00
[2022-04-02 23:47:04,333] {processor.py:171} INFO - Processing /opt/anaconda3/envs/airflow_env/lib/python3.8/site-packages/airflow/example_dags/example_latest_only.py took 0.043 seconds
[2022-04-02 23:48:11,624] {processor.py:163} INFO - Started process (PID=6224) to work on /opt/anaconda3/envs/airflow_env/lib/python3.8/site-packages/airflow/example_dags/example_latest_only.py
[2022-04-02 23:48:11,625] {processor.py:642} INFO - Processing file /opt/anaconda3/envs/airflow_env/lib/python3.8/site-packages/airflow/example_dags/example_latest_only.py for tasks to queue
[2022-04-02 23:48:11,625] {logging_mixin.py:109} INFO - [2022-04-02 23:48:11,625] {dagbag.py:500} INFO - Filling up the DagBag from /opt/anaconda3/envs/airflow_env/lib/python3.8/site-packages/airflow/example_dags/example_latest_only.py
[2022-04-02 23:48:11,642] {processor.py:654} INFO - DAG(s) dict_keys(['latest_only']) retrieved from /opt/anaconda3/envs/airflow_env/lib/python3.8/site-packages/airflow/example_dags/example_latest_only.py
[2022-04-02 23:48:11,652] {logging_mixin.py:109} INFO - [2022-04-02 23:48:11,652] {dag.py:2398} INFO - Sync 1 DAGs
[2022-04-02 23:48:11,657] {logging_mixin.py:109} INFO - [2022-04-02 23:48:11,657] {dag.py:2937} INFO - Setting next_dagrun for latest_only to 2022-04-02T17:48:11.657109+00:00
[2022-04-02 23:48:11,661] {processor.py:171} INFO - Processing /opt/anaconda3/envs/airflow_env/lib/python3.8/site-packages/airflow/example_dags/example_latest_only.py took 0.038 seconds
[2022-04-02 23:49:18,865] {processor.py:163} INFO - Started process (PID=6395) to work on /opt/anaconda3/envs/airflow_env/lib/python3.8/site-packages/airflow/example_dags/example_latest_only.py
[2022-04-02 23:49:18,865] {processor.py:642} INFO - Processing file /opt/anaconda3/envs/airflow_env/lib/python3.8/site-packages/airflow/example_dags/example_latest_only.py for tasks to queue
[2022-04-02 23:49:18,865] {logging_mixin.py:109} INFO - [2022-04-02 23:49:18,865] {dagbag.py:500} INFO - Filling up the DagBag from /opt/anaconda3/envs/airflow_env/lib/python3.8/site-packages/airflow/example_dags/example_latest_only.py
[2022-04-02 23:49:18,884] {processor.py:654} INFO - DAG(s) dict_keys(['latest_only']) retrieved from /opt/anaconda3/envs/airflow_env/lib/python3.8/site-packages/airflow/example_dags/example_latest_only.py
[2022-04-02 23:49:18,894] {logging_mixin.py:109} INFO - [2022-04-02 23:49:18,894] {dag.py:2398} INFO - Sync 1 DAGs
[2022-04-02 23:49:18,898] {logging_mixin.py:109} INFO - [2022-04-02 23:49:18,898] {dag.py:2937} INFO - Setting next_dagrun for latest_only to 2022-04-02T17:49:18.898671+00:00
[2022-04-02 23:49:18,902] {processor.py:171} INFO - Processing /opt/anaconda3/envs/airflow_env/lib/python3.8/site-packages/airflow/example_dags/example_latest_only.py took 0.038 seconds
[2022-04-02 23:50:26,656] {processor.py:163} INFO - Started process (PID=6614) to work on /opt/anaconda3/envs/airflow_env/lib/python3.8/site-packages/airflow/example_dags/example_latest_only.py
[2022-04-02 23:50:26,657] {processor.py:642} INFO - Processing file /opt/anaconda3/envs/airflow_env/lib/python3.8/site-packages/airflow/example_dags/example_latest_only.py for tasks to queue
[2022-04-02 23:50:26,657] {logging_mixin.py:109} INFO - [2022-04-02 23:50:26,657] {dagbag.py:500} INFO - Filling up the DagBag from /opt/anaconda3/envs/airflow_env/lib/python3.8/site-packages/airflow/example_dags/example_latest_only.py
[2022-04-02 23:50:26,675] {processor.py:654} INFO - DAG(s) dict_keys(['latest_only']) retrieved from /opt/anaconda3/envs/airflow_env/lib/python3.8/site-packages/airflow/example_dags/example_latest_only.py
[2022-04-02 23:50:26,685] {logging_mixin.py:109} INFO - [2022-04-02 23:50:26,685] {dag.py:2398} INFO - Sync 1 DAGs
[2022-04-02 23:50:26,690] {logging_mixin.py:109} INFO - [2022-04-02 23:50:26,690] {dag.py:2937} INFO - Setting next_dagrun for latest_only to 2022-04-02T17:50:26.690420+00:00
[2022-04-02 23:50:26,695] {processor.py:171} INFO - Processing /opt/anaconda3/envs/airflow_env/lib/python3.8/site-packages/airflow/example_dags/example_latest_only.py took 0.039 seconds
[2022-04-02 23:51:33,438] {processor.py:163} INFO - Started process (PID=6778) to work on /opt/anaconda3/envs/airflow_env/lib/python3.8/site-packages/airflow/example_dags/example_latest_only.py
[2022-04-02 23:51:33,439] {processor.py:642} INFO - Processing file /opt/anaconda3/envs/airflow_env/lib/python3.8/site-packages/airflow/example_dags/example_latest_only.py for tasks to queue
[2022-04-02 23:51:33,439] {logging_mixin.py:109} INFO - [2022-04-02 23:51:33,439] {dagbag.py:500} INFO - Filling up the DagBag from /opt/anaconda3/envs/airflow_env/lib/python3.8/site-packages/airflow/example_dags/example_latest_only.py
[2022-04-02 23:51:33,458] {processor.py:654} INFO - DAG(s) dict_keys(['latest_only']) retrieved from /opt/anaconda3/envs/airflow_env/lib/python3.8/site-packages/airflow/example_dags/example_latest_only.py
[2022-04-02 23:51:33,468] {logging_mixin.py:109} INFO - [2022-04-02 23:51:33,467] {dag.py:2398} INFO - Sync 1 DAGs
[2022-04-02 23:51:33,472] {logging_mixin.py:109} INFO - [2022-04-02 23:51:33,472] {dag.py:2937} INFO - Setting next_dagrun for latest_only to 2022-04-02T17:51:33.472564+00:00
[2022-04-02 23:51:33,476] {processor.py:171} INFO - Processing /opt/anaconda3/envs/airflow_env/lib/python3.8/site-packages/airflow/example_dags/example_latest_only.py took 0.038 seconds
