[2022-04-02 23:47:24,200] {processor.py:163} INFO - Started process (PID=6081) to work on /opt/anaconda3/envs/airflow_env/lib/python3.8/site-packages/airflow/example_dags/example_bash_operator.py
[2022-04-02 23:47:24,200] {processor.py:642} INFO - Processing file /opt/anaconda3/envs/airflow_env/lib/python3.8/site-packages/airflow/example_dags/example_bash_operator.py for tasks to queue
[2022-04-02 23:47:24,201] {logging_mixin.py:109} INFO - [2022-04-02 23:47:24,201] {dagbag.py:500} INFO - Filling up the DagBag from /opt/anaconda3/envs/airflow_env/lib/python3.8/site-packages/airflow/example_dags/example_bash_operator.py
[2022-04-02 23:47:24,220] {processor.py:654} INFO - DAG(s) dict_keys(['example_bash_operator']) retrieved from /opt/anaconda3/envs/airflow_env/lib/python3.8/site-packages/airflow/example_dags/example_bash_operator.py
[2022-04-02 23:47:24,229] {logging_mixin.py:109} INFO - [2022-04-02 23:47:24,229] {dag.py:2398} INFO - Sync 1 DAGs
[2022-04-02 23:47:24,234] {logging_mixin.py:109} INFO - [2022-04-02 23:47:24,234] {dag.py:2937} INFO - Setting next_dagrun for example_bash_operator to 2022-04-01 00:00:00+00:00
[2022-04-02 23:47:24,237] {processor.py:171} INFO - Processing /opt/anaconda3/envs/airflow_env/lib/python3.8/site-packages/airflow/example_dags/example_bash_operator.py took 0.037 seconds
[2022-04-02 23:48:31,473] {processor.py:163} INFO - Started process (PID=6277) to work on /opt/anaconda3/envs/airflow_env/lib/python3.8/site-packages/airflow/example_dags/example_bash_operator.py
[2022-04-02 23:48:31,473] {processor.py:642} INFO - Processing file /opt/anaconda3/envs/airflow_env/lib/python3.8/site-packages/airflow/example_dags/example_bash_operator.py for tasks to queue
[2022-04-02 23:48:31,473] {logging_mixin.py:109} INFO - [2022-04-02 23:48:31,473] {dagbag.py:500} INFO - Filling up the DagBag from /opt/anaconda3/envs/airflow_env/lib/python3.8/site-packages/airflow/example_dags/example_bash_operator.py
[2022-04-02 23:48:31,493] {processor.py:654} INFO - DAG(s) dict_keys(['example_bash_operator']) retrieved from /opt/anaconda3/envs/airflow_env/lib/python3.8/site-packages/airflow/example_dags/example_bash_operator.py
[2022-04-02 23:48:31,504] {logging_mixin.py:109} INFO - [2022-04-02 23:48:31,504] {dag.py:2398} INFO - Sync 1 DAGs
[2022-04-02 23:48:31,510] {logging_mixin.py:109} INFO - [2022-04-02 23:48:31,510] {dag.py:2937} INFO - Setting next_dagrun for example_bash_operator to 2022-04-01 00:00:00+00:00
[2022-04-02 23:48:31,515] {processor.py:171} INFO - Processing /opt/anaconda3/envs/airflow_env/lib/python3.8/site-packages/airflow/example_dags/example_bash_operator.py took 0.043 seconds
[2022-04-02 23:49:38,701] {processor.py:163} INFO - Started process (PID=6461) to work on /opt/anaconda3/envs/airflow_env/lib/python3.8/site-packages/airflow/example_dags/example_bash_operator.py
[2022-04-02 23:49:38,702] {processor.py:642} INFO - Processing file /opt/anaconda3/envs/airflow_env/lib/python3.8/site-packages/airflow/example_dags/example_bash_operator.py for tasks to queue
[2022-04-02 23:49:38,702] {logging_mixin.py:109} INFO - [2022-04-02 23:49:38,702] {dagbag.py:500} INFO - Filling up the DagBag from /opt/anaconda3/envs/airflow_env/lib/python3.8/site-packages/airflow/example_dags/example_bash_operator.py
[2022-04-02 23:49:38,721] {processor.py:654} INFO - DAG(s) dict_keys(['example_bash_operator']) retrieved from /opt/anaconda3/envs/airflow_env/lib/python3.8/site-packages/airflow/example_dags/example_bash_operator.py
[2022-04-02 23:49:38,730] {logging_mixin.py:109} INFO - [2022-04-02 23:49:38,730] {dag.py:2398} INFO - Sync 1 DAGs
[2022-04-02 23:49:38,736] {logging_mixin.py:109} INFO - [2022-04-02 23:49:38,736] {dag.py:2937} INFO - Setting next_dagrun for example_bash_operator to 2022-04-01 00:00:00+00:00
[2022-04-02 23:49:38,739] {processor.py:171} INFO - Processing /opt/anaconda3/envs/airflow_env/lib/python3.8/site-packages/airflow/example_dags/example_bash_operator.py took 0.038 seconds
[2022-04-02 23:50:46,167] {processor.py:163} INFO - Started process (PID=6656) to work on /opt/anaconda3/envs/airflow_env/lib/python3.8/site-packages/airflow/example_dags/example_bash_operator.py
[2022-04-02 23:50:46,168] {processor.py:642} INFO - Processing file /opt/anaconda3/envs/airflow_env/lib/python3.8/site-packages/airflow/example_dags/example_bash_operator.py for tasks to queue
[2022-04-02 23:50:46,168] {logging_mixin.py:109} INFO - [2022-04-02 23:50:46,168] {dagbag.py:500} INFO - Filling up the DagBag from /opt/anaconda3/envs/airflow_env/lib/python3.8/site-packages/airflow/example_dags/example_bash_operator.py
[2022-04-02 23:50:46,187] {processor.py:654} INFO - DAG(s) dict_keys(['example_bash_operator']) retrieved from /opt/anaconda3/envs/airflow_env/lib/python3.8/site-packages/airflow/example_dags/example_bash_operator.py
[2022-04-02 23:50:46,199] {logging_mixin.py:109} INFO - [2022-04-02 23:50:46,198] {dag.py:2398} INFO - Sync 1 DAGs
[2022-04-02 23:50:46,205] {logging_mixin.py:109} INFO - [2022-04-02 23:50:46,205] {dag.py:2937} INFO - Setting next_dagrun for example_bash_operator to 2022-04-01 00:00:00+00:00
[2022-04-02 23:50:46,209] {processor.py:171} INFO - Processing /opt/anaconda3/envs/airflow_env/lib/python3.8/site-packages/airflow/example_dags/example_bash_operator.py took 0.042 seconds
