[2022-04-02 23:47:00,287] {processor.py:163} INFO - Started process (PID=6009) to work on /opt/anaconda3/envs/airflow_env/lib/python3.8/site-packages/airflow/example_dags/example_nested_branch_dag.py
[2022-04-02 23:47:00,288] {processor.py:642} INFO - Processing file /opt/anaconda3/envs/airflow_env/lib/python3.8/site-packages/airflow/example_dags/example_nested_branch_dag.py for tasks to queue
[2022-04-02 23:47:00,288] {logging_mixin.py:109} INFO - [2022-04-02 23:47:00,288] {dagbag.py:500} INFO - Filling up the DagBag from /opt/anaconda3/envs/airflow_env/lib/python3.8/site-packages/airflow/example_dags/example_nested_branch_dag.py
[2022-04-02 23:47:00,319] {processor.py:654} INFO - DAG(s) dict_keys(['example_nested_branch_dag']) retrieved from /opt/anaconda3/envs/airflow_env/lib/python3.8/site-packages/airflow/example_dags/example_nested_branch_dag.py
[2022-04-02 23:47:00,329] {logging_mixin.py:109} INFO - [2022-04-02 23:47:00,329] {dag.py:2398} INFO - Sync 1 DAGs
[2022-04-02 23:47:00,335] {logging_mixin.py:109} INFO - [2022-04-02 23:47:00,335] {dag.py:2937} INFO - Setting next_dagrun for example_nested_branch_dag to 2022-04-01 00:00:00+00:00
[2022-04-02 23:47:00,338] {processor.py:171} INFO - Processing /opt/anaconda3/envs/airflow_env/lib/python3.8/site-packages/airflow/example_dags/example_nested_branch_dag.py took 0.051 seconds
[2022-04-02 23:48:07,668] {processor.py:163} INFO - Started process (PID=6208) to work on /opt/anaconda3/envs/airflow_env/lib/python3.8/site-packages/airflow/example_dags/example_nested_branch_dag.py
[2022-04-02 23:48:07,669] {processor.py:642} INFO - Processing file /opt/anaconda3/envs/airflow_env/lib/python3.8/site-packages/airflow/example_dags/example_nested_branch_dag.py for tasks to queue
[2022-04-02 23:48:07,669] {logging_mixin.py:109} INFO - [2022-04-02 23:48:07,669] {dagbag.py:500} INFO - Filling up the DagBag from /opt/anaconda3/envs/airflow_env/lib/python3.8/site-packages/airflow/example_dags/example_nested_branch_dag.py
[2022-04-02 23:48:07,701] {processor.py:654} INFO - DAG(s) dict_keys(['example_nested_branch_dag']) retrieved from /opt/anaconda3/envs/airflow_env/lib/python3.8/site-packages/airflow/example_dags/example_nested_branch_dag.py
[2022-04-02 23:48:07,712] {logging_mixin.py:109} INFO - [2022-04-02 23:48:07,712] {dag.py:2398} INFO - Sync 1 DAGs
[2022-04-02 23:48:07,718] {logging_mixin.py:109} INFO - [2022-04-02 23:48:07,718] {dag.py:2937} INFO - Setting next_dagrun for example_nested_branch_dag to 2022-04-01 00:00:00+00:00
[2022-04-02 23:48:07,721] {processor.py:171} INFO - Processing /opt/anaconda3/envs/airflow_env/lib/python3.8/site-packages/airflow/example_dags/example_nested_branch_dag.py took 0.053 seconds
[2022-04-02 23:49:14,845] {processor.py:163} INFO - Started process (PID=6381) to work on /opt/anaconda3/envs/airflow_env/lib/python3.8/site-packages/airflow/example_dags/example_nested_branch_dag.py
[2022-04-02 23:49:14,846] {processor.py:642} INFO - Processing file /opt/anaconda3/envs/airflow_env/lib/python3.8/site-packages/airflow/example_dags/example_nested_branch_dag.py for tasks to queue
[2022-04-02 23:49:14,846] {logging_mixin.py:109} INFO - [2022-04-02 23:49:14,846] {dagbag.py:500} INFO - Filling up the DagBag from /opt/anaconda3/envs/airflow_env/lib/python3.8/site-packages/airflow/example_dags/example_nested_branch_dag.py
[2022-04-02 23:49:14,873] {processor.py:654} INFO - DAG(s) dict_keys(['example_nested_branch_dag']) retrieved from /opt/anaconda3/envs/airflow_env/lib/python3.8/site-packages/airflow/example_dags/example_nested_branch_dag.py
[2022-04-02 23:49:14,882] {logging_mixin.py:109} INFO - [2022-04-02 23:49:14,882] {dag.py:2398} INFO - Sync 1 DAGs
[2022-04-02 23:49:14,888] {logging_mixin.py:109} INFO - [2022-04-02 23:49:14,887] {dag.py:2937} INFO - Setting next_dagrun for example_nested_branch_dag to 2022-04-01 00:00:00+00:00
[2022-04-02 23:49:14,891] {processor.py:171} INFO - Processing /opt/anaconda3/envs/airflow_env/lib/python3.8/site-packages/airflow/example_dags/example_nested_branch_dag.py took 0.047 seconds
[2022-04-02 23:50:22,635] {processor.py:163} INFO - Started process (PID=6606) to work on /opt/anaconda3/envs/airflow_env/lib/python3.8/site-packages/airflow/example_dags/example_nested_branch_dag.py
[2022-04-02 23:50:22,635] {processor.py:642} INFO - Processing file /opt/anaconda3/envs/airflow_env/lib/python3.8/site-packages/airflow/example_dags/example_nested_branch_dag.py for tasks to queue
[2022-04-02 23:50:22,635] {logging_mixin.py:109} INFO - [2022-04-02 23:50:22,635] {dagbag.py:500} INFO - Filling up the DagBag from /opt/anaconda3/envs/airflow_env/lib/python3.8/site-packages/airflow/example_dags/example_nested_branch_dag.py
[2022-04-02 23:50:22,661] {processor.py:654} INFO - DAG(s) dict_keys(['example_nested_branch_dag']) retrieved from /opt/anaconda3/envs/airflow_env/lib/python3.8/site-packages/airflow/example_dags/example_nested_branch_dag.py
[2022-04-02 23:50:22,671] {logging_mixin.py:109} INFO - [2022-04-02 23:50:22,670] {dag.py:2398} INFO - Sync 1 DAGs
[2022-04-02 23:50:22,677] {logging_mixin.py:109} INFO - [2022-04-02 23:50:22,677] {dag.py:2937} INFO - Setting next_dagrun for example_nested_branch_dag to 2022-04-01 00:00:00+00:00
[2022-04-02 23:50:22,681] {processor.py:171} INFO - Processing /opt/anaconda3/envs/airflow_env/lib/python3.8/site-packages/airflow/example_dags/example_nested_branch_dag.py took 0.046 seconds
[2022-04-02 23:51:29,262] {processor.py:163} INFO - Started process (PID=6770) to work on /opt/anaconda3/envs/airflow_env/lib/python3.8/site-packages/airflow/example_dags/example_nested_branch_dag.py
[2022-04-02 23:51:29,264] {processor.py:642} INFO - Processing file /opt/anaconda3/envs/airflow_env/lib/python3.8/site-packages/airflow/example_dags/example_nested_branch_dag.py for tasks to queue
[2022-04-02 23:51:29,264] {logging_mixin.py:109} INFO - [2022-04-02 23:51:29,264] {dagbag.py:500} INFO - Filling up the DagBag from /opt/anaconda3/envs/airflow_env/lib/python3.8/site-packages/airflow/example_dags/example_nested_branch_dag.py
[2022-04-02 23:51:29,291] {processor.py:654} INFO - DAG(s) dict_keys(['example_nested_branch_dag']) retrieved from /opt/anaconda3/envs/airflow_env/lib/python3.8/site-packages/airflow/example_dags/example_nested_branch_dag.py
[2022-04-02 23:51:29,300] {logging_mixin.py:109} INFO - [2022-04-02 23:51:29,300] {dag.py:2398} INFO - Sync 1 DAGs
[2022-04-02 23:51:29,306] {logging_mixin.py:109} INFO - [2022-04-02 23:51:29,306] {dag.py:2937} INFO - Setting next_dagrun for example_nested_branch_dag to 2022-04-01 00:00:00+00:00
[2022-04-02 23:51:29,311] {processor.py:171} INFO - Processing /opt/anaconda3/envs/airflow_env/lib/python3.8/site-packages/airflow/example_dags/example_nested_branch_dag.py took 0.049 seconds
