[2022-04-02 23:46:44,201] {processor.py:163} INFO - Started process (PID=5972) to work on /opt/anaconda3/envs/airflow_env/lib/python3.8/site-packages/airflow/example_dags/example_task_group_decorator.py
[2022-04-02 23:46:44,201] {processor.py:642} INFO - Processing file /opt/anaconda3/envs/airflow_env/lib/python3.8/site-packages/airflow/example_dags/example_task_group_decorator.py for tasks to queue
[2022-04-02 23:46:44,201] {logging_mixin.py:109} INFO - [2022-04-02 23:46:44,201] {dagbag.py:500} INFO - Filling up the DagBag from /opt/anaconda3/envs/airflow_env/lib/python3.8/site-packages/airflow/example_dags/example_task_group_decorator.py
[2022-04-02 23:46:44,232] {processor.py:654} INFO - DAG(s) dict_keys(['example_task_group_decorator']) retrieved from /opt/anaconda3/envs/airflow_env/lib/python3.8/site-packages/airflow/example_dags/example_task_group_decorator.py
[2022-04-02 23:46:44,340] {logging_mixin.py:109} INFO - [2022-04-02 23:46:44,340] {dag.py:2398} INFO - Sync 1 DAGs
[2022-04-02 23:46:44,345] {logging_mixin.py:109} INFO - [2022-04-02 23:46:44,344] {dag.py:2937} INFO - Setting next_dagrun for example_task_group_decorator to 2022-04-01T21:46:44.344878+00:00
[2022-04-02 23:46:44,349] {processor.py:171} INFO - Processing /opt/anaconda3/envs/airflow_env/lib/python3.8/site-packages/airflow/example_dags/example_task_group_decorator.py took 0.148 seconds
[2022-04-02 23:47:47,841] {processor.py:163} INFO - Started process (PID=6157) to work on /opt/anaconda3/envs/airflow_env/lib/python3.8/site-packages/airflow/example_dags/example_task_group_decorator.py
[2022-04-02 23:47:47,842] {processor.py:642} INFO - Processing file /opt/anaconda3/envs/airflow_env/lib/python3.8/site-packages/airflow/example_dags/example_task_group_decorator.py for tasks to queue
[2022-04-02 23:47:47,842] {logging_mixin.py:109} INFO - [2022-04-02 23:47:47,842] {dagbag.py:500} INFO - Filling up the DagBag from /opt/anaconda3/envs/airflow_env/lib/python3.8/site-packages/airflow/example_dags/example_task_group_decorator.py
[2022-04-02 23:47:47,871] {processor.py:654} INFO - DAG(s) dict_keys(['example_task_group_decorator']) retrieved from /opt/anaconda3/envs/airflow_env/lib/python3.8/site-packages/airflow/example_dags/example_task_group_decorator.py
[2022-04-02 23:47:47,973] {logging_mixin.py:109} INFO - [2022-04-02 23:47:47,973] {dag.py:2398} INFO - Sync 1 DAGs
[2022-04-02 23:47:47,978] {logging_mixin.py:109} INFO - [2022-04-02 23:47:47,978] {dag.py:2937} INFO - Setting next_dagrun for example_task_group_decorator to 2022-04-01T21:47:47.978562+00:00
[2022-04-02 23:47:47,983] {processor.py:171} INFO - Processing /opt/anaconda3/envs/airflow_env/lib/python3.8/site-packages/airflow/example_dags/example_task_group_decorator.py took 0.142 seconds
[2022-04-02 23:48:55,159] {processor.py:163} INFO - Started process (PID=6338) to work on /opt/anaconda3/envs/airflow_env/lib/python3.8/site-packages/airflow/example_dags/example_task_group_decorator.py
[2022-04-02 23:48:55,160] {processor.py:642} INFO - Processing file /opt/anaconda3/envs/airflow_env/lib/python3.8/site-packages/airflow/example_dags/example_task_group_decorator.py for tasks to queue
[2022-04-02 23:48:55,160] {logging_mixin.py:109} INFO - [2022-04-02 23:48:55,160] {dagbag.py:500} INFO - Filling up the DagBag from /opt/anaconda3/envs/airflow_env/lib/python3.8/site-packages/airflow/example_dags/example_task_group_decorator.py
[2022-04-02 23:48:55,196] {processor.py:654} INFO - DAG(s) dict_keys(['example_task_group_decorator']) retrieved from /opt/anaconda3/envs/airflow_env/lib/python3.8/site-packages/airflow/example_dags/example_task_group_decorator.py
[2022-04-02 23:48:55,308] {logging_mixin.py:109} INFO - [2022-04-02 23:48:55,308] {dag.py:2398} INFO - Sync 1 DAGs
[2022-04-02 23:48:55,313] {logging_mixin.py:109} INFO - [2022-04-02 23:48:55,313] {dag.py:2937} INFO - Setting next_dagrun for example_task_group_decorator to 2022-04-01T21:48:55.312982+00:00
[2022-04-02 23:48:55,317] {processor.py:171} INFO - Processing /opt/anaconda3/envs/airflow_env/lib/python3.8/site-packages/airflow/example_dags/example_task_group_decorator.py took 0.158 seconds
[2022-04-02 23:50:02,727] {processor.py:163} INFO - Started process (PID=6540) to work on /opt/anaconda3/envs/airflow_env/lib/python3.8/site-packages/airflow/example_dags/example_task_group_decorator.py
[2022-04-02 23:50:02,727] {processor.py:642} INFO - Processing file /opt/anaconda3/envs/airflow_env/lib/python3.8/site-packages/airflow/example_dags/example_task_group_decorator.py for tasks to queue
[2022-04-02 23:50:02,728] {logging_mixin.py:109} INFO - [2022-04-02 23:50:02,728] {dagbag.py:500} INFO - Filling up the DagBag from /opt/anaconda3/envs/airflow_env/lib/python3.8/site-packages/airflow/example_dags/example_task_group_decorator.py
[2022-04-02 23:50:02,760] {processor.py:654} INFO - DAG(s) dict_keys(['example_task_group_decorator']) retrieved from /opt/anaconda3/envs/airflow_env/lib/python3.8/site-packages/airflow/example_dags/example_task_group_decorator.py
[2022-04-02 23:50:02,870] {logging_mixin.py:109} INFO - [2022-04-02 23:50:02,870] {dag.py:2398} INFO - Sync 1 DAGs
[2022-04-02 23:50:02,875] {logging_mixin.py:109} INFO - [2022-04-02 23:50:02,875] {dag.py:2937} INFO - Setting next_dagrun for example_task_group_decorator to 2022-04-01T21:50:02.875126+00:00
[2022-04-02 23:50:02,880] {processor.py:171} INFO - Processing /opt/anaconda3/envs/airflow_env/lib/python3.8/site-packages/airflow/example_dags/example_task_group_decorator.py took 0.153 seconds
[2022-04-02 23:51:09,828] {processor.py:163} INFO - Started process (PID=6731) to work on /opt/anaconda3/envs/airflow_env/lib/python3.8/site-packages/airflow/example_dags/example_task_group_decorator.py
[2022-04-02 23:51:09,830] {processor.py:642} INFO - Processing file /opt/anaconda3/envs/airflow_env/lib/python3.8/site-packages/airflow/example_dags/example_task_group_decorator.py for tasks to queue
[2022-04-02 23:51:09,830] {logging_mixin.py:109} INFO - [2022-04-02 23:51:09,830] {dagbag.py:500} INFO - Filling up the DagBag from /opt/anaconda3/envs/airflow_env/lib/python3.8/site-packages/airflow/example_dags/example_task_group_decorator.py
[2022-04-02 23:51:09,862] {processor.py:654} INFO - DAG(s) dict_keys(['example_task_group_decorator']) retrieved from /opt/anaconda3/envs/airflow_env/lib/python3.8/site-packages/airflow/example_dags/example_task_group_decorator.py
[2022-04-02 23:51:09,964] {logging_mixin.py:109} INFO - [2022-04-02 23:51:09,964] {dag.py:2398} INFO - Sync 1 DAGs
[2022-04-02 23:51:09,968] {logging_mixin.py:109} INFO - [2022-04-02 23:51:09,968] {dag.py:2937} INFO - Setting next_dagrun for example_task_group_decorator to 2022-04-01T21:51:09.968684+00:00
[2022-04-02 23:51:09,972] {processor.py:171} INFO - Processing /opt/anaconda3/envs/airflow_env/lib/python3.8/site-packages/airflow/example_dags/example_task_group_decorator.py took 0.145 seconds
[2022-04-02 23:52:20,659] {processor.py:163} INFO - Started process (PID=6910) to work on /opt/anaconda3/envs/airflow_env/lib/python3.8/site-packages/airflow/example_dags/example_task_group_decorator.py
[2022-04-02 23:52:20,660] {processor.py:642} INFO - Processing file /opt/anaconda3/envs/airflow_env/lib/python3.8/site-packages/airflow/example_dags/example_task_group_decorator.py for tasks to queue
[2022-04-02 23:52:20,660] {logging_mixin.py:109} INFO - [2022-04-02 23:52:20,660] {dagbag.py:500} INFO - Filling up the DagBag from /opt/anaconda3/envs/airflow_env/lib/python3.8/site-packages/airflow/example_dags/example_task_group_decorator.py
[2022-04-02 23:52:20,691] {processor.py:654} INFO - DAG(s) dict_keys(['example_task_group_decorator']) retrieved from /opt/anaconda3/envs/airflow_env/lib/python3.8/site-packages/airflow/example_dags/example_task_group_decorator.py
[2022-04-02 23:52:20,808] {logging_mixin.py:109} INFO - [2022-04-02 23:52:20,808] {dag.py:2398} INFO - Sync 1 DAGs
[2022-04-02 23:52:20,813] {logging_mixin.py:109} INFO - [2022-04-02 23:52:20,813] {dag.py:2937} INFO - Setting next_dagrun for example_task_group_decorator to 2022-04-01T21:52:20.813196+00:00
[2022-04-02 23:52:20,817] {processor.py:171} INFO - Processing /opt/anaconda3/envs/airflow_env/lib/python3.8/site-packages/airflow/example_dags/example_task_group_decorator.py took 0.158 seconds
[2022-04-02 23:53:36,379] {processor.py:163} INFO - Started process (PID=7095) to work on /opt/anaconda3/envs/airflow_env/lib/python3.8/site-packages/airflow/example_dags/example_task_group_decorator.py
[2022-04-02 23:53:36,380] {processor.py:642} INFO - Processing file /opt/anaconda3/envs/airflow_env/lib/python3.8/site-packages/airflow/example_dags/example_task_group_decorator.py for tasks to queue
[2022-04-02 23:53:36,381] {logging_mixin.py:109} INFO - [2022-04-02 23:53:36,381] {dagbag.py:500} INFO - Filling up the DagBag from /opt/anaconda3/envs/airflow_env/lib/python3.8/site-packages/airflow/example_dags/example_task_group_decorator.py
[2022-04-02 23:53:36,413] {processor.py:654} INFO - DAG(s) dict_keys(['example_task_group_decorator']) retrieved from /opt/anaconda3/envs/airflow_env/lib/python3.8/site-packages/airflow/example_dags/example_task_group_decorator.py
[2022-04-02 23:53:36,520] {logging_mixin.py:109} INFO - [2022-04-02 23:53:36,520] {dag.py:2398} INFO - Sync 1 DAGs
[2022-04-02 23:53:36,526] {logging_mixin.py:109} INFO - [2022-04-02 23:53:36,526] {dag.py:2937} INFO - Setting next_dagrun for example_task_group_decorator to 2022-04-01T21:53:36.526102+00:00
[2022-04-02 23:53:36,530] {processor.py:171} INFO - Processing /opt/anaconda3/envs/airflow_env/lib/python3.8/site-packages/airflow/example_dags/example_task_group_decorator.py took 0.151 seconds
[2022-04-02 23:54:51,907] {processor.py:163} INFO - Started process (PID=7267) to work on /opt/anaconda3/envs/airflow_env/lib/python3.8/site-packages/airflow/example_dags/example_task_group_decorator.py
[2022-04-02 23:54:51,908] {processor.py:642} INFO - Processing file /opt/anaconda3/envs/airflow_env/lib/python3.8/site-packages/airflow/example_dags/example_task_group_decorator.py for tasks to queue
[2022-04-02 23:54:51,908] {logging_mixin.py:109} INFO - [2022-04-02 23:54:51,908] {dagbag.py:500} INFO - Filling up the DagBag from /opt/anaconda3/envs/airflow_env/lib/python3.8/site-packages/airflow/example_dags/example_task_group_decorator.py
[2022-04-02 23:54:51,939] {processor.py:654} INFO - DAG(s) dict_keys(['example_task_group_decorator']) retrieved from /opt/anaconda3/envs/airflow_env/lib/python3.8/site-packages/airflow/example_dags/example_task_group_decorator.py
[2022-04-02 23:54:52,055] {logging_mixin.py:109} INFO - [2022-04-02 23:54:52,055] {dag.py:2398} INFO - Sync 1 DAGs
[2022-04-02 23:54:52,060] {logging_mixin.py:109} INFO - [2022-04-02 23:54:52,060] {dag.py:2937} INFO - Setting next_dagrun for example_task_group_decorator to 2022-04-01T21:54:52.060373+00:00
[2022-04-02 23:54:52,064] {processor.py:171} INFO - Processing /opt/anaconda3/envs/airflow_env/lib/python3.8/site-packages/airflow/example_dags/example_task_group_decorator.py took 0.158 seconds
[2022-04-02 23:56:07,305] {processor.py:163} INFO - Started process (PID=7434) to work on /opt/anaconda3/envs/airflow_env/lib/python3.8/site-packages/airflow/example_dags/example_task_group_decorator.py
[2022-04-02 23:56:07,306] {processor.py:642} INFO - Processing file /opt/anaconda3/envs/airflow_env/lib/python3.8/site-packages/airflow/example_dags/example_task_group_decorator.py for tasks to queue
[2022-04-02 23:56:07,306] {logging_mixin.py:109} INFO - [2022-04-02 23:56:07,306] {dagbag.py:500} INFO - Filling up the DagBag from /opt/anaconda3/envs/airflow_env/lib/python3.8/site-packages/airflow/example_dags/example_task_group_decorator.py
[2022-04-02 23:56:07,335] {processor.py:654} INFO - DAG(s) dict_keys(['example_task_group_decorator']) retrieved from /opt/anaconda3/envs/airflow_env/lib/python3.8/site-packages/airflow/example_dags/example_task_group_decorator.py
[2022-04-02 23:56:07,454] {logging_mixin.py:109} INFO - [2022-04-02 23:56:07,454] {dag.py:2398} INFO - Sync 1 DAGs
[2022-04-02 23:56:07,459] {logging_mixin.py:109} INFO - [2022-04-02 23:56:07,459] {dag.py:2937} INFO - Setting next_dagrun for example_task_group_decorator to 2022-04-01T21:56:07.459135+00:00
[2022-04-02 23:56:07,464] {processor.py:171} INFO - Processing /opt/anaconda3/envs/airflow_env/lib/python3.8/site-packages/airflow/example_dags/example_task_group_decorator.py took 0.160 seconds
[2022-04-02 23:57:23,205] {processor.py:163} INFO - Started process (PID=7603) to work on /opt/anaconda3/envs/airflow_env/lib/python3.8/site-packages/airflow/example_dags/example_task_group_decorator.py
[2022-04-02 23:57:23,205] {processor.py:642} INFO - Processing file /opt/anaconda3/envs/airflow_env/lib/python3.8/site-packages/airflow/example_dags/example_task_group_decorator.py for tasks to queue
[2022-04-02 23:57:23,206] {logging_mixin.py:109} INFO - [2022-04-02 23:57:23,206] {dagbag.py:500} INFO - Filling up the DagBag from /opt/anaconda3/envs/airflow_env/lib/python3.8/site-packages/airflow/example_dags/example_task_group_decorator.py
[2022-04-02 23:57:23,239] {processor.py:654} INFO - DAG(s) dict_keys(['example_task_group_decorator']) retrieved from /opt/anaconda3/envs/airflow_env/lib/python3.8/site-packages/airflow/example_dags/example_task_group_decorator.py
[2022-04-02 23:57:23,347] {logging_mixin.py:109} INFO - [2022-04-02 23:57:23,346] {dag.py:2398} INFO - Sync 1 DAGs
[2022-04-02 23:57:23,352] {logging_mixin.py:109} INFO - [2022-04-02 23:57:23,352] {dag.py:2937} INFO - Setting next_dagrun for example_task_group_decorator to 2022-04-01T21:57:23.351942+00:00
[2022-04-02 23:57:23,356] {processor.py:171} INFO - Processing /opt/anaconda3/envs/airflow_env/lib/python3.8/site-packages/airflow/example_dags/example_task_group_decorator.py took 0.152 seconds
[2022-04-02 23:58:38,514] {processor.py:163} INFO - Started process (PID=7770) to work on /opt/anaconda3/envs/airflow_env/lib/python3.8/site-packages/airflow/example_dags/example_task_group_decorator.py
[2022-04-02 23:58:38,514] {processor.py:642} INFO - Processing file /opt/anaconda3/envs/airflow_env/lib/python3.8/site-packages/airflow/example_dags/example_task_group_decorator.py for tasks to queue
[2022-04-02 23:58:38,515] {logging_mixin.py:109} INFO - [2022-04-02 23:58:38,515] {dagbag.py:500} INFO - Filling up the DagBag from /opt/anaconda3/envs/airflow_env/lib/python3.8/site-packages/airflow/example_dags/example_task_group_decorator.py
[2022-04-02 23:58:38,544] {processor.py:654} INFO - DAG(s) dict_keys(['example_task_group_decorator']) retrieved from /opt/anaconda3/envs/airflow_env/lib/python3.8/site-packages/airflow/example_dags/example_task_group_decorator.py
[2022-04-02 23:58:38,657] {logging_mixin.py:109} INFO - [2022-04-02 23:58:38,656] {dag.py:2398} INFO - Sync 1 DAGs
[2022-04-02 23:58:38,662] {logging_mixin.py:109} INFO - [2022-04-02 23:58:38,662] {dag.py:2937} INFO - Setting next_dagrun for example_task_group_decorator to 2022-04-01T21:58:38.662614+00:00
[2022-04-02 23:58:38,668] {processor.py:171} INFO - Processing /opt/anaconda3/envs/airflow_env/lib/python3.8/site-packages/airflow/example_dags/example_task_group_decorator.py took 0.154 seconds
[2022-04-02 23:59:54,338] {processor.py:163} INFO - Started process (PID=7954) to work on /opt/anaconda3/envs/airflow_env/lib/python3.8/site-packages/airflow/example_dags/example_task_group_decorator.py
[2022-04-02 23:59:54,338] {processor.py:642} INFO - Processing file /opt/anaconda3/envs/airflow_env/lib/python3.8/site-packages/airflow/example_dags/example_task_group_decorator.py for tasks to queue
[2022-04-02 23:59:54,338] {logging_mixin.py:109} INFO - [2022-04-02 23:59:54,338] {dagbag.py:500} INFO - Filling up the DagBag from /opt/anaconda3/envs/airflow_env/lib/python3.8/site-packages/airflow/example_dags/example_task_group_decorator.py
[2022-04-02 23:59:54,368] {processor.py:654} INFO - DAG(s) dict_keys(['example_task_group_decorator']) retrieved from /opt/anaconda3/envs/airflow_env/lib/python3.8/site-packages/airflow/example_dags/example_task_group_decorator.py
[2022-04-02 23:59:54,523] {logging_mixin.py:109} INFO - [2022-04-02 23:59:54,523] {dag.py:2398} INFO - Sync 1 DAGs
[2022-04-02 23:59:54,528] {logging_mixin.py:109} INFO - [2022-04-02 23:59:54,528] {dag.py:2937} INFO - Setting next_dagrun for example_task_group_decorator to 2022-04-01T21:59:54.528271+00:00
[2022-04-02 23:59:54,532] {processor.py:171} INFO - Processing /opt/anaconda3/envs/airflow_env/lib/python3.8/site-packages/airflow/example_dags/example_task_group_decorator.py took 0.195 seconds
[2022-04-03 00:01:09,999] {processor.py:163} INFO - Started process (PID=8132) to work on /opt/anaconda3/envs/airflow_env/lib/python3.8/site-packages/airflow/example_dags/example_task_group_decorator.py
[2022-04-03 00:01:10,000] {processor.py:642} INFO - Processing file /opt/anaconda3/envs/airflow_env/lib/python3.8/site-packages/airflow/example_dags/example_task_group_decorator.py for tasks to queue
[2022-04-03 00:01:10,000] {logging_mixin.py:109} INFO - [2022-04-03 00:01:10,000] {dagbag.py:500} INFO - Filling up the DagBag from /opt/anaconda3/envs/airflow_env/lib/python3.8/site-packages/airflow/example_dags/example_task_group_decorator.py
[2022-04-03 00:01:10,034] {processor.py:654} INFO - DAG(s) dict_keys(['example_task_group_decorator']) retrieved from /opt/anaconda3/envs/airflow_env/lib/python3.8/site-packages/airflow/example_dags/example_task_group_decorator.py
[2022-04-03 00:01:10,143] {logging_mixin.py:109} INFO - [2022-04-03 00:01:10,143] {dag.py:2398} INFO - Sync 1 DAGs
[2022-04-03 00:01:10,149] {logging_mixin.py:109} INFO - [2022-04-03 00:01:10,149] {dag.py:2937} INFO - Setting next_dagrun for example_task_group_decorator to 2022-04-01T22:01:10.149575+00:00
[2022-04-03 00:01:10,156] {processor.py:171} INFO - Processing /opt/anaconda3/envs/airflow_env/lib/python3.8/site-packages/airflow/example_dags/example_task_group_decorator.py took 0.157 seconds
[2022-04-03 00:02:26,051] {processor.py:163} INFO - Started process (PID=8337) to work on /opt/anaconda3/envs/airflow_env/lib/python3.8/site-packages/airflow/example_dags/example_task_group_decorator.py
[2022-04-03 00:02:26,052] {processor.py:642} INFO - Processing file /opt/anaconda3/envs/airflow_env/lib/python3.8/site-packages/airflow/example_dags/example_task_group_decorator.py for tasks to queue
[2022-04-03 00:02:26,053] {logging_mixin.py:109} INFO - [2022-04-03 00:02:26,053] {dagbag.py:500} INFO - Filling up the DagBag from /opt/anaconda3/envs/airflow_env/lib/python3.8/site-packages/airflow/example_dags/example_task_group_decorator.py
[2022-04-03 00:02:26,085] {processor.py:654} INFO - DAG(s) dict_keys(['example_task_group_decorator']) retrieved from /opt/anaconda3/envs/airflow_env/lib/python3.8/site-packages/airflow/example_dags/example_task_group_decorator.py
[2022-04-03 00:02:26,198] {logging_mixin.py:109} INFO - [2022-04-03 00:02:26,197] {dag.py:2398} INFO - Sync 1 DAGs
[2022-04-03 00:02:26,203] {logging_mixin.py:109} INFO - [2022-04-03 00:02:26,203] {dag.py:2937} INFO - Setting next_dagrun for example_task_group_decorator to 2022-04-01T22:02:26.203416+00:00
[2022-04-03 00:02:26,208] {processor.py:171} INFO - Processing /opt/anaconda3/envs/airflow_env/lib/python3.8/site-packages/airflow/example_dags/example_task_group_decorator.py took 0.157 seconds
[2022-04-03 00:03:42,470] {processor.py:163} INFO - Started process (PID=8511) to work on /opt/anaconda3/envs/airflow_env/lib/python3.8/site-packages/airflow/example_dags/example_task_group_decorator.py
[2022-04-03 00:03:42,471] {processor.py:642} INFO - Processing file /opt/anaconda3/envs/airflow_env/lib/python3.8/site-packages/airflow/example_dags/example_task_group_decorator.py for tasks to queue
[2022-04-03 00:03:42,471] {logging_mixin.py:109} INFO - [2022-04-03 00:03:42,471] {dagbag.py:500} INFO - Filling up the DagBag from /opt/anaconda3/envs/airflow_env/lib/python3.8/site-packages/airflow/example_dags/example_task_group_decorator.py
[2022-04-03 00:03:42,508] {processor.py:654} INFO - DAG(s) dict_keys(['example_task_group_decorator']) retrieved from /opt/anaconda3/envs/airflow_env/lib/python3.8/site-packages/airflow/example_dags/example_task_group_decorator.py
[2022-04-03 00:03:42,624] {logging_mixin.py:109} INFO - [2022-04-03 00:03:42,624] {dag.py:2398} INFO - Sync 1 DAGs
[2022-04-03 00:03:42,629] {logging_mixin.py:109} INFO - [2022-04-03 00:03:42,629] {dag.py:2937} INFO - Setting next_dagrun for example_task_group_decorator to 2022-04-01T22:03:42.629444+00:00
[2022-04-03 00:03:42,634] {processor.py:171} INFO - Processing /opt/anaconda3/envs/airflow_env/lib/python3.8/site-packages/airflow/example_dags/example_task_group_decorator.py took 0.165 seconds
[2022-04-03 00:04:58,044] {processor.py:163} INFO - Started process (PID=8737) to work on /opt/anaconda3/envs/airflow_env/lib/python3.8/site-packages/airflow/example_dags/example_task_group_decorator.py
[2022-04-03 00:04:58,045] {processor.py:642} INFO - Processing file /opt/anaconda3/envs/airflow_env/lib/python3.8/site-packages/airflow/example_dags/example_task_group_decorator.py for tasks to queue
[2022-04-03 00:04:58,045] {logging_mixin.py:109} INFO - [2022-04-03 00:04:58,045] {dagbag.py:500} INFO - Filling up the DagBag from /opt/anaconda3/envs/airflow_env/lib/python3.8/site-packages/airflow/example_dags/example_task_group_decorator.py
[2022-04-03 00:04:58,077] {processor.py:654} INFO - DAG(s) dict_keys(['example_task_group_decorator']) retrieved from /opt/anaconda3/envs/airflow_env/lib/python3.8/site-packages/airflow/example_dags/example_task_group_decorator.py
[2022-04-03 00:04:58,188] {logging_mixin.py:109} INFO - [2022-04-03 00:04:58,187] {dag.py:2398} INFO - Sync 1 DAGs
[2022-04-03 00:04:58,192] {logging_mixin.py:109} INFO - [2022-04-03 00:04:58,192] {dag.py:2937} INFO - Setting next_dagrun for example_task_group_decorator to 2022-04-01T22:04:58.192742+00:00
[2022-04-03 00:04:58,197] {processor.py:171} INFO - Processing /opt/anaconda3/envs/airflow_env/lib/python3.8/site-packages/airflow/example_dags/example_task_group_decorator.py took 0.153 seconds
[2022-04-03 00:06:13,305] {processor.py:163} INFO - Started process (PID=8909) to work on /opt/anaconda3/envs/airflow_env/lib/python3.8/site-packages/airflow/example_dags/example_task_group_decorator.py
[2022-04-03 00:06:13,306] {processor.py:642} INFO - Processing file /opt/anaconda3/envs/airflow_env/lib/python3.8/site-packages/airflow/example_dags/example_task_group_decorator.py for tasks to queue
[2022-04-03 00:06:13,306] {logging_mixin.py:109} INFO - [2022-04-03 00:06:13,306] {dagbag.py:500} INFO - Filling up the DagBag from /opt/anaconda3/envs/airflow_env/lib/python3.8/site-packages/airflow/example_dags/example_task_group_decorator.py
[2022-04-03 00:06:13,335] {processor.py:654} INFO - DAG(s) dict_keys(['example_task_group_decorator']) retrieved from /opt/anaconda3/envs/airflow_env/lib/python3.8/site-packages/airflow/example_dags/example_task_group_decorator.py
[2022-04-03 00:06:13,449] {logging_mixin.py:109} INFO - [2022-04-03 00:06:13,448] {dag.py:2398} INFO - Sync 1 DAGs
[2022-04-03 00:06:13,453] {logging_mixin.py:109} INFO - [2022-04-03 00:06:13,453] {dag.py:2937} INFO - Setting next_dagrun for example_task_group_decorator to 2022-04-01T22:06:13.453477+00:00
[2022-04-03 00:06:13,457] {processor.py:171} INFO - Processing /opt/anaconda3/envs/airflow_env/lib/python3.8/site-packages/airflow/example_dags/example_task_group_decorator.py took 0.152 seconds
[2022-04-03 00:07:28,965] {processor.py:163} INFO - Started process (PID=9107) to work on /opt/anaconda3/envs/airflow_env/lib/python3.8/site-packages/airflow/example_dags/example_task_group_decorator.py
[2022-04-03 00:07:28,966] {processor.py:642} INFO - Processing file /opt/anaconda3/envs/airflow_env/lib/python3.8/site-packages/airflow/example_dags/example_task_group_decorator.py for tasks to queue
[2022-04-03 00:07:28,966] {logging_mixin.py:109} INFO - [2022-04-03 00:07:28,966] {dagbag.py:500} INFO - Filling up the DagBag from /opt/anaconda3/envs/airflow_env/lib/python3.8/site-packages/airflow/example_dags/example_task_group_decorator.py
[2022-04-03 00:07:29,000] {processor.py:654} INFO - DAG(s) dict_keys(['example_task_group_decorator']) retrieved from /opt/anaconda3/envs/airflow_env/lib/python3.8/site-packages/airflow/example_dags/example_task_group_decorator.py
[2022-04-03 00:07:29,101] {logging_mixin.py:109} INFO - [2022-04-03 00:07:29,100] {dag.py:2398} INFO - Sync 1 DAGs
[2022-04-03 00:07:29,105] {logging_mixin.py:109} INFO - [2022-04-03 00:07:29,105] {dag.py:2937} INFO - Setting next_dagrun for example_task_group_decorator to 2022-04-01T22:07:29.105533+00:00
[2022-04-03 00:07:29,109] {processor.py:171} INFO - Processing /opt/anaconda3/envs/airflow_env/lib/python3.8/site-packages/airflow/example_dags/example_task_group_decorator.py took 0.145 seconds
[2022-04-03 00:08:44,452] {processor.py:163} INFO - Started process (PID=9265) to work on /opt/anaconda3/envs/airflow_env/lib/python3.8/site-packages/airflow/example_dags/example_task_group_decorator.py
[2022-04-03 00:08:44,452] {processor.py:642} INFO - Processing file /opt/anaconda3/envs/airflow_env/lib/python3.8/site-packages/airflow/example_dags/example_task_group_decorator.py for tasks to queue
[2022-04-03 00:08:44,453] {logging_mixin.py:109} INFO - [2022-04-03 00:08:44,452] {dagbag.py:500} INFO - Filling up the DagBag from /opt/anaconda3/envs/airflow_env/lib/python3.8/site-packages/airflow/example_dags/example_task_group_decorator.py
[2022-04-03 00:08:44,481] {processor.py:654} INFO - DAG(s) dict_keys(['example_task_group_decorator']) retrieved from /opt/anaconda3/envs/airflow_env/lib/python3.8/site-packages/airflow/example_dags/example_task_group_decorator.py
[2022-04-03 00:08:44,596] {logging_mixin.py:109} INFO - [2022-04-03 00:08:44,596] {dag.py:2398} INFO - Sync 1 DAGs
[2022-04-03 00:08:44,600] {logging_mixin.py:109} INFO - [2022-04-03 00:08:44,600] {dag.py:2937} INFO - Setting next_dagrun for example_task_group_decorator to 2022-04-01T22:08:44.600845+00:00
[2022-04-03 00:08:44,605] {processor.py:171} INFO - Processing /opt/anaconda3/envs/airflow_env/lib/python3.8/site-packages/airflow/example_dags/example_task_group_decorator.py took 0.153 seconds
[2022-04-03 00:09:59,978] {processor.py:163} INFO - Started process (PID=9428) to work on /opt/anaconda3/envs/airflow_env/lib/python3.8/site-packages/airflow/example_dags/example_task_group_decorator.py
[2022-04-03 00:09:59,978] {processor.py:642} INFO - Processing file /opt/anaconda3/envs/airflow_env/lib/python3.8/site-packages/airflow/example_dags/example_task_group_decorator.py for tasks to queue
[2022-04-03 00:09:59,979] {logging_mixin.py:109} INFO - [2022-04-03 00:09:59,979] {dagbag.py:500} INFO - Filling up the DagBag from /opt/anaconda3/envs/airflow_env/lib/python3.8/site-packages/airflow/example_dags/example_task_group_decorator.py
[2022-04-03 00:10:00,013] {processor.py:654} INFO - DAG(s) dict_keys(['example_task_group_decorator']) retrieved from /opt/anaconda3/envs/airflow_env/lib/python3.8/site-packages/airflow/example_dags/example_task_group_decorator.py
[2022-04-03 00:10:00,124] {logging_mixin.py:109} INFO - [2022-04-03 00:10:00,124] {dag.py:2398} INFO - Sync 1 DAGs
[2022-04-03 00:10:00,128] {logging_mixin.py:109} INFO - [2022-04-03 00:10:00,128] {dag.py:2937} INFO - Setting next_dagrun for example_task_group_decorator to 2022-04-01T22:10:00.128627+00:00
[2022-04-03 00:10:00,133] {processor.py:171} INFO - Processing /opt/anaconda3/envs/airflow_env/lib/python3.8/site-packages/airflow/example_dags/example_task_group_decorator.py took 0.155 seconds
[2022-04-03 00:11:15,158] {processor.py:163} INFO - Started process (PID=9623) to work on /opt/anaconda3/envs/airflow_env/lib/python3.8/site-packages/airflow/example_dags/example_task_group_decorator.py
[2022-04-03 00:11:15,159] {processor.py:642} INFO - Processing file /opt/anaconda3/envs/airflow_env/lib/python3.8/site-packages/airflow/example_dags/example_task_group_decorator.py for tasks to queue
[2022-04-03 00:11:15,159] {logging_mixin.py:109} INFO - [2022-04-03 00:11:15,159] {dagbag.py:500} INFO - Filling up the DagBag from /opt/anaconda3/envs/airflow_env/lib/python3.8/site-packages/airflow/example_dags/example_task_group_decorator.py
[2022-04-03 00:11:15,189] {processor.py:654} INFO - DAG(s) dict_keys(['example_task_group_decorator']) retrieved from /opt/anaconda3/envs/airflow_env/lib/python3.8/site-packages/airflow/example_dags/example_task_group_decorator.py
[2022-04-03 00:11:15,309] {logging_mixin.py:109} INFO - [2022-04-03 00:11:15,309] {dag.py:2398} INFO - Sync 1 DAGs
[2022-04-03 00:11:15,314] {logging_mixin.py:109} INFO - [2022-04-03 00:11:15,314] {dag.py:2937} INFO - Setting next_dagrun for example_task_group_decorator to 2022-04-01T22:11:15.314476+00:00
[2022-04-03 00:11:15,318] {processor.py:171} INFO - Processing /opt/anaconda3/envs/airflow_env/lib/python3.8/site-packages/airflow/example_dags/example_task_group_decorator.py took 0.160 seconds
[2022-04-03 00:12:30,123] {processor.py:163} INFO - Started process (PID=9810) to work on /opt/anaconda3/envs/airflow_env/lib/python3.8/site-packages/airflow/example_dags/example_task_group_decorator.py
[2022-04-03 00:12:30,124] {processor.py:642} INFO - Processing file /opt/anaconda3/envs/airflow_env/lib/python3.8/site-packages/airflow/example_dags/example_task_group_decorator.py for tasks to queue
[2022-04-03 00:12:30,125] {logging_mixin.py:109} INFO - [2022-04-03 00:12:30,125] {dagbag.py:500} INFO - Filling up the DagBag from /opt/anaconda3/envs/airflow_env/lib/python3.8/site-packages/airflow/example_dags/example_task_group_decorator.py
[2022-04-03 00:12:30,154] {processor.py:654} INFO - DAG(s) dict_keys(['example_task_group_decorator']) retrieved from /opt/anaconda3/envs/airflow_env/lib/python3.8/site-packages/airflow/example_dags/example_task_group_decorator.py
[2022-04-03 00:12:30,258] {logging_mixin.py:109} INFO - [2022-04-03 00:12:30,257] {dag.py:2398} INFO - Sync 1 DAGs
[2022-04-03 00:12:30,263] {logging_mixin.py:109} INFO - [2022-04-03 00:12:30,263] {dag.py:2937} INFO - Setting next_dagrun for example_task_group_decorator to 2022-04-01T22:12:30.262938+00:00
[2022-04-03 00:12:30,267] {processor.py:171} INFO - Processing /opt/anaconda3/envs/airflow_env/lib/python3.8/site-packages/airflow/example_dags/example_task_group_decorator.py took 0.144 seconds
[2022-04-03 00:13:45,179] {processor.py:163} INFO - Started process (PID=10076) to work on /opt/anaconda3/envs/airflow_env/lib/python3.8/site-packages/airflow/example_dags/example_task_group_decorator.py
[2022-04-03 00:13:45,180] {processor.py:642} INFO - Processing file /opt/anaconda3/envs/airflow_env/lib/python3.8/site-packages/airflow/example_dags/example_task_group_decorator.py for tasks to queue
[2022-04-03 00:13:45,180] {logging_mixin.py:109} INFO - [2022-04-03 00:13:45,180] {dagbag.py:500} INFO - Filling up the DagBag from /opt/anaconda3/envs/airflow_env/lib/python3.8/site-packages/airflow/example_dags/example_task_group_decorator.py
[2022-04-03 00:13:45,209] {processor.py:654} INFO - DAG(s) dict_keys(['example_task_group_decorator']) retrieved from /opt/anaconda3/envs/airflow_env/lib/python3.8/site-packages/airflow/example_dags/example_task_group_decorator.py
[2022-04-03 00:13:45,325] {logging_mixin.py:109} INFO - [2022-04-03 00:13:45,324] {dag.py:2398} INFO - Sync 1 DAGs
[2022-04-03 00:13:45,330] {logging_mixin.py:109} INFO - [2022-04-03 00:13:45,330] {dag.py:2937} INFO - Setting next_dagrun for example_task_group_decorator to 2022-04-01T22:13:45.330083+00:00
[2022-04-03 00:13:45,334] {processor.py:171} INFO - Processing /opt/anaconda3/envs/airflow_env/lib/python3.8/site-packages/airflow/example_dags/example_task_group_decorator.py took 0.155 seconds
[2022-04-03 00:15:00,691] {processor.py:163} INFO - Started process (PID=10336) to work on /opt/anaconda3/envs/airflow_env/lib/python3.8/site-packages/airflow/example_dags/example_task_group_decorator.py
[2022-04-03 00:15:00,692] {processor.py:642} INFO - Processing file /opt/anaconda3/envs/airflow_env/lib/python3.8/site-packages/airflow/example_dags/example_task_group_decorator.py for tasks to queue
[2022-04-03 00:15:00,692] {logging_mixin.py:109} INFO - [2022-04-03 00:15:00,692] {dagbag.py:500} INFO - Filling up the DagBag from /opt/anaconda3/envs/airflow_env/lib/python3.8/site-packages/airflow/example_dags/example_task_group_decorator.py
[2022-04-03 00:15:00,725] {processor.py:654} INFO - DAG(s) dict_keys(['example_task_group_decorator']) retrieved from /opt/anaconda3/envs/airflow_env/lib/python3.8/site-packages/airflow/example_dags/example_task_group_decorator.py
[2022-04-03 00:15:00,837] {logging_mixin.py:109} INFO - [2022-04-03 00:15:00,837] {dag.py:2398} INFO - Sync 1 DAGs
[2022-04-03 00:15:00,842] {logging_mixin.py:109} INFO - [2022-04-03 00:15:00,841] {dag.py:2937} INFO - Setting next_dagrun for example_task_group_decorator to 2022-04-01T22:15:00.841878+00:00
[2022-04-03 00:15:00,846] {processor.py:171} INFO - Processing /opt/anaconda3/envs/airflow_env/lib/python3.8/site-packages/airflow/example_dags/example_task_group_decorator.py took 0.155 seconds
[2022-04-03 00:16:16,662] {processor.py:163} INFO - Started process (PID=10560) to work on /opt/anaconda3/envs/airflow_env/lib/python3.8/site-packages/airflow/example_dags/example_task_group_decorator.py
[2022-04-03 00:16:16,662] {processor.py:642} INFO - Processing file /opt/anaconda3/envs/airflow_env/lib/python3.8/site-packages/airflow/example_dags/example_task_group_decorator.py for tasks to queue
[2022-04-03 00:16:16,662] {logging_mixin.py:109} INFO - [2022-04-03 00:16:16,662] {dagbag.py:500} INFO - Filling up the DagBag from /opt/anaconda3/envs/airflow_env/lib/python3.8/site-packages/airflow/example_dags/example_task_group_decorator.py
[2022-04-03 00:16:16,694] {processor.py:654} INFO - DAG(s) dict_keys(['example_task_group_decorator']) retrieved from /opt/anaconda3/envs/airflow_env/lib/python3.8/site-packages/airflow/example_dags/example_task_group_decorator.py
[2022-04-03 00:16:16,812] {logging_mixin.py:109} INFO - [2022-04-03 00:16:16,812] {dag.py:2398} INFO - Sync 1 DAGs
[2022-04-03 00:16:16,817] {logging_mixin.py:109} INFO - [2022-04-03 00:16:16,817] {dag.py:2937} INFO - Setting next_dagrun for example_task_group_decorator to 2022-04-01T22:16:16.817471+00:00
[2022-04-03 00:16:16,821] {processor.py:171} INFO - Processing /opt/anaconda3/envs/airflow_env/lib/python3.8/site-packages/airflow/example_dags/example_task_group_decorator.py took 0.160 seconds
[2022-04-03 00:17:31,363] {processor.py:163} INFO - Started process (PID=10735) to work on /opt/anaconda3/envs/airflow_env/lib/python3.8/site-packages/airflow/example_dags/example_task_group_decorator.py
[2022-04-03 00:17:31,364] {processor.py:642} INFO - Processing file /opt/anaconda3/envs/airflow_env/lib/python3.8/site-packages/airflow/example_dags/example_task_group_decorator.py for tasks to queue
[2022-04-03 00:17:31,365] {logging_mixin.py:109} INFO - [2022-04-03 00:17:31,365] {dagbag.py:500} INFO - Filling up the DagBag from /opt/anaconda3/envs/airflow_env/lib/python3.8/site-packages/airflow/example_dags/example_task_group_decorator.py
[2022-04-03 00:17:31,394] {processor.py:654} INFO - DAG(s) dict_keys(['example_task_group_decorator']) retrieved from /opt/anaconda3/envs/airflow_env/lib/python3.8/site-packages/airflow/example_dags/example_task_group_decorator.py
[2022-04-03 00:17:31,494] {logging_mixin.py:109} INFO - [2022-04-03 00:17:31,494] {dag.py:2398} INFO - Sync 1 DAGs
[2022-04-03 00:17:31,499] {logging_mixin.py:109} INFO - [2022-04-03 00:17:31,499] {dag.py:2937} INFO - Setting next_dagrun for example_task_group_decorator to 2022-04-01T22:17:31.498980+00:00
[2022-04-03 00:17:31,503] {processor.py:171} INFO - Processing /opt/anaconda3/envs/airflow_env/lib/python3.8/site-packages/airflow/example_dags/example_task_group_decorator.py took 0.140 seconds
[2022-04-03 00:18:46,525] {processor.py:163} INFO - Started process (PID=10908) to work on /opt/anaconda3/envs/airflow_env/lib/python3.8/site-packages/airflow/example_dags/example_task_group_decorator.py
[2022-04-03 00:18:46,525] {processor.py:642} INFO - Processing file /opt/anaconda3/envs/airflow_env/lib/python3.8/site-packages/airflow/example_dags/example_task_group_decorator.py for tasks to queue
[2022-04-03 00:18:46,525] {logging_mixin.py:109} INFO - [2022-04-03 00:18:46,525] {dagbag.py:500} INFO - Filling up the DagBag from /opt/anaconda3/envs/airflow_env/lib/python3.8/site-packages/airflow/example_dags/example_task_group_decorator.py
[2022-04-03 00:18:46,554] {processor.py:654} INFO - DAG(s) dict_keys(['example_task_group_decorator']) retrieved from /opt/anaconda3/envs/airflow_env/lib/python3.8/site-packages/airflow/example_dags/example_task_group_decorator.py
[2022-04-03 00:18:46,669] {logging_mixin.py:109} INFO - [2022-04-03 00:18:46,669] {dag.py:2398} INFO - Sync 1 DAGs
[2022-04-03 00:18:46,674] {logging_mixin.py:109} INFO - [2022-04-03 00:18:46,674] {dag.py:2937} INFO - Setting next_dagrun for example_task_group_decorator to 2022-04-01T22:18:46.674524+00:00
[2022-04-03 00:18:46,678] {processor.py:171} INFO - Processing /opt/anaconda3/envs/airflow_env/lib/python3.8/site-packages/airflow/example_dags/example_task_group_decorator.py took 0.154 seconds
[2022-04-03 00:20:02,219] {processor.py:163} INFO - Started process (PID=11081) to work on /opt/anaconda3/envs/airflow_env/lib/python3.8/site-packages/airflow/example_dags/example_task_group_decorator.py
[2022-04-03 00:20:02,219] {processor.py:642} INFO - Processing file /opt/anaconda3/envs/airflow_env/lib/python3.8/site-packages/airflow/example_dags/example_task_group_decorator.py for tasks to queue
[2022-04-03 00:20:02,220] {logging_mixin.py:109} INFO - [2022-04-03 00:20:02,220] {dagbag.py:500} INFO - Filling up the DagBag from /opt/anaconda3/envs/airflow_env/lib/python3.8/site-packages/airflow/example_dags/example_task_group_decorator.py
[2022-04-03 00:20:02,250] {processor.py:654} INFO - DAG(s) dict_keys(['example_task_group_decorator']) retrieved from /opt/anaconda3/envs/airflow_env/lib/python3.8/site-packages/airflow/example_dags/example_task_group_decorator.py
[2022-04-03 00:20:02,361] {logging_mixin.py:109} INFO - [2022-04-03 00:20:02,361] {dag.py:2398} INFO - Sync 1 DAGs
[2022-04-03 00:20:02,366] {logging_mixin.py:109} INFO - [2022-04-03 00:20:02,366] {dag.py:2937} INFO - Setting next_dagrun for example_task_group_decorator to 2022-04-01T22:20:02.366171+00:00
[2022-04-03 00:20:02,370] {processor.py:171} INFO - Processing /opt/anaconda3/envs/airflow_env/lib/python3.8/site-packages/airflow/example_dags/example_task_group_decorator.py took 0.152 seconds
[2022-04-03 00:21:17,614] {processor.py:163} INFO - Started process (PID=11251) to work on /opt/anaconda3/envs/airflow_env/lib/python3.8/site-packages/airflow/example_dags/example_task_group_decorator.py
[2022-04-03 00:21:17,615] {processor.py:642} INFO - Processing file /opt/anaconda3/envs/airflow_env/lib/python3.8/site-packages/airflow/example_dags/example_task_group_decorator.py for tasks to queue
[2022-04-03 00:21:17,615] {logging_mixin.py:109} INFO - [2022-04-03 00:21:17,615] {dagbag.py:500} INFO - Filling up the DagBag from /opt/anaconda3/envs/airflow_env/lib/python3.8/site-packages/airflow/example_dags/example_task_group_decorator.py
[2022-04-03 00:21:17,645] {processor.py:654} INFO - DAG(s) dict_keys(['example_task_group_decorator']) retrieved from /opt/anaconda3/envs/airflow_env/lib/python3.8/site-packages/airflow/example_dags/example_task_group_decorator.py
[2022-04-03 00:21:17,756] {logging_mixin.py:109} INFO - [2022-04-03 00:21:17,756] {dag.py:2398} INFO - Sync 1 DAGs
[2022-04-03 00:21:17,761] {logging_mixin.py:109} INFO - [2022-04-03 00:21:17,761] {dag.py:2937} INFO - Setting next_dagrun for example_task_group_decorator to 2022-04-01T22:21:17.761460+00:00
[2022-04-03 00:21:17,766] {processor.py:171} INFO - Processing /opt/anaconda3/envs/airflow_env/lib/python3.8/site-packages/airflow/example_dags/example_task_group_decorator.py took 0.153 seconds
[2022-04-03 00:22:32,605] {processor.py:163} INFO - Started process (PID=11417) to work on /opt/anaconda3/envs/airflow_env/lib/python3.8/site-packages/airflow/example_dags/example_task_group_decorator.py
[2022-04-03 00:22:32,606] {processor.py:642} INFO - Processing file /opt/anaconda3/envs/airflow_env/lib/python3.8/site-packages/airflow/example_dags/example_task_group_decorator.py for tasks to queue
[2022-04-03 00:22:32,606] {logging_mixin.py:109} INFO - [2022-04-03 00:22:32,606] {dagbag.py:500} INFO - Filling up the DagBag from /opt/anaconda3/envs/airflow_env/lib/python3.8/site-packages/airflow/example_dags/example_task_group_decorator.py
[2022-04-03 00:22:32,640] {processor.py:654} INFO - DAG(s) dict_keys(['example_task_group_decorator']) retrieved from /opt/anaconda3/envs/airflow_env/lib/python3.8/site-packages/airflow/example_dags/example_task_group_decorator.py
[2022-04-03 00:22:32,774] {logging_mixin.py:109} INFO - [2022-04-03 00:22:32,774] {dag.py:2398} INFO - Sync 1 DAGs
[2022-04-03 00:22:32,781] {logging_mixin.py:109} INFO - [2022-04-03 00:22:32,781] {dag.py:2937} INFO - Setting next_dagrun for example_task_group_decorator to 2022-04-01T22:22:32.780964+00:00
[2022-04-03 00:22:32,787] {processor.py:171} INFO - Processing /opt/anaconda3/envs/airflow_env/lib/python3.8/site-packages/airflow/example_dags/example_task_group_decorator.py took 0.183 seconds
[2022-04-03 00:23:49,221] {processor.py:163} INFO - Started process (PID=11595) to work on /opt/anaconda3/envs/airflow_env/lib/python3.8/site-packages/airflow/example_dags/example_task_group_decorator.py
[2022-04-03 00:23:49,222] {processor.py:642} INFO - Processing file /opt/anaconda3/envs/airflow_env/lib/python3.8/site-packages/airflow/example_dags/example_task_group_decorator.py for tasks to queue
[2022-04-03 00:23:49,222] {logging_mixin.py:109} INFO - [2022-04-03 00:23:49,222] {dagbag.py:500} INFO - Filling up the DagBag from /opt/anaconda3/envs/airflow_env/lib/python3.8/site-packages/airflow/example_dags/example_task_group_decorator.py
[2022-04-03 00:23:49,258] {processor.py:654} INFO - DAG(s) dict_keys(['example_task_group_decorator']) retrieved from /opt/anaconda3/envs/airflow_env/lib/python3.8/site-packages/airflow/example_dags/example_task_group_decorator.py
[2022-04-03 00:23:49,365] {logging_mixin.py:109} INFO - [2022-04-03 00:23:49,364] {dag.py:2398} INFO - Sync 1 DAGs
[2022-04-03 00:23:49,370] {logging_mixin.py:109} INFO - [2022-04-03 00:23:49,370] {dag.py:2937} INFO - Setting next_dagrun for example_task_group_decorator to 2022-04-01T22:23:49.370512+00:00
[2022-04-03 00:23:49,374] {processor.py:171} INFO - Processing /opt/anaconda3/envs/airflow_env/lib/python3.8/site-packages/airflow/example_dags/example_task_group_decorator.py took 0.154 seconds
[2022-04-03 00:25:05,825] {processor.py:163} INFO - Started process (PID=11771) to work on /opt/anaconda3/envs/airflow_env/lib/python3.8/site-packages/airflow/example_dags/example_task_group_decorator.py
[2022-04-03 00:25:05,826] {processor.py:642} INFO - Processing file /opt/anaconda3/envs/airflow_env/lib/python3.8/site-packages/airflow/example_dags/example_task_group_decorator.py for tasks to queue
[2022-04-03 00:25:05,826] {logging_mixin.py:109} INFO - [2022-04-03 00:25:05,826] {dagbag.py:500} INFO - Filling up the DagBag from /opt/anaconda3/envs/airflow_env/lib/python3.8/site-packages/airflow/example_dags/example_task_group_decorator.py
[2022-04-03 00:25:05,857] {processor.py:654} INFO - DAG(s) dict_keys(['example_task_group_decorator']) retrieved from /opt/anaconda3/envs/airflow_env/lib/python3.8/site-packages/airflow/example_dags/example_task_group_decorator.py
[2022-04-03 00:25:05,980] {logging_mixin.py:109} INFO - [2022-04-03 00:25:05,979] {dag.py:2398} INFO - Sync 1 DAGs
[2022-04-03 00:25:05,985] {logging_mixin.py:109} INFO - [2022-04-03 00:25:05,985] {dag.py:2937} INFO - Setting next_dagrun for example_task_group_decorator to 2022-04-01T22:25:05.985625+00:00
[2022-04-03 00:25:05,990] {processor.py:171} INFO - Processing /opt/anaconda3/envs/airflow_env/lib/python3.8/site-packages/airflow/example_dags/example_task_group_decorator.py took 0.166 seconds
[2022-04-03 00:26:21,254] {processor.py:163} INFO - Started process (PID=11927) to work on /opt/anaconda3/envs/airflow_env/lib/python3.8/site-packages/airflow/example_dags/example_task_group_decorator.py
[2022-04-03 00:26:21,255] {processor.py:642} INFO - Processing file /opt/anaconda3/envs/airflow_env/lib/python3.8/site-packages/airflow/example_dags/example_task_group_decorator.py for tasks to queue
[2022-04-03 00:26:21,256] {logging_mixin.py:109} INFO - [2022-04-03 00:26:21,256] {dagbag.py:500} INFO - Filling up the DagBag from /opt/anaconda3/envs/airflow_env/lib/python3.8/site-packages/airflow/example_dags/example_task_group_decorator.py
[2022-04-03 00:26:21,287] {processor.py:654} INFO - DAG(s) dict_keys(['example_task_group_decorator']) retrieved from /opt/anaconda3/envs/airflow_env/lib/python3.8/site-packages/airflow/example_dags/example_task_group_decorator.py
[2022-04-03 00:26:21,397] {logging_mixin.py:109} INFO - [2022-04-03 00:26:21,397] {dag.py:2398} INFO - Sync 1 DAGs
[2022-04-03 00:26:21,402] {logging_mixin.py:109} INFO - [2022-04-03 00:26:21,401] {dag.py:2937} INFO - Setting next_dagrun for example_task_group_decorator to 2022-04-01T22:26:21.401866+00:00
[2022-04-03 00:26:21,406] {processor.py:171} INFO - Processing /opt/anaconda3/envs/airflow_env/lib/python3.8/site-packages/airflow/example_dags/example_task_group_decorator.py took 0.152 seconds
[2022-04-03 00:27:36,708] {processor.py:163} INFO - Started process (PID=12148) to work on /opt/anaconda3/envs/airflow_env/lib/python3.8/site-packages/airflow/example_dags/example_task_group_decorator.py
[2022-04-03 00:27:36,709] {processor.py:642} INFO - Processing file /opt/anaconda3/envs/airflow_env/lib/python3.8/site-packages/airflow/example_dags/example_task_group_decorator.py for tasks to queue
[2022-04-03 00:27:36,709] {logging_mixin.py:109} INFO - [2022-04-03 00:27:36,709] {dagbag.py:500} INFO - Filling up the DagBag from /opt/anaconda3/envs/airflow_env/lib/python3.8/site-packages/airflow/example_dags/example_task_group_decorator.py
[2022-04-03 00:27:36,741] {processor.py:654} INFO - DAG(s) dict_keys(['example_task_group_decorator']) retrieved from /opt/anaconda3/envs/airflow_env/lib/python3.8/site-packages/airflow/example_dags/example_task_group_decorator.py
[2022-04-03 00:27:36,842] {logging_mixin.py:109} INFO - [2022-04-03 00:27:36,842] {dag.py:2398} INFO - Sync 1 DAGs
[2022-04-03 00:27:36,847] {logging_mixin.py:109} INFO - [2022-04-03 00:27:36,846] {dag.py:2937} INFO - Setting next_dagrun for example_task_group_decorator to 2022-04-01T22:27:36.846876+00:00
[2022-04-03 00:27:36,851] {processor.py:171} INFO - Processing /opt/anaconda3/envs/airflow_env/lib/python3.8/site-packages/airflow/example_dags/example_task_group_decorator.py took 0.143 seconds
[2022-04-03 00:28:52,193] {processor.py:163} INFO - Started process (PID=12323) to work on /opt/anaconda3/envs/airflow_env/lib/python3.8/site-packages/airflow/example_dags/example_task_group_decorator.py
[2022-04-03 00:28:52,193] {processor.py:642} INFO - Processing file /opt/anaconda3/envs/airflow_env/lib/python3.8/site-packages/airflow/example_dags/example_task_group_decorator.py for tasks to queue
[2022-04-03 00:28:52,193] {logging_mixin.py:109} INFO - [2022-04-03 00:28:52,193] {dagbag.py:500} INFO - Filling up the DagBag from /opt/anaconda3/envs/airflow_env/lib/python3.8/site-packages/airflow/example_dags/example_task_group_decorator.py
[2022-04-03 00:28:52,223] {processor.py:654} INFO - DAG(s) dict_keys(['example_task_group_decorator']) retrieved from /opt/anaconda3/envs/airflow_env/lib/python3.8/site-packages/airflow/example_dags/example_task_group_decorator.py
[2022-04-03 00:28:52,340] {logging_mixin.py:109} INFO - [2022-04-03 00:28:52,340] {dag.py:2398} INFO - Sync 1 DAGs
[2022-04-03 00:28:52,345] {logging_mixin.py:109} INFO - [2022-04-03 00:28:52,345] {dag.py:2937} INFO - Setting next_dagrun for example_task_group_decorator to 2022-04-01T22:28:52.345720+00:00
[2022-04-03 00:28:52,350] {processor.py:171} INFO - Processing /opt/anaconda3/envs/airflow_env/lib/python3.8/site-packages/airflow/example_dags/example_task_group_decorator.py took 0.157 seconds
[2022-04-03 00:30:07,613] {processor.py:163} INFO - Started process (PID=12575) to work on /opt/anaconda3/envs/airflow_env/lib/python3.8/site-packages/airflow/example_dags/example_task_group_decorator.py
[2022-04-03 00:30:07,614] {processor.py:642} INFO - Processing file /opt/anaconda3/envs/airflow_env/lib/python3.8/site-packages/airflow/example_dags/example_task_group_decorator.py for tasks to queue
[2022-04-03 00:30:07,614] {logging_mixin.py:109} INFO - [2022-04-03 00:30:07,614] {dagbag.py:500} INFO - Filling up the DagBag from /opt/anaconda3/envs/airflow_env/lib/python3.8/site-packages/airflow/example_dags/example_task_group_decorator.py
[2022-04-03 00:30:07,643] {processor.py:654} INFO - DAG(s) dict_keys(['example_task_group_decorator']) retrieved from /opt/anaconda3/envs/airflow_env/lib/python3.8/site-packages/airflow/example_dags/example_task_group_decorator.py
[2022-04-03 00:30:07,767] {logging_mixin.py:109} INFO - [2022-04-03 00:30:07,767] {dag.py:2398} INFO - Sync 1 DAGs
[2022-04-03 00:30:07,771] {logging_mixin.py:109} INFO - [2022-04-03 00:30:07,771] {dag.py:2937} INFO - Setting next_dagrun for example_task_group_decorator to 2022-04-01T22:30:07.771728+00:00
[2022-04-03 00:30:07,776] {processor.py:171} INFO - Processing /opt/anaconda3/envs/airflow_env/lib/python3.8/site-packages/airflow/example_dags/example_task_group_decorator.py took 0.163 seconds
[2022-04-03 00:31:23,138] {processor.py:163} INFO - Started process (PID=12769) to work on /opt/anaconda3/envs/airflow_env/lib/python3.8/site-packages/airflow/example_dags/example_task_group_decorator.py
[2022-04-03 00:31:23,138] {processor.py:642} INFO - Processing file /opt/anaconda3/envs/airflow_env/lib/python3.8/site-packages/airflow/example_dags/example_task_group_decorator.py for tasks to queue
[2022-04-03 00:31:23,139] {logging_mixin.py:109} INFO - [2022-04-03 00:31:23,139] {dagbag.py:500} INFO - Filling up the DagBag from /opt/anaconda3/envs/airflow_env/lib/python3.8/site-packages/airflow/example_dags/example_task_group_decorator.py
[2022-04-03 00:31:23,169] {processor.py:654} INFO - DAG(s) dict_keys(['example_task_group_decorator']) retrieved from /opt/anaconda3/envs/airflow_env/lib/python3.8/site-packages/airflow/example_dags/example_task_group_decorator.py
[2022-04-03 00:31:23,279] {logging_mixin.py:109} INFO - [2022-04-03 00:31:23,278] {dag.py:2398} INFO - Sync 1 DAGs
[2022-04-03 00:31:23,283] {logging_mixin.py:109} INFO - [2022-04-03 00:31:23,283] {dag.py:2937} INFO - Setting next_dagrun for example_task_group_decorator to 2022-04-01T22:31:23.283492+00:00
[2022-04-03 00:31:23,287] {processor.py:171} INFO - Processing /opt/anaconda3/envs/airflow_env/lib/python3.8/site-packages/airflow/example_dags/example_task_group_decorator.py took 0.150 seconds
[2022-04-03 00:32:34,849] {processor.py:163} INFO - Started process (PID=12977) to work on /opt/anaconda3/envs/airflow_env/lib/python3.8/site-packages/airflow/example_dags/example_task_group_decorator.py
[2022-04-03 00:32:34,850] {processor.py:642} INFO - Processing file /opt/anaconda3/envs/airflow_env/lib/python3.8/site-packages/airflow/example_dags/example_task_group_decorator.py for tasks to queue
[2022-04-03 00:32:34,850] {logging_mixin.py:109} INFO - [2022-04-03 00:32:34,850] {dagbag.py:500} INFO - Filling up the DagBag from /opt/anaconda3/envs/airflow_env/lib/python3.8/site-packages/airflow/example_dags/example_task_group_decorator.py
[2022-04-03 00:32:34,882] {processor.py:654} INFO - DAG(s) dict_keys(['example_task_group_decorator']) retrieved from /opt/anaconda3/envs/airflow_env/lib/python3.8/site-packages/airflow/example_dags/example_task_group_decorator.py
[2022-04-03 00:32:34,992] {logging_mixin.py:109} INFO - [2022-04-03 00:32:34,992] {dag.py:2398} INFO - Sync 1 DAGs
[2022-04-03 00:32:34,997] {logging_mixin.py:109} INFO - [2022-04-03 00:32:34,997] {dag.py:2937} INFO - Setting next_dagrun for example_task_group_decorator to 2022-04-01T22:32:34.997249+00:00
[2022-04-03 00:32:35,001] {processor.py:171} INFO - Processing /opt/anaconda3/envs/airflow_env/lib/python3.8/site-packages/airflow/example_dags/example_task_group_decorator.py took 0.152 seconds
[2022-04-03 00:33:50,136] {processor.py:163} INFO - Started process (PID=13141) to work on /opt/anaconda3/envs/airflow_env/lib/python3.8/site-packages/airflow/example_dags/example_task_group_decorator.py
[2022-04-03 00:33:50,137] {processor.py:642} INFO - Processing file /opt/anaconda3/envs/airflow_env/lib/python3.8/site-packages/airflow/example_dags/example_task_group_decorator.py for tasks to queue
[2022-04-03 00:33:50,137] {logging_mixin.py:109} INFO - [2022-04-03 00:33:50,137] {dagbag.py:500} INFO - Filling up the DagBag from /opt/anaconda3/envs/airflow_env/lib/python3.8/site-packages/airflow/example_dags/example_task_group_decorator.py
[2022-04-03 00:33:50,168] {processor.py:654} INFO - DAG(s) dict_keys(['example_task_group_decorator']) retrieved from /opt/anaconda3/envs/airflow_env/lib/python3.8/site-packages/airflow/example_dags/example_task_group_decorator.py
[2022-04-03 00:33:50,278] {logging_mixin.py:109} INFO - [2022-04-03 00:33:50,277] {dag.py:2398} INFO - Sync 1 DAGs
[2022-04-03 00:33:50,283] {logging_mixin.py:109} INFO - [2022-04-03 00:33:50,283] {dag.py:2937} INFO - Setting next_dagrun for example_task_group_decorator to 2022-04-01T22:33:50.283364+00:00
[2022-04-03 00:33:50,288] {processor.py:171} INFO - Processing /opt/anaconda3/envs/airflow_env/lib/python3.8/site-packages/airflow/example_dags/example_task_group_decorator.py took 0.152 seconds
[2022-04-03 00:35:05,715] {processor.py:163} INFO - Started process (PID=13360) to work on /opt/anaconda3/envs/airflow_env/lib/python3.8/site-packages/airflow/example_dags/example_task_group_decorator.py
[2022-04-03 00:35:05,715] {processor.py:642} INFO - Processing file /opt/anaconda3/envs/airflow_env/lib/python3.8/site-packages/airflow/example_dags/example_task_group_decorator.py for tasks to queue
[2022-04-03 00:35:05,716] {logging_mixin.py:109} INFO - [2022-04-03 00:35:05,715] {dagbag.py:500} INFO - Filling up the DagBag from /opt/anaconda3/envs/airflow_env/lib/python3.8/site-packages/airflow/example_dags/example_task_group_decorator.py
[2022-04-03 00:35:05,746] {processor.py:654} INFO - DAG(s) dict_keys(['example_task_group_decorator']) retrieved from /opt/anaconda3/envs/airflow_env/lib/python3.8/site-packages/airflow/example_dags/example_task_group_decorator.py
[2022-04-03 00:35:05,863] {logging_mixin.py:109} INFO - [2022-04-03 00:35:05,863] {dag.py:2398} INFO - Sync 1 DAGs
[2022-04-03 00:35:05,869] {logging_mixin.py:109} INFO - [2022-04-03 00:35:05,869] {dag.py:2937} INFO - Setting next_dagrun for example_task_group_decorator to 2022-04-01T22:35:05.869025+00:00
[2022-04-03 00:35:05,874] {processor.py:171} INFO - Processing /opt/anaconda3/envs/airflow_env/lib/python3.8/site-packages/airflow/example_dags/example_task_group_decorator.py took 0.160 seconds
[2022-04-03 00:36:21,487] {processor.py:163} INFO - Started process (PID=13578) to work on /opt/anaconda3/envs/airflow_env/lib/python3.8/site-packages/airflow/example_dags/example_task_group_decorator.py
[2022-04-03 00:36:21,488] {processor.py:642} INFO - Processing file /opt/anaconda3/envs/airflow_env/lib/python3.8/site-packages/airflow/example_dags/example_task_group_decorator.py for tasks to queue
[2022-04-03 00:36:21,488] {logging_mixin.py:109} INFO - [2022-04-03 00:36:21,488] {dagbag.py:500} INFO - Filling up the DagBag from /opt/anaconda3/envs/airflow_env/lib/python3.8/site-packages/airflow/example_dags/example_task_group_decorator.py
[2022-04-03 00:36:21,517] {processor.py:654} INFO - DAG(s) dict_keys(['example_task_group_decorator']) retrieved from /opt/anaconda3/envs/airflow_env/lib/python3.8/site-packages/airflow/example_dags/example_task_group_decorator.py
[2022-04-03 00:36:21,630] {logging_mixin.py:109} INFO - [2022-04-03 00:36:21,629] {dag.py:2398} INFO - Sync 1 DAGs
[2022-04-03 00:36:21,634] {logging_mixin.py:109} INFO - [2022-04-03 00:36:21,634] {dag.py:2937} INFO - Setting next_dagrun for example_task_group_decorator to 2022-04-01T22:36:21.634667+00:00
[2022-04-03 00:36:21,639] {processor.py:171} INFO - Processing /opt/anaconda3/envs/airflow_env/lib/python3.8/site-packages/airflow/example_dags/example_task_group_decorator.py took 0.151 seconds
[2022-04-03 00:37:36,457] {processor.py:163} INFO - Started process (PID=13774) to work on /opt/anaconda3/envs/airflow_env/lib/python3.8/site-packages/airflow/example_dags/example_task_group_decorator.py
[2022-04-03 00:37:36,458] {processor.py:642} INFO - Processing file /opt/anaconda3/envs/airflow_env/lib/python3.8/site-packages/airflow/example_dags/example_task_group_decorator.py for tasks to queue
[2022-04-03 00:37:36,458] {logging_mixin.py:109} INFO - [2022-04-03 00:37:36,458] {dagbag.py:500} INFO - Filling up the DagBag from /opt/anaconda3/envs/airflow_env/lib/python3.8/site-packages/airflow/example_dags/example_task_group_decorator.py
[2022-04-03 00:37:36,487] {processor.py:654} INFO - DAG(s) dict_keys(['example_task_group_decorator']) retrieved from /opt/anaconda3/envs/airflow_env/lib/python3.8/site-packages/airflow/example_dags/example_task_group_decorator.py
[2022-04-03 00:37:36,587] {logging_mixin.py:109} INFO - [2022-04-03 00:37:36,587] {dag.py:2398} INFO - Sync 1 DAGs
[2022-04-03 00:37:36,592] {logging_mixin.py:109} INFO - [2022-04-03 00:37:36,592] {dag.py:2937} INFO - Setting next_dagrun for example_task_group_decorator to 2022-04-01T22:37:36.592289+00:00
[2022-04-03 00:37:36,596] {processor.py:171} INFO - Processing /opt/anaconda3/envs/airflow_env/lib/python3.8/site-packages/airflow/example_dags/example_task_group_decorator.py took 0.139 seconds
