[2022-04-02 23:46:40,247] {processor.py:163} INFO - Started process (PID=5962) to work on /opt/anaconda3/envs/airflow_env/lib/python3.8/site-packages/airflow/example_dags/example_trigger_controller_dag.py
[2022-04-02 23:46:40,247] {processor.py:642} INFO - Processing file /opt/anaconda3/envs/airflow_env/lib/python3.8/site-packages/airflow/example_dags/example_trigger_controller_dag.py for tasks to queue
[2022-04-02 23:46:40,247] {logging_mixin.py:109} INFO - [2022-04-02 23:46:40,247] {dagbag.py:500} INFO - Filling up the DagBag from /opt/anaconda3/envs/airflow_env/lib/python3.8/site-packages/airflow/example_dags/example_trigger_controller_dag.py
[2022-04-02 23:46:40,266] {processor.py:654} INFO - DAG(s) dict_keys(['example_trigger_controller_dag']) retrieved from /opt/anaconda3/envs/airflow_env/lib/python3.8/site-packages/airflow/example_dags/example_trigger_controller_dag.py
[2022-04-02 23:46:40,275] {logging_mixin.py:109} INFO - [2022-04-02 23:46:40,275] {dag.py:2398} INFO - Sync 1 DAGs
[2022-04-02 23:46:40,280] {logging_mixin.py:109} INFO - [2022-04-02 23:46:40,280] {dag.py:2937} INFO - Setting next_dagrun for example_trigger_controller_dag to 2021-01-01T00:00:00+00:00
[2022-04-02 23:46:40,283] {processor.py:171} INFO - Processing /opt/anaconda3/envs/airflow_env/lib/python3.8/site-packages/airflow/example_dags/example_trigger_controller_dag.py took 0.037 seconds
[2022-04-02 23:47:43,850] {processor.py:163} INFO - Started process (PID=6149) to work on /opt/anaconda3/envs/airflow_env/lib/python3.8/site-packages/airflow/example_dags/example_trigger_controller_dag.py
[2022-04-02 23:47:43,851] {processor.py:642} INFO - Processing file /opt/anaconda3/envs/airflow_env/lib/python3.8/site-packages/airflow/example_dags/example_trigger_controller_dag.py for tasks to queue
[2022-04-02 23:47:43,851] {logging_mixin.py:109} INFO - [2022-04-02 23:47:43,851] {dagbag.py:500} INFO - Filling up the DagBag from /opt/anaconda3/envs/airflow_env/lib/python3.8/site-packages/airflow/example_dags/example_trigger_controller_dag.py
[2022-04-02 23:47:43,871] {processor.py:654} INFO - DAG(s) dict_keys(['example_trigger_controller_dag']) retrieved from /opt/anaconda3/envs/airflow_env/lib/python3.8/site-packages/airflow/example_dags/example_trigger_controller_dag.py
[2022-04-02 23:47:43,881] {logging_mixin.py:109} INFO - [2022-04-02 23:47:43,881] {dag.py:2398} INFO - Sync 1 DAGs
[2022-04-02 23:47:43,887] {logging_mixin.py:109} INFO - [2022-04-02 23:47:43,887] {dag.py:2937} INFO - Setting next_dagrun for example_trigger_controller_dag to 2021-01-01T00:00:00+00:00
[2022-04-02 23:47:43,890] {processor.py:171} INFO - Processing /opt/anaconda3/envs/airflow_env/lib/python3.8/site-packages/airflow/example_dags/example_trigger_controller_dag.py took 0.040 seconds
[2022-04-02 23:48:51,161] {processor.py:163} INFO - Started process (PID=6326) to work on /opt/anaconda3/envs/airflow_env/lib/python3.8/site-packages/airflow/example_dags/example_trigger_controller_dag.py
[2022-04-02 23:48:51,162] {processor.py:642} INFO - Processing file /opt/anaconda3/envs/airflow_env/lib/python3.8/site-packages/airflow/example_dags/example_trigger_controller_dag.py for tasks to queue
[2022-04-02 23:48:51,162] {logging_mixin.py:109} INFO - [2022-04-02 23:48:51,162] {dagbag.py:500} INFO - Filling up the DagBag from /opt/anaconda3/envs/airflow_env/lib/python3.8/site-packages/airflow/example_dags/example_trigger_controller_dag.py
[2022-04-02 23:48:51,180] {processor.py:654} INFO - DAG(s) dict_keys(['example_trigger_controller_dag']) retrieved from /opt/anaconda3/envs/airflow_env/lib/python3.8/site-packages/airflow/example_dags/example_trigger_controller_dag.py
[2022-04-02 23:48:51,190] {logging_mixin.py:109} INFO - [2022-04-02 23:48:51,190] {dag.py:2398} INFO - Sync 1 DAGs
[2022-04-02 23:48:51,195] {logging_mixin.py:109} INFO - [2022-04-02 23:48:51,195] {dag.py:2937} INFO - Setting next_dagrun for example_trigger_controller_dag to 2021-01-01T00:00:00+00:00
[2022-04-02 23:48:51,199] {processor.py:171} INFO - Processing /opt/anaconda3/envs/airflow_env/lib/python3.8/site-packages/airflow/example_dags/example_trigger_controller_dag.py took 0.039 seconds
[2022-04-02 23:49:58,782] {processor.py:163} INFO - Started process (PID=6533) to work on /opt/anaconda3/envs/airflow_env/lib/python3.8/site-packages/airflow/example_dags/example_trigger_controller_dag.py
[2022-04-02 23:49:58,783] {processor.py:642} INFO - Processing file /opt/anaconda3/envs/airflow_env/lib/python3.8/site-packages/airflow/example_dags/example_trigger_controller_dag.py for tasks to queue
[2022-04-02 23:49:58,783] {logging_mixin.py:109} INFO - [2022-04-02 23:49:58,783] {dagbag.py:500} INFO - Filling up the DagBag from /opt/anaconda3/envs/airflow_env/lib/python3.8/site-packages/airflow/example_dags/example_trigger_controller_dag.py
[2022-04-02 23:49:58,804] {processor.py:654} INFO - DAG(s) dict_keys(['example_trigger_controller_dag']) retrieved from /opt/anaconda3/envs/airflow_env/lib/python3.8/site-packages/airflow/example_dags/example_trigger_controller_dag.py
[2022-04-02 23:49:58,820] {logging_mixin.py:109} INFO - [2022-04-02 23:49:58,820] {dag.py:2398} INFO - Sync 1 DAGs
[2022-04-02 23:49:58,826] {logging_mixin.py:109} INFO - [2022-04-02 23:49:58,826] {dag.py:2937} INFO - Setting next_dagrun for example_trigger_controller_dag to 2021-01-01T00:00:00+00:00
[2022-04-02 23:49:58,830] {processor.py:171} INFO - Processing /opt/anaconda3/envs/airflow_env/lib/python3.8/site-packages/airflow/example_dags/example_trigger_controller_dag.py took 0.048 seconds
[2022-04-02 23:51:05,984] {processor.py:163} INFO - Started process (PID=6720) to work on /opt/anaconda3/envs/airflow_env/lib/python3.8/site-packages/airflow/example_dags/example_trigger_controller_dag.py
[2022-04-02 23:51:05,985] {processor.py:642} INFO - Processing file /opt/anaconda3/envs/airflow_env/lib/python3.8/site-packages/airflow/example_dags/example_trigger_controller_dag.py for tasks to queue
[2022-04-02 23:51:05,985] {logging_mixin.py:109} INFO - [2022-04-02 23:51:05,985] {dagbag.py:500} INFO - Filling up the DagBag from /opt/anaconda3/envs/airflow_env/lib/python3.8/site-packages/airflow/example_dags/example_trigger_controller_dag.py
[2022-04-02 23:51:06,002] {processor.py:654} INFO - DAG(s) dict_keys(['example_trigger_controller_dag']) retrieved from /opt/anaconda3/envs/airflow_env/lib/python3.8/site-packages/airflow/example_dags/example_trigger_controller_dag.py
[2022-04-02 23:51:06,011] {logging_mixin.py:109} INFO - [2022-04-02 23:51:06,011] {dag.py:2398} INFO - Sync 1 DAGs
[2022-04-02 23:51:06,016] {logging_mixin.py:109} INFO - [2022-04-02 23:51:06,016] {dag.py:2937} INFO - Setting next_dagrun for example_trigger_controller_dag to 2021-01-01T00:00:00+00:00
[2022-04-02 23:51:06,019] {processor.py:171} INFO - Processing /opt/anaconda3/envs/airflow_env/lib/python3.8/site-packages/airflow/example_dags/example_trigger_controller_dag.py took 0.035 seconds
