[2022-04-02 23:46:28,325] {processor.py:163} INFO - Started process (PID=5932) to work on /opt/anaconda3/envs/airflow_env/lib/python3.8/site-packages/airflow/example_dags/tutorial_taskflow_api_etl.py
[2022-04-02 23:46:28,325] {processor.py:642} INFO - Processing file /opt/anaconda3/envs/airflow_env/lib/python3.8/site-packages/airflow/example_dags/tutorial_taskflow_api_etl.py for tasks to queue
[2022-04-02 23:46:28,325] {logging_mixin.py:109} INFO - [2022-04-02 23:46:28,325] {dagbag.py:500} INFO - Filling up the DagBag from /opt/anaconda3/envs/airflow_env/lib/python3.8/site-packages/airflow/example_dags/tutorial_taskflow_api_etl.py
[2022-04-02 23:46:28,362] {processor.py:654} INFO - DAG(s) dict_keys(['tutorial_taskflow_api_etl']) retrieved from /opt/anaconda3/envs/airflow_env/lib/python3.8/site-packages/airflow/example_dags/tutorial_taskflow_api_etl.py
[2022-04-02 23:46:28,477] {logging_mixin.py:109} INFO - [2022-04-02 23:46:28,477] {dag.py:2398} INFO - Sync 1 DAGs
[2022-04-02 23:46:28,482] {logging_mixin.py:109} INFO - [2022-04-02 23:46:28,482] {dag.py:2937} INFO - Setting next_dagrun for tutorial_taskflow_api_etl to None
[2022-04-02 23:46:28,486] {processor.py:171} INFO - Processing /opt/anaconda3/envs/airflow_env/lib/python3.8/site-packages/airflow/example_dags/tutorial_taskflow_api_etl.py took 0.161 seconds
[2022-04-02 23:47:31,717] {processor.py:163} INFO - Started process (PID=6103) to work on /opt/anaconda3/envs/airflow_env/lib/python3.8/site-packages/airflow/example_dags/tutorial_taskflow_api_etl.py
[2022-04-02 23:47:31,718] {processor.py:642} INFO - Processing file /opt/anaconda3/envs/airflow_env/lib/python3.8/site-packages/airflow/example_dags/tutorial_taskflow_api_etl.py for tasks to queue
[2022-04-02 23:47:31,718] {logging_mixin.py:109} INFO - [2022-04-02 23:47:31,718] {dagbag.py:500} INFO - Filling up the DagBag from /opt/anaconda3/envs/airflow_env/lib/python3.8/site-packages/airflow/example_dags/tutorial_taskflow_api_etl.py
[2022-04-02 23:47:31,744] {processor.py:654} INFO - DAG(s) dict_keys(['tutorial_taskflow_api_etl']) retrieved from /opt/anaconda3/envs/airflow_env/lib/python3.8/site-packages/airflow/example_dags/tutorial_taskflow_api_etl.py
[2022-04-02 23:47:31,855] {logging_mixin.py:109} INFO - [2022-04-02 23:47:31,855] {dag.py:2398} INFO - Sync 1 DAGs
[2022-04-02 23:47:31,859] {logging_mixin.py:109} INFO - [2022-04-02 23:47:31,859] {dag.py:2937} INFO - Setting next_dagrun for tutorial_taskflow_api_etl to None
[2022-04-02 23:47:31,864] {processor.py:171} INFO - Processing /opt/anaconda3/envs/airflow_env/lib/python3.8/site-packages/airflow/example_dags/tutorial_taskflow_api_etl.py took 0.147 seconds
[2022-04-02 23:48:39,274] {processor.py:163} INFO - Started process (PID=6300) to work on /opt/anaconda3/envs/airflow_env/lib/python3.8/site-packages/airflow/example_dags/tutorial_taskflow_api_etl.py
[2022-04-02 23:48:39,274] {processor.py:642} INFO - Processing file /opt/anaconda3/envs/airflow_env/lib/python3.8/site-packages/airflow/example_dags/tutorial_taskflow_api_etl.py for tasks to queue
[2022-04-02 23:48:39,274] {logging_mixin.py:109} INFO - [2022-04-02 23:48:39,274] {dagbag.py:500} INFO - Filling up the DagBag from /opt/anaconda3/envs/airflow_env/lib/python3.8/site-packages/airflow/example_dags/tutorial_taskflow_api_etl.py
[2022-04-02 23:48:39,302] {processor.py:654} INFO - DAG(s) dict_keys(['tutorial_taskflow_api_etl']) retrieved from /opt/anaconda3/envs/airflow_env/lib/python3.8/site-packages/airflow/example_dags/tutorial_taskflow_api_etl.py
[2022-04-02 23:48:39,411] {logging_mixin.py:109} INFO - [2022-04-02 23:48:39,410] {dag.py:2398} INFO - Sync 1 DAGs
[2022-04-02 23:48:39,415] {logging_mixin.py:109} INFO - [2022-04-02 23:48:39,415] {dag.py:2937} INFO - Setting next_dagrun for tutorial_taskflow_api_etl to None
[2022-04-02 23:48:39,419] {processor.py:171} INFO - Processing /opt/anaconda3/envs/airflow_env/lib/python3.8/site-packages/airflow/example_dags/tutorial_taskflow_api_etl.py took 0.146 seconds
[2022-04-02 23:49:46,732] {processor.py:163} INFO - Started process (PID=6485) to work on /opt/anaconda3/envs/airflow_env/lib/python3.8/site-packages/airflow/example_dags/tutorial_taskflow_api_etl.py
[2022-04-02 23:49:46,733] {processor.py:642} INFO - Processing file /opt/anaconda3/envs/airflow_env/lib/python3.8/site-packages/airflow/example_dags/tutorial_taskflow_api_etl.py for tasks to queue
[2022-04-02 23:49:46,733] {logging_mixin.py:109} INFO - [2022-04-02 23:49:46,733] {dagbag.py:500} INFO - Filling up the DagBag from /opt/anaconda3/envs/airflow_env/lib/python3.8/site-packages/airflow/example_dags/tutorial_taskflow_api_etl.py
[2022-04-02 23:49:46,762] {processor.py:654} INFO - DAG(s) dict_keys(['tutorial_taskflow_api_etl']) retrieved from /opt/anaconda3/envs/airflow_env/lib/python3.8/site-packages/airflow/example_dags/tutorial_taskflow_api_etl.py
[2022-04-02 23:49:46,893] {logging_mixin.py:109} INFO - [2022-04-02 23:49:46,893] {dag.py:2398} INFO - Sync 1 DAGs
[2022-04-02 23:49:46,898] {logging_mixin.py:109} INFO - [2022-04-02 23:49:46,898] {dag.py:2937} INFO - Setting next_dagrun for tutorial_taskflow_api_etl to None
[2022-04-02 23:49:46,902] {processor.py:171} INFO - Processing /opt/anaconda3/envs/airflow_env/lib/python3.8/site-packages/airflow/example_dags/tutorial_taskflow_api_etl.py took 0.170 seconds
[2022-04-02 23:50:54,090] {processor.py:163} INFO - Started process (PID=6679) to work on /opt/anaconda3/envs/airflow_env/lib/python3.8/site-packages/airflow/example_dags/tutorial_taskflow_api_etl.py
[2022-04-02 23:50:54,091] {processor.py:642} INFO - Processing file /opt/anaconda3/envs/airflow_env/lib/python3.8/site-packages/airflow/example_dags/tutorial_taskflow_api_etl.py for tasks to queue
[2022-04-02 23:50:54,091] {logging_mixin.py:109} INFO - [2022-04-02 23:50:54,091] {dagbag.py:500} INFO - Filling up the DagBag from /opt/anaconda3/envs/airflow_env/lib/python3.8/site-packages/airflow/example_dags/tutorial_taskflow_api_etl.py
[2022-04-02 23:50:54,116] {processor.py:654} INFO - DAG(s) dict_keys(['tutorial_taskflow_api_etl']) retrieved from /opt/anaconda3/envs/airflow_env/lib/python3.8/site-packages/airflow/example_dags/tutorial_taskflow_api_etl.py
[2022-04-02 23:50:54,258] {logging_mixin.py:109} INFO - [2022-04-02 23:50:54,258] {dag.py:2398} INFO - Sync 1 DAGs
[2022-04-02 23:50:54,263] {logging_mixin.py:109} INFO - [2022-04-02 23:50:54,263] {dag.py:2937} INFO - Setting next_dagrun for tutorial_taskflow_api_etl to None
[2022-04-02 23:50:54,267] {processor.py:171} INFO - Processing /opt/anaconda3/envs/airflow_env/lib/python3.8/site-packages/airflow/example_dags/tutorial_taskflow_api_etl.py took 0.177 seconds
