[2022-04-02 23:46:30,570] {processor.py:163} INFO - Started process (PID=5936) to work on /opt/anaconda3/envs/airflow_env/lib/python3.8/site-packages/airflow/example_dags/tutorial_etl_dag.py
[2022-04-02 23:46:30,570] {processor.py:642} INFO - Processing file /opt/anaconda3/envs/airflow_env/lib/python3.8/site-packages/airflow/example_dags/tutorial_etl_dag.py for tasks to queue
[2022-04-02 23:46:30,570] {logging_mixin.py:109} INFO - [2022-04-02 23:46:30,570] {dagbag.py:500} INFO - Filling up the DagBag from /opt/anaconda3/envs/airflow_env/lib/python3.8/site-packages/airflow/example_dags/tutorial_etl_dag.py
[2022-04-02 23:46:30,600] {processor.py:654} INFO - DAG(s) dict_keys(['tutorial_etl_dag']) retrieved from /opt/anaconda3/envs/airflow_env/lib/python3.8/site-packages/airflow/example_dags/tutorial_etl_dag.py
[2022-04-02 23:46:30,613] {logging_mixin.py:109} INFO - [2022-04-02 23:46:30,613] {dag.py:2398} INFO - Sync 1 DAGs
[2022-04-02 23:46:30,623] {logging_mixin.py:109} INFO - [2022-04-02 23:46:30,623] {dag.py:2937} INFO - Setting next_dagrun for tutorial_etl_dag to None
[2022-04-02 23:46:30,627] {processor.py:171} INFO - Processing /opt/anaconda3/envs/airflow_env/lib/python3.8/site-packages/airflow/example_dags/tutorial_etl_dag.py took 0.058 seconds
[2022-04-02 23:47:33,747] {processor.py:163} INFO - Started process (PID=6113) to work on /opt/anaconda3/envs/airflow_env/lib/python3.8/site-packages/airflow/example_dags/tutorial_etl_dag.py
[2022-04-02 23:47:33,748] {processor.py:642} INFO - Processing file /opt/anaconda3/envs/airflow_env/lib/python3.8/site-packages/airflow/example_dags/tutorial_etl_dag.py for tasks to queue
[2022-04-02 23:47:33,748] {logging_mixin.py:109} INFO - [2022-04-02 23:47:33,748] {dagbag.py:500} INFO - Filling up the DagBag from /opt/anaconda3/envs/airflow_env/lib/python3.8/site-packages/airflow/example_dags/tutorial_etl_dag.py
[2022-04-02 23:47:33,772] {processor.py:654} INFO - DAG(s) dict_keys(['tutorial_etl_dag']) retrieved from /opt/anaconda3/envs/airflow_env/lib/python3.8/site-packages/airflow/example_dags/tutorial_etl_dag.py
[2022-04-02 23:47:33,781] {logging_mixin.py:109} INFO - [2022-04-02 23:47:33,781] {dag.py:2398} INFO - Sync 1 DAGs
[2022-04-02 23:47:33,786] {logging_mixin.py:109} INFO - [2022-04-02 23:47:33,786] {dag.py:2937} INFO - Setting next_dagrun for tutorial_etl_dag to None
[2022-04-02 23:47:33,789] {processor.py:171} INFO - Processing /opt/anaconda3/envs/airflow_env/lib/python3.8/site-packages/airflow/example_dags/tutorial_etl_dag.py took 0.042 seconds
[2022-04-02 23:48:41,391] {processor.py:163} INFO - Started process (PID=6305) to work on /opt/anaconda3/envs/airflow_env/lib/python3.8/site-packages/airflow/example_dags/tutorial_etl_dag.py
[2022-04-02 23:48:41,391] {processor.py:642} INFO - Processing file /opt/anaconda3/envs/airflow_env/lib/python3.8/site-packages/airflow/example_dags/tutorial_etl_dag.py for tasks to queue
[2022-04-02 23:48:41,391] {logging_mixin.py:109} INFO - [2022-04-02 23:48:41,391] {dagbag.py:500} INFO - Filling up the DagBag from /opt/anaconda3/envs/airflow_env/lib/python3.8/site-packages/airflow/example_dags/tutorial_etl_dag.py
[2022-04-02 23:48:41,416] {processor.py:654} INFO - DAG(s) dict_keys(['tutorial_etl_dag']) retrieved from /opt/anaconda3/envs/airflow_env/lib/python3.8/site-packages/airflow/example_dags/tutorial_etl_dag.py
[2022-04-02 23:48:41,425] {logging_mixin.py:109} INFO - [2022-04-02 23:48:41,425] {dag.py:2398} INFO - Sync 1 DAGs
[2022-04-02 23:48:41,430] {logging_mixin.py:109} INFO - [2022-04-02 23:48:41,430] {dag.py:2937} INFO - Setting next_dagrun for tutorial_etl_dag to None
[2022-04-02 23:48:41,433] {processor.py:171} INFO - Processing /opt/anaconda3/envs/airflow_env/lib/python3.8/site-packages/airflow/example_dags/tutorial_etl_dag.py took 0.043 seconds
[2022-04-02 23:49:48,632] {processor.py:163} INFO - Started process (PID=6494) to work on /opt/anaconda3/envs/airflow_env/lib/python3.8/site-packages/airflow/example_dags/tutorial_etl_dag.py
[2022-04-02 23:49:48,632] {processor.py:642} INFO - Processing file /opt/anaconda3/envs/airflow_env/lib/python3.8/site-packages/airflow/example_dags/tutorial_etl_dag.py for tasks to queue
[2022-04-02 23:49:48,632] {logging_mixin.py:109} INFO - [2022-04-02 23:49:48,632] {dagbag.py:500} INFO - Filling up the DagBag from /opt/anaconda3/envs/airflow_env/lib/python3.8/site-packages/airflow/example_dags/tutorial_etl_dag.py
[2022-04-02 23:49:48,658] {processor.py:654} INFO - DAG(s) dict_keys(['tutorial_etl_dag']) retrieved from /opt/anaconda3/envs/airflow_env/lib/python3.8/site-packages/airflow/example_dags/tutorial_etl_dag.py
[2022-04-02 23:49:48,667] {logging_mixin.py:109} INFO - [2022-04-02 23:49:48,667] {dag.py:2398} INFO - Sync 1 DAGs
[2022-04-02 23:49:48,672] {logging_mixin.py:109} INFO - [2022-04-02 23:49:48,672] {dag.py:2937} INFO - Setting next_dagrun for tutorial_etl_dag to None
[2022-04-02 23:49:48,675] {processor.py:171} INFO - Processing /opt/anaconda3/envs/airflow_env/lib/python3.8/site-packages/airflow/example_dags/tutorial_etl_dag.py took 0.044 seconds
[2022-04-02 23:50:56,173] {processor.py:163} INFO - Started process (PID=6689) to work on /opt/anaconda3/envs/airflow_env/lib/python3.8/site-packages/airflow/example_dags/tutorial_etl_dag.py
[2022-04-02 23:50:56,174] {processor.py:642} INFO - Processing file /opt/anaconda3/envs/airflow_env/lib/python3.8/site-packages/airflow/example_dags/tutorial_etl_dag.py for tasks to queue
[2022-04-02 23:50:56,174] {logging_mixin.py:109} INFO - [2022-04-02 23:50:56,174] {dagbag.py:500} INFO - Filling up the DagBag from /opt/anaconda3/envs/airflow_env/lib/python3.8/site-packages/airflow/example_dags/tutorial_etl_dag.py
[2022-04-02 23:50:56,200] {processor.py:654} INFO - DAG(s) dict_keys(['tutorial_etl_dag']) retrieved from /opt/anaconda3/envs/airflow_env/lib/python3.8/site-packages/airflow/example_dags/tutorial_etl_dag.py
[2022-04-02 23:50:56,209] {logging_mixin.py:109} INFO - [2022-04-02 23:50:56,209] {dag.py:2398} INFO - Sync 1 DAGs
[2022-04-02 23:50:56,213] {logging_mixin.py:109} INFO - [2022-04-02 23:50:56,213] {dag.py:2937} INFO - Setting next_dagrun for tutorial_etl_dag to None
[2022-04-02 23:50:56,217] {processor.py:171} INFO - Processing /opt/anaconda3/envs/airflow_env/lib/python3.8/site-packages/airflow/example_dags/tutorial_etl_dag.py took 0.044 seconds
