[2022-04-02 23:46:32,210] {processor.py:163} INFO - Started process (PID=5945) to work on /opt/anaconda3/envs/airflow_env/lib/python3.8/site-packages/airflow/example_dags/tutorial.py
[2022-04-02 23:46:32,210] {processor.py:642} INFO - Processing file /opt/anaconda3/envs/airflow_env/lib/python3.8/site-packages/airflow/example_dags/tutorial.py for tasks to queue
[2022-04-02 23:46:32,210] {logging_mixin.py:109} INFO - [2022-04-02 23:46:32,210] {dagbag.py:500} INFO - Filling up the DagBag from /opt/anaconda3/envs/airflow_env/lib/python3.8/site-packages/airflow/example_dags/tutorial.py
[2022-04-02 23:46:32,229] {processor.py:654} INFO - DAG(s) dict_keys(['tutorial']) retrieved from /opt/anaconda3/envs/airflow_env/lib/python3.8/site-packages/airflow/example_dags/tutorial.py
[2022-04-02 23:46:32,239] {logging_mixin.py:109} INFO - [2022-04-02 23:46:32,239] {dag.py:2398} INFO - Sync 1 DAGs
[2022-04-02 23:46:32,245] {logging_mixin.py:109} INFO - [2022-04-02 23:46:32,245] {dag.py:2937} INFO - Setting next_dagrun for tutorial to 2022-04-01T21:46:32.245747+00:00
[2022-04-02 23:46:32,249] {processor.py:171} INFO - Processing /opt/anaconda3/envs/airflow_env/lib/python3.8/site-packages/airflow/example_dags/tutorial.py took 0.040 seconds
[2022-04-02 23:47:35,647] {processor.py:163} INFO - Started process (PID=6117) to work on /opt/anaconda3/envs/airflow_env/lib/python3.8/site-packages/airflow/example_dags/tutorial.py
[2022-04-02 23:47:35,648] {processor.py:642} INFO - Processing file /opt/anaconda3/envs/airflow_env/lib/python3.8/site-packages/airflow/example_dags/tutorial.py for tasks to queue
[2022-04-02 23:47:35,648] {logging_mixin.py:109} INFO - [2022-04-02 23:47:35,648] {dagbag.py:500} INFO - Filling up the DagBag from /opt/anaconda3/envs/airflow_env/lib/python3.8/site-packages/airflow/example_dags/tutorial.py
[2022-04-02 23:47:35,665] {processor.py:654} INFO - DAG(s) dict_keys(['tutorial']) retrieved from /opt/anaconda3/envs/airflow_env/lib/python3.8/site-packages/airflow/example_dags/tutorial.py
[2022-04-02 23:47:35,674] {logging_mixin.py:109} INFO - [2022-04-02 23:47:35,674] {dag.py:2398} INFO - Sync 1 DAGs
[2022-04-02 23:47:35,679] {logging_mixin.py:109} INFO - [2022-04-02 23:47:35,679] {dag.py:2937} INFO - Setting next_dagrun for tutorial to 2022-04-01T21:47:35.679141+00:00
[2022-04-02 23:47:35,683] {processor.py:171} INFO - Processing /opt/anaconda3/envs/airflow_env/lib/python3.8/site-packages/airflow/example_dags/tutorial.py took 0.036 seconds
[2022-04-02 23:48:43,215] {processor.py:163} INFO - Started process (PID=6310) to work on /opt/anaconda3/envs/airflow_env/lib/python3.8/site-packages/airflow/example_dags/tutorial.py
[2022-04-02 23:48:43,216] {processor.py:642} INFO - Processing file /opt/anaconda3/envs/airflow_env/lib/python3.8/site-packages/airflow/example_dags/tutorial.py for tasks to queue
[2022-04-02 23:48:43,216] {logging_mixin.py:109} INFO - [2022-04-02 23:48:43,216] {dagbag.py:500} INFO - Filling up the DagBag from /opt/anaconda3/envs/airflow_env/lib/python3.8/site-packages/airflow/example_dags/tutorial.py
[2022-04-02 23:48:43,234] {processor.py:654} INFO - DAG(s) dict_keys(['tutorial']) retrieved from /opt/anaconda3/envs/airflow_env/lib/python3.8/site-packages/airflow/example_dags/tutorial.py
[2022-04-02 23:48:43,244] {logging_mixin.py:109} INFO - [2022-04-02 23:48:43,244] {dag.py:2398} INFO - Sync 1 DAGs
[2022-04-02 23:48:43,248] {logging_mixin.py:109} INFO - [2022-04-02 23:48:43,248] {dag.py:2937} INFO - Setting next_dagrun for tutorial to 2022-04-01T21:48:43.248620+00:00
[2022-04-02 23:48:43,252] {processor.py:171} INFO - Processing /opt/anaconda3/envs/airflow_env/lib/python3.8/site-packages/airflow/example_dags/tutorial.py took 0.037 seconds
[2022-04-02 23:49:50,606] {processor.py:163} INFO - Started process (PID=6498) to work on /opt/anaconda3/envs/airflow_env/lib/python3.8/site-packages/airflow/example_dags/tutorial.py
[2022-04-02 23:49:50,606] {processor.py:642} INFO - Processing file /opt/anaconda3/envs/airflow_env/lib/python3.8/site-packages/airflow/example_dags/tutorial.py for tasks to queue
[2022-04-02 23:49:50,606] {logging_mixin.py:109} INFO - [2022-04-02 23:49:50,606] {dagbag.py:500} INFO - Filling up the DagBag from /opt/anaconda3/envs/airflow_env/lib/python3.8/site-packages/airflow/example_dags/tutorial.py
[2022-04-02 23:49:50,626] {processor.py:654} INFO - DAG(s) dict_keys(['tutorial']) retrieved from /opt/anaconda3/envs/airflow_env/lib/python3.8/site-packages/airflow/example_dags/tutorial.py
[2022-04-02 23:49:50,642] {logging_mixin.py:109} INFO - [2022-04-02 23:49:50,642] {dag.py:2398} INFO - Sync 1 DAGs
[2022-04-02 23:49:50,646] {logging_mixin.py:109} INFO - [2022-04-02 23:49:50,646] {dag.py:2937} INFO - Setting next_dagrun for tutorial to 2022-04-01T21:49:50.646800+00:00
[2022-04-02 23:49:50,650] {processor.py:171} INFO - Processing /opt/anaconda3/envs/airflow_env/lib/python3.8/site-packages/airflow/example_dags/tutorial.py took 0.045 seconds
[2022-04-02 23:50:58,077] {processor.py:163} INFO - Started process (PID=6694) to work on /opt/anaconda3/envs/airflow_env/lib/python3.8/site-packages/airflow/example_dags/tutorial.py
[2022-04-02 23:50:58,078] {processor.py:642} INFO - Processing file /opt/anaconda3/envs/airflow_env/lib/python3.8/site-packages/airflow/example_dags/tutorial.py for tasks to queue
[2022-04-02 23:50:58,078] {logging_mixin.py:109} INFO - [2022-04-02 23:50:58,078] {dagbag.py:500} INFO - Filling up the DagBag from /opt/anaconda3/envs/airflow_env/lib/python3.8/site-packages/airflow/example_dags/tutorial.py
[2022-04-02 23:50:58,097] {processor.py:654} INFO - DAG(s) dict_keys(['tutorial']) retrieved from /opt/anaconda3/envs/airflow_env/lib/python3.8/site-packages/airflow/example_dags/tutorial.py
[2022-04-02 23:50:58,107] {logging_mixin.py:109} INFO - [2022-04-02 23:50:58,107] {dag.py:2398} INFO - Sync 1 DAGs
[2022-04-02 23:50:58,111] {logging_mixin.py:109} INFO - [2022-04-02 23:50:58,111] {dag.py:2937} INFO - Setting next_dagrun for tutorial to 2022-04-01T21:50:58.111525+00:00
[2022-04-02 23:50:58,115] {processor.py:171} INFO - Processing /opt/anaconda3/envs/airflow_env/lib/python3.8/site-packages/airflow/example_dags/tutorial.py took 0.039 seconds
