[2022-04-02 23:46:22,444] {processor.py:163} INFO - Started process (PID=5918) to work on /opt/anaconda3/envs/airflow_env/lib/python3.8/site-packages/airflow/example_dags/subdags/subdag.py
[2022-04-02 23:46:22,444] {processor.py:642} INFO - Processing file /opt/anaconda3/envs/airflow_env/lib/python3.8/site-packages/airflow/example_dags/subdags/subdag.py for tasks to queue
[2022-04-02 23:46:22,445] {logging_mixin.py:109} INFO - [2022-04-02 23:46:22,445] {dagbag.py:500} INFO - Filling up the DagBag from /opt/anaconda3/envs/airflow_env/lib/python3.8/site-packages/airflow/example_dags/subdags/subdag.py
[2022-04-02 23:46:22,457] {processor.py:656} WARNING - No viable dags retrieved from /opt/anaconda3/envs/airflow_env/lib/python3.8/site-packages/airflow/example_dags/subdags/subdag.py
[2022-04-02 23:46:22,458] {processor.py:171} INFO - Processing /opt/anaconda3/envs/airflow_env/lib/python3.8/site-packages/airflow/example_dags/subdags/subdag.py took 0.014 seconds
[2022-04-02 23:47:26,092] {processor.py:163} INFO - Started process (PID=6085) to work on /opt/anaconda3/envs/airflow_env/lib/python3.8/site-packages/airflow/example_dags/subdags/subdag.py
[2022-04-02 23:47:26,092] {processor.py:642} INFO - Processing file /opt/anaconda3/envs/airflow_env/lib/python3.8/site-packages/airflow/example_dags/subdags/subdag.py for tasks to queue
[2022-04-02 23:47:26,093] {logging_mixin.py:109} INFO - [2022-04-02 23:47:26,093] {dagbag.py:500} INFO - Filling up the DagBag from /opt/anaconda3/envs/airflow_env/lib/python3.8/site-packages/airflow/example_dags/subdags/subdag.py
[2022-04-02 23:47:26,105] {processor.py:656} WARNING - No viable dags retrieved from /opt/anaconda3/envs/airflow_env/lib/python3.8/site-packages/airflow/example_dags/subdags/subdag.py
[2022-04-02 23:47:26,106] {processor.py:171} INFO - Processing /opt/anaconda3/envs/airflow_env/lib/python3.8/site-packages/airflow/example_dags/subdags/subdag.py took 0.014 seconds
[2022-04-02 23:47:59,684] {processor.py:163} INFO - Started process (PID=6181) to work on /opt/anaconda3/envs/airflow_env/lib/python3.8/site-packages/airflow/example_dags/subdags/subdag.py
[2022-04-02 23:47:59,684] {processor.py:642} INFO - Processing file /opt/anaconda3/envs/airflow_env/lib/python3.8/site-packages/airflow/example_dags/subdags/subdag.py for tasks to queue
[2022-04-02 23:47:59,684] {logging_mixin.py:109} INFO - [2022-04-02 23:47:59,684] {dagbag.py:500} INFO - Filling up the DagBag from /opt/anaconda3/envs/airflow_env/lib/python3.8/site-packages/airflow/example_dags/subdags/subdag.py
[2022-04-02 23:47:59,697] {processor.py:656} WARNING - No viable dags retrieved from /opt/anaconda3/envs/airflow_env/lib/python3.8/site-packages/airflow/example_dags/subdags/subdag.py
[2022-04-02 23:47:59,698] {processor.py:171} INFO - Processing /opt/anaconda3/envs/airflow_env/lib/python3.8/site-packages/airflow/example_dags/subdags/subdag.py took 0.015 seconds
[2022-04-02 23:48:33,454] {processor.py:163} INFO - Started process (PID=6282) to work on /opt/anaconda3/envs/airflow_env/lib/python3.8/site-packages/airflow/example_dags/subdags/subdag.py
[2022-04-02 23:48:33,455] {processor.py:642} INFO - Processing file /opt/anaconda3/envs/airflow_env/lib/python3.8/site-packages/airflow/example_dags/subdags/subdag.py for tasks to queue
[2022-04-02 23:48:33,455] {logging_mixin.py:109} INFO - [2022-04-02 23:48:33,455] {dagbag.py:500} INFO - Filling up the DagBag from /opt/anaconda3/envs/airflow_env/lib/python3.8/site-packages/airflow/example_dags/subdags/subdag.py
[2022-04-02 23:48:33,468] {processor.py:656} WARNING - No viable dags retrieved from /opt/anaconda3/envs/airflow_env/lib/python3.8/site-packages/airflow/example_dags/subdags/subdag.py
[2022-04-02 23:48:33,469] {processor.py:171} INFO - Processing /opt/anaconda3/envs/airflow_env/lib/python3.8/site-packages/airflow/example_dags/subdags/subdag.py took 0.015 seconds
[2022-04-02 23:49:06,950] {processor.py:163} INFO - Started process (PID=6362) to work on /opt/anaconda3/envs/airflow_env/lib/python3.8/site-packages/airflow/example_dags/subdags/subdag.py
[2022-04-02 23:49:06,951] {processor.py:642} INFO - Processing file /opt/anaconda3/envs/airflow_env/lib/python3.8/site-packages/airflow/example_dags/subdags/subdag.py for tasks to queue
[2022-04-02 23:49:06,951] {logging_mixin.py:109} INFO - [2022-04-02 23:49:06,951] {dagbag.py:500} INFO - Filling up the DagBag from /opt/anaconda3/envs/airflow_env/lib/python3.8/site-packages/airflow/example_dags/subdags/subdag.py
[2022-04-02 23:49:06,964] {processor.py:656} WARNING - No viable dags retrieved from /opt/anaconda3/envs/airflow_env/lib/python3.8/site-packages/airflow/example_dags/subdags/subdag.py
[2022-04-02 23:49:06,965] {processor.py:171} INFO - Processing /opt/anaconda3/envs/airflow_env/lib/python3.8/site-packages/airflow/example_dags/subdags/subdag.py took 0.016 seconds
[2022-04-02 23:49:40,699] {processor.py:163} INFO - Started process (PID=6466) to work on /opt/anaconda3/envs/airflow_env/lib/python3.8/site-packages/airflow/example_dags/subdags/subdag.py
[2022-04-02 23:49:40,699] {processor.py:642} INFO - Processing file /opt/anaconda3/envs/airflow_env/lib/python3.8/site-packages/airflow/example_dags/subdags/subdag.py for tasks to queue
[2022-04-02 23:49:40,700] {logging_mixin.py:109} INFO - [2022-04-02 23:49:40,700] {dagbag.py:500} INFO - Filling up the DagBag from /opt/anaconda3/envs/airflow_env/lib/python3.8/site-packages/airflow/example_dags/subdags/subdag.py
[2022-04-02 23:49:40,712] {processor.py:656} WARNING - No viable dags retrieved from /opt/anaconda3/envs/airflow_env/lib/python3.8/site-packages/airflow/example_dags/subdags/subdag.py
[2022-04-02 23:49:40,714] {processor.py:171} INFO - Processing /opt/anaconda3/envs/airflow_env/lib/python3.8/site-packages/airflow/example_dags/subdags/subdag.py took 0.015 seconds
[2022-04-02 23:50:14,624] {processor.py:163} INFO - Started process (PID=6578) to work on /opt/anaconda3/envs/airflow_env/lib/python3.8/site-packages/airflow/example_dags/subdags/subdag.py
[2022-04-02 23:50:14,625] {processor.py:642} INFO - Processing file /opt/anaconda3/envs/airflow_env/lib/python3.8/site-packages/airflow/example_dags/subdags/subdag.py for tasks to queue
[2022-04-02 23:50:14,625] {logging_mixin.py:109} INFO - [2022-04-02 23:50:14,625] {dagbag.py:500} INFO - Filling up the DagBag from /opt/anaconda3/envs/airflow_env/lib/python3.8/site-packages/airflow/example_dags/subdags/subdag.py
[2022-04-02 23:50:14,638] {processor.py:656} WARNING - No viable dags retrieved from /opt/anaconda3/envs/airflow_env/lib/python3.8/site-packages/airflow/example_dags/subdags/subdag.py
[2022-04-02 23:50:14,639] {processor.py:171} INFO - Processing /opt/anaconda3/envs/airflow_env/lib/python3.8/site-packages/airflow/example_dags/subdags/subdag.py took 0.015 seconds
[2022-04-02 23:50:48,115] {processor.py:163} INFO - Started process (PID=6659) to work on /opt/anaconda3/envs/airflow_env/lib/python3.8/site-packages/airflow/example_dags/subdags/subdag.py
[2022-04-02 23:50:48,115] {processor.py:642} INFO - Processing file /opt/anaconda3/envs/airflow_env/lib/python3.8/site-packages/airflow/example_dags/subdags/subdag.py for tasks to queue
[2022-04-02 23:50:48,115] {logging_mixin.py:109} INFO - [2022-04-02 23:50:48,115] {dagbag.py:500} INFO - Filling up the DagBag from /opt/anaconda3/envs/airflow_env/lib/python3.8/site-packages/airflow/example_dags/subdags/subdag.py
[2022-04-02 23:50:48,128] {processor.py:656} WARNING - No viable dags retrieved from /opt/anaconda3/envs/airflow_env/lib/python3.8/site-packages/airflow/example_dags/subdags/subdag.py
[2022-04-02 23:50:48,129] {processor.py:171} INFO - Processing /opt/anaconda3/envs/airflow_env/lib/python3.8/site-packages/airflow/example_dags/subdags/subdag.py took 0.014 seconds
[2022-04-02 23:51:21,486] {processor.py:163} INFO - Started process (PID=6753) to work on /opt/anaconda3/envs/airflow_env/lib/python3.8/site-packages/airflow/example_dags/subdags/subdag.py
[2022-04-02 23:51:21,486] {processor.py:642} INFO - Processing file /opt/anaconda3/envs/airflow_env/lib/python3.8/site-packages/airflow/example_dags/subdags/subdag.py for tasks to queue
[2022-04-02 23:51:21,486] {logging_mixin.py:109} INFO - [2022-04-02 23:51:21,486] {dagbag.py:500} INFO - Filling up the DagBag from /opt/anaconda3/envs/airflow_env/lib/python3.8/site-packages/airflow/example_dags/subdags/subdag.py
[2022-04-02 23:51:21,499] {processor.py:656} WARNING - No viable dags retrieved from /opt/anaconda3/envs/airflow_env/lib/python3.8/site-packages/airflow/example_dags/subdags/subdag.py
[2022-04-02 23:51:21,499] {processor.py:171} INFO - Processing /opt/anaconda3/envs/airflow_env/lib/python3.8/site-packages/airflow/example_dags/subdags/subdag.py took 0.014 seconds
