[2022-04-03 18:48:43,721] {taskinstance.py:1037} INFO - Dependencies all met for <TaskInstance: workflow1.create_table2 scheduled__2022-02-01T22:00:00+00:00 [queued]>
[2022-04-03 18:48:43,735] {taskinstance.py:1037} INFO - Dependencies all met for <TaskInstance: workflow1.create_table2 scheduled__2022-02-01T22:00:00+00:00 [queued]>
[2022-04-03 18:48:43,736] {taskinstance.py:1243} INFO - 
--------------------------------------------------------------------------------
[2022-04-03 18:48:43,736] {taskinstance.py:1244} INFO - Starting attempt 1 of 1
[2022-04-03 18:48:43,736] {taskinstance.py:1245} INFO - 
--------------------------------------------------------------------------------
[2022-04-03 18:48:43,750] {taskinstance.py:1264} INFO - Executing <Task(PostgresOperator): create_table2> on 2022-02-01 22:00:00+00:00
[2022-04-03 18:48:43,760] {standard_task_runner.py:52} INFO - Started process 63279 to run task
[2022-04-03 18:48:43,766] {standard_task_runner.py:76} INFO - Running: ['airflow', 'tasks', 'run', 'workflow1', 'create_table2', 'scheduled__2022-02-01T22:00:00+00:00', '--job-id', '21', '--raw', '--subdir', 'DAGS_FOLDER/extract_file.py', '--cfg-path', '/var/folders/z6/rr0r2zzn64qd2w2102l7_w3r0000gn/T/tmpcrjz_f7l', '--error-file', '/var/folders/z6/rr0r2zzn64qd2w2102l7_w3r0000gn/T/tmplc90sowu']
[2022-04-03 18:48:43,768] {standard_task_runner.py:77} INFO - Job 21: Subtask create_table2
[2022-04-03 18:48:48,801] {logging_mixin.py:109} INFO - Running <TaskInstance: workflow1.create_table2 scheduled__2022-02-01T22:00:00+00:00 [running]> on host Manvis-MacBook-Air.local
[2022-04-03 18:48:53,852] {taskinstance.py:1429} INFO - Exporting the following env vars:
AIRFLOW_CTX_DAG_OWNER=airflow
AIRFLOW_CTX_DAG_ID=workflow1
AIRFLOW_CTX_TASK_ID=create_table2
AIRFLOW_CTX_EXECUTION_DATE=2022-02-01T22:00:00+00:00
AIRFLOW_CTX_DAG_RUN_ID=scheduled__2022-02-01T22:00:00+00:00
[2022-04-03 18:48:53,856] {base.py:70} INFO - Using connection to: id: postgres_db. Host: 127.0.0.1, Port: 5432, Schema: airflow_db, Login: postgres, Password: ***, extra: {}
[2022-04-03 18:48:53,898] {dbapi.py:225} INFO - Running statement: CREATE TABLE IF NOT EXISTS prices (id bigint primary key,productid int,pricecomponentid int,price decimal(38,10), unit varchar(255),valid_from date,valid_until date, modificationdate date), parameters: None
[2022-04-03 18:48:53,907] {taskinstance.py:1272} INFO - Marking task as SUCCESS. dag_id=workflow1, task_id=create_table2, execution_date=20220201T220000, start_date=20220403T164843, end_date=20220403T164853
[2022-04-03 18:48:53,939] {local_task_job.py:154} INFO - Task exited with return code 0
[2022-04-03 18:48:53,947] {local_task_job.py:264} INFO - 0 downstream tasks scheduled from follow-on schedule check
