[2022-04-03 18:51:26,974] {taskinstance.py:1037} INFO - Dependencies all met for <TaskInstance: workflow1.check_file2 manual__2022-04-03T16:49:55.364228+00:00 [queued]>
[2022-04-03 18:51:26,978] {taskinstance.py:1037} INFO - Dependencies all met for <TaskInstance: workflow1.check_file2 manual__2022-04-03T16:49:55.364228+00:00 [queued]>
[2022-04-03 18:51:26,978] {taskinstance.py:1243} INFO - 
--------------------------------------------------------------------------------
[2022-04-03 18:51:26,978] {taskinstance.py:1244} INFO - Starting attempt 1 of 4
[2022-04-03 18:51:26,978] {taskinstance.py:1245} INFO - 
--------------------------------------------------------------------------------
[2022-04-03 18:51:26,982] {taskinstance.py:1264} INFO - Executing <Task(FileSensor): check_file2> on 2022-04-03 16:49:55.364228+00:00
[2022-04-03 18:51:26,990] {standard_task_runner.py:52} INFO - Started process 63574 to run task
[2022-04-03 18:51:26,995] {standard_task_runner.py:76} INFO - Running: ['airflow', 'tasks', 'run', 'workflow1', 'check_file2', 'manual__2022-04-03T16:49:55.364228+00:00', '--job-id', '27', '--raw', '--subdir', 'DAGS_FOLDER/extract_file.py', '--cfg-path', '/var/folders/z6/rr0r2zzn64qd2w2102l7_w3r0000gn/T/tmpqarcpmqy', '--error-file', '/var/folders/z6/rr0r2zzn64qd2w2102l7_w3r0000gn/T/tmpx4_r5eyh']
[2022-04-03 18:51:26,996] {standard_task_runner.py:77} INFO - Job 27: Subtask check_file2
[2022-04-03 18:51:32,027] {logging_mixin.py:109} INFO - Running <TaskInstance: workflow1.check_file2 manual__2022-04-03T16:49:55.364228+00:00 [running]> on host Manvis-MacBook-Air.local
[2022-04-03 18:51:37,066] {taskinstance.py:1429} INFO - Exporting the following env vars:
AIRFLOW_CTX_DAG_OWNER=airflow
AIRFLOW_CTX_DAG_ID=workflow1
AIRFLOW_CTX_TASK_ID=check_file2
AIRFLOW_CTX_EXECUTION_DATE=2022-04-03T16:49:55.364228+00:00
AIRFLOW_CTX_DAG_RUN_ID=manual__2022-04-03T16:49:55.364228+00:00
[2022-04-03 18:51:37,068] {filesystem.py:59} INFO - Poking for file /Users/manvijha/Documents/MyProjects/CaseStudy_DE/src_data/20220403*_prices.csv
[2022-04-03 18:51:37,069] {filesystem.py:65} INFO - Found File /Users/manvijha/Documents/MyProjects/CaseStudy_DE/src_data/20220403115230_prices.csv last modified: 20201018080248
[2022-04-03 18:51:37,069] {base.py:251} INFO - Success criteria met. Exiting.
[2022-04-03 18:51:37,072] {taskinstance.py:1272} INFO - Marking task as SUCCESS. dag_id=workflow1, task_id=check_file2, execution_date=20220403T164955, start_date=20220403T165126, end_date=20220403T165137
[2022-04-03 18:51:37,082] {local_task_job.py:154} INFO - Task exited with return code 0
[2022-04-03 18:51:37,093] {local_task_job.py:264} INFO - 1 downstream tasks scheduled from follow-on schedule check
