[2022-04-02 23:51:57,481] {processor.py:163} INFO - Started process (PID=6855) to work on /Users/manvijha/Documents/MyProjects/CaseStudy_DE/dags/firstdag.py
[2022-04-02 23:51:57,481] {processor.py:642} INFO - Processing file /Users/manvijha/Documents/MyProjects/CaseStudy_DE/dags/firstdag.py for tasks to queue
[2022-04-02 23:51:57,481] {logging_mixin.py:109} INFO - [2022-04-02 23:51:57,481] {dagbag.py:500} INFO - Filling up the DagBag from /Users/manvijha/Documents/MyProjects/CaseStudy_DE/dags/firstdag.py
[2022-04-02 23:51:57,801] {processor.py:654} INFO - DAG(s) dict_keys(['first_airflow_dag']) retrieved from /Users/manvijha/Documents/MyProjects/CaseStudy_DE/dags/firstdag.py
[2022-04-02 23:51:57,991] {logging_mixin.py:109} INFO - [2022-04-02 23:51:57,991] {manager.py:496} INFO - Created Permission View: can edit on DAG:first_airflow_dag
[2022-04-02 23:51:57,994] {logging_mixin.py:109} INFO - [2022-04-02 23:51:57,994] {manager.py:496} INFO - Created Permission View: can read on DAG:first_airflow_dag
[2022-04-02 23:51:57,994] {logging_mixin.py:109} INFO - [2022-04-02 23:51:57,994] {dag.py:2398} INFO - Sync 1 DAGs
[2022-04-02 23:51:57,997] {logging_mixin.py:109} INFO - [2022-04-02 23:51:57,997] {dag.py:2417} INFO - Creating ORM DAG for first_airflow_dag
[2022-04-02 23:51:58,000] {logging_mixin.py:109} INFO - [2022-04-02 23:51:58,000] {dag.py:2937} INFO - Setting next_dagrun for first_airflow_dag to 2022-04-02T21:50:00+00:00
[2022-04-02 23:51:58,004] {processor.py:171} INFO - Processing /Users/manvijha/Documents/MyProjects/CaseStudy_DE/dags/firstdag.py took 0.523 seconds
[2022-04-02 23:52:34,349] {processor.py:163} INFO - Started process (PID=6938) to work on /Users/manvijha/Documents/MyProjects/CaseStudy_DE/dags/firstdag.py
[2022-04-02 23:52:34,350] {processor.py:642} INFO - Processing file /Users/manvijha/Documents/MyProjects/CaseStudy_DE/dags/firstdag.py for tasks to queue
[2022-04-02 23:52:34,350] {logging_mixin.py:109} INFO - [2022-04-02 23:52:34,350] {dagbag.py:500} INFO - Filling up the DagBag from /Users/manvijha/Documents/MyProjects/CaseStudy_DE/dags/firstdag.py
[2022-04-02 23:52:34,761] {processor.py:654} INFO - DAG(s) dict_keys(['first_airflow_dag']) retrieved from /Users/manvijha/Documents/MyProjects/CaseStudy_DE/dags/firstdag.py
[2022-04-02 23:52:34,769] {logging_mixin.py:109} INFO - [2022-04-02 23:52:34,769] {dag.py:2398} INFO - Sync 1 DAGs
[2022-04-02 23:52:34,775] {logging_mixin.py:109} INFO - [2022-04-02 23:52:34,775] {dag.py:2937} INFO - Setting next_dagrun for first_airflow_dag to 2022-04-02T21:51:00+00:00
[2022-04-02 23:52:34,778] {processor.py:171} INFO - Processing /Users/manvijha/Documents/MyProjects/CaseStudy_DE/dags/firstdag.py took 0.430 seconds
[2022-04-02 23:53:12,623] {processor.py:163} INFO - Started process (PID=7037) to work on /Users/manvijha/Documents/MyProjects/CaseStudy_DE/dags/firstdag.py
[2022-04-02 23:53:12,623] {processor.py:642} INFO - Processing file /Users/manvijha/Documents/MyProjects/CaseStudy_DE/dags/firstdag.py for tasks to queue
[2022-04-02 23:53:12,624] {logging_mixin.py:109} INFO - [2022-04-02 23:53:12,624] {dagbag.py:500} INFO - Filling up the DagBag from /Users/manvijha/Documents/MyProjects/CaseStudy_DE/dags/firstdag.py
[2022-04-02 23:53:13,044] {processor.py:654} INFO - DAG(s) dict_keys(['first_airflow_dag']) retrieved from /Users/manvijha/Documents/MyProjects/CaseStudy_DE/dags/firstdag.py
[2022-04-02 23:53:13,053] {logging_mixin.py:109} INFO - [2022-04-02 23:53:13,053] {dag.py:2398} INFO - Sync 1 DAGs
[2022-04-02 23:53:13,058] {logging_mixin.py:109} INFO - [2022-04-02 23:53:13,058] {dag.py:2937} INFO - Setting next_dagrun for first_airflow_dag to 2022-04-02T21:52:00+00:00
[2022-04-02 23:53:13,062] {processor.py:171} INFO - Processing /Users/manvijha/Documents/MyProjects/CaseStudy_DE/dags/firstdag.py took 0.440 seconds
[2022-04-02 23:53:50,426] {processor.py:163} INFO - Started process (PID=7125) to work on /Users/manvijha/Documents/MyProjects/CaseStudy_DE/dags/firstdag.py
[2022-04-02 23:53:50,427] {processor.py:642} INFO - Processing file /Users/manvijha/Documents/MyProjects/CaseStudy_DE/dags/firstdag.py for tasks to queue
[2022-04-02 23:53:50,427] {logging_mixin.py:109} INFO - [2022-04-02 23:53:50,427] {dagbag.py:500} INFO - Filling up the DagBag from /Users/manvijha/Documents/MyProjects/CaseStudy_DE/dags/firstdag.py
[2022-04-02 23:53:50,862] {processor.py:654} INFO - DAG(s) dict_keys(['first_airflow_dag']) retrieved from /Users/manvijha/Documents/MyProjects/CaseStudy_DE/dags/firstdag.py
[2022-04-02 23:53:50,870] {logging_mixin.py:109} INFO - [2022-04-02 23:53:50,870] {dag.py:2398} INFO - Sync 1 DAGs
[2022-04-02 23:53:50,876] {logging_mixin.py:109} INFO - [2022-04-02 23:53:50,876] {dag.py:2937} INFO - Setting next_dagrun for first_airflow_dag to 2022-04-02T21:52:00+00:00
[2022-04-02 23:53:50,879] {processor.py:171} INFO - Processing /Users/manvijha/Documents/MyProjects/CaseStudy_DE/dags/firstdag.py took 0.453 seconds
[2022-04-02 23:54:27,974] {processor.py:163} INFO - Started process (PID=7218) to work on /Users/manvijha/Documents/MyProjects/CaseStudy_DE/dags/firstdag.py
[2022-04-02 23:54:27,975] {processor.py:642} INFO - Processing file /Users/manvijha/Documents/MyProjects/CaseStudy_DE/dags/firstdag.py for tasks to queue
[2022-04-02 23:54:27,975] {logging_mixin.py:109} INFO - [2022-04-02 23:54:27,975] {dagbag.py:500} INFO - Filling up the DagBag from /Users/manvijha/Documents/MyProjects/CaseStudy_DE/dags/firstdag.py
[2022-04-02 23:54:28,391] {processor.py:654} INFO - DAG(s) dict_keys(['first_airflow_dag']) retrieved from /Users/manvijha/Documents/MyProjects/CaseStudy_DE/dags/firstdag.py
[2022-04-02 23:54:28,402] {logging_mixin.py:109} INFO - [2022-04-02 23:54:28,402] {dag.py:2398} INFO - Sync 1 DAGs
[2022-04-02 23:54:28,409] {logging_mixin.py:109} INFO - [2022-04-02 23:54:28,409] {dag.py:2937} INFO - Setting next_dagrun for first_airflow_dag to 2022-04-02T21:53:00+00:00
[2022-04-02 23:54:28,413] {processor.py:171} INFO - Processing /Users/manvijha/Documents/MyProjects/CaseStudy_DE/dags/firstdag.py took 0.439 seconds
[2022-04-02 23:55:05,862] {processor.py:163} INFO - Started process (PID=7304) to work on /Users/manvijha/Documents/MyProjects/CaseStudy_DE/dags/firstdag.py
[2022-04-02 23:55:05,862] {processor.py:642} INFO - Processing file /Users/manvijha/Documents/MyProjects/CaseStudy_DE/dags/firstdag.py for tasks to queue
[2022-04-02 23:55:05,863] {logging_mixin.py:109} INFO - [2022-04-02 23:55:05,863] {dagbag.py:500} INFO - Filling up the DagBag from /Users/manvijha/Documents/MyProjects/CaseStudy_DE/dags/firstdag.py
[2022-04-02 23:55:06,267] {processor.py:654} INFO - DAG(s) dict_keys(['first_airflow_dag']) retrieved from /Users/manvijha/Documents/MyProjects/CaseStudy_DE/dags/firstdag.py
[2022-04-02 23:55:06,276] {logging_mixin.py:109} INFO - [2022-04-02 23:55:06,276] {dag.py:2398} INFO - Sync 1 DAGs
[2022-04-02 23:55:06,282] {logging_mixin.py:109} INFO - [2022-04-02 23:55:06,282] {dag.py:2937} INFO - Setting next_dagrun for first_airflow_dag to 2022-04-02T21:54:00+00:00
[2022-04-02 23:55:06,285] {processor.py:171} INFO - Processing /Users/manvijha/Documents/MyProjects/CaseStudy_DE/dags/firstdag.py took 0.424 seconds
[2022-04-02 23:55:43,495] {processor.py:163} INFO - Started process (PID=7385) to work on /Users/manvijha/Documents/MyProjects/CaseStudy_DE/dags/firstdag.py
[2022-04-02 23:55:43,495] {processor.py:642} INFO - Processing file /Users/manvijha/Documents/MyProjects/CaseStudy_DE/dags/firstdag.py for tasks to queue
[2022-04-02 23:55:43,495] {logging_mixin.py:109} INFO - [2022-04-02 23:55:43,495] {dagbag.py:500} INFO - Filling up the DagBag from /Users/manvijha/Documents/MyProjects/CaseStudy_DE/dags/firstdag.py
[2022-04-02 23:55:43,912] {processor.py:654} INFO - DAG(s) dict_keys(['first_airflow_dag']) retrieved from /Users/manvijha/Documents/MyProjects/CaseStudy_DE/dags/firstdag.py
[2022-04-02 23:55:43,922] {logging_mixin.py:109} INFO - [2022-04-02 23:55:43,922] {dag.py:2398} INFO - Sync 1 DAGs
[2022-04-02 23:55:43,927] {logging_mixin.py:109} INFO - [2022-04-02 23:55:43,927] {dag.py:2937} INFO - Setting next_dagrun for first_airflow_dag to 2022-04-02T21:54:00+00:00
[2022-04-02 23:55:43,931] {processor.py:171} INFO - Processing /Users/manvijha/Documents/MyProjects/CaseStudy_DE/dags/firstdag.py took 0.436 seconds
[2022-04-02 23:56:21,299] {processor.py:163} INFO - Started process (PID=7462) to work on /Users/manvijha/Documents/MyProjects/CaseStudy_DE/dags/firstdag.py
[2022-04-02 23:56:21,300] {processor.py:642} INFO - Processing file /Users/manvijha/Documents/MyProjects/CaseStudy_DE/dags/firstdag.py for tasks to queue
[2022-04-02 23:56:21,300] {logging_mixin.py:109} INFO - [2022-04-02 23:56:21,300] {dagbag.py:500} INFO - Filling up the DagBag from /Users/manvijha/Documents/MyProjects/CaseStudy_DE/dags/firstdag.py
[2022-04-02 23:56:21,756] {processor.py:654} INFO - DAG(s) dict_keys(['first_airflow_dag']) retrieved from /Users/manvijha/Documents/MyProjects/CaseStudy_DE/dags/firstdag.py
[2022-04-02 23:56:21,765] {logging_mixin.py:109} INFO - [2022-04-02 23:56:21,765] {dag.py:2398} INFO - Sync 1 DAGs
[2022-04-02 23:56:21,771] {logging_mixin.py:109} INFO - [2022-04-02 23:56:21,771] {dag.py:2937} INFO - Setting next_dagrun for first_airflow_dag to 2022-04-02T21:55:00+00:00
[2022-04-02 23:56:21,775] {processor.py:171} INFO - Processing /Users/manvijha/Documents/MyProjects/CaseStudy_DE/dags/firstdag.py took 0.476 seconds
[2022-04-02 23:56:59,240] {processor.py:163} INFO - Started process (PID=7546) to work on /Users/manvijha/Documents/MyProjects/CaseStudy_DE/dags/firstdag.py
[2022-04-02 23:56:59,241] {processor.py:642} INFO - Processing file /Users/manvijha/Documents/MyProjects/CaseStudy_DE/dags/firstdag.py for tasks to queue
[2022-04-02 23:56:59,241] {logging_mixin.py:109} INFO - [2022-04-02 23:56:59,241] {dagbag.py:500} INFO - Filling up the DagBag from /Users/manvijha/Documents/MyProjects/CaseStudy_DE/dags/firstdag.py
[2022-04-02 23:56:59,656] {processor.py:654} INFO - DAG(s) dict_keys(['first_airflow_dag']) retrieved from /Users/manvijha/Documents/MyProjects/CaseStudy_DE/dags/firstdag.py
[2022-04-02 23:56:59,666] {logging_mixin.py:109} INFO - [2022-04-02 23:56:59,665] {dag.py:2398} INFO - Sync 1 DAGs
[2022-04-02 23:56:59,673] {logging_mixin.py:109} INFO - [2022-04-02 23:56:59,673] {dag.py:2937} INFO - Setting next_dagrun for first_airflow_dag to 2022-04-02T21:55:00+00:00
[2022-04-02 23:56:59,677] {processor.py:171} INFO - Processing /Users/manvijha/Documents/MyProjects/CaseStudy_DE/dags/firstdag.py took 0.438 seconds
[2022-04-02 23:57:37,133] {processor.py:163} INFO - Started process (PID=7631) to work on /Users/manvijha/Documents/MyProjects/CaseStudy_DE/dags/firstdag.py
[2022-04-02 23:57:37,134] {processor.py:642} INFO - Processing file /Users/manvijha/Documents/MyProjects/CaseStudy_DE/dags/firstdag.py for tasks to queue
[2022-04-02 23:57:37,134] {logging_mixin.py:109} INFO - [2022-04-02 23:57:37,134] {dagbag.py:500} INFO - Filling up the DagBag from /Users/manvijha/Documents/MyProjects/CaseStudy_DE/dags/firstdag.py
[2022-04-02 23:57:37,530] {processor.py:654} INFO - DAG(s) dict_keys(['first_airflow_dag']) retrieved from /Users/manvijha/Documents/MyProjects/CaseStudy_DE/dags/firstdag.py
[2022-04-02 23:57:37,538] {logging_mixin.py:109} INFO - [2022-04-02 23:57:37,538] {dag.py:2398} INFO - Sync 1 DAGs
[2022-04-02 23:57:37,544] {logging_mixin.py:109} INFO - [2022-04-02 23:57:37,544] {dag.py:2937} INFO - Setting next_dagrun for first_airflow_dag to 2022-04-02T21:56:00+00:00
[2022-04-02 23:57:37,547] {processor.py:171} INFO - Processing /Users/manvijha/Documents/MyProjects/CaseStudy_DE/dags/firstdag.py took 0.415 seconds
[2022-04-02 23:58:14,748] {processor.py:163} INFO - Started process (PID=7720) to work on /Users/manvijha/Documents/MyProjects/CaseStudy_DE/dags/firstdag.py
[2022-04-02 23:58:14,749] {processor.py:642} INFO - Processing file /Users/manvijha/Documents/MyProjects/CaseStudy_DE/dags/firstdag.py for tasks to queue
[2022-04-02 23:58:14,749] {logging_mixin.py:109} INFO - [2022-04-02 23:58:14,749] {dagbag.py:500} INFO - Filling up the DagBag from /Users/manvijha/Documents/MyProjects/CaseStudy_DE/dags/firstdag.py
[2022-04-02 23:58:15,158] {processor.py:654} INFO - DAG(s) dict_keys(['first_airflow_dag']) retrieved from /Users/manvijha/Documents/MyProjects/CaseStudy_DE/dags/firstdag.py
[2022-04-02 23:58:15,167] {logging_mixin.py:109} INFO - [2022-04-02 23:58:15,167] {dag.py:2398} INFO - Sync 1 DAGs
[2022-04-02 23:58:15,172] {logging_mixin.py:109} INFO - [2022-04-02 23:58:15,172] {dag.py:2937} INFO - Setting next_dagrun for first_airflow_dag to 2022-04-02T21:57:00+00:00
[2022-04-02 23:58:15,176] {processor.py:171} INFO - Processing /Users/manvijha/Documents/MyProjects/CaseStudy_DE/dags/firstdag.py took 0.429 seconds
[2022-04-02 23:58:52,501] {processor.py:163} INFO - Started process (PID=7800) to work on /Users/manvijha/Documents/MyProjects/CaseStudy_DE/dags/firstdag.py
[2022-04-02 23:58:52,502] {processor.py:642} INFO - Processing file /Users/manvijha/Documents/MyProjects/CaseStudy_DE/dags/firstdag.py for tasks to queue
[2022-04-02 23:58:52,502] {logging_mixin.py:109} INFO - [2022-04-02 23:58:52,502] {dagbag.py:500} INFO - Filling up the DagBag from /Users/manvijha/Documents/MyProjects/CaseStudy_DE/dags/firstdag.py
[2022-04-02 23:58:52,909] {processor.py:654} INFO - DAG(s) dict_keys(['first_airflow_dag']) retrieved from /Users/manvijha/Documents/MyProjects/CaseStudy_DE/dags/firstdag.py
[2022-04-02 23:58:52,917] {logging_mixin.py:109} INFO - [2022-04-02 23:58:52,917] {dag.py:2398} INFO - Sync 1 DAGs
[2022-04-02 23:58:52,923] {logging_mixin.py:109} INFO - [2022-04-02 23:58:52,923] {dag.py:2937} INFO - Setting next_dagrun for first_airflow_dag to 2022-04-02T21:57:00+00:00
[2022-04-02 23:58:52,926] {processor.py:171} INFO - Processing /Users/manvijha/Documents/MyProjects/CaseStudy_DE/dags/firstdag.py took 0.425 seconds
[2022-04-02 23:59:30,469] {processor.py:163} INFO - Started process (PID=7893) to work on /Users/manvijha/Documents/MyProjects/CaseStudy_DE/dags/firstdag.py
[2022-04-02 23:59:30,469] {processor.py:642} INFO - Processing file /Users/manvijha/Documents/MyProjects/CaseStudy_DE/dags/firstdag.py for tasks to queue
[2022-04-02 23:59:30,469] {logging_mixin.py:109} INFO - [2022-04-02 23:59:30,469] {dagbag.py:500} INFO - Filling up the DagBag from /Users/manvijha/Documents/MyProjects/CaseStudy_DE/dags/firstdag.py
[2022-04-02 23:59:30,888] {processor.py:654} INFO - DAG(s) dict_keys(['first_airflow_dag']) retrieved from /Users/manvijha/Documents/MyProjects/CaseStudy_DE/dags/firstdag.py
[2022-04-02 23:59:30,896] {logging_mixin.py:109} INFO - [2022-04-02 23:59:30,896] {dag.py:2398} INFO - Sync 1 DAGs
[2022-04-02 23:59:30,902] {logging_mixin.py:109} INFO - [2022-04-02 23:59:30,902] {dag.py:2937} INFO - Setting next_dagrun for first_airflow_dag to 2022-04-02T21:58:00+00:00
[2022-04-02 23:59:30,906] {processor.py:171} INFO - Processing /Users/manvijha/Documents/MyProjects/CaseStudy_DE/dags/firstdag.py took 0.437 seconds
[2022-04-03 00:00:08,382] {processor.py:163} INFO - Started process (PID=7987) to work on /Users/manvijha/Documents/MyProjects/CaseStudy_DE/dags/firstdag.py
[2022-04-03 00:00:08,383] {processor.py:642} INFO - Processing file /Users/manvijha/Documents/MyProjects/CaseStudy_DE/dags/firstdag.py for tasks to queue
[2022-04-03 00:00:08,383] {logging_mixin.py:109} INFO - [2022-04-03 00:00:08,383] {dagbag.py:500} INFO - Filling up the DagBag from /Users/manvijha/Documents/MyProjects/CaseStudy_DE/dags/firstdag.py
[2022-04-03 00:00:08,808] {processor.py:654} INFO - DAG(s) dict_keys(['first_airflow_dag']) retrieved from /Users/manvijha/Documents/MyProjects/CaseStudy_DE/dags/firstdag.py
[2022-04-03 00:00:08,817] {logging_mixin.py:109} INFO - [2022-04-03 00:00:08,817] {dag.py:2398} INFO - Sync 1 DAGs
[2022-04-03 00:00:08,823] {logging_mixin.py:109} INFO - [2022-04-03 00:00:08,823] {dag.py:2937} INFO - Setting next_dagrun for first_airflow_dag to 2022-04-02T21:59:00+00:00
[2022-04-03 00:00:08,827] {processor.py:171} INFO - Processing /Users/manvijha/Documents/MyProjects/CaseStudy_DE/dags/firstdag.py took 0.445 seconds
[2022-04-03 00:00:45,928] {processor.py:163} INFO - Started process (PID=8073) to work on /Users/manvijha/Documents/MyProjects/CaseStudy_DE/dags/firstdag.py
[2022-04-03 00:00:45,929] {processor.py:642} INFO - Processing file /Users/manvijha/Documents/MyProjects/CaseStudy_DE/dags/firstdag.py for tasks to queue
[2022-04-03 00:00:45,929] {logging_mixin.py:109} INFO - [2022-04-03 00:00:45,929] {dagbag.py:500} INFO - Filling up the DagBag from /Users/manvijha/Documents/MyProjects/CaseStudy_DE/dags/firstdag.py
[2022-04-03 00:00:46,319] {processor.py:654} INFO - DAG(s) dict_keys(['first_airflow_dag']) retrieved from /Users/manvijha/Documents/MyProjects/CaseStudy_DE/dags/firstdag.py
[2022-04-03 00:00:46,327] {logging_mixin.py:109} INFO - [2022-04-03 00:00:46,327] {dag.py:2398} INFO - Sync 1 DAGs
[2022-04-03 00:00:46,333] {logging_mixin.py:109} INFO - [2022-04-03 00:00:46,333] {dag.py:2937} INFO - Setting next_dagrun for first_airflow_dag to 2022-04-02T21:59:00+00:00
[2022-04-03 00:00:46,336] {processor.py:171} INFO - Processing /Users/manvijha/Documents/MyProjects/CaseStudy_DE/dags/firstdag.py took 0.408 seconds
[2022-04-03 00:01:24,146] {processor.py:163} INFO - Started process (PID=8168) to work on /Users/manvijha/Documents/MyProjects/CaseStudy_DE/dags/firstdag.py
[2022-04-03 00:01:24,147] {processor.py:642} INFO - Processing file /Users/manvijha/Documents/MyProjects/CaseStudy_DE/dags/firstdag.py for tasks to queue
[2022-04-03 00:01:24,147] {logging_mixin.py:109} INFO - [2022-04-03 00:01:24,147] {dagbag.py:500} INFO - Filling up the DagBag from /Users/manvijha/Documents/MyProjects/CaseStudy_DE/dags/firstdag.py
[2022-04-03 00:01:24,568] {processor.py:654} INFO - DAG(s) dict_keys(['first_airflow_dag']) retrieved from /Users/manvijha/Documents/MyProjects/CaseStudy_DE/dags/firstdag.py
[2022-04-03 00:01:24,576] {logging_mixin.py:109} INFO - [2022-04-03 00:01:24,576] {dag.py:2398} INFO - Sync 1 DAGs
[2022-04-03 00:01:24,582] {logging_mixin.py:109} INFO - [2022-04-03 00:01:24,582] {dag.py:2937} INFO - Setting next_dagrun for first_airflow_dag to 2022-04-02T22:00:00+00:00
[2022-04-03 00:01:24,585] {processor.py:171} INFO - Processing /Users/manvijha/Documents/MyProjects/CaseStudy_DE/dags/firstdag.py took 0.439 seconds
[2022-04-03 00:02:02,166] {processor.py:163} INFO - Started process (PID=8266) to work on /Users/manvijha/Documents/MyProjects/CaseStudy_DE/dags/firstdag.py
[2022-04-03 00:02:02,166] {processor.py:642} INFO - Processing file /Users/manvijha/Documents/MyProjects/CaseStudy_DE/dags/firstdag.py for tasks to queue
[2022-04-03 00:02:02,168] {logging_mixin.py:109} INFO - [2022-04-03 00:02:02,168] {dagbag.py:500} INFO - Filling up the DagBag from /Users/manvijha/Documents/MyProjects/CaseStudy_DE/dags/firstdag.py
[2022-04-03 00:02:02,580] {processor.py:654} INFO - DAG(s) dict_keys(['first_airflow_dag']) retrieved from /Users/manvijha/Documents/MyProjects/CaseStudy_DE/dags/firstdag.py
[2022-04-03 00:02:02,588] {logging_mixin.py:109} INFO - [2022-04-03 00:02:02,588] {dag.py:2398} INFO - Sync 1 DAGs
[2022-04-03 00:02:02,594] {logging_mixin.py:109} INFO - [2022-04-03 00:02:02,594] {dag.py:2937} INFO - Setting next_dagrun for first_airflow_dag to 2022-04-02T22:01:00+00:00
[2022-04-03 00:02:02,598] {processor.py:171} INFO - Processing /Users/manvijha/Documents/MyProjects/CaseStudy_DE/dags/firstdag.py took 0.433 seconds
[2022-04-03 00:02:40,005] {processor.py:163} INFO - Started process (PID=8372) to work on /Users/manvijha/Documents/MyProjects/CaseStudy_DE/dags/firstdag.py
[2022-04-03 00:02:40,006] {processor.py:642} INFO - Processing file /Users/manvijha/Documents/MyProjects/CaseStudy_DE/dags/firstdag.py for tasks to queue
[2022-04-03 00:02:40,006] {logging_mixin.py:109} INFO - [2022-04-03 00:02:40,006] {dagbag.py:500} INFO - Filling up the DagBag from /Users/manvijha/Documents/MyProjects/CaseStudy_DE/dags/firstdag.py
[2022-04-03 00:02:40,410] {processor.py:654} INFO - DAG(s) dict_keys(['first_airflow_dag']) retrieved from /Users/manvijha/Documents/MyProjects/CaseStudy_DE/dags/firstdag.py
[2022-04-03 00:02:40,419] {logging_mixin.py:109} INFO - [2022-04-03 00:02:40,418] {dag.py:2398} INFO - Sync 1 DAGs
[2022-04-03 00:02:40,424] {logging_mixin.py:109} INFO - [2022-04-03 00:02:40,424] {dag.py:2937} INFO - Setting next_dagrun for first_airflow_dag to 2022-04-02T22:01:00+00:00
[2022-04-03 00:02:40,428] {processor.py:171} INFO - Processing /Users/manvijha/Documents/MyProjects/CaseStudy_DE/dags/firstdag.py took 0.423 seconds
[2022-04-03 00:03:17,902] {processor.py:163} INFO - Started process (PID=8456) to work on /Users/manvijha/Documents/MyProjects/CaseStudy_DE/dags/firstdag.py
[2022-04-03 00:03:17,903] {processor.py:642} INFO - Processing file /Users/manvijha/Documents/MyProjects/CaseStudy_DE/dags/firstdag.py for tasks to queue
[2022-04-03 00:03:17,903] {logging_mixin.py:109} INFO - [2022-04-03 00:03:17,903] {dagbag.py:500} INFO - Filling up the DagBag from /Users/manvijha/Documents/MyProjects/CaseStudy_DE/dags/firstdag.py
[2022-04-03 00:03:18,314] {processor.py:654} INFO - DAG(s) dict_keys(['first_airflow_dag']) retrieved from /Users/manvijha/Documents/MyProjects/CaseStudy_DE/dags/firstdag.py
[2022-04-03 00:03:18,322] {logging_mixin.py:109} INFO - [2022-04-03 00:03:18,322] {dag.py:2398} INFO - Sync 1 DAGs
[2022-04-03 00:03:18,328] {logging_mixin.py:109} INFO - [2022-04-03 00:03:18,328] {dag.py:2937} INFO - Setting next_dagrun for first_airflow_dag to 2022-04-02T22:02:00+00:00
[2022-04-03 00:03:18,332] {processor.py:171} INFO - Processing /Users/manvijha/Documents/MyProjects/CaseStudy_DE/dags/firstdag.py took 0.430 seconds
[2022-04-03 00:03:56,227] {processor.py:163} INFO - Started process (PID=8547) to work on /Users/manvijha/Documents/MyProjects/CaseStudy_DE/dags/firstdag.py
[2022-04-03 00:03:56,228] {processor.py:642} INFO - Processing file /Users/manvijha/Documents/MyProjects/CaseStudy_DE/dags/firstdag.py for tasks to queue
[2022-04-03 00:03:56,228] {logging_mixin.py:109} INFO - [2022-04-03 00:03:56,228] {dagbag.py:500} INFO - Filling up the DagBag from /Users/manvijha/Documents/MyProjects/CaseStudy_DE/dags/firstdag.py
[2022-04-03 00:03:56,674] {processor.py:654} INFO - DAG(s) dict_keys(['first_airflow_dag']) retrieved from /Users/manvijha/Documents/MyProjects/CaseStudy_DE/dags/firstdag.py
[2022-04-03 00:03:56,683] {logging_mixin.py:109} INFO - [2022-04-03 00:03:56,683] {dag.py:2398} INFO - Sync 1 DAGs
[2022-04-03 00:03:56,690] {logging_mixin.py:109} INFO - [2022-04-03 00:03:56,689] {dag.py:2937} INFO - Setting next_dagrun for first_airflow_dag to 2022-04-02T22:02:00+00:00
[2022-04-03 00:03:56,693] {processor.py:171} INFO - Processing /Users/manvijha/Documents/MyProjects/CaseStudy_DE/dags/firstdag.py took 0.466 seconds
[2022-04-03 00:04:34,298] {processor.py:163} INFO - Started process (PID=8671) to work on /Users/manvijha/Documents/MyProjects/CaseStudy_DE/dags/firstdag.py
[2022-04-03 00:04:34,300] {processor.py:642} INFO - Processing file /Users/manvijha/Documents/MyProjects/CaseStudy_DE/dags/firstdag.py for tasks to queue
[2022-04-03 00:04:34,300] {logging_mixin.py:109} INFO - [2022-04-03 00:04:34,300] {dagbag.py:500} INFO - Filling up the DagBag from /Users/manvijha/Documents/MyProjects/CaseStudy_DE/dags/firstdag.py
[2022-04-03 00:04:34,736] {processor.py:654} INFO - DAG(s) dict_keys(['first_airflow_dag']) retrieved from /Users/manvijha/Documents/MyProjects/CaseStudy_DE/dags/firstdag.py
[2022-04-03 00:04:34,744] {logging_mixin.py:109} INFO - [2022-04-03 00:04:34,744] {dag.py:2398} INFO - Sync 1 DAGs
[2022-04-03 00:04:34,750] {logging_mixin.py:109} INFO - [2022-04-03 00:04:34,750] {dag.py:2937} INFO - Setting next_dagrun for first_airflow_dag to 2022-04-02T22:03:00+00:00
[2022-04-03 00:04:34,754] {processor.py:171} INFO - Processing /Users/manvijha/Documents/MyProjects/CaseStudy_DE/dags/firstdag.py took 0.456 seconds
[2022-04-03 00:05:11,780] {processor.py:163} INFO - Started process (PID=8765) to work on /Users/manvijha/Documents/MyProjects/CaseStudy_DE/dags/firstdag.py
[2022-04-03 00:05:11,780] {processor.py:642} INFO - Processing file /Users/manvijha/Documents/MyProjects/CaseStudy_DE/dags/firstdag.py for tasks to queue
[2022-04-03 00:05:11,780] {logging_mixin.py:109} INFO - [2022-04-03 00:05:11,780] {dagbag.py:500} INFO - Filling up the DagBag from /Users/manvijha/Documents/MyProjects/CaseStudy_DE/dags/firstdag.py
[2022-04-03 00:05:12,186] {processor.py:654} INFO - DAG(s) dict_keys(['first_airflow_dag']) retrieved from /Users/manvijha/Documents/MyProjects/CaseStudy_DE/dags/firstdag.py
[2022-04-03 00:05:12,194] {logging_mixin.py:109} INFO - [2022-04-03 00:05:12,194] {dag.py:2398} INFO - Sync 1 DAGs
[2022-04-03 00:05:12,200] {logging_mixin.py:109} INFO - [2022-04-03 00:05:12,199] {dag.py:2937} INFO - Setting next_dagrun for first_airflow_dag to 2022-04-02T22:04:00+00:00
[2022-04-03 00:05:12,203] {processor.py:171} INFO - Processing /Users/manvijha/Documents/MyProjects/CaseStudy_DE/dags/firstdag.py took 0.424 seconds
[2022-04-03 00:05:49,355] {processor.py:163} INFO - Started process (PID=8857) to work on /Users/manvijha/Documents/MyProjects/CaseStudy_DE/dags/firstdag.py
[2022-04-03 00:05:49,356] {processor.py:642} INFO - Processing file /Users/manvijha/Documents/MyProjects/CaseStudy_DE/dags/firstdag.py for tasks to queue
[2022-04-03 00:05:49,356] {logging_mixin.py:109} INFO - [2022-04-03 00:05:49,356] {dagbag.py:500} INFO - Filling up the DagBag from /Users/manvijha/Documents/MyProjects/CaseStudy_DE/dags/firstdag.py
[2022-04-03 00:05:49,683] {processor.py:654} INFO - DAG(s) dict_keys(['first_airflow_dag']) retrieved from /Users/manvijha/Documents/MyProjects/CaseStudy_DE/dags/firstdag.py
[2022-04-03 00:05:49,691] {logging_mixin.py:109} INFO - [2022-04-03 00:05:49,691] {dag.py:2398} INFO - Sync 1 DAGs
[2022-04-03 00:05:49,697] {logging_mixin.py:109} INFO - [2022-04-03 00:05:49,697] {dag.py:2937} INFO - Setting next_dagrun for first_airflow_dag to 2022-04-02T22:04:00+00:00
[2022-04-03 00:05:49,701] {processor.py:171} INFO - Processing /Users/manvijha/Documents/MyProjects/CaseStudy_DE/dags/firstdag.py took 0.346 seconds
[2022-04-03 00:06:27,047] {processor.py:163} INFO - Started process (PID=8941) to work on /Users/manvijha/Documents/MyProjects/CaseStudy_DE/dags/firstdag.py
[2022-04-03 00:06:27,047] {processor.py:642} INFO - Processing file /Users/manvijha/Documents/MyProjects/CaseStudy_DE/dags/firstdag.py for tasks to queue
[2022-04-03 00:06:27,047] {logging_mixin.py:109} INFO - [2022-04-03 00:06:27,047] {dagbag.py:500} INFO - Filling up the DagBag from /Users/manvijha/Documents/MyProjects/CaseStudy_DE/dags/firstdag.py
[2022-04-03 00:06:27,346] {processor.py:654} INFO - DAG(s) dict_keys(['first_airflow_dag']) retrieved from /Users/manvijha/Documents/MyProjects/CaseStudy_DE/dags/firstdag.py
[2022-04-03 00:06:27,354] {logging_mixin.py:109} INFO - [2022-04-03 00:06:27,354] {dag.py:2398} INFO - Sync 1 DAGs
[2022-04-03 00:06:27,361] {logging_mixin.py:109} INFO - [2022-04-03 00:06:27,360] {dag.py:2937} INFO - Setting next_dagrun for first_airflow_dag to 2022-04-02T22:05:00+00:00
[2022-04-03 00:06:27,364] {processor.py:171} INFO - Processing /Users/manvijha/Documents/MyProjects/CaseStudy_DE/dags/firstdag.py took 0.318 seconds
[2022-04-03 00:07:04,910] {processor.py:163} INFO - Started process (PID=9043) to work on /Users/manvijha/Documents/MyProjects/CaseStudy_DE/dags/firstdag.py
[2022-04-03 00:07:04,911] {processor.py:642} INFO - Processing file /Users/manvijha/Documents/MyProjects/CaseStudy_DE/dags/firstdag.py for tasks to queue
[2022-04-03 00:07:04,911] {logging_mixin.py:109} INFO - [2022-04-03 00:07:04,911] {dagbag.py:500} INFO - Filling up the DagBag from /Users/manvijha/Documents/MyProjects/CaseStudy_DE/dags/firstdag.py
[2022-04-03 00:07:05,231] {processor.py:654} INFO - DAG(s) dict_keys(['first_airflow_dag']) retrieved from /Users/manvijha/Documents/MyProjects/CaseStudy_DE/dags/firstdag.py
[2022-04-03 00:07:05,239] {logging_mixin.py:109} INFO - [2022-04-03 00:07:05,239] {dag.py:2398} INFO - Sync 1 DAGs
[2022-04-03 00:07:05,245] {logging_mixin.py:109} INFO - [2022-04-03 00:07:05,245] {dag.py:2937} INFO - Setting next_dagrun for first_airflow_dag to 2022-04-02T22:06:00+00:00
[2022-04-03 00:07:05,248] {processor.py:171} INFO - Processing /Users/manvijha/Documents/MyProjects/CaseStudy_DE/dags/firstdag.py took 0.338 seconds
[2022-04-03 00:07:42,873] {processor.py:163} INFO - Started process (PID=9135) to work on /Users/manvijha/Documents/MyProjects/CaseStudy_DE/dags/firstdag.py
[2022-04-03 00:07:42,874] {processor.py:642} INFO - Processing file /Users/manvijha/Documents/MyProjects/CaseStudy_DE/dags/firstdag.py for tasks to queue
[2022-04-03 00:07:42,874] {logging_mixin.py:109} INFO - [2022-04-03 00:07:42,874] {dagbag.py:500} INFO - Filling up the DagBag from /Users/manvijha/Documents/MyProjects/CaseStudy_DE/dags/firstdag.py
[2022-04-03 00:07:43,259] {processor.py:654} INFO - DAG(s) dict_keys(['first_airflow_dag']) retrieved from /Users/manvijha/Documents/MyProjects/CaseStudy_DE/dags/firstdag.py
[2022-04-03 00:07:43,267] {logging_mixin.py:109} INFO - [2022-04-03 00:07:43,267] {dag.py:2398} INFO - Sync 1 DAGs
[2022-04-03 00:07:43,273] {logging_mixin.py:109} INFO - [2022-04-03 00:07:43,273] {dag.py:2937} INFO - Setting next_dagrun for first_airflow_dag to 2022-04-02T22:06:00+00:00
[2022-04-03 00:07:43,277] {processor.py:171} INFO - Processing /Users/manvijha/Documents/MyProjects/CaseStudy_DE/dags/firstdag.py took 0.404 seconds
[2022-04-03 00:08:20,644] {processor.py:163} INFO - Started process (PID=9215) to work on /Users/manvijha/Documents/MyProjects/CaseStudy_DE/dags/firstdag.py
[2022-04-03 00:08:20,644] {processor.py:642} INFO - Processing file /Users/manvijha/Documents/MyProjects/CaseStudy_DE/dags/firstdag.py for tasks to queue
[2022-04-03 00:08:20,644] {logging_mixin.py:109} INFO - [2022-04-03 00:08:20,644] {dagbag.py:500} INFO - Filling up the DagBag from /Users/manvijha/Documents/MyProjects/CaseStudy_DE/dags/firstdag.py
[2022-04-03 00:08:20,971] {processor.py:654} INFO - DAG(s) dict_keys(['first_airflow_dag']) retrieved from /Users/manvijha/Documents/MyProjects/CaseStudy_DE/dags/firstdag.py
[2022-04-03 00:08:20,980] {logging_mixin.py:109} INFO - [2022-04-03 00:08:20,980] {dag.py:2398} INFO - Sync 1 DAGs
[2022-04-03 00:08:20,986] {logging_mixin.py:109} INFO - [2022-04-03 00:08:20,986] {dag.py:2937} INFO - Setting next_dagrun for first_airflow_dag to 2022-04-02T22:07:00+00:00
[2022-04-03 00:08:20,990] {processor.py:171} INFO - Processing /Users/manvijha/Documents/MyProjects/CaseStudy_DE/dags/firstdag.py took 0.346 seconds
[2022-04-03 00:08:58,575] {processor.py:163} INFO - Started process (PID=9296) to work on /Users/manvijha/Documents/MyProjects/CaseStudy_DE/dags/firstdag.py
[2022-04-03 00:08:58,576] {processor.py:642} INFO - Processing file /Users/manvijha/Documents/MyProjects/CaseStudy_DE/dags/firstdag.py for tasks to queue
[2022-04-03 00:08:58,576] {logging_mixin.py:109} INFO - [2022-04-03 00:08:58,576] {dagbag.py:500} INFO - Filling up the DagBag from /Users/manvijha/Documents/MyProjects/CaseStudy_DE/dags/firstdag.py
[2022-04-03 00:08:58,922] {processor.py:654} INFO - DAG(s) dict_keys(['first_airflow_dag']) retrieved from /Users/manvijha/Documents/MyProjects/CaseStudy_DE/dags/firstdag.py
[2022-04-03 00:08:58,931] {logging_mixin.py:109} INFO - [2022-04-03 00:08:58,931] {dag.py:2398} INFO - Sync 1 DAGs
[2022-04-03 00:08:58,938] {logging_mixin.py:109} INFO - [2022-04-03 00:08:58,938] {dag.py:2937} INFO - Setting next_dagrun for first_airflow_dag to 2022-04-02T22:07:00+00:00
[2022-04-03 00:08:58,943] {processor.py:171} INFO - Processing /Users/manvijha/Documents/MyProjects/CaseStudy_DE/dags/firstdag.py took 0.368 seconds
[2022-04-03 00:09:36,263] {processor.py:163} INFO - Started process (PID=9376) to work on /Users/manvijha/Documents/MyProjects/CaseStudy_DE/dags/firstdag.py
[2022-04-03 00:09:36,264] {processor.py:642} INFO - Processing file /Users/manvijha/Documents/MyProjects/CaseStudy_DE/dags/firstdag.py for tasks to queue
[2022-04-03 00:09:36,264] {logging_mixin.py:109} INFO - [2022-04-03 00:09:36,264] {dagbag.py:500} INFO - Filling up the DagBag from /Users/manvijha/Documents/MyProjects/CaseStudy_DE/dags/firstdag.py
[2022-04-03 00:09:36,608] {processor.py:654} INFO - DAG(s) dict_keys(['first_airflow_dag']) retrieved from /Users/manvijha/Documents/MyProjects/CaseStudy_DE/dags/firstdag.py
[2022-04-03 00:09:36,617] {logging_mixin.py:109} INFO - [2022-04-03 00:09:36,617] {dag.py:2398} INFO - Sync 1 DAGs
[2022-04-03 00:09:36,623] {logging_mixin.py:109} INFO - [2022-04-03 00:09:36,623] {dag.py:2937} INFO - Setting next_dagrun for first_airflow_dag to 2022-04-02T22:08:00+00:00
[2022-04-03 00:09:36,626] {processor.py:171} INFO - Processing /Users/manvijha/Documents/MyProjects/CaseStudy_DE/dags/firstdag.py took 0.364 seconds
[2022-04-03 00:10:13,829] {processor.py:163} INFO - Started process (PID=9457) to work on /Users/manvijha/Documents/MyProjects/CaseStudy_DE/dags/firstdag.py
[2022-04-03 00:10:13,830] {processor.py:642} INFO - Processing file /Users/manvijha/Documents/MyProjects/CaseStudy_DE/dags/firstdag.py for tasks to queue
[2022-04-03 00:10:13,830] {logging_mixin.py:109} INFO - [2022-04-03 00:10:13,830] {dagbag.py:500} INFO - Filling up the DagBag from /Users/manvijha/Documents/MyProjects/CaseStudy_DE/dags/firstdag.py
[2022-04-03 00:10:14,133] {processor.py:654} INFO - DAG(s) dict_keys(['first_airflow_dag']) retrieved from /Users/manvijha/Documents/MyProjects/CaseStudy_DE/dags/firstdag.py
[2022-04-03 00:10:14,142] {logging_mixin.py:109} INFO - [2022-04-03 00:10:14,142] {dag.py:2398} INFO - Sync 1 DAGs
[2022-04-03 00:10:14,148] {logging_mixin.py:109} INFO - [2022-04-03 00:10:14,148] {dag.py:2937} INFO - Setting next_dagrun for first_airflow_dag to 2022-04-02T22:09:00+00:00
[2022-04-03 00:10:14,152] {processor.py:171} INFO - Processing /Users/manvijha/Documents/MyProjects/CaseStudy_DE/dags/firstdag.py took 0.323 seconds
[2022-04-03 00:10:51,283] {processor.py:163} INFO - Started process (PID=9548) to work on /Users/manvijha/Documents/MyProjects/CaseStudy_DE/dags/firstdag.py
[2022-04-03 00:10:51,284] {processor.py:642} INFO - Processing file /Users/manvijha/Documents/MyProjects/CaseStudy_DE/dags/firstdag.py for tasks to queue
[2022-04-03 00:10:51,284] {logging_mixin.py:109} INFO - [2022-04-03 00:10:51,284] {dagbag.py:500} INFO - Filling up the DagBag from /Users/manvijha/Documents/MyProjects/CaseStudy_DE/dags/firstdag.py
[2022-04-03 00:10:51,682] {processor.py:654} INFO - DAG(s) dict_keys(['first_airflow_dag']) retrieved from /Users/manvijha/Documents/MyProjects/CaseStudy_DE/dags/firstdag.py
[2022-04-03 00:10:51,691] {logging_mixin.py:109} INFO - [2022-04-03 00:10:51,691] {dag.py:2398} INFO - Sync 1 DAGs
[2022-04-03 00:10:51,696] {logging_mixin.py:109} INFO - [2022-04-03 00:10:51,696] {dag.py:2937} INFO - Setting next_dagrun for first_airflow_dag to 2022-04-02T22:09:00+00:00
[2022-04-03 00:10:51,700] {processor.py:171} INFO - Processing /Users/manvijha/Documents/MyProjects/CaseStudy_DE/dags/firstdag.py took 0.417 seconds
[2022-04-03 00:11:29,021] {processor.py:163} INFO - Started process (PID=9662) to work on /Users/manvijha/Documents/MyProjects/CaseStudy_DE/dags/firstdag.py
[2022-04-03 00:11:29,022] {processor.py:642} INFO - Processing file /Users/manvijha/Documents/MyProjects/CaseStudy_DE/dags/firstdag.py for tasks to queue
[2022-04-03 00:11:29,022] {logging_mixin.py:109} INFO - [2022-04-03 00:11:29,022] {dagbag.py:500} INFO - Filling up the DagBag from /Users/manvijha/Documents/MyProjects/CaseStudy_DE/dags/firstdag.py
[2022-04-03 00:11:29,341] {processor.py:654} INFO - DAG(s) dict_keys(['first_airflow_dag']) retrieved from /Users/manvijha/Documents/MyProjects/CaseStudy_DE/dags/firstdag.py
[2022-04-03 00:11:29,350] {logging_mixin.py:109} INFO - [2022-04-03 00:11:29,350] {dag.py:2398} INFO - Sync 1 DAGs
[2022-04-03 00:11:29,355] {logging_mixin.py:109} INFO - [2022-04-03 00:11:29,355] {dag.py:2937} INFO - Setting next_dagrun for first_airflow_dag to 2022-04-02T22:10:00+00:00
[2022-04-03 00:11:29,359] {processor.py:171} INFO - Processing /Users/manvijha/Documents/MyProjects/CaseStudy_DE/dags/firstdag.py took 0.338 seconds
[2022-04-03 00:12:06,528] {processor.py:163} INFO - Started process (PID=9741) to work on /Users/manvijha/Documents/MyProjects/CaseStudy_DE/dags/firstdag.py
[2022-04-03 00:12:06,528] {processor.py:642} INFO - Processing file /Users/manvijha/Documents/MyProjects/CaseStudy_DE/dags/firstdag.py for tasks to queue
[2022-04-03 00:12:06,529] {logging_mixin.py:109} INFO - [2022-04-03 00:12:06,529] {dagbag.py:500} INFO - Filling up the DagBag from /Users/manvijha/Documents/MyProjects/CaseStudy_DE/dags/firstdag.py
[2022-04-03 00:12:06,854] {processor.py:654} INFO - DAG(s) dict_keys(['first_airflow_dag']) retrieved from /Users/manvijha/Documents/MyProjects/CaseStudy_DE/dags/firstdag.py
[2022-04-03 00:12:06,863] {logging_mixin.py:109} INFO - [2022-04-03 00:12:06,862] {dag.py:2398} INFO - Sync 1 DAGs
[2022-04-03 00:12:06,869] {logging_mixin.py:109} INFO - [2022-04-03 00:12:06,869] {dag.py:2937} INFO - Setting next_dagrun for first_airflow_dag to 2022-04-02T22:11:00+00:00
[2022-04-03 00:12:06,872] {processor.py:171} INFO - Processing /Users/manvijha/Documents/MyProjects/CaseStudy_DE/dags/firstdag.py took 0.345 seconds
[2022-04-03 00:12:43,771] {processor.py:163} INFO - Started process (PID=9867) to work on /Users/manvijha/Documents/MyProjects/CaseStudy_DE/dags/firstdag.py
[2022-04-03 00:12:43,772] {processor.py:642} INFO - Processing file /Users/manvijha/Documents/MyProjects/CaseStudy_DE/dags/firstdag.py for tasks to queue
[2022-04-03 00:12:43,773] {logging_mixin.py:109} INFO - [2022-04-03 00:12:43,773] {dagbag.py:500} INFO - Filling up the DagBag from /Users/manvijha/Documents/MyProjects/CaseStudy_DE/dags/firstdag.py
[2022-04-03 00:12:44,171] {processor.py:654} INFO - DAG(s) dict_keys(['first_airflow_dag']) retrieved from /Users/manvijha/Documents/MyProjects/CaseStudy_DE/dags/firstdag.py
[2022-04-03 00:12:44,179] {logging_mixin.py:109} INFO - [2022-04-03 00:12:44,179] {dag.py:2398} INFO - Sync 1 DAGs
[2022-04-03 00:12:44,185] {logging_mixin.py:109} INFO - [2022-04-03 00:12:44,185] {dag.py:2937} INFO - Setting next_dagrun for first_airflow_dag to 2022-04-02T22:11:00+00:00
[2022-04-03 00:12:44,188] {processor.py:171} INFO - Processing /Users/manvijha/Documents/MyProjects/CaseStudy_DE/dags/firstdag.py took 0.417 seconds
[2022-04-03 00:13:21,419] {processor.py:163} INFO - Started process (PID=9997) to work on /Users/manvijha/Documents/MyProjects/CaseStudy_DE/dags/firstdag.py
[2022-04-03 00:13:21,420] {processor.py:642} INFO - Processing file /Users/manvijha/Documents/MyProjects/CaseStudy_DE/dags/firstdag.py for tasks to queue
[2022-04-03 00:13:21,420] {logging_mixin.py:109} INFO - [2022-04-03 00:13:21,420] {dagbag.py:500} INFO - Filling up the DagBag from /Users/manvijha/Documents/MyProjects/CaseStudy_DE/dags/firstdag.py
[2022-04-03 00:13:21,818] {processor.py:654} INFO - DAG(s) dict_keys(['first_airflow_dag']) retrieved from /Users/manvijha/Documents/MyProjects/CaseStudy_DE/dags/firstdag.py
[2022-04-03 00:13:21,826] {logging_mixin.py:109} INFO - [2022-04-03 00:13:21,826] {dag.py:2398} INFO - Sync 1 DAGs
[2022-04-03 00:13:21,834] {logging_mixin.py:109} INFO - [2022-04-03 00:13:21,834] {dag.py:2937} INFO - Setting next_dagrun for first_airflow_dag to 2022-04-02T22:12:00+00:00
[2022-04-03 00:13:21,837] {processor.py:171} INFO - Processing /Users/manvijha/Documents/MyProjects/CaseStudy_DE/dags/firstdag.py took 0.418 seconds
[2022-04-03 00:13:59,157] {processor.py:163} INFO - Started process (PID=10124) to work on /Users/manvijha/Documents/MyProjects/CaseStudy_DE/dags/firstdag.py
[2022-04-03 00:13:59,158] {processor.py:642} INFO - Processing file /Users/manvijha/Documents/MyProjects/CaseStudy_DE/dags/firstdag.py for tasks to queue
[2022-04-03 00:13:59,158] {logging_mixin.py:109} INFO - [2022-04-03 00:13:59,158] {dagbag.py:500} INFO - Filling up the DagBag from /Users/manvijha/Documents/MyProjects/CaseStudy_DE/dags/firstdag.py
[2022-04-03 00:13:59,595] {processor.py:654} INFO - DAG(s) dict_keys(['first_airflow_dag']) retrieved from /Users/manvijha/Documents/MyProjects/CaseStudy_DE/dags/firstdag.py
[2022-04-03 00:13:59,603] {logging_mixin.py:109} INFO - [2022-04-03 00:13:59,603] {dag.py:2398} INFO - Sync 1 DAGs
[2022-04-03 00:13:59,608] {logging_mixin.py:109} INFO - [2022-04-03 00:13:59,608] {dag.py:2937} INFO - Setting next_dagrun for first_airflow_dag to 2022-04-02T22:12:00+00:00
[2022-04-03 00:13:59,612] {processor.py:171} INFO - Processing /Users/manvijha/Documents/MyProjects/CaseStudy_DE/dags/firstdag.py took 0.455 seconds
[2022-04-03 00:14:36,845] {processor.py:163} INFO - Started process (PID=10253) to work on /Users/manvijha/Documents/MyProjects/CaseStudy_DE/dags/firstdag.py
[2022-04-03 00:14:36,845] {processor.py:642} INFO - Processing file /Users/manvijha/Documents/MyProjects/CaseStudy_DE/dags/firstdag.py for tasks to queue
[2022-04-03 00:14:36,846] {logging_mixin.py:109} INFO - [2022-04-03 00:14:36,846] {dagbag.py:500} INFO - Filling up the DagBag from /Users/manvijha/Documents/MyProjects/CaseStudy_DE/dags/firstdag.py
[2022-04-03 00:14:37,260] {processor.py:654} INFO - DAG(s) dict_keys(['first_airflow_dag']) retrieved from /Users/manvijha/Documents/MyProjects/CaseStudy_DE/dags/firstdag.py
[2022-04-03 00:14:37,268] {logging_mixin.py:109} INFO - [2022-04-03 00:14:37,268] {dag.py:2398} INFO - Sync 1 DAGs
[2022-04-03 00:14:37,274] {logging_mixin.py:109} INFO - [2022-04-03 00:14:37,274] {dag.py:2937} INFO - Setting next_dagrun for first_airflow_dag to 2022-04-02T22:13:00+00:00
[2022-04-03 00:14:37,278] {processor.py:171} INFO - Processing /Users/manvijha/Documents/MyProjects/CaseStudy_DE/dags/firstdag.py took 0.433 seconds
[2022-04-03 00:15:14,600] {processor.py:163} INFO - Started process (PID=10398) to work on /Users/manvijha/Documents/MyProjects/CaseStudy_DE/dags/firstdag.py
[2022-04-03 00:15:14,601] {processor.py:642} INFO - Processing file /Users/manvijha/Documents/MyProjects/CaseStudy_DE/dags/firstdag.py for tasks to queue
[2022-04-03 00:15:14,601] {logging_mixin.py:109} INFO - [2022-04-03 00:15:14,601] {dagbag.py:500} INFO - Filling up the DagBag from /Users/manvijha/Documents/MyProjects/CaseStudy_DE/dags/firstdag.py
[2022-04-03 00:15:15,011] {processor.py:654} INFO - DAG(s) dict_keys(['first_airflow_dag']) retrieved from /Users/manvijha/Documents/MyProjects/CaseStudy_DE/dags/firstdag.py
[2022-04-03 00:15:15,019] {logging_mixin.py:109} INFO - [2022-04-03 00:15:15,019] {dag.py:2398} INFO - Sync 1 DAGs
[2022-04-03 00:15:15,025] {logging_mixin.py:109} INFO - [2022-04-03 00:15:15,025] {dag.py:2937} INFO - Setting next_dagrun for first_airflow_dag to 2022-04-02T22:14:00+00:00
[2022-04-03 00:15:15,029] {processor.py:171} INFO - Processing /Users/manvijha/Documents/MyProjects/CaseStudy_DE/dags/firstdag.py took 0.429 seconds
[2022-04-03 00:15:52,545] {processor.py:163} INFO - Started process (PID=10505) to work on /Users/manvijha/Documents/MyProjects/CaseStudy_DE/dags/firstdag.py
[2022-04-03 00:15:52,545] {processor.py:642} INFO - Processing file /Users/manvijha/Documents/MyProjects/CaseStudy_DE/dags/firstdag.py for tasks to queue
[2022-04-03 00:15:52,545] {logging_mixin.py:109} INFO - [2022-04-03 00:15:52,545] {dagbag.py:500} INFO - Filling up the DagBag from /Users/manvijha/Documents/MyProjects/CaseStudy_DE/dags/firstdag.py
[2022-04-03 00:15:52,938] {processor.py:654} INFO - DAG(s) dict_keys(['first_airflow_dag']) retrieved from /Users/manvijha/Documents/MyProjects/CaseStudy_DE/dags/firstdag.py
[2022-04-03 00:15:52,946] {logging_mixin.py:109} INFO - [2022-04-03 00:15:52,946] {dag.py:2398} INFO - Sync 1 DAGs
[2022-04-03 00:15:52,952] {logging_mixin.py:109} INFO - [2022-04-03 00:15:52,952] {dag.py:2937} INFO - Setting next_dagrun for first_airflow_dag to 2022-04-02T22:14:00+00:00
[2022-04-03 00:15:52,956] {processor.py:171} INFO - Processing /Users/manvijha/Documents/MyProjects/CaseStudy_DE/dags/firstdag.py took 0.411 seconds
[2022-04-03 00:16:30,061] {processor.py:163} INFO - Started process (PID=10590) to work on /Users/manvijha/Documents/MyProjects/CaseStudy_DE/dags/firstdag.py
[2022-04-03 00:16:30,063] {processor.py:642} INFO - Processing file /Users/manvijha/Documents/MyProjects/CaseStudy_DE/dags/firstdag.py for tasks to queue
[2022-04-03 00:16:30,063] {logging_mixin.py:109} INFO - [2022-04-03 00:16:30,063] {dagbag.py:500} INFO - Filling up the DagBag from /Users/manvijha/Documents/MyProjects/CaseStudy_DE/dags/firstdag.py
[2022-04-03 00:16:30,497] {processor.py:654} INFO - DAG(s) dict_keys(['first_airflow_dag']) retrieved from /Users/manvijha/Documents/MyProjects/CaseStudy_DE/dags/firstdag.py
[2022-04-03 00:16:30,506] {logging_mixin.py:109} INFO - [2022-04-03 00:16:30,506] {dag.py:2398} INFO - Sync 1 DAGs
[2022-04-03 00:16:30,512] {logging_mixin.py:109} INFO - [2022-04-03 00:16:30,512] {dag.py:2937} INFO - Setting next_dagrun for first_airflow_dag to 2022-04-02T22:15:00+00:00
[2022-04-03 00:16:30,516] {processor.py:171} INFO - Processing /Users/manvijha/Documents/MyProjects/CaseStudy_DE/dags/firstdag.py took 0.455 seconds
[2022-04-03 00:17:07,722] {processor.py:163} INFO - Started process (PID=10681) to work on /Users/manvijha/Documents/MyProjects/CaseStudy_DE/dags/firstdag.py
[2022-04-03 00:17:07,722] {processor.py:642} INFO - Processing file /Users/manvijha/Documents/MyProjects/CaseStudy_DE/dags/firstdag.py for tasks to queue
[2022-04-03 00:17:07,722] {logging_mixin.py:109} INFO - [2022-04-03 00:17:07,722] {dagbag.py:500} INFO - Filling up the DagBag from /Users/manvijha/Documents/MyProjects/CaseStudy_DE/dags/firstdag.py
[2022-04-03 00:17:08,120] {processor.py:654} INFO - DAG(s) dict_keys(['first_airflow_dag']) retrieved from /Users/manvijha/Documents/MyProjects/CaseStudy_DE/dags/firstdag.py
[2022-04-03 00:17:08,128] {logging_mixin.py:109} INFO - [2022-04-03 00:17:08,128] {dag.py:2398} INFO - Sync 1 DAGs
[2022-04-03 00:17:08,134] {logging_mixin.py:109} INFO - [2022-04-03 00:17:08,134] {dag.py:2937} INFO - Setting next_dagrun for first_airflow_dag to 2022-04-02T22:16:00+00:00
[2022-04-03 00:17:08,138] {processor.py:171} INFO - Processing /Users/manvijha/Documents/MyProjects/CaseStudy_DE/dags/firstdag.py took 0.416 seconds
[2022-04-03 00:17:44,978] {processor.py:163} INFO - Started process (PID=10771) to work on /Users/manvijha/Documents/MyProjects/CaseStudy_DE/dags/firstdag.py
[2022-04-03 00:17:44,978] {processor.py:642} INFO - Processing file /Users/manvijha/Documents/MyProjects/CaseStudy_DE/dags/firstdag.py for tasks to queue
[2022-04-03 00:17:44,978] {logging_mixin.py:109} INFO - [2022-04-03 00:17:44,978] {dagbag.py:500} INFO - Filling up the DagBag from /Users/manvijha/Documents/MyProjects/CaseStudy_DE/dags/firstdag.py
[2022-04-03 00:17:45,373] {processor.py:654} INFO - DAG(s) dict_keys(['first_airflow_dag']) retrieved from /Users/manvijha/Documents/MyProjects/CaseStudy_DE/dags/firstdag.py
[2022-04-03 00:17:45,381] {logging_mixin.py:109} INFO - [2022-04-03 00:17:45,381] {dag.py:2398} INFO - Sync 1 DAGs
[2022-04-03 00:17:45,386] {logging_mixin.py:109} INFO - [2022-04-03 00:17:45,386] {dag.py:2937} INFO - Setting next_dagrun for first_airflow_dag to 2022-04-02T22:16:00+00:00
[2022-04-03 00:17:45,390] {processor.py:171} INFO - Processing /Users/manvijha/Documents/MyProjects/CaseStudy_DE/dags/firstdag.py took 0.412 seconds
[2022-04-03 00:18:22,968] {processor.py:163} INFO - Started process (PID=10858) to work on /Users/manvijha/Documents/MyProjects/CaseStudy_DE/dags/firstdag.py
[2022-04-03 00:18:22,969] {processor.py:642} INFO - Processing file /Users/manvijha/Documents/MyProjects/CaseStudy_DE/dags/firstdag.py for tasks to queue
[2022-04-03 00:18:22,969] {logging_mixin.py:109} INFO - [2022-04-03 00:18:22,969] {dagbag.py:500} INFO - Filling up the DagBag from /Users/manvijha/Documents/MyProjects/CaseStudy_DE/dags/firstdag.py
[2022-04-03 00:18:23,400] {processor.py:654} INFO - DAG(s) dict_keys(['first_airflow_dag']) retrieved from /Users/manvijha/Documents/MyProjects/CaseStudy_DE/dags/firstdag.py
[2022-04-03 00:18:23,408] {logging_mixin.py:109} INFO - [2022-04-03 00:18:23,408] {dag.py:2398} INFO - Sync 1 DAGs
[2022-04-03 00:18:23,415] {logging_mixin.py:109} INFO - [2022-04-03 00:18:23,415] {dag.py:2937} INFO - Setting next_dagrun for first_airflow_dag to 2022-04-02T22:17:00+00:00
[2022-04-03 00:18:23,418] {processor.py:171} INFO - Processing /Users/manvijha/Documents/MyProjects/CaseStudy_DE/dags/firstdag.py took 0.450 seconds
[2022-04-03 00:19:00,452] {processor.py:163} INFO - Started process (PID=10936) to work on /Users/manvijha/Documents/MyProjects/CaseStudy_DE/dags/firstdag.py
[2022-04-03 00:19:00,452] {processor.py:642} INFO - Processing file /Users/manvijha/Documents/MyProjects/CaseStudy_DE/dags/firstdag.py for tasks to queue
[2022-04-03 00:19:00,452] {logging_mixin.py:109} INFO - [2022-04-03 00:19:00,452] {dagbag.py:500} INFO - Filling up the DagBag from /Users/manvijha/Documents/MyProjects/CaseStudy_DE/dags/firstdag.py
[2022-04-03 00:19:00,893] {processor.py:654} INFO - DAG(s) dict_keys(['first_airflow_dag']) retrieved from /Users/manvijha/Documents/MyProjects/CaseStudy_DE/dags/firstdag.py
[2022-04-03 00:19:00,902] {logging_mixin.py:109} INFO - [2022-04-03 00:19:00,902] {dag.py:2398} INFO - Sync 1 DAGs
[2022-04-03 00:19:00,907] {logging_mixin.py:109} INFO - [2022-04-03 00:19:00,907] {dag.py:2937} INFO - Setting next_dagrun for first_airflow_dag to 2022-04-02T22:18:00+00:00
[2022-04-03 00:19:00,911] {processor.py:171} INFO - Processing /Users/manvijha/Documents/MyProjects/CaseStudy_DE/dags/firstdag.py took 0.460 seconds
[2022-04-03 00:19:38,274] {processor.py:163} INFO - Started process (PID=11027) to work on /Users/manvijha/Documents/MyProjects/CaseStudy_DE/dags/firstdag.py
[2022-04-03 00:19:38,274] {processor.py:642} INFO - Processing file /Users/manvijha/Documents/MyProjects/CaseStudy_DE/dags/firstdag.py for tasks to queue
[2022-04-03 00:19:38,274] {logging_mixin.py:109} INFO - [2022-04-03 00:19:38,274] {dagbag.py:500} INFO - Filling up the DagBag from /Users/manvijha/Documents/MyProjects/CaseStudy_DE/dags/firstdag.py
[2022-04-03 00:19:38,688] {processor.py:654} INFO - DAG(s) dict_keys(['first_airflow_dag']) retrieved from /Users/manvijha/Documents/MyProjects/CaseStudy_DE/dags/firstdag.py
[2022-04-03 00:19:38,696] {logging_mixin.py:109} INFO - [2022-04-03 00:19:38,696] {dag.py:2398} INFO - Sync 1 DAGs
[2022-04-03 00:19:38,702] {logging_mixin.py:109} INFO - [2022-04-03 00:19:38,702] {dag.py:2937} INFO - Setting next_dagrun for first_airflow_dag to 2022-04-02T22:18:00+00:00
[2022-04-03 00:19:38,706] {processor.py:171} INFO - Processing /Users/manvijha/Documents/MyProjects/CaseStudy_DE/dags/firstdag.py took 0.432 seconds
[2022-04-03 00:20:16,190] {processor.py:163} INFO - Started process (PID=11117) to work on /Users/manvijha/Documents/MyProjects/CaseStudy_DE/dags/firstdag.py
[2022-04-03 00:20:16,191] {processor.py:642} INFO - Processing file /Users/manvijha/Documents/MyProjects/CaseStudy_DE/dags/firstdag.py for tasks to queue
[2022-04-03 00:20:16,191] {logging_mixin.py:109} INFO - [2022-04-03 00:20:16,191] {dagbag.py:500} INFO - Filling up the DagBag from /Users/manvijha/Documents/MyProjects/CaseStudy_DE/dags/firstdag.py
[2022-04-03 00:20:16,620] {processor.py:654} INFO - DAG(s) dict_keys(['first_airflow_dag']) retrieved from /Users/manvijha/Documents/MyProjects/CaseStudy_DE/dags/firstdag.py
[2022-04-03 00:20:16,628] {logging_mixin.py:109} INFO - [2022-04-03 00:20:16,628] {dag.py:2398} INFO - Sync 1 DAGs
[2022-04-03 00:20:16,634] {logging_mixin.py:109} INFO - [2022-04-03 00:20:16,634] {dag.py:2937} INFO - Setting next_dagrun for first_airflow_dag to 2022-04-02T22:19:00+00:00
[2022-04-03 00:20:16,638] {processor.py:171} INFO - Processing /Users/manvijha/Documents/MyProjects/CaseStudy_DE/dags/firstdag.py took 0.448 seconds
[2022-04-03 00:20:53,863] {processor.py:163} INFO - Started process (PID=11200) to work on /Users/manvijha/Documents/MyProjects/CaseStudy_DE/dags/firstdag.py
[2022-04-03 00:20:53,864] {processor.py:642} INFO - Processing file /Users/manvijha/Documents/MyProjects/CaseStudy_DE/dags/firstdag.py for tasks to queue
[2022-04-03 00:20:53,864] {logging_mixin.py:109} INFO - [2022-04-03 00:20:53,864] {dagbag.py:500} INFO - Filling up the DagBag from /Users/manvijha/Documents/MyProjects/CaseStudy_DE/dags/firstdag.py
[2022-04-03 00:20:54,264] {processor.py:654} INFO - DAG(s) dict_keys(['first_airflow_dag']) retrieved from /Users/manvijha/Documents/MyProjects/CaseStudy_DE/dags/firstdag.py
[2022-04-03 00:20:54,273] {logging_mixin.py:109} INFO - [2022-04-03 00:20:54,273] {dag.py:2398} INFO - Sync 1 DAGs
[2022-04-03 00:20:54,278] {logging_mixin.py:109} INFO - [2022-04-03 00:20:54,278] {dag.py:2937} INFO - Setting next_dagrun for first_airflow_dag to 2022-04-02T22:19:00+00:00
[2022-04-03 00:20:54,281] {processor.py:171} INFO - Processing /Users/manvijha/Documents/MyProjects/CaseStudy_DE/dags/firstdag.py took 0.419 seconds
[2022-04-03 00:21:31,010] {processor.py:163} INFO - Started process (PID=11280) to work on /Users/manvijha/Documents/MyProjects/CaseStudy_DE/dags/firstdag.py
[2022-04-03 00:21:31,011] {processor.py:642} INFO - Processing file /Users/manvijha/Documents/MyProjects/CaseStudy_DE/dags/firstdag.py for tasks to queue
[2022-04-03 00:21:31,011] {logging_mixin.py:109} INFO - [2022-04-03 00:21:31,011] {dagbag.py:500} INFO - Filling up the DagBag from /Users/manvijha/Documents/MyProjects/CaseStudy_DE/dags/firstdag.py
[2022-04-03 00:21:31,417] {processor.py:654} INFO - DAG(s) dict_keys(['first_airflow_dag']) retrieved from /Users/manvijha/Documents/MyProjects/CaseStudy_DE/dags/firstdag.py
[2022-04-03 00:21:31,428] {logging_mixin.py:109} INFO - [2022-04-03 00:21:31,427] {dag.py:2398} INFO - Sync 1 DAGs
[2022-04-03 00:21:31,434] {logging_mixin.py:109} INFO - [2022-04-03 00:21:31,434] {dag.py:2937} INFO - Setting next_dagrun for first_airflow_dag to 2022-04-02T22:20:00+00:00
[2022-04-03 00:21:31,438] {processor.py:171} INFO - Processing /Users/manvijha/Documents/MyProjects/CaseStudy_DE/dags/firstdag.py took 0.429 seconds
[2022-04-03 00:22:08,830] {processor.py:163} INFO - Started process (PID=11360) to work on /Users/manvijha/Documents/MyProjects/CaseStudy_DE/dags/firstdag.py
[2022-04-03 00:22:08,831] {processor.py:642} INFO - Processing file /Users/manvijha/Documents/MyProjects/CaseStudy_DE/dags/firstdag.py for tasks to queue
[2022-04-03 00:22:08,831] {logging_mixin.py:109} INFO - [2022-04-03 00:22:08,831] {dagbag.py:500} INFO - Filling up the DagBag from /Users/manvijha/Documents/MyProjects/CaseStudy_DE/dags/firstdag.py
[2022-04-03 00:22:09,236] {processor.py:654} INFO - DAG(s) dict_keys(['first_airflow_dag']) retrieved from /Users/manvijha/Documents/MyProjects/CaseStudy_DE/dags/firstdag.py
[2022-04-03 00:22:09,246] {logging_mixin.py:109} INFO - [2022-04-03 00:22:09,246] {dag.py:2398} INFO - Sync 1 DAGs
[2022-04-03 00:22:09,252] {logging_mixin.py:109} INFO - [2022-04-03 00:22:09,252] {dag.py:2937} INFO - Setting next_dagrun for first_airflow_dag to 2022-04-02T22:21:00+00:00
[2022-04-03 00:22:09,256] {processor.py:171} INFO - Processing /Users/manvijha/Documents/MyProjects/CaseStudy_DE/dags/firstdag.py took 0.426 seconds
[2022-04-03 00:22:46,706] {processor.py:163} INFO - Started process (PID=11447) to work on /Users/manvijha/Documents/MyProjects/CaseStudy_DE/dags/firstdag.py
[2022-04-03 00:22:46,707] {processor.py:642} INFO - Processing file /Users/manvijha/Documents/MyProjects/CaseStudy_DE/dags/firstdag.py for tasks to queue
[2022-04-03 00:22:46,707] {logging_mixin.py:109} INFO - [2022-04-03 00:22:46,707] {dagbag.py:500} INFO - Filling up the DagBag from /Users/manvijha/Documents/MyProjects/CaseStudy_DE/dags/firstdag.py
[2022-04-03 00:22:47,103] {processor.py:654} INFO - DAG(s) dict_keys(['first_airflow_dag']) retrieved from /Users/manvijha/Documents/MyProjects/CaseStudy_DE/dags/firstdag.py
[2022-04-03 00:22:47,111] {logging_mixin.py:109} INFO - [2022-04-03 00:22:47,111] {dag.py:2398} INFO - Sync 1 DAGs
[2022-04-03 00:22:47,117] {logging_mixin.py:109} INFO - [2022-04-03 00:22:47,117] {dag.py:2937} INFO - Setting next_dagrun for first_airflow_dag to 2022-04-02T22:21:00+00:00
[2022-04-03 00:22:47,120] {processor.py:171} INFO - Processing /Users/manvijha/Documents/MyProjects/CaseStudy_DE/dags/firstdag.py took 0.414 seconds
[2022-04-03 00:23:24,464] {processor.py:163} INFO - Started process (PID=11537) to work on /Users/manvijha/Documents/MyProjects/CaseStudy_DE/dags/firstdag.py
[2022-04-03 00:23:24,465] {processor.py:642} INFO - Processing file /Users/manvijha/Documents/MyProjects/CaseStudy_DE/dags/firstdag.py for tasks to queue
[2022-04-03 00:23:24,465] {logging_mixin.py:109} INFO - [2022-04-03 00:23:24,465] {dagbag.py:500} INFO - Filling up the DagBag from /Users/manvijha/Documents/MyProjects/CaseStudy_DE/dags/firstdag.py
[2022-04-03 00:23:24,902] {processor.py:654} INFO - DAG(s) dict_keys(['first_airflow_dag']) retrieved from /Users/manvijha/Documents/MyProjects/CaseStudy_DE/dags/firstdag.py
[2022-04-03 00:23:24,911] {logging_mixin.py:109} INFO - [2022-04-03 00:23:24,910] {dag.py:2398} INFO - Sync 1 DAGs
[2022-04-03 00:23:24,916] {logging_mixin.py:109} INFO - [2022-04-03 00:23:24,916] {dag.py:2937} INFO - Setting next_dagrun for first_airflow_dag to 2022-04-02T22:22:00+00:00
[2022-04-03 00:23:24,920] {processor.py:171} INFO - Processing /Users/manvijha/Documents/MyProjects/CaseStudy_DE/dags/firstdag.py took 0.456 seconds
[2022-04-03 00:24:03,400] {processor.py:163} INFO - Started process (PID=11636) to work on /Users/manvijha/Documents/MyProjects/CaseStudy_DE/dags/firstdag.py
[2022-04-03 00:24:03,400] {processor.py:642} INFO - Processing file /Users/manvijha/Documents/MyProjects/CaseStudy_DE/dags/firstdag.py for tasks to queue
[2022-04-03 00:24:03,400] {logging_mixin.py:109} INFO - [2022-04-03 00:24:03,400] {dagbag.py:500} INFO - Filling up the DagBag from /Users/manvijha/Documents/MyProjects/CaseStudy_DE/dags/firstdag.py
[2022-04-03 00:24:03,914] {processor.py:654} INFO - DAG(s) dict_keys(['first_airflow_dag']) retrieved from /Users/manvijha/Documents/MyProjects/CaseStudy_DE/dags/firstdag.py
[2022-04-03 00:24:03,924] {logging_mixin.py:109} INFO - [2022-04-03 00:24:03,924] {dag.py:2398} INFO - Sync 1 DAGs
[2022-04-03 00:24:03,930] {logging_mixin.py:109} INFO - [2022-04-03 00:24:03,930] {dag.py:2937} INFO - Setting next_dagrun for first_airflow_dag to 2022-04-02T22:23:00+00:00
[2022-04-03 00:24:03,934] {processor.py:171} INFO - Processing /Users/manvijha/Documents/MyProjects/CaseStudy_DE/dags/firstdag.py took 0.535 seconds
[2022-04-03 00:24:41,668] {processor.py:163} INFO - Started process (PID=11719) to work on /Users/manvijha/Documents/MyProjects/CaseStudy_DE/dags/firstdag.py
[2022-04-03 00:24:41,668] {processor.py:642} INFO - Processing file /Users/manvijha/Documents/MyProjects/CaseStudy_DE/dags/firstdag.py for tasks to queue
[2022-04-03 00:24:41,668] {logging_mixin.py:109} INFO - [2022-04-03 00:24:41,668] {dagbag.py:500} INFO - Filling up the DagBag from /Users/manvijha/Documents/MyProjects/CaseStudy_DE/dags/firstdag.py
[2022-04-03 00:24:42,099] {processor.py:654} INFO - DAG(s) dict_keys(['first_airflow_dag']) retrieved from /Users/manvijha/Documents/MyProjects/CaseStudy_DE/dags/firstdag.py
[2022-04-03 00:24:42,109] {logging_mixin.py:109} INFO - [2022-04-03 00:24:42,108] {dag.py:2398} INFO - Sync 1 DAGs
[2022-04-03 00:24:42,115] {logging_mixin.py:109} INFO - [2022-04-03 00:24:42,115] {dag.py:2937} INFO - Setting next_dagrun for first_airflow_dag to 2022-04-02T22:23:00+00:00
[2022-04-03 00:24:42,119] {processor.py:171} INFO - Processing /Users/manvijha/Documents/MyProjects/CaseStudy_DE/dags/firstdag.py took 0.452 seconds
[2022-04-03 00:25:19,720] {processor.py:163} INFO - Started process (PID=11800) to work on /Users/manvijha/Documents/MyProjects/CaseStudy_DE/dags/firstdag.py
[2022-04-03 00:25:19,721] {processor.py:642} INFO - Processing file /Users/manvijha/Documents/MyProjects/CaseStudy_DE/dags/firstdag.py for tasks to queue
[2022-04-03 00:25:19,721] {logging_mixin.py:109} INFO - [2022-04-03 00:25:19,721] {dagbag.py:500} INFO - Filling up the DagBag from /Users/manvijha/Documents/MyProjects/CaseStudy_DE/dags/firstdag.py
[2022-04-03 00:25:20,123] {processor.py:654} INFO - DAG(s) dict_keys(['first_airflow_dag']) retrieved from /Users/manvijha/Documents/MyProjects/CaseStudy_DE/dags/firstdag.py
[2022-04-03 00:25:20,131] {logging_mixin.py:109} INFO - [2022-04-03 00:25:20,131] {dag.py:2398} INFO - Sync 1 DAGs
[2022-04-03 00:25:20,137] {logging_mixin.py:109} INFO - [2022-04-03 00:25:20,137] {dag.py:2937} INFO - Setting next_dagrun for first_airflow_dag to 2022-04-02T22:24:00+00:00
[2022-04-03 00:25:20,140] {processor.py:171} INFO - Processing /Users/manvijha/Documents/MyProjects/CaseStudy_DE/dags/firstdag.py took 0.420 seconds
[2022-04-03 00:25:57,398] {processor.py:163} INFO - Started process (PID=11878) to work on /Users/manvijha/Documents/MyProjects/CaseStudy_DE/dags/firstdag.py
[2022-04-03 00:25:57,399] {processor.py:642} INFO - Processing file /Users/manvijha/Documents/MyProjects/CaseStudy_DE/dags/firstdag.py for tasks to queue
[2022-04-03 00:25:57,400] {logging_mixin.py:109} INFO - [2022-04-03 00:25:57,399] {dagbag.py:500} INFO - Filling up the DagBag from /Users/manvijha/Documents/MyProjects/CaseStudy_DE/dags/firstdag.py
[2022-04-03 00:25:57,870] {processor.py:654} INFO - DAG(s) dict_keys(['first_airflow_dag']) retrieved from /Users/manvijha/Documents/MyProjects/CaseStudy_DE/dags/firstdag.py
[2022-04-03 00:25:57,879] {logging_mixin.py:109} INFO - [2022-04-03 00:25:57,879] {dag.py:2398} INFO - Sync 1 DAGs
[2022-04-03 00:25:57,885] {logging_mixin.py:109} INFO - [2022-04-03 00:25:57,885] {dag.py:2937} INFO - Setting next_dagrun for first_airflow_dag to 2022-04-02T22:24:00+00:00
[2022-04-03 00:25:57,888] {processor.py:171} INFO - Processing /Users/manvijha/Documents/MyProjects/CaseStudy_DE/dags/firstdag.py took 0.491 seconds
[2022-04-03 00:26:35,055] {processor.py:163} INFO - Started process (PID=11958) to work on /Users/manvijha/Documents/MyProjects/CaseStudy_DE/dags/firstdag.py
[2022-04-03 00:26:35,055] {processor.py:642} INFO - Processing file /Users/manvijha/Documents/MyProjects/CaseStudy_DE/dags/firstdag.py for tasks to queue
[2022-04-03 00:26:35,055] {logging_mixin.py:109} INFO - [2022-04-03 00:26:35,055] {dagbag.py:500} INFO - Filling up the DagBag from /Users/manvijha/Documents/MyProjects/CaseStudy_DE/dags/firstdag.py
[2022-04-03 00:26:35,454] {processor.py:654} INFO - DAG(s) dict_keys(['first_airflow_dag']) retrieved from /Users/manvijha/Documents/MyProjects/CaseStudy_DE/dags/firstdag.py
[2022-04-03 00:26:35,462] {logging_mixin.py:109} INFO - [2022-04-03 00:26:35,462] {dag.py:2398} INFO - Sync 1 DAGs
[2022-04-03 00:26:35,468] {logging_mixin.py:109} INFO - [2022-04-03 00:26:35,468] {dag.py:2937} INFO - Setting next_dagrun for first_airflow_dag to 2022-04-02T22:25:00+00:00
[2022-04-03 00:26:35,471] {processor.py:171} INFO - Processing /Users/manvijha/Documents/MyProjects/CaseStudy_DE/dags/firstdag.py took 0.417 seconds
[2022-04-03 00:27:13,126] {processor.py:163} INFO - Started process (PID=12075) to work on /Users/manvijha/Documents/MyProjects/CaseStudy_DE/dags/firstdag.py
[2022-04-03 00:27:13,127] {processor.py:642} INFO - Processing file /Users/manvijha/Documents/MyProjects/CaseStudy_DE/dags/firstdag.py for tasks to queue
[2022-04-03 00:27:13,127] {logging_mixin.py:109} INFO - [2022-04-03 00:27:13,127] {dagbag.py:500} INFO - Filling up the DagBag from /Users/manvijha/Documents/MyProjects/CaseStudy_DE/dags/firstdag.py
[2022-04-03 00:27:13,530] {processor.py:654} INFO - DAG(s) dict_keys(['first_airflow_dag']) retrieved from /Users/manvijha/Documents/MyProjects/CaseStudy_DE/dags/firstdag.py
[2022-04-03 00:27:13,538] {logging_mixin.py:109} INFO - [2022-04-03 00:27:13,538] {dag.py:2398} INFO - Sync 1 DAGs
[2022-04-03 00:27:13,544] {logging_mixin.py:109} INFO - [2022-04-03 00:27:13,544] {dag.py:2937} INFO - Setting next_dagrun for first_airflow_dag to 2022-04-02T22:26:00+00:00
[2022-04-03 00:27:13,547] {processor.py:171} INFO - Processing /Users/manvijha/Documents/MyProjects/CaseStudy_DE/dags/firstdag.py took 0.422 seconds
[2022-04-03 00:27:50,391] {processor.py:163} INFO - Started process (PID=12178) to work on /Users/manvijha/Documents/MyProjects/CaseStudy_DE/dags/firstdag.py
[2022-04-03 00:27:50,392] {processor.py:642} INFO - Processing file /Users/manvijha/Documents/MyProjects/CaseStudy_DE/dags/firstdag.py for tasks to queue
[2022-04-03 00:27:50,392] {logging_mixin.py:109} INFO - [2022-04-03 00:27:50,392] {dagbag.py:500} INFO - Filling up the DagBag from /Users/manvijha/Documents/MyProjects/CaseStudy_DE/dags/firstdag.py
[2022-04-03 00:27:50,699] {processor.py:654} INFO - DAG(s) dict_keys(['first_airflow_dag']) retrieved from /Users/manvijha/Documents/MyProjects/CaseStudy_DE/dags/firstdag.py
[2022-04-03 00:27:50,707] {logging_mixin.py:109} INFO - [2022-04-03 00:27:50,707] {dag.py:2398} INFO - Sync 1 DAGs
[2022-04-03 00:27:50,713] {logging_mixin.py:109} INFO - [2022-04-03 00:27:50,713] {dag.py:2937} INFO - Setting next_dagrun for first_airflow_dag to 2022-04-02T22:26:00+00:00
[2022-04-03 00:27:50,716] {processor.py:171} INFO - Processing /Users/manvijha/Documents/MyProjects/CaseStudy_DE/dags/firstdag.py took 0.325 seconds
[2022-04-03 00:28:28,300] {processor.py:163} INFO - Started process (PID=12259) to work on /Users/manvijha/Documents/MyProjects/CaseStudy_DE/dags/firstdag.py
[2022-04-03 00:28:28,300] {processor.py:642} INFO - Processing file /Users/manvijha/Documents/MyProjects/CaseStudy_DE/dags/firstdag.py for tasks to queue
[2022-04-03 00:28:28,301] {logging_mixin.py:109} INFO - [2022-04-03 00:28:28,301] {dagbag.py:500} INFO - Filling up the DagBag from /Users/manvijha/Documents/MyProjects/CaseStudy_DE/dags/firstdag.py
[2022-04-03 00:28:28,720] {processor.py:654} INFO - DAG(s) dict_keys(['first_airflow_dag']) retrieved from /Users/manvijha/Documents/MyProjects/CaseStudy_DE/dags/firstdag.py
[2022-04-03 00:28:28,729] {logging_mixin.py:109} INFO - [2022-04-03 00:28:28,729] {dag.py:2398} INFO - Sync 1 DAGs
[2022-04-03 00:28:28,734] {logging_mixin.py:109} INFO - [2022-04-03 00:28:28,734] {dag.py:2937} INFO - Setting next_dagrun for first_airflow_dag to 2022-04-02T22:27:00+00:00
[2022-04-03 00:28:28,738] {processor.py:171} INFO - Processing /Users/manvijha/Documents/MyProjects/CaseStudy_DE/dags/firstdag.py took 0.438 seconds
[2022-04-03 00:29:06,125] {processor.py:163} INFO - Started process (PID=12365) to work on /Users/manvijha/Documents/MyProjects/CaseStudy_DE/dags/firstdag.py
[2022-04-03 00:29:06,125] {processor.py:642} INFO - Processing file /Users/manvijha/Documents/MyProjects/CaseStudy_DE/dags/firstdag.py for tasks to queue
[2022-04-03 00:29:06,125] {logging_mixin.py:109} INFO - [2022-04-03 00:29:06,125] {dagbag.py:500} INFO - Filling up the DagBag from /Users/manvijha/Documents/MyProjects/CaseStudy_DE/dags/firstdag.py
[2022-04-03 00:29:06,542] {processor.py:654} INFO - DAG(s) dict_keys(['first_airflow_dag']) retrieved from /Users/manvijha/Documents/MyProjects/CaseStudy_DE/dags/firstdag.py
[2022-04-03 00:29:06,551] {logging_mixin.py:109} INFO - [2022-04-03 00:29:06,551] {dag.py:2398} INFO - Sync 1 DAGs
[2022-04-03 00:29:06,556] {logging_mixin.py:109} INFO - [2022-04-03 00:29:06,556] {dag.py:2937} INFO - Setting next_dagrun for first_airflow_dag to 2022-04-02T22:28:00+00:00
[2022-04-03 00:29:06,559] {processor.py:171} INFO - Processing /Users/manvijha/Documents/MyProjects/CaseStudy_DE/dags/firstdag.py took 0.435 seconds
[2022-04-03 00:29:43,870] {processor.py:163} INFO - Started process (PID=12492) to work on /Users/manvijha/Documents/MyProjects/CaseStudy_DE/dags/firstdag.py
[2022-04-03 00:29:43,871] {processor.py:642} INFO - Processing file /Users/manvijha/Documents/MyProjects/CaseStudy_DE/dags/firstdag.py for tasks to queue
[2022-04-03 00:29:43,871] {logging_mixin.py:109} INFO - [2022-04-03 00:29:43,871] {dagbag.py:500} INFO - Filling up the DagBag from /Users/manvijha/Documents/MyProjects/CaseStudy_DE/dags/firstdag.py
[2022-04-03 00:29:44,275] {processor.py:654} INFO - DAG(s) dict_keys(['first_airflow_dag']) retrieved from /Users/manvijha/Documents/MyProjects/CaseStudy_DE/dags/firstdag.py
[2022-04-03 00:29:44,283] {logging_mixin.py:109} INFO - [2022-04-03 00:29:44,283] {dag.py:2398} INFO - Sync 1 DAGs
[2022-04-03 00:29:44,289] {logging_mixin.py:109} INFO - [2022-04-03 00:29:44,289] {dag.py:2937} INFO - Setting next_dagrun for first_airflow_dag to 2022-04-02T22:28:00+00:00
[2022-04-03 00:29:44,292] {processor.py:171} INFO - Processing /Users/manvijha/Documents/MyProjects/CaseStudy_DE/dags/firstdag.py took 0.422 seconds
[2022-04-03 00:30:21,638] {processor.py:163} INFO - Started process (PID=12618) to work on /Users/manvijha/Documents/MyProjects/CaseStudy_DE/dags/firstdag.py
[2022-04-03 00:30:21,638] {processor.py:642} INFO - Processing file /Users/manvijha/Documents/MyProjects/CaseStudy_DE/dags/firstdag.py for tasks to queue
[2022-04-03 00:30:21,638] {logging_mixin.py:109} INFO - [2022-04-03 00:30:21,638] {dagbag.py:500} INFO - Filling up the DagBag from /Users/manvijha/Documents/MyProjects/CaseStudy_DE/dags/firstdag.py
[2022-04-03 00:30:22,040] {processor.py:654} INFO - DAG(s) dict_keys(['first_airflow_dag']) retrieved from /Users/manvijha/Documents/MyProjects/CaseStudy_DE/dags/firstdag.py
[2022-04-03 00:30:22,048] {logging_mixin.py:109} INFO - [2022-04-03 00:30:22,048] {dag.py:2398} INFO - Sync 1 DAGs
[2022-04-03 00:30:22,054] {logging_mixin.py:109} INFO - [2022-04-03 00:30:22,054] {dag.py:2937} INFO - Setting next_dagrun for first_airflow_dag to 2022-04-02T22:29:00+00:00
[2022-04-03 00:30:22,058] {processor.py:171} INFO - Processing /Users/manvijha/Documents/MyProjects/CaseStudy_DE/dags/firstdag.py took 0.420 seconds
[2022-04-03 00:30:59,275] {processor.py:163} INFO - Started process (PID=12703) to work on /Users/manvijha/Documents/MyProjects/CaseStudy_DE/dags/firstdag.py
[2022-04-03 00:30:59,276] {processor.py:642} INFO - Processing file /Users/manvijha/Documents/MyProjects/CaseStudy_DE/dags/firstdag.py for tasks to queue
[2022-04-03 00:30:59,276] {logging_mixin.py:109} INFO - [2022-04-03 00:30:59,276] {dagbag.py:500} INFO - Filling up the DagBag from /Users/manvijha/Documents/MyProjects/CaseStudy_DE/dags/firstdag.py
[2022-04-03 00:30:59,686] {processor.py:654} INFO - DAG(s) dict_keys(['first_airflow_dag']) retrieved from /Users/manvijha/Documents/MyProjects/CaseStudy_DE/dags/firstdag.py
[2022-04-03 00:30:59,694] {logging_mixin.py:109} INFO - [2022-04-03 00:30:59,694] {dag.py:2398} INFO - Sync 1 DAGs
[2022-04-03 00:30:59,700] {logging_mixin.py:109} INFO - [2022-04-03 00:30:59,700] {dag.py:2937} INFO - Setting next_dagrun for first_airflow_dag to 2022-04-02T22:29:00+00:00
[2022-04-03 00:30:59,703] {processor.py:171} INFO - Processing /Users/manvijha/Documents/MyProjects/CaseStudy_DE/dags/firstdag.py took 0.428 seconds
[2022-04-03 00:31:34,998] {processor.py:163} INFO - Started process (PID=12805) to work on /Users/manvijha/Documents/MyProjects/CaseStudy_DE/dags/firstdag.py
[2022-04-03 00:31:34,999] {processor.py:642} INFO - Processing file /Users/manvijha/Documents/MyProjects/CaseStudy_DE/dags/firstdag.py for tasks to queue
[2022-04-03 00:31:34,999] {logging_mixin.py:109} INFO - [2022-04-03 00:31:34,999] {dagbag.py:500} INFO - Filling up the DagBag from /Users/manvijha/Documents/MyProjects/CaseStudy_DE/dags/firstdag.py
[2022-04-03 00:31:35,385] {processor.py:654} INFO - DAG(s) dict_keys(['first_airflow_dag']) retrieved from /Users/manvijha/Documents/MyProjects/CaseStudy_DE/dags/firstdag.py
[2022-04-03 00:31:35,393] {logging_mixin.py:109} INFO - [2022-04-03 00:31:35,393] {dag.py:2398} INFO - Sync 1 DAGs
[2022-04-03 00:31:35,399] {logging_mixin.py:109} INFO - [2022-04-03 00:31:35,399] {dag.py:2937} INFO - Setting next_dagrun for first_airflow_dag to 2022-04-02T22:30:00+00:00
[2022-04-03 00:31:35,403] {processor.py:171} INFO - Processing /Users/manvijha/Documents/MyProjects/CaseStudy_DE/dags/firstdag.py took 0.404 seconds
[2022-04-03 00:32:10,765] {processor.py:163} INFO - Started process (PID=12893) to work on /Users/manvijha/Documents/MyProjects/CaseStudy_DE/dags/firstdag.py
[2022-04-03 00:32:10,766] {processor.py:642} INFO - Processing file /Users/manvijha/Documents/MyProjects/CaseStudy_DE/dags/firstdag.py for tasks to queue
[2022-04-03 00:32:10,766] {logging_mixin.py:109} INFO - [2022-04-03 00:32:10,766] {dagbag.py:500} INFO - Filling up the DagBag from /Users/manvijha/Documents/MyProjects/CaseStudy_DE/dags/firstdag.py
[2022-04-03 00:32:11,183] {processor.py:654} INFO - DAG(s) dict_keys(['first_airflow_dag']) retrieved from /Users/manvijha/Documents/MyProjects/CaseStudy_DE/dags/firstdag.py
[2022-04-03 00:32:11,191] {logging_mixin.py:109} INFO - [2022-04-03 00:32:11,191] {dag.py:2398} INFO - Sync 1 DAGs
[2022-04-03 00:32:11,197] {logging_mixin.py:109} INFO - [2022-04-03 00:32:11,197] {dag.py:2937} INFO - Setting next_dagrun for first_airflow_dag to 2022-04-02T22:31:00+00:00
[2022-04-03 00:32:11,200] {processor.py:171} INFO - Processing /Users/manvijha/Documents/MyProjects/CaseStudy_DE/dags/firstdag.py took 0.435 seconds
[2022-04-03 00:32:48,771] {processor.py:163} INFO - Started process (PID=13007) to work on /Users/manvijha/Documents/MyProjects/CaseStudy_DE/dags/firstdag.py
[2022-04-03 00:32:48,771] {processor.py:642} INFO - Processing file /Users/manvijha/Documents/MyProjects/CaseStudy_DE/dags/firstdag.py for tasks to queue
[2022-04-03 00:32:48,772] {logging_mixin.py:109} INFO - [2022-04-03 00:32:48,771] {dagbag.py:500} INFO - Filling up the DagBag from /Users/manvijha/Documents/MyProjects/CaseStudy_DE/dags/firstdag.py
[2022-04-03 00:32:49,208] {processor.py:654} INFO - DAG(s) dict_keys(['first_airflow_dag']) retrieved from /Users/manvijha/Documents/MyProjects/CaseStudy_DE/dags/firstdag.py
[2022-04-03 00:32:49,219] {logging_mixin.py:109} INFO - [2022-04-03 00:32:49,218] {dag.py:2398} INFO - Sync 1 DAGs
[2022-04-03 00:32:49,225] {logging_mixin.py:109} INFO - [2022-04-03 00:32:49,225] {dag.py:2937} INFO - Setting next_dagrun for first_airflow_dag to 2022-04-02T22:31:00+00:00
[2022-04-03 00:32:49,229] {processor.py:171} INFO - Processing /Users/manvijha/Documents/MyProjects/CaseStudy_DE/dags/firstdag.py took 0.459 seconds
[2022-04-03 00:33:26,601] {processor.py:163} INFO - Started process (PID=13089) to work on /Users/manvijha/Documents/MyProjects/CaseStudy_DE/dags/firstdag.py
[2022-04-03 00:33:26,602] {processor.py:642} INFO - Processing file /Users/manvijha/Documents/MyProjects/CaseStudy_DE/dags/firstdag.py for tasks to queue
[2022-04-03 00:33:26,602] {logging_mixin.py:109} INFO - [2022-04-03 00:33:26,602] {dagbag.py:500} INFO - Filling up the DagBag from /Users/manvijha/Documents/MyProjects/CaseStudy_DE/dags/firstdag.py
[2022-04-03 00:33:27,006] {processor.py:654} INFO - DAG(s) dict_keys(['first_airflow_dag']) retrieved from /Users/manvijha/Documents/MyProjects/CaseStudy_DE/dags/firstdag.py
[2022-04-03 00:33:27,014] {logging_mixin.py:109} INFO - [2022-04-03 00:33:27,014] {dag.py:2398} INFO - Sync 1 DAGs
[2022-04-03 00:33:27,020] {logging_mixin.py:109} INFO - [2022-04-03 00:33:27,019] {dag.py:2937} INFO - Setting next_dagrun for first_airflow_dag to 2022-04-02T22:32:00+00:00
[2022-04-03 00:33:27,023] {processor.py:171} INFO - Processing /Users/manvijha/Documents/MyProjects/CaseStudy_DE/dags/firstdag.py took 0.422 seconds
[2022-04-03 00:34:04,083] {processor.py:163} INFO - Started process (PID=13174) to work on /Users/manvijha/Documents/MyProjects/CaseStudy_DE/dags/firstdag.py
[2022-04-03 00:34:04,083] {processor.py:642} INFO - Processing file /Users/manvijha/Documents/MyProjects/CaseStudy_DE/dags/firstdag.py for tasks to queue
[2022-04-03 00:34:04,084] {logging_mixin.py:109} INFO - [2022-04-03 00:34:04,084] {dagbag.py:500} INFO - Filling up the DagBag from /Users/manvijha/Documents/MyProjects/CaseStudy_DE/dags/firstdag.py
[2022-04-03 00:34:04,462] {processor.py:654} INFO - DAG(s) dict_keys(['first_airflow_dag']) retrieved from /Users/manvijha/Documents/MyProjects/CaseStudy_DE/dags/firstdag.py
[2022-04-03 00:34:04,470] {logging_mixin.py:109} INFO - [2022-04-03 00:34:04,470] {dag.py:2398} INFO - Sync 1 DAGs
[2022-04-03 00:34:04,476] {logging_mixin.py:109} INFO - [2022-04-03 00:34:04,476] {dag.py:2937} INFO - Setting next_dagrun for first_airflow_dag to 2022-04-02T22:33:00+00:00
[2022-04-03 00:34:04,480] {processor.py:171} INFO - Processing /Users/manvijha/Documents/MyProjects/CaseStudy_DE/dags/firstdag.py took 0.397 seconds
[2022-04-03 00:34:41,872] {processor.py:163} INFO - Started process (PID=13291) to work on /Users/manvijha/Documents/MyProjects/CaseStudy_DE/dags/firstdag.py
[2022-04-03 00:34:41,873] {processor.py:642} INFO - Processing file /Users/manvijha/Documents/MyProjects/CaseStudy_DE/dags/firstdag.py for tasks to queue
[2022-04-03 00:34:41,873] {logging_mixin.py:109} INFO - [2022-04-03 00:34:41,873] {dagbag.py:500} INFO - Filling up the DagBag from /Users/manvijha/Documents/MyProjects/CaseStudy_DE/dags/firstdag.py
[2022-04-03 00:34:42,279] {processor.py:654} INFO - DAG(s) dict_keys(['first_airflow_dag']) retrieved from /Users/manvijha/Documents/MyProjects/CaseStudy_DE/dags/firstdag.py
[2022-04-03 00:34:42,287] {logging_mixin.py:109} INFO - [2022-04-03 00:34:42,287] {dag.py:2398} INFO - Sync 1 DAGs
[2022-04-03 00:34:42,293] {logging_mixin.py:109} INFO - [2022-04-03 00:34:42,293] {dag.py:2937} INFO - Setting next_dagrun for first_airflow_dag to 2022-04-02T22:33:00+00:00
[2022-04-03 00:34:42,296] {processor.py:171} INFO - Processing /Users/manvijha/Documents/MyProjects/CaseStudy_DE/dags/firstdag.py took 0.425 seconds
[2022-04-03 00:35:19,656] {processor.py:163} INFO - Started process (PID=13389) to work on /Users/manvijha/Documents/MyProjects/CaseStudy_DE/dags/firstdag.py
[2022-04-03 00:35:19,657] {processor.py:642} INFO - Processing file /Users/manvijha/Documents/MyProjects/CaseStudy_DE/dags/firstdag.py for tasks to queue
[2022-04-03 00:35:19,657] {logging_mixin.py:109} INFO - [2022-04-03 00:35:19,657] {dagbag.py:500} INFO - Filling up the DagBag from /Users/manvijha/Documents/MyProjects/CaseStudy_DE/dags/firstdag.py
[2022-04-03 00:35:19,981] {processor.py:654} INFO - DAG(s) dict_keys(['first_airflow_dag']) retrieved from /Users/manvijha/Documents/MyProjects/CaseStudy_DE/dags/firstdag.py
[2022-04-03 00:35:19,990] {logging_mixin.py:109} INFO - [2022-04-03 00:35:19,990] {dag.py:2398} INFO - Sync 1 DAGs
[2022-04-03 00:35:19,997] {logging_mixin.py:109} INFO - [2022-04-03 00:35:19,997] {dag.py:2937} INFO - Setting next_dagrun for first_airflow_dag to 2022-04-02T22:34:00+00:00
[2022-04-03 00:35:20,000] {processor.py:171} INFO - Processing /Users/manvijha/Documents/MyProjects/CaseStudy_DE/dags/firstdag.py took 0.345 seconds
[2022-04-03 00:35:57,438] {processor.py:163} INFO - Started process (PID=13504) to work on /Users/manvijha/Documents/MyProjects/CaseStudy_DE/dags/firstdag.py
[2022-04-03 00:35:57,439] {processor.py:642} INFO - Processing file /Users/manvijha/Documents/MyProjects/CaseStudy_DE/dags/firstdag.py for tasks to queue
[2022-04-03 00:35:57,439] {logging_mixin.py:109} INFO - [2022-04-03 00:35:57,439] {dagbag.py:500} INFO - Filling up the DagBag from /Users/manvijha/Documents/MyProjects/CaseStudy_DE/dags/firstdag.py
[2022-04-03 00:35:57,875] {processor.py:654} INFO - DAG(s) dict_keys(['first_airflow_dag']) retrieved from /Users/manvijha/Documents/MyProjects/CaseStudy_DE/dags/firstdag.py
[2022-04-03 00:35:57,885] {logging_mixin.py:109} INFO - [2022-04-03 00:35:57,884] {dag.py:2398} INFO - Sync 1 DAGs
[2022-04-03 00:35:57,890] {logging_mixin.py:109} INFO - [2022-04-03 00:35:57,890] {dag.py:2937} INFO - Setting next_dagrun for first_airflow_dag to 2022-04-02T22:34:00+00:00
[2022-04-03 00:35:57,894] {processor.py:171} INFO - Processing /Users/manvijha/Documents/MyProjects/CaseStudy_DE/dags/firstdag.py took 0.456 seconds
[2022-04-03 00:36:34,942] {processor.py:163} INFO - Started process (PID=13619) to work on /Users/manvijha/Documents/MyProjects/CaseStudy_DE/dags/firstdag.py
[2022-04-03 00:36:34,943] {processor.py:642} INFO - Processing file /Users/manvijha/Documents/MyProjects/CaseStudy_DE/dags/firstdag.py for tasks to queue
[2022-04-03 00:36:34,943] {logging_mixin.py:109} INFO - [2022-04-03 00:36:34,943] {dagbag.py:500} INFO - Filling up the DagBag from /Users/manvijha/Documents/MyProjects/CaseStudy_DE/dags/firstdag.py
[2022-04-03 00:36:35,177] {processor.py:654} INFO - DAG(s) dict_keys(['first_airflow_dag']) retrieved from /Users/manvijha/Documents/MyProjects/CaseStudy_DE/dags/firstdag.py
[2022-04-03 00:36:35,186] {logging_mixin.py:109} INFO - [2022-04-03 00:36:35,186] {dag.py:2398} INFO - Sync 1 DAGs
[2022-04-03 00:36:35,192] {logging_mixin.py:109} INFO - [2022-04-03 00:36:35,192] {dag.py:2937} INFO - Setting next_dagrun for first_airflow_dag to 2022-04-02T22:35:00+00:00
[2022-04-03 00:36:35,196] {processor.py:171} INFO - Processing /Users/manvijha/Documents/MyProjects/CaseStudy_DE/dags/firstdag.py took 0.254 seconds
[2022-04-03 00:37:12,871] {processor.py:163} INFO - Started process (PID=13721) to work on /Users/manvijha/Documents/MyProjects/CaseStudy_DE/dags/firstdag.py
[2022-04-03 00:37:12,872] {processor.py:642} INFO - Processing file /Users/manvijha/Documents/MyProjects/CaseStudy_DE/dags/firstdag.py for tasks to queue
[2022-04-03 00:37:12,872] {logging_mixin.py:109} INFO - [2022-04-03 00:37:12,872] {dagbag.py:500} INFO - Filling up the DagBag from /Users/manvijha/Documents/MyProjects/CaseStudy_DE/dags/firstdag.py
[2022-04-03 00:37:13,182] {processor.py:654} INFO - DAG(s) dict_keys(['first_airflow_dag']) retrieved from /Users/manvijha/Documents/MyProjects/CaseStudy_DE/dags/firstdag.py
[2022-04-03 00:37:13,190] {logging_mixin.py:109} INFO - [2022-04-03 00:37:13,190] {dag.py:2398} INFO - Sync 1 DAGs
[2022-04-03 00:37:13,196] {logging_mixin.py:109} INFO - [2022-04-03 00:37:13,196] {dag.py:2937} INFO - Setting next_dagrun for first_airflow_dag to 2022-04-02T22:36:00+00:00
[2022-04-03 00:37:13,199] {processor.py:171} INFO - Processing /Users/manvijha/Documents/MyProjects/CaseStudy_DE/dags/firstdag.py took 0.328 seconds
[2022-04-03 00:37:49,879] {processor.py:163} INFO - Started process (PID=13804) to work on /Users/manvijha/Documents/MyProjects/CaseStudy_DE/dags/firstdag.py
[2022-04-03 00:37:49,879] {processor.py:642} INFO - Processing file /Users/manvijha/Documents/MyProjects/CaseStudy_DE/dags/firstdag.py for tasks to queue
[2022-04-03 00:37:49,879] {logging_mixin.py:109} INFO - [2022-04-03 00:37:49,879] {dagbag.py:500} INFO - Filling up the DagBag from /Users/manvijha/Documents/MyProjects/CaseStudy_DE/dags/firstdag.py
[2022-04-03 00:37:50,286] {processor.py:654} INFO - DAG(s) dict_keys(['first_airflow_dag']) retrieved from /Users/manvijha/Documents/MyProjects/CaseStudy_DE/dags/firstdag.py
[2022-04-03 00:37:50,294] {logging_mixin.py:109} INFO - [2022-04-03 00:37:50,294] {dag.py:2398} INFO - Sync 1 DAGs
[2022-04-03 00:37:50,300] {logging_mixin.py:109} INFO - [2022-04-03 00:37:50,300] {dag.py:2937} INFO - Setting next_dagrun for first_airflow_dag to 2022-04-02T22:36:00+00:00
[2022-04-03 00:37:50,304] {processor.py:171} INFO - Processing /Users/manvijha/Documents/MyProjects/CaseStudy_DE/dags/firstdag.py took 0.425 seconds
[2022-04-03 00:38:26,947] {processor.py:163} INFO - Started process (PID=13882) to work on /Users/manvijha/Documents/MyProjects/CaseStudy_DE/dags/firstdag.py
[2022-04-03 00:38:26,947] {processor.py:642} INFO - Processing file /Users/manvijha/Documents/MyProjects/CaseStudy_DE/dags/firstdag.py for tasks to queue
[2022-04-03 00:38:26,948] {logging_mixin.py:109} INFO - [2022-04-03 00:38:26,948] {dagbag.py:500} INFO - Filling up the DagBag from /Users/manvijha/Documents/MyProjects/CaseStudy_DE/dags/firstdag.py
[2022-04-03 00:38:27,351] {processor.py:654} INFO - DAG(s) dict_keys(['first_airflow_dag']) retrieved from /Users/manvijha/Documents/MyProjects/CaseStudy_DE/dags/firstdag.py
[2022-04-03 00:38:27,361] {logging_mixin.py:109} INFO - [2022-04-03 00:38:27,361] {dag.py:2398} INFO - Sync 1 DAGs
[2022-04-03 00:38:27,367] {logging_mixin.py:109} INFO - [2022-04-03 00:38:27,367] {dag.py:2937} INFO - Setting next_dagrun for first_airflow_dag to 2022-04-02T22:37:00+00:00
[2022-04-03 00:38:27,371] {processor.py:171} INFO - Processing /Users/manvijha/Documents/MyProjects/CaseStudy_DE/dags/firstdag.py took 0.424 seconds
[2022-04-03 00:55:53,425] {processor.py:163} INFO - Started process (PID=14078) to work on /Users/manvijha/Documents/MyProjects/CaseStudy_DE/dags/firstdag.py
[2022-04-03 00:55:53,428] {processor.py:642} INFO - Processing file /Users/manvijha/Documents/MyProjects/CaseStudy_DE/dags/firstdag.py for tasks to queue
[2022-04-03 00:55:53,428] {logging_mixin.py:109} INFO - [2022-04-03 00:55:53,428] {dagbag.py:500} INFO - Filling up the DagBag from /Users/manvijha/Documents/MyProjects/CaseStudy_DE/dags/firstdag.py
[2022-04-03 00:55:53,860] {processor.py:654} INFO - DAG(s) dict_keys(['first_airflow_dag']) retrieved from /Users/manvijha/Documents/MyProjects/CaseStudy_DE/dags/firstdag.py
[2022-04-03 00:55:53,868] {logging_mixin.py:109} INFO - [2022-04-03 00:55:53,868] {dag.py:2398} INFO - Sync 1 DAGs
[2022-04-03 00:55:53,874] {logging_mixin.py:109} INFO - [2022-04-03 00:55:53,874] {dag.py:2937} INFO - Setting next_dagrun for first_airflow_dag to 2022-04-02T22:54:00+00:00
[2022-04-03 00:55:53,878] {processor.py:171} INFO - Processing /Users/manvijha/Documents/MyProjects/CaseStudy_DE/dags/firstdag.py took 0.453 seconds
[2022-04-03 00:56:58,836] {processor.py:163} INFO - Started process (PID=14234) to work on /Users/manvijha/Documents/MyProjects/CaseStudy_DE/dags/firstdag.py
[2022-04-03 00:56:58,837] {processor.py:642} INFO - Processing file /Users/manvijha/Documents/MyProjects/CaseStudy_DE/dags/firstdag.py for tasks to queue
[2022-04-03 00:56:58,837] {logging_mixin.py:109} INFO - [2022-04-03 00:56:58,837] {dagbag.py:500} INFO - Filling up the DagBag from /Users/manvijha/Documents/MyProjects/CaseStudy_DE/dags/firstdag.py
[2022-04-03 00:56:59,264] {processor.py:654} INFO - DAG(s) dict_keys(['first_airflow_dag']) retrieved from /Users/manvijha/Documents/MyProjects/CaseStudy_DE/dags/firstdag.py
[2022-04-03 00:56:59,273] {logging_mixin.py:109} INFO - [2022-04-03 00:56:59,273] {dag.py:2398} INFO - Sync 1 DAGs
[2022-04-03 00:56:59,278] {logging_mixin.py:109} INFO - [2022-04-03 00:56:59,278] {dag.py:2937} INFO - Setting next_dagrun for first_airflow_dag to 2022-04-02T22:55:00+00:00
[2022-04-03 00:56:59,282] {processor.py:171} INFO - Processing /Users/manvijha/Documents/MyProjects/CaseStudy_DE/dags/firstdag.py took 0.446 seconds
[2022-04-03 00:57:36,566] {processor.py:163} INFO - Started process (PID=14314) to work on /Users/manvijha/Documents/MyProjects/CaseStudy_DE/dags/firstdag.py
[2022-04-03 00:57:36,567] {processor.py:642} INFO - Processing file /Users/manvijha/Documents/MyProjects/CaseStudy_DE/dags/firstdag.py for tasks to queue
[2022-04-03 00:57:36,568] {logging_mixin.py:109} INFO - [2022-04-03 00:57:36,568] {dagbag.py:500} INFO - Filling up the DagBag from /Users/manvijha/Documents/MyProjects/CaseStudy_DE/dags/firstdag.py
[2022-04-03 00:57:37,042] {processor.py:654} INFO - DAG(s) dict_keys(['first_airflow_dag']) retrieved from /Users/manvijha/Documents/MyProjects/CaseStudy_DE/dags/firstdag.py
[2022-04-03 00:57:37,050] {logging_mixin.py:109} INFO - [2022-04-03 00:57:37,050] {dag.py:2398} INFO - Sync 1 DAGs
[2022-04-03 00:57:37,056] {logging_mixin.py:109} INFO - [2022-04-03 00:57:37,056] {dag.py:2937} INFO - Setting next_dagrun for first_airflow_dag to 2022-04-02T22:56:00+00:00
[2022-04-03 00:57:37,060] {processor.py:171} INFO - Processing /Users/manvijha/Documents/MyProjects/CaseStudy_DE/dags/firstdag.py took 0.494 seconds
[2022-04-03 00:58:14,349] {processor.py:163} INFO - Started process (PID=14397) to work on /Users/manvijha/Documents/MyProjects/CaseStudy_DE/dags/firstdag.py
[2022-04-03 00:58:14,350] {processor.py:642} INFO - Processing file /Users/manvijha/Documents/MyProjects/CaseStudy_DE/dags/firstdag.py for tasks to queue
[2022-04-03 00:58:14,350] {logging_mixin.py:109} INFO - [2022-04-03 00:58:14,350] {dagbag.py:500} INFO - Filling up the DagBag from /Users/manvijha/Documents/MyProjects/CaseStudy_DE/dags/firstdag.py
[2022-04-03 00:58:14,770] {processor.py:654} INFO - DAG(s) dict_keys(['first_airflow_dag']) retrieved from /Users/manvijha/Documents/MyProjects/CaseStudy_DE/dags/firstdag.py
[2022-04-03 00:58:14,778] {logging_mixin.py:109} INFO - [2022-04-03 00:58:14,778] {dag.py:2398} INFO - Sync 1 DAGs
[2022-04-03 00:58:14,784] {logging_mixin.py:109} INFO - [2022-04-03 00:58:14,784] {dag.py:2937} INFO - Setting next_dagrun for first_airflow_dag to 2022-04-02T22:57:00+00:00
[2022-04-03 00:58:14,787] {processor.py:171} INFO - Processing /Users/manvijha/Documents/MyProjects/CaseStudy_DE/dags/firstdag.py took 0.438 seconds
[2022-04-03 00:58:52,212] {processor.py:163} INFO - Started process (PID=14474) to work on /Users/manvijha/Documents/MyProjects/CaseStudy_DE/dags/firstdag.py
[2022-04-03 00:58:52,213] {processor.py:642} INFO - Processing file /Users/manvijha/Documents/MyProjects/CaseStudy_DE/dags/firstdag.py for tasks to queue
[2022-04-03 00:58:52,213] {logging_mixin.py:109} INFO - [2022-04-03 00:58:52,213] {dagbag.py:500} INFO - Filling up the DagBag from /Users/manvijha/Documents/MyProjects/CaseStudy_DE/dags/firstdag.py
[2022-04-03 00:58:52,618] {processor.py:654} INFO - DAG(s) dict_keys(['first_airflow_dag']) retrieved from /Users/manvijha/Documents/MyProjects/CaseStudy_DE/dags/firstdag.py
[2022-04-03 00:58:52,626] {logging_mixin.py:109} INFO - [2022-04-03 00:58:52,626] {dag.py:2398} INFO - Sync 1 DAGs
[2022-04-03 00:58:52,632] {logging_mixin.py:109} INFO - [2022-04-03 00:58:52,632] {dag.py:2937} INFO - Setting next_dagrun for first_airflow_dag to 2022-04-02T22:57:00+00:00
[2022-04-03 00:58:52,635] {processor.py:171} INFO - Processing /Users/manvijha/Documents/MyProjects/CaseStudy_DE/dags/firstdag.py took 0.423 seconds
[2022-04-03 00:59:30,208] {processor.py:163} INFO - Started process (PID=14558) to work on /Users/manvijha/Documents/MyProjects/CaseStudy_DE/dags/firstdag.py
[2022-04-03 00:59:30,209] {processor.py:642} INFO - Processing file /Users/manvijha/Documents/MyProjects/CaseStudy_DE/dags/firstdag.py for tasks to queue
[2022-04-03 00:59:30,210] {logging_mixin.py:109} INFO - [2022-04-03 00:59:30,210] {dagbag.py:500} INFO - Filling up the DagBag from /Users/manvijha/Documents/MyProjects/CaseStudy_DE/dags/firstdag.py
[2022-04-03 00:59:30,618] {processor.py:654} INFO - DAG(s) dict_keys(['first_airflow_dag']) retrieved from /Users/manvijha/Documents/MyProjects/CaseStudy_DE/dags/firstdag.py
[2022-04-03 00:59:30,626] {logging_mixin.py:109} INFO - [2022-04-03 00:59:30,626] {dag.py:2398} INFO - Sync 1 DAGs
[2022-04-03 00:59:30,632] {logging_mixin.py:109} INFO - [2022-04-03 00:59:30,632] {dag.py:2937} INFO - Setting next_dagrun for first_airflow_dag to 2022-04-02T22:58:00+00:00
[2022-04-03 00:59:30,636] {processor.py:171} INFO - Processing /Users/manvijha/Documents/MyProjects/CaseStudy_DE/dags/firstdag.py took 0.428 seconds
[2022-04-03 01:00:07,965] {processor.py:163} INFO - Started process (PID=14636) to work on /Users/manvijha/Documents/MyProjects/CaseStudy_DE/dags/firstdag.py
[2022-04-03 01:00:07,966] {processor.py:642} INFO - Processing file /Users/manvijha/Documents/MyProjects/CaseStudy_DE/dags/firstdag.py for tasks to queue
[2022-04-03 01:00:07,967] {logging_mixin.py:109} INFO - [2022-04-03 01:00:07,967] {dagbag.py:500} INFO - Filling up the DagBag from /Users/manvijha/Documents/MyProjects/CaseStudy_DE/dags/firstdag.py
[2022-04-03 01:00:08,371] {processor.py:654} INFO - DAG(s) dict_keys(['first_airflow_dag']) retrieved from /Users/manvijha/Documents/MyProjects/CaseStudy_DE/dags/firstdag.py
[2022-04-03 01:00:08,380] {logging_mixin.py:109} INFO - [2022-04-03 01:00:08,380] {dag.py:2398} INFO - Sync 1 DAGs
[2022-04-03 01:00:08,385] {logging_mixin.py:109} INFO - [2022-04-03 01:00:08,385] {dag.py:2937} INFO - Setting next_dagrun for first_airflow_dag to 2022-04-02T22:59:00+00:00
[2022-04-03 01:00:08,389] {processor.py:171} INFO - Processing /Users/manvijha/Documents/MyProjects/CaseStudy_DE/dags/firstdag.py took 0.424 seconds
[2022-04-03 01:00:45,866] {processor.py:163} INFO - Started process (PID=14731) to work on /Users/manvijha/Documents/MyProjects/CaseStudy_DE/dags/firstdag.py
[2022-04-03 01:00:45,867] {processor.py:642} INFO - Processing file /Users/manvijha/Documents/MyProjects/CaseStudy_DE/dags/firstdag.py for tasks to queue
[2022-04-03 01:00:45,867] {logging_mixin.py:109} INFO - [2022-04-03 01:00:45,867] {dagbag.py:500} INFO - Filling up the DagBag from /Users/manvijha/Documents/MyProjects/CaseStudy_DE/dags/firstdag.py
[2022-04-03 01:00:46,288] {processor.py:654} INFO - DAG(s) dict_keys(['first_airflow_dag']) retrieved from /Users/manvijha/Documents/MyProjects/CaseStudy_DE/dags/firstdag.py
[2022-04-03 01:00:46,296] {logging_mixin.py:109} INFO - [2022-04-03 01:00:46,296] {dag.py:2398} INFO - Sync 1 DAGs
[2022-04-03 01:00:46,301] {logging_mixin.py:109} INFO - [2022-04-03 01:00:46,301] {dag.py:2937} INFO - Setting next_dagrun for first_airflow_dag to 2022-04-02T22:59:00+00:00
[2022-04-03 01:00:46,305] {processor.py:171} INFO - Processing /Users/manvijha/Documents/MyProjects/CaseStudy_DE/dags/firstdag.py took 0.439 seconds
[2022-04-03 01:01:23,572] {processor.py:163} INFO - Started process (PID=14809) to work on /Users/manvijha/Documents/MyProjects/CaseStudy_DE/dags/firstdag.py
[2022-04-03 01:01:23,573] {processor.py:642} INFO - Processing file /Users/manvijha/Documents/MyProjects/CaseStudy_DE/dags/firstdag.py for tasks to queue
[2022-04-03 01:01:23,573] {logging_mixin.py:109} INFO - [2022-04-03 01:01:23,573] {dagbag.py:500} INFO - Filling up the DagBag from /Users/manvijha/Documents/MyProjects/CaseStudy_DE/dags/firstdag.py
[2022-04-03 01:01:23,981] {processor.py:654} INFO - DAG(s) dict_keys(['first_airflow_dag']) retrieved from /Users/manvijha/Documents/MyProjects/CaseStudy_DE/dags/firstdag.py
[2022-04-03 01:01:23,989] {logging_mixin.py:109} INFO - [2022-04-03 01:01:23,989] {dag.py:2398} INFO - Sync 1 DAGs
[2022-04-03 01:01:23,995] {logging_mixin.py:109} INFO - [2022-04-03 01:01:23,995] {dag.py:2937} INFO - Setting next_dagrun for first_airflow_dag to 2022-04-02T23:00:00+00:00
[2022-04-03 01:01:23,999] {processor.py:171} INFO - Processing /Users/manvijha/Documents/MyProjects/CaseStudy_DE/dags/firstdag.py took 0.427 seconds
