[2022-04-03 18:51:00,514] {taskinstance.py:1037} INFO - Dependencies all met for <TaskInstance: workflow1.check_file1 manual__2022-04-03T16:49:55.364228+00:00 [queued]>
[2022-04-03 18:51:00,530] {taskinstance.py:1037} INFO - Dependencies all met for <TaskInstance: workflow1.check_file1 manual__2022-04-03T16:49:55.364228+00:00 [queued]>
[2022-04-03 18:51:00,530] {taskinstance.py:1243} INFO - 
--------------------------------------------------------------------------------
[2022-04-03 18:51:00,530] {taskinstance.py:1244} INFO - Starting attempt 1 of 4
[2022-04-03 18:51:00,530] {taskinstance.py:1245} INFO - 
--------------------------------------------------------------------------------
[2022-04-03 18:51:00,542] {taskinstance.py:1264} INFO - Executing <Task(FileSensor): check_file1> on 2022-04-03 16:49:55.364228+00:00
[2022-04-03 18:51:00,549] {standard_task_runner.py:52} INFO - Started process 63540 to run task
[2022-04-03 18:51:00,555] {standard_task_runner.py:76} INFO - Running: ['airflow', 'tasks', 'run', 'workflow1', 'check_file1', 'manual__2022-04-03T16:49:55.364228+00:00', '--job-id', '26', '--raw', '--subdir', 'DAGS_FOLDER/extract_file.py', '--cfg-path', '/var/folders/z6/rr0r2zzn64qd2w2102l7_w3r0000gn/T/tmpem38in49', '--error-file', '/var/folders/z6/rr0r2zzn64qd2w2102l7_w3r0000gn/T/tmpbh8folfi']
[2022-04-03 18:51:00,557] {standard_task_runner.py:77} INFO - Job 26: Subtask check_file1
[2022-04-03 18:51:05,592] {logging_mixin.py:109} INFO - Running <TaskInstance: workflow1.check_file1 manual__2022-04-03T16:49:55.364228+00:00 [running]> on host Manvis-MacBook-Air.local
[2022-04-03 18:51:10,661] {taskinstance.py:1429} INFO - Exporting the following env vars:
AIRFLOW_CTX_DAG_OWNER=airflow
AIRFLOW_CTX_DAG_ID=workflow1
AIRFLOW_CTX_TASK_ID=check_file1
AIRFLOW_CTX_EXECUTION_DATE=2022-04-03T16:49:55.364228+00:00
AIRFLOW_CTX_DAG_RUN_ID=manual__2022-04-03T16:49:55.364228+00:00
[2022-04-03 18:51:10,665] {filesystem.py:59} INFO - Poking for file /Users/manvijha/Documents/MyProjects/CaseStudy_DE/src_data/20220403*_products.csv
[2022-04-03 18:51:10,667] {filesystem.py:65} INFO - Found File /Users/manvijha/Documents/MyProjects/CaseStudy_DE/src_data/20220403_products.csv last modified: 20201018080248
[2022-04-03 18:51:10,667] {base.py:251} INFO - Success criteria met. Exiting.
[2022-04-03 18:51:10,672] {taskinstance.py:1272} INFO - Marking task as SUCCESS. dag_id=workflow1, task_id=check_file1, execution_date=20220403T164955, start_date=20220403T165100, end_date=20220403T165110
[2022-04-03 18:51:10,708] {local_task_job.py:154} INFO - Task exited with return code 0
[2022-04-03 18:51:10,725] {local_task_job.py:264} INFO - 1 downstream tasks scheduled from follow-on schedule check
