[2022-04-03 18:41:36,109] {taskinstance.py:1037} INFO - Dependencies all met for <TaskInstance: workflow1.check_file1 manual__2022-04-03T16:39:59.606063+00:00 [queued]>
[2022-04-03 18:41:36,113] {taskinstance.py:1037} INFO - Dependencies all met for <TaskInstance: workflow1.check_file1 manual__2022-04-03T16:39:59.606063+00:00 [queued]>
[2022-04-03 18:41:36,113] {taskinstance.py:1243} INFO - 
--------------------------------------------------------------------------------
[2022-04-03 18:41:36,113] {taskinstance.py:1244} INFO - Starting attempt 1 of 4
[2022-04-03 18:41:36,113] {taskinstance.py:1245} INFO - 
--------------------------------------------------------------------------------
[2022-04-03 18:41:36,117] {taskinstance.py:1264} INFO - Executing <Task(FileSensor): check_file1> on 2022-04-03 16:39:59.606063+00:00
[2022-04-03 18:41:36,125] {standard_task_runner.py:52} INFO - Started process 62625 to run task
[2022-04-03 18:41:36,138] {standard_task_runner.py:76} INFO - Running: ['airflow', 'tasks', 'run', 'workflow1', 'check_file1', 'manual__2022-04-03T16:39:59.606063+00:00', '--job-id', '5', '--raw', '--subdir', 'DAGS_FOLDER/extract_file.py', '--cfg-path', '/var/folders/z6/rr0r2zzn64qd2w2102l7_w3r0000gn/T/tmp97915lep', '--error-file', '/var/folders/z6/rr0r2zzn64qd2w2102l7_w3r0000gn/T/tmpssw0dp8o']
[2022-04-03 18:41:36,139] {standard_task_runner.py:77} INFO - Job 5: Subtask check_file1
[2022-04-03 18:41:41,173] {logging_mixin.py:109} INFO - Running <TaskInstance: workflow1.check_file1 manual__2022-04-03T16:39:59.606063+00:00 [running]> on host Manvis-MacBook-Air.local
[2022-04-03 18:41:46,216] {taskinstance.py:1429} INFO - Exporting the following env vars:
AIRFLOW_CTX_DAG_OWNER=airflow
AIRFLOW_CTX_DAG_ID=workflow1
AIRFLOW_CTX_TASK_ID=check_file1
AIRFLOW_CTX_EXECUTION_DATE=2022-04-03T16:39:59.606063+00:00
AIRFLOW_CTX_DAG_RUN_ID=manual__2022-04-03T16:39:59.606063+00:00
[2022-04-03 18:41:46,219] {filesystem.py:59} INFO - Poking for file /Users/manvijha/Documents/MyProjects/CaseStudy_DE/src_data/20220403*_products.csv
[2022-04-03 18:41:46,219] {filesystem.py:65} INFO - Found File /Users/manvijha/Documents/MyProjects/CaseStudy_DE/src_data/20220403_products.csv last modified: 20201018080248
[2022-04-03 18:41:46,220] {base.py:251} INFO - Success criteria met. Exiting.
[2022-04-03 18:41:46,223] {taskinstance.py:1272} INFO - Marking task as SUCCESS. dag_id=workflow1, task_id=check_file1, execution_date=20220403T163959, start_date=20220403T164136, end_date=20220403T164146
[2022-04-03 18:41:46,239] {local_task_job.py:154} INFO - Task exited with return code 0
[2022-04-03 18:41:46,252] {local_task_job.py:264} INFO - 1 downstream tasks scheduled from follow-on schedule check
