[2022-04-03 18:42:57,530] {taskinstance.py:1037} INFO - Dependencies all met for <TaskInstance: workflow1.check_file1 scheduled__2022-02-01T22:00:00+00:00 [queued]>
[2022-04-03 18:42:57,537] {taskinstance.py:1037} INFO - Dependencies all met for <TaskInstance: workflow1.check_file1 scheduled__2022-02-01T22:00:00+00:00 [queued]>
[2022-04-03 18:42:57,537] {taskinstance.py:1243} INFO - 
--------------------------------------------------------------------------------
[2022-04-03 18:42:57,537] {taskinstance.py:1244} INFO - Starting attempt 1 of 4
[2022-04-03 18:42:57,537] {taskinstance.py:1245} INFO - 
--------------------------------------------------------------------------------
[2022-04-03 18:42:57,544] {taskinstance.py:1264} INFO - Executing <Task(FileSensor): check_file1> on 2022-02-01 22:00:00+00:00
[2022-04-03 18:42:57,550] {standard_task_runner.py:52} INFO - Started process 62732 to run task
[2022-04-03 18:42:57,555] {standard_task_runner.py:76} INFO - Running: ['airflow', 'tasks', 'run', 'workflow1', 'check_file1', 'scheduled__2022-02-01T22:00:00+00:00', '--job-id', '8', '--raw', '--subdir', 'DAGS_FOLDER/extract_file.py', '--cfg-path', '/var/folders/z6/rr0r2zzn64qd2w2102l7_w3r0000gn/T/tmpwtttk_by', '--error-file', '/var/folders/z6/rr0r2zzn64qd2w2102l7_w3r0000gn/T/tmptyaxucj0']
[2022-04-03 18:42:57,557] {standard_task_runner.py:77} INFO - Job 8: Subtask check_file1
[2022-04-03 18:43:02,584] {logging_mixin.py:109} INFO - Running <TaskInstance: workflow1.check_file1 scheduled__2022-02-01T22:00:00+00:00 [running]> on host Manvis-MacBook-Air.local
[2022-04-03 18:43:07,618] {taskinstance.py:1429} INFO - Exporting the following env vars:
AIRFLOW_CTX_DAG_OWNER=airflow
AIRFLOW_CTX_DAG_ID=workflow1
AIRFLOW_CTX_TASK_ID=check_file1
AIRFLOW_CTX_EXECUTION_DATE=2022-02-01T22:00:00+00:00
AIRFLOW_CTX_DAG_RUN_ID=scheduled__2022-02-01T22:00:00+00:00
[2022-04-03 18:43:07,620] {filesystem.py:59} INFO - Poking for file /Users/manvijha/Documents/MyProjects/CaseStudy_DE/src_data/20220403*_products.csv
[2022-04-03 18:43:07,621] {filesystem.py:65} INFO - Found File /Users/manvijha/Documents/MyProjects/CaseStudy_DE/src_data/20220403_products.csv last modified: 20201018080248
[2022-04-03 18:43:07,621] {base.py:251} INFO - Success criteria met. Exiting.
[2022-04-03 18:43:07,624] {taskinstance.py:1272} INFO - Marking task as SUCCESS. dag_id=workflow1, task_id=check_file1, execution_date=20220201T220000, start_date=20220403T164257, end_date=20220403T164307
[2022-04-03 18:43:07,664] {local_task_job.py:154} INFO - Task exited with return code 0
[2022-04-03 18:43:07,674] {local_task_job.py:264} INFO - 1 downstream tasks scheduled from follow-on schedule check
