[2022-04-03 18:50:31,821] {taskinstance.py:1037} INFO - Dependencies all met for <TaskInstance: workflow1.create_table3 scheduled__2022-03-01T22:00:00+00:00 [queued]>
[2022-04-03 18:50:31,837] {taskinstance.py:1037} INFO - Dependencies all met for <TaskInstance: workflow1.create_table3 scheduled__2022-03-01T22:00:00+00:00 [queued]>
[2022-04-03 18:50:31,837] {taskinstance.py:1243} INFO - 
--------------------------------------------------------------------------------
[2022-04-03 18:50:31,837] {taskinstance.py:1244} INFO - Starting attempt 1 of 1
[2022-04-03 18:50:31,837] {taskinstance.py:1245} INFO - 
--------------------------------------------------------------------------------
[2022-04-03 18:50:31,847] {taskinstance.py:1264} INFO - Executing <Task(PostgresOperator): create_table3> on 2022-03-01 22:00:00+00:00
[2022-04-03 18:50:31,851] {standard_task_runner.py:52} INFO - Started process 63489 to run task
[2022-04-03 18:50:31,855] {standard_task_runner.py:76} INFO - Running: ['airflow', 'tasks', 'run', 'workflow1', 'create_table3', 'scheduled__2022-03-01T22:00:00+00:00', '--job-id', '25', '--raw', '--subdir', 'DAGS_FOLDER/extract_file.py', '--cfg-path', '/var/folders/z6/rr0r2zzn64qd2w2102l7_w3r0000gn/T/tmpfmy950p9', '--error-file', '/var/folders/z6/rr0r2zzn64qd2w2102l7_w3r0000gn/T/tmp5t63fq66']
[2022-04-03 18:50:31,857] {standard_task_runner.py:77} INFO - Job 25: Subtask create_table3
[2022-04-03 18:50:36,895] {logging_mixin.py:109} INFO - Running <TaskInstance: workflow1.create_table3 scheduled__2022-03-01T22:00:00+00:00 [running]> on host Manvis-MacBook-Air.local
[2022-04-03 18:50:41,939] {taskinstance.py:1429} INFO - Exporting the following env vars:
AIRFLOW_CTX_DAG_OWNER=airflow
AIRFLOW_CTX_DAG_ID=workflow1
AIRFLOW_CTX_TASK_ID=create_table3
AIRFLOW_CTX_EXECUTION_DATE=2022-03-01T22:00:00+00:00
AIRFLOW_CTX_DAG_RUN_ID=scheduled__2022-03-01T22:00:00+00:00
[2022-04-03 18:50:41,942] {base.py:70} INFO - Using connection to: id: postgres_db. Host: 127.0.0.1, Port: 5432, Schema: airflow_db, Login: postgres, Password: ***, extra: {}
[2022-04-03 18:50:41,985] {dbapi.py:225} INFO - Running statement: CREATE TABLE IF NOT EXISTS contracts (id bigint primary key,type varchar(255),energy varchar(255),usage int,usagenet int,createdat date,startdate date,enddate date,filingdatecancellation date,cancellationreason varchar(255),city varchar(255),status varchar(255),productid int, modificationdate date), parameters: None
[2022-04-03 18:50:41,997] {taskinstance.py:1272} INFO - Marking task as SUCCESS. dag_id=workflow1, task_id=create_table3, execution_date=20220301T220000, start_date=20220403T165031, end_date=20220403T165041
[2022-04-03 18:50:42,032] {local_task_job.py:154} INFO - Task exited with return code 0
[2022-04-03 18:50:42,041] {local_task_job.py:264} INFO - 0 downstream tasks scheduled from follow-on schedule check
