[2022-04-03 18:45:36,311] {taskinstance.py:1037} INFO - Dependencies all met for <TaskInstance: workflow1.create_table1 manual__2022-04-03T16:39:59.606063+00:00 [queued]>
[2022-04-03 18:45:36,328] {taskinstance.py:1037} INFO - Dependencies all met for <TaskInstance: workflow1.create_table1 manual__2022-04-03T16:39:59.606063+00:00 [queued]>
[2022-04-03 18:45:36,328] {taskinstance.py:1243} INFO - 
--------------------------------------------------------------------------------
[2022-04-03 18:45:36,328] {taskinstance.py:1244} INFO - Starting attempt 1 of 1
[2022-04-03 18:45:36,328] {taskinstance.py:1245} INFO - 
--------------------------------------------------------------------------------
[2022-04-03 18:45:36,338] {taskinstance.py:1264} INFO - Executing <Task(PostgresOperator): create_table1> on 2022-04-03 16:39:59.606063+00:00
[2022-04-03 18:45:36,346] {standard_task_runner.py:52} INFO - Started process 63005 to run task
[2022-04-03 18:45:36,352] {standard_task_runner.py:76} INFO - Running: ['airflow', 'tasks', 'run', 'workflow1', 'create_table1', 'manual__2022-04-03T16:39:59.606063+00:00', '--job-id', '14', '--raw', '--subdir', 'DAGS_FOLDER/extract_file.py', '--cfg-path', '/var/folders/z6/rr0r2zzn64qd2w2102l7_w3r0000gn/T/tmp5q96igc8', '--error-file', '/var/folders/z6/rr0r2zzn64qd2w2102l7_w3r0000gn/T/tmpki1dpyhs']
[2022-04-03 18:45:36,358] {standard_task_runner.py:77} INFO - Job 14: Subtask create_table1
[2022-04-03 18:45:41,392] {logging_mixin.py:109} INFO - Running <TaskInstance: workflow1.create_table1 manual__2022-04-03T16:39:59.606063+00:00 [running]> on host Manvis-MacBook-Air.local
[2022-04-03 18:45:46,428] {taskinstance.py:1429} INFO - Exporting the following env vars:
AIRFLOW_CTX_DAG_OWNER=airflow
AIRFLOW_CTX_DAG_ID=workflow1
AIRFLOW_CTX_TASK_ID=create_table1
AIRFLOW_CTX_EXECUTION_DATE=2022-04-03T16:39:59.606063+00:00
AIRFLOW_CTX_DAG_RUN_ID=manual__2022-04-03T16:39:59.606063+00:00
[2022-04-03 18:45:46,431] {base.py:70} INFO - Using connection to: id: postgres_db. Host: 127.0.0.1, Port: 5432, Schema: airflow_db, Login: postgres, Password: ***, extra: {}
[2022-04-03 18:45:46,476] {dbapi.py:225} INFO - Running statement: CREATE TABLE IF NOT EXISTS products (id bigint primary key,deleted smallint,releasedversion smallint,productcode varchar(255), productname varchar(255),energy varchar(255),consumptiontype varchar(255), modificationdate date), parameters: None
[2022-04-03 18:45:46,477] {postgres.py:94} INFO - NOTICE:  relation "products" already exists, skipping

[2022-04-03 18:45:46,482] {taskinstance.py:1272} INFO - Marking task as SUCCESS. dag_id=workflow1, task_id=create_table1, execution_date=20220403T163959, start_date=20220403T164536, end_date=20220403T164546
[2022-04-03 18:45:46,530] {local_task_job.py:154} INFO - Task exited with return code 0
[2022-04-03 18:45:46,543] {local_task_job.py:264} INFO - 0 downstream tasks scheduled from follow-on schedule check
