[2022-04-03 18:44:16,740] {taskinstance.py:1037} INFO - Dependencies all met for <TaskInstance: workflow1.create_table1 scheduled__2022-01-01T22:00:00+00:00 [queued]>
[2022-04-03 18:44:16,746] {taskinstance.py:1037} INFO - Dependencies all met for <TaskInstance: workflow1.create_table1 scheduled__2022-01-01T22:00:00+00:00 [queued]>
[2022-04-03 18:44:16,746] {taskinstance.py:1243} INFO - 
--------------------------------------------------------------------------------
[2022-04-03 18:44:16,746] {taskinstance.py:1244} INFO - Starting attempt 1 of 1
[2022-04-03 18:44:16,746] {taskinstance.py:1245} INFO - 
--------------------------------------------------------------------------------
[2022-04-03 18:44:16,750] {taskinstance.py:1264} INFO - Executing <Task(PostgresOperator): create_table1> on 2022-01-01 22:00:00+00:00
[2022-04-03 18:44:16,754] {standard_task_runner.py:52} INFO - Started process 62872 to run task
[2022-04-03 18:44:16,760] {standard_task_runner.py:76} INFO - Running: ['airflow', 'tasks', 'run', 'workflow1', 'create_table1', 'scheduled__2022-01-01T22:00:00+00:00', '--job-id', '11', '--raw', '--subdir', 'DAGS_FOLDER/extract_file.py', '--cfg-path', '/var/folders/z6/rr0r2zzn64qd2w2102l7_w3r0000gn/T/tmpn5oypjhn', '--error-file', '/var/folders/z6/rr0r2zzn64qd2w2102l7_w3r0000gn/T/tmp5xg6jk0_']
[2022-04-03 18:44:16,761] {standard_task_runner.py:77} INFO - Job 11: Subtask create_table1
[2022-04-03 18:44:21,790] {logging_mixin.py:109} INFO - Running <TaskInstance: workflow1.create_table1 scheduled__2022-01-01T22:00:00+00:00 [running]> on host Manvis-MacBook-Air.local
[2022-04-03 18:44:26,843] {taskinstance.py:1429} INFO - Exporting the following env vars:
AIRFLOW_CTX_DAG_OWNER=airflow
AIRFLOW_CTX_DAG_ID=workflow1
AIRFLOW_CTX_TASK_ID=create_table1
AIRFLOW_CTX_EXECUTION_DATE=2022-01-01T22:00:00+00:00
AIRFLOW_CTX_DAG_RUN_ID=scheduled__2022-01-01T22:00:00+00:00
[2022-04-03 18:44:26,848] {base.py:70} INFO - Using connection to: id: postgres_db. Host: 127.0.0.1, Port: 5432, Schema: airflow_db, Login: postgres, Password: ***, extra: {}
[2022-04-03 18:44:26,996] {dbapi.py:225} INFO - Running statement: CREATE TABLE IF NOT EXISTS products (id bigint primary key,deleted smallint,releasedversion smallint,productcode varchar(255), productname varchar(255),energy varchar(255),consumptiontype varchar(255), modificationdate date), parameters: None
[2022-04-03 18:44:27,012] {postgres.py:94} INFO - NOTICE:  relation "products" already exists, skipping

[2022-04-03 18:44:27,021] {taskinstance.py:1272} INFO - Marking task as SUCCESS. dag_id=workflow1, task_id=create_table1, execution_date=20220101T220000, start_date=20220403T164416, end_date=20220403T164427
[2022-04-03 18:44:27,060] {local_task_job.py:154} INFO - Task exited with return code 0
[2022-04-03 18:44:27,080] {local_task_job.py:264} INFO - 0 downstream tasks scheduled from follow-on schedule check
