[2022-04-02 23:46:21,671] {manager.py:514} INFO - Processing files using up to 1 processes at a time 
[2022-04-02 23:46:21,671] {manager.py:515} INFO - Process each file at most once every 30 seconds
[2022-04-02 23:46:21,671] {manager.py:516} INFO - Checking for new files in /Users/manvijha/Documents/MyProjects/CaseStudy_DE/dags every 300 seconds
[2022-04-02 23:46:21,671] {manager.py:663} INFO - Searching for files in /Users/manvijha/Documents/MyProjects/CaseStudy_DE/dags
[2022-04-02 23:46:21,680] {manager.py:666} INFO - There are 32 files in /Users/manvijha/Documents/MyProjects/CaseStudy_DE/dags
[2022-04-02 23:46:21,710] {manager.py:1065} INFO - Finding 'running' jobs without a recent heartbeat
[2022-04-02 23:46:21,710] {manager.py:1069} INFO - Failing jobs without heartbeat after 2022-04-02 21:41:21.710491+00:00
[2022-04-02 23:46:33,371] {manager.py:1065} INFO - Finding 'running' jobs without a recent heartbeat
[2022-04-02 23:46:33,373] {manager.py:1069} INFO - Failing jobs without heartbeat after 2022-04-02 21:41:33.373455+00:00
[2022-04-02 23:46:45,483] {manager.py:1065} INFO - Finding 'running' jobs without a recent heartbeat
[2022-04-02 23:46:45,486] {manager.py:1069} INFO - Failing jobs without heartbeat after 2022-04-02 21:41:45.486245+00:00
[2022-04-02 23:46:52,432] {manager.py:784} INFO - 
================================================================================
DAG File Processing Stats

File Path                                                                                                                    PID    Runtime      # DAGs    # Errors  Last Runtime    Last Run
---------------------------------------------------------------------------------------------------------------------------  -----  ---------  --------  ----------  --------------  -------------------
/opt/anaconda3/envs/airflow_env/lib/python3.8/site-packages/airflow/example_dags/example_latest_only.py                                               0           0
/opt/anaconda3/envs/airflow_env/lib/python3.8/site-packages/airflow/example_dags/example_complex.py                                                   0           0
/opt/anaconda3/envs/airflow_env/lib/python3.8/site-packages/airflow/example_dags/example_python_operator.py                                           0           0
/opt/anaconda3/envs/airflow_env/lib/python3.8/site-packages/airflow/example_dags/example_external_task_marker_dag.py                                  0           0
/opt/anaconda3/envs/airflow_env/lib/python3.8/site-packages/airflow/example_dags/example_bash_operator.py                                             0           0
/opt/anaconda3/envs/airflow_env/lib/python3.8/site-packages/airflow/example_dags/example_short_circuit_operator.py                                    0           0
/opt/anaconda3/envs/airflow_env/lib/python3.8/site-packages/airflow/example_dags/example_branch_operator.py                                           0           0
/opt/anaconda3/envs/airflow_env/lib/python3.8/site-packages/airflow/example_dags/example_branch_labels.py                                             0           0
/opt/anaconda3/envs/airflow_env/lib/python3.8/site-packages/airflow/example_dags/tutorial_taskflow_api_etl_virtualenv.py                              0           0  0.91s           2022-04-02T21:46:26
/opt/anaconda3/envs/airflow_env/lib/python3.8/site-packages/airflow/example_dags/example_passing_params_via_test_command.py                           0           0
/opt/anaconda3/envs/airflow_env/lib/python3.8/site-packages/airflow/example_dags/example_latest_only_with_trigger.py                                  0           0
/opt/anaconda3/envs/airflow_env/lib/python3.8/site-packages/airflow/example_dags/example_dag_decorator.py                                             0           0
/opt/anaconda3/envs/airflow_env/lib/python3.8/site-packages/airflow/example_dags/example_branch_day_of_week_operator.py                               0           0
/opt/anaconda3/envs/airflow_env/lib/python3.8/site-packages/airflow/example_dags/example_kubernetes_executor.py                                       0           0
/opt/anaconda3/envs/airflow_env/lib/python3.8/site-packages/airflow/example_dags/example_branch_python_dop_operator_3.py                              0           0
/opt/anaconda3/envs/airflow_env/lib/python3.8/site-packages/airflow/example_dags/example_branch_datetime_operator.py                                  0           0
/opt/anaconda3/envs/airflow_env/lib/python3.8/site-packages/airflow/example_dags/example_nested_branch_dag.py                                         0           0
/opt/anaconda3/envs/airflow_env/lib/python3.8/site-packages/airflow/example_dags/plugins/workday.py                                                   0           0  0.86s           2022-04-02T21:46:24
/opt/anaconda3/envs/airflow_env/lib/python3.8/site-packages/airflow/example_dags/subdags/subdag.py                                                    0           0  0.82s           2022-04-02T21:46:22
/opt/anaconda3/envs/airflow_env/lib/python3.8/site-packages/airflow/example_dags/example_task_group_decorator.py                                      1           0  1.11s           2022-04-02T21:46:44
/opt/anaconda3/envs/airflow_env/lib/python3.8/site-packages/airflow/example_dags/tutorial_taskflow_api_etl.py                                         1           0  1.19s           2022-04-02T21:46:28
/opt/anaconda3/envs/airflow_env/lib/python3.8/site-packages/airflow/example_dags/tutorial_etl_dag.py                                                  1           0  1.11s           2022-04-02T21:46:30
/opt/anaconda3/envs/airflow_env/lib/python3.8/site-packages/airflow/example_dags/example_task_group.py                                                1           0  0.98s           2022-04-02T21:46:46
/opt/anaconda3/envs/airflow_env/lib/python3.8/site-packages/airflow/example_dags/tutorial.py                                                          1           0  0.93s           2022-04-02T21:46:32
/opt/anaconda3/envs/airflow_env/lib/python3.8/site-packages/airflow/example_dags/example_sla_dag.py                                                   1           0  0.97s           2022-04-02T21:46:50
/opt/anaconda3/envs/airflow_env/lib/python3.8/site-packages/airflow/example_dags/example_time_delta_sensor_async.py                                   1           0  0.93s           2022-04-02T21:46:42
/opt/anaconda3/envs/airflow_env/lib/python3.8/site-packages/airflow/example_dags/example_xcom.py                                                      1           0  1.05s           2022-04-02T21:46:36
/opt/anaconda3/envs/airflow_env/lib/python3.8/site-packages/airflow/example_dags/example_skip_dag.py                                                  1           0  0.94s           2022-04-02T21:46:52
/opt/anaconda3/envs/airflow_env/lib/python3.8/site-packages/airflow/example_dags/example_trigger_target_dag.py                                        1           0  0.98s           2022-04-02T21:46:38
/opt/anaconda3/envs/airflow_env/lib/python3.8/site-packages/airflow/example_dags/example_trigger_controller_dag.py                                    1           0  0.98s           2022-04-02T21:46:40
/opt/anaconda3/envs/airflow_env/lib/python3.8/site-packages/airflow/example_dags/example_xcomargs.py                                                  2           0  1.11s           2022-04-02T21:46:34
/opt/anaconda3/envs/airflow_env/lib/python3.8/site-packages/airflow/example_dags/example_subdag_operator.py                                           3           0  0.96s           2022-04-02T21:46:48
================================================================================
[2022-04-02 23:46:57,450] {manager.py:1065} INFO - Finding 'running' jobs without a recent heartbeat
[2022-04-02 23:46:57,452] {manager.py:1069} INFO - Failing jobs without heartbeat after 2022-04-02 21:41:57.452426+00:00
[2022-04-02 23:47:09,557] {manager.py:1065} INFO - Finding 'running' jobs without a recent heartbeat
[2022-04-02 23:47:09,560] {manager.py:1069} INFO - Failing jobs without heartbeat after 2022-04-02 21:42:09.560129+00:00
[2022-04-02 23:47:21,494] {manager.py:1065} INFO - Finding 'running' jobs without a recent heartbeat
[2022-04-02 23:47:21,497] {manager.py:1069} INFO - Failing jobs without heartbeat after 2022-04-02 21:42:21.497292+00:00
[2022-04-02 23:47:22,439] {manager.py:784} INFO - 
================================================================================
DAG File Processing Stats

File Path                                                                                                                    PID    Runtime      # DAGs    # Errors  Last Runtime    Last Run
---------------------------------------------------------------------------------------------------------------------------  -----  ---------  --------  ----------  --------------  -------------------
/opt/anaconda3/envs/airflow_env/lib/python3.8/site-packages/airflow/example_dags/example_bash_operator.py                                             0           0
/opt/anaconda3/envs/airflow_env/lib/python3.8/site-packages/airflow/example_dags/tutorial_taskflow_api_etl_virtualenv.py                              0           0  0.91s           2022-04-02T21:46:26
/opt/anaconda3/envs/airflow_env/lib/python3.8/site-packages/airflow/example_dags/example_kubernetes_executor.py                                       0           0  1.00s           2022-04-02T21:47:06
/opt/anaconda3/envs/airflow_env/lib/python3.8/site-packages/airflow/example_dags/plugins/workday.py                                                   0           0  0.86s           2022-04-02T21:46:24
/opt/anaconda3/envs/airflow_env/lib/python3.8/site-packages/airflow/example_dags/subdags/subdag.py                                                    0           0  0.82s           2022-04-02T21:46:22
/opt/anaconda3/envs/airflow_env/lib/python3.8/site-packages/airflow/example_dags/example_latest_only.py                                               1           0  0.99s           2022-04-02T21:47:04
/opt/anaconda3/envs/airflow_env/lib/python3.8/site-packages/airflow/example_dags/example_task_group_decorator.py                                      1           0  1.11s           2022-04-02T21:46:44
/opt/anaconda3/envs/airflow_env/lib/python3.8/site-packages/airflow/example_dags/example_complex.py                                                   1           0  0.95s           2022-04-02T21:47:12
/opt/anaconda3/envs/airflow_env/lib/python3.8/site-packages/airflow/example_dags/example_python_operator.py                                           1           0  0.98s           2022-04-02T21:46:56
/opt/anaconda3/envs/airflow_env/lib/python3.8/site-packages/airflow/example_dags/tutorial_taskflow_api_etl.py                                         1           0  1.19s           2022-04-02T21:46:28
/opt/anaconda3/envs/airflow_env/lib/python3.8/site-packages/airflow/example_dags/example_short_circuit_operator.py                                    1           0  0.95s           2022-04-02T21:46:54
/opt/anaconda3/envs/airflow_env/lib/python3.8/site-packages/airflow/example_dags/example_branch_operator.py                                           1           0  1.04s           2022-04-02T21:47:16
/opt/anaconda3/envs/airflow_env/lib/python3.8/site-packages/airflow/example_dags/tutorial_etl_dag.py                                                  1           0  1.11s           2022-04-02T21:46:30
/opt/anaconda3/envs/airflow_env/lib/python3.8/site-packages/airflow/example_dags/example_branch_labels.py                                             1           0  0.89s           2022-04-02T21:47:18
/opt/anaconda3/envs/airflow_env/lib/python3.8/site-packages/airflow/example_dags/example_task_group.py                                                1           0  0.98s           2022-04-02T21:46:46
/opt/anaconda3/envs/airflow_env/lib/python3.8/site-packages/airflow/example_dags/tutorial.py                                                          1           0  0.93s           2022-04-02T21:46:32
/opt/anaconda3/envs/airflow_env/lib/python3.8/site-packages/airflow/example_dags/example_sla_dag.py                                                   1           0  0.97s           2022-04-02T21:46:50
/opt/anaconda3/envs/airflow_env/lib/python3.8/site-packages/airflow/example_dags/example_passing_params_via_test_command.py                           1           0  0.95s           2022-04-02T21:46:58
/opt/anaconda3/envs/airflow_env/lib/python3.8/site-packages/airflow/example_dags/example_latest_only_with_trigger.py                                  1           0  0.97s           2022-04-02T21:47:02
/opt/anaconda3/envs/airflow_env/lib/python3.8/site-packages/airflow/example_dags/example_time_delta_sensor_async.py                                   1           0  0.93s           2022-04-02T21:46:42
/opt/anaconda3/envs/airflow_env/lib/python3.8/site-packages/airflow/example_dags/example_dag_decorator.py                                             1           0  1.10s           2022-04-02T21:47:10
/opt/anaconda3/envs/airflow_env/lib/python3.8/site-packages/airflow/example_dags/example_xcom.py                                                      1           0  1.05s           2022-04-02T21:46:36
/opt/anaconda3/envs/airflow_env/lib/python3.8/site-packages/airflow/example_dags/example_branch_day_of_week_operator.py                               1           0  0.93s           2022-04-02T21:47:20
/opt/anaconda3/envs/airflow_env/lib/python3.8/site-packages/airflow/example_dags/example_skip_dag.py                                                  1           0  0.94s           2022-04-02T21:46:52
/opt/anaconda3/envs/airflow_env/lib/python3.8/site-packages/airflow/example_dags/example_trigger_target_dag.py                                        1           0  0.98s           2022-04-02T21:46:38
/opt/anaconda3/envs/airflow_env/lib/python3.8/site-packages/airflow/example_dags/example_branch_python_dop_operator_3.py                              1           0  0.95s           2022-04-02T21:47:14
/opt/anaconda3/envs/airflow_env/lib/python3.8/site-packages/airflow/example_dags/example_branch_datetime_operator.py                                  1           0  0.92s           2022-04-02T21:47:22
/opt/anaconda3/envs/airflow_env/lib/python3.8/site-packages/airflow/example_dags/example_nested_branch_dag.py                                         1           0  0.98s           2022-04-02T21:47:00
/opt/anaconda3/envs/airflow_env/lib/python3.8/site-packages/airflow/example_dags/example_trigger_controller_dag.py                                    1           0  0.98s           2022-04-02T21:46:40
/opt/anaconda3/envs/airflow_env/lib/python3.8/site-packages/airflow/example_dags/example_external_task_marker_dag.py                                  2           0  1.06s           2022-04-02T21:47:08
/opt/anaconda3/envs/airflow_env/lib/python3.8/site-packages/airflow/example_dags/example_xcomargs.py                                                  2           0  1.11s           2022-04-02T21:46:34
/opt/anaconda3/envs/airflow_env/lib/python3.8/site-packages/airflow/example_dags/example_subdag_operator.py                                           3           0  0.96s           2022-04-02T21:46:48
================================================================================
[2022-04-02 23:47:32,997] {manager.py:1065} INFO - Finding 'running' jobs without a recent heartbeat
[2022-04-02 23:47:32,998] {manager.py:1069} INFO - Failing jobs without heartbeat after 2022-04-02 21:42:32.998526+00:00
[2022-04-02 23:47:45,052] {manager.py:1065} INFO - Finding 'running' jobs without a recent heartbeat
[2022-04-02 23:47:45,053] {manager.py:1069} INFO - Failing jobs without heartbeat after 2022-04-02 21:42:45.053612+00:00
[2022-04-02 23:47:53,858] {manager.py:784} INFO - 
================================================================================
DAG File Processing Stats

File Path                                                                                                                    PID    Runtime      # DAGs    # Errors  Last Runtime    Last Run
---------------------------------------------------------------------------------------------------------------------------  -----  ---------  --------  ----------  --------------  -------------------
/opt/anaconda3/envs/airflow_env/lib/python3.8/site-packages/airflow/example_dags/tutorial_taskflow_api_etl_virtualenv.py                              0           0  0.85s           2022-04-02T21:47:29
/opt/anaconda3/envs/airflow_env/lib/python3.8/site-packages/airflow/example_dags/example_kubernetes_executor.py                                       0           0  1.00s           2022-04-02T21:47:06
/opt/anaconda3/envs/airflow_env/lib/python3.8/site-packages/airflow/example_dags/plugins/workday.py                                                   0           0  0.85s           2022-04-02T21:47:28
/opt/anaconda3/envs/airflow_env/lib/python3.8/site-packages/airflow/example_dags/subdags/subdag.py                                                    0           0  0.85s           2022-04-02T21:47:26
/opt/anaconda3/envs/airflow_env/lib/python3.8/site-packages/airflow/example_dags/example_latest_only.py                                               1           0  0.99s           2022-04-02T21:47:04
/opt/anaconda3/envs/airflow_env/lib/python3.8/site-packages/airflow/example_dags/example_task_group_decorator.py                                      1           0  1.02s           2022-04-02T21:47:48
/opt/anaconda3/envs/airflow_env/lib/python3.8/site-packages/airflow/example_dags/example_complex.py                                                   1           0  0.95s           2022-04-02T21:47:12
/opt/anaconda3/envs/airflow_env/lib/python3.8/site-packages/airflow/example_dags/example_python_operator.py                                           1           0  0.98s           2022-04-02T21:46:56
/opt/anaconda3/envs/airflow_env/lib/python3.8/site-packages/airflow/example_dags/tutorial_taskflow_api_etl.py                                         1           0  1.01s           2022-04-02T21:47:31
/opt/anaconda3/envs/airflow_env/lib/python3.8/site-packages/airflow/example_dags/example_bash_operator.py                                             1           0  0.85s           2022-04-02T21:47:24
/opt/anaconda3/envs/airflow_env/lib/python3.8/site-packages/airflow/example_dags/example_short_circuit_operator.py                                    1           0  0.95s           2022-04-02T21:46:54
/opt/anaconda3/envs/airflow_env/lib/python3.8/site-packages/airflow/example_dags/example_branch_operator.py                                           1           0  1.04s           2022-04-02T21:47:16
/opt/anaconda3/envs/airflow_env/lib/python3.8/site-packages/airflow/example_dags/tutorial_etl_dag.py                                                  1           0  0.86s           2022-04-02T21:47:33
/opt/anaconda3/envs/airflow_env/lib/python3.8/site-packages/airflow/example_dags/example_branch_labels.py                                             1           0  0.89s           2022-04-02T21:47:18
/opt/anaconda3/envs/airflow_env/lib/python3.8/site-packages/airflow/example_dags/example_task_group.py                                                1           0  0.89s           2022-04-02T21:47:49
/opt/anaconda3/envs/airflow_env/lib/python3.8/site-packages/airflow/example_dags/tutorial.py                                                          1           0  0.87s           2022-04-02T21:47:35
/opt/anaconda3/envs/airflow_env/lib/python3.8/site-packages/airflow/example_dags/example_sla_dag.py                                                   1           0  0.97s           2022-04-02T21:47:53
/opt/anaconda3/envs/airflow_env/lib/python3.8/site-packages/airflow/example_dags/example_passing_params_via_test_command.py                           1           0  0.95s           2022-04-02T21:46:58
/opt/anaconda3/envs/airflow_env/lib/python3.8/site-packages/airflow/example_dags/example_latest_only_with_trigger.py                                  1           0  0.97s           2022-04-02T21:47:02
/opt/anaconda3/envs/airflow_env/lib/python3.8/site-packages/airflow/example_dags/example_time_delta_sensor_async.py                                   1           0  0.97s           2022-04-02T21:47:46
/opt/anaconda3/envs/airflow_env/lib/python3.8/site-packages/airflow/example_dags/example_dag_decorator.py                                             1           0  1.10s           2022-04-02T21:47:10
/opt/anaconda3/envs/airflow_env/lib/python3.8/site-packages/airflow/example_dags/example_xcom.py                                                      1           0  1.00s           2022-04-02T21:47:39
/opt/anaconda3/envs/airflow_env/lib/python3.8/site-packages/airflow/example_dags/example_branch_day_of_week_operator.py                               1           0  0.93s           2022-04-02T21:47:20
/opt/anaconda3/envs/airflow_env/lib/python3.8/site-packages/airflow/example_dags/example_skip_dag.py                                                  1           0  0.94s           2022-04-02T21:46:52
/opt/anaconda3/envs/airflow_env/lib/python3.8/site-packages/airflow/example_dags/example_trigger_target_dag.py                                        1           0  0.91s           2022-04-02T21:47:41
/opt/anaconda3/envs/airflow_env/lib/python3.8/site-packages/airflow/example_dags/example_branch_python_dop_operator_3.py                              1           0  0.95s           2022-04-02T21:47:14
/opt/anaconda3/envs/airflow_env/lib/python3.8/site-packages/airflow/example_dags/example_branch_datetime_operator.py                                  1           0  0.92s           2022-04-02T21:47:22
/opt/anaconda3/envs/airflow_env/lib/python3.8/site-packages/airflow/example_dags/example_nested_branch_dag.py                                         1           0  0.98s           2022-04-02T21:47:00
/opt/anaconda3/envs/airflow_env/lib/python3.8/site-packages/airflow/example_dags/example_trigger_controller_dag.py                                    1           0  1.19s           2022-04-02T21:47:44
/opt/anaconda3/envs/airflow_env/lib/python3.8/site-packages/airflow/example_dags/example_external_task_marker_dag.py                                  2           0  1.06s           2022-04-02T21:47:08
/opt/anaconda3/envs/airflow_env/lib/python3.8/site-packages/airflow/example_dags/example_xcomargs.py                                                  2           0  1.05s           2022-04-02T21:47:37
/opt/anaconda3/envs/airflow_env/lib/python3.8/site-packages/airflow/example_dags/example_subdag_operator.py                                           3           0  0.89s           2022-04-02T21:47:51
================================================================================
[2022-04-02 23:47:56,815] {manager.py:1065} INFO - Finding 'running' jobs without a recent heartbeat
[2022-04-02 23:47:56,815] {manager.py:1069} INFO - Failing jobs without heartbeat after 2022-04-02 21:42:56.815486+00:00
[2022-04-02 23:48:08,900] {manager.py:1065} INFO - Finding 'running' jobs without a recent heartbeat
[2022-04-02 23:48:08,903] {manager.py:1069} INFO - Failing jobs without heartbeat after 2022-04-02 21:43:08.903043+00:00
[2022-04-02 23:48:20,781] {manager.py:1065} INFO - Finding 'running' jobs without a recent heartbeat
[2022-04-02 23:48:20,782] {manager.py:1069} INFO - Failing jobs without heartbeat after 2022-04-02 21:43:20.782258+00:00
[2022-04-02 23:48:25,644] {manager.py:784} INFO - 
================================================================================
DAG File Processing Stats

File Path                                                                                                                    PID    Runtime      # DAGs    # Errors  Last Runtime    Last Run
---------------------------------------------------------------------------------------------------------------------------  -----  ---------  --------  ----------  --------------  -------------------
/opt/anaconda3/envs/airflow_env/lib/python3.8/site-packages/airflow/example_dags/tutorial_taskflow_api_etl_virtualenv.py                              0           0  0.85s           2022-04-02T21:47:29
/opt/anaconda3/envs/airflow_env/lib/python3.8/site-packages/airflow/example_dags/example_kubernetes_executor.py                                       0           0  1.02s           2022-04-02T21:48:13
/opt/anaconda3/envs/airflow_env/lib/python3.8/site-packages/airflow/example_dags/plugins/workday.py                                                   0           0  0.97s           2022-04-02T21:48:01
/opt/anaconda3/envs/airflow_env/lib/python3.8/site-packages/airflow/example_dags/subdags/subdag.py                                                    0           0  1.00s           2022-04-02T21:47:59
/opt/anaconda3/envs/airflow_env/lib/python3.8/site-packages/airflow/example_dags/example_latest_only.py                                               1           0  0.96s           2022-04-02T21:48:11
/opt/anaconda3/envs/airflow_env/lib/python3.8/site-packages/airflow/example_dags/example_task_group_decorator.py                                      1           0  1.02s           2022-04-02T21:47:48
/opt/anaconda3/envs/airflow_env/lib/python3.8/site-packages/airflow/example_dags/example_complex.py                                                   1           0  0.89s           2022-04-02T21:48:19
/opt/anaconda3/envs/airflow_env/lib/python3.8/site-packages/airflow/example_dags/example_python_operator.py                                           1           0  0.96s           2022-04-02T21:48:03
/opt/anaconda3/envs/airflow_env/lib/python3.8/site-packages/airflow/example_dags/tutorial_taskflow_api_etl.py                                         1           0  1.01s           2022-04-02T21:47:31
/opt/anaconda3/envs/airflow_env/lib/python3.8/site-packages/airflow/example_dags/example_bash_operator.py                                             1           0  0.85s           2022-04-02T21:47:24
/opt/anaconda3/envs/airflow_env/lib/python3.8/site-packages/airflow/example_dags/example_short_circuit_operator.py                                    1           0  0.95s           2022-04-02T21:47:57
/opt/anaconda3/envs/airflow_env/lib/python3.8/site-packages/airflow/example_dags/example_branch_operator.py                                           1           0  0.94s           2022-04-02T21:48:23
/opt/anaconda3/envs/airflow_env/lib/python3.8/site-packages/airflow/example_dags/tutorial_etl_dag.py                                                  1           0  0.86s           2022-04-02T21:47:33
/opt/anaconda3/envs/airflow_env/lib/python3.8/site-packages/airflow/example_dags/example_branch_labels.py                                             1           0  0.97s           2022-04-02T21:48:25
/opt/anaconda3/envs/airflow_env/lib/python3.8/site-packages/airflow/example_dags/example_task_group.py                                                1           0  0.89s           2022-04-02T21:47:49
/opt/anaconda3/envs/airflow_env/lib/python3.8/site-packages/airflow/example_dags/tutorial.py                                                          1           0  0.87s           2022-04-02T21:47:35
/opt/anaconda3/envs/airflow_env/lib/python3.8/site-packages/airflow/example_dags/example_sla_dag.py                                                   1           0  0.97s           2022-04-02T21:47:53
/opt/anaconda3/envs/airflow_env/lib/python3.8/site-packages/airflow/example_dags/example_passing_params_via_test_command.py                           1           0  0.95s           2022-04-02T21:48:05
/opt/anaconda3/envs/airflow_env/lib/python3.8/site-packages/airflow/example_dags/example_latest_only_with_trigger.py                                  1           0  0.96s           2022-04-02T21:48:09
/opt/anaconda3/envs/airflow_env/lib/python3.8/site-packages/airflow/example_dags/example_time_delta_sensor_async.py                                   1           0  0.97s           2022-04-02T21:47:46
/opt/anaconda3/envs/airflow_env/lib/python3.8/site-packages/airflow/example_dags/example_dag_decorator.py                                             1           0  1.06s           2022-04-02T21:48:17
/opt/anaconda3/envs/airflow_env/lib/python3.8/site-packages/airflow/example_dags/example_xcom.py                                                      1           0  1.00s           2022-04-02T21:47:39
/opt/anaconda3/envs/airflow_env/lib/python3.8/site-packages/airflow/example_dags/example_branch_day_of_week_operator.py                               1           0  0.93s           2022-04-02T21:47:20
/opt/anaconda3/envs/airflow_env/lib/python3.8/site-packages/airflow/example_dags/example_skip_dag.py                                                  1           0  0.90s           2022-04-02T21:47:55
/opt/anaconda3/envs/airflow_env/lib/python3.8/site-packages/airflow/example_dags/example_trigger_target_dag.py                                        1           0  0.91s           2022-04-02T21:47:41
/opt/anaconda3/envs/airflow_env/lib/python3.8/site-packages/airflow/example_dags/example_branch_python_dop_operator_3.py                              1           0  0.90s           2022-04-02T21:48:21
/opt/anaconda3/envs/airflow_env/lib/python3.8/site-packages/airflow/example_dags/example_branch_datetime_operator.py                                  1           0  0.92s           2022-04-02T21:47:22
/opt/anaconda3/envs/airflow_env/lib/python3.8/site-packages/airflow/example_dags/example_nested_branch_dag.py                                         1           0  1.07s           2022-04-02T21:48:07
/opt/anaconda3/envs/airflow_env/lib/python3.8/site-packages/airflow/example_dags/example_trigger_controller_dag.py                                    1           0  1.19s           2022-04-02T21:47:44
/opt/anaconda3/envs/airflow_env/lib/python3.8/site-packages/airflow/example_dags/example_external_task_marker_dag.py                                  2           0  0.97s           2022-04-02T21:48:15
/opt/anaconda3/envs/airflow_env/lib/python3.8/site-packages/airflow/example_dags/example_xcomargs.py                                                  2           0  1.05s           2022-04-02T21:47:37
/opt/anaconda3/envs/airflow_env/lib/python3.8/site-packages/airflow/example_dags/example_subdag_operator.py                                           3           0  0.89s           2022-04-02T21:47:51
================================================================================
[2022-04-02 23:48:32,661] {manager.py:1065} INFO - Finding 'running' jobs without a recent heartbeat
[2022-04-02 23:48:32,663] {manager.py:1069} INFO - Failing jobs without heartbeat after 2022-04-02 21:43:32.663111+00:00
[2022-04-02 23:48:44,380] {manager.py:1065} INFO - Finding 'running' jobs without a recent heartbeat
[2022-04-02 23:48:44,381] {manager.py:1069} INFO - Failing jobs without heartbeat after 2022-04-02 21:43:44.381248+00:00
[2022-04-02 23:48:56,445] {manager.py:1065} INFO - Finding 'running' jobs without a recent heartbeat
[2022-04-02 23:48:56,451] {manager.py:1069} INFO - Failing jobs without heartbeat after 2022-04-02 21:43:56.451114+00:00
[2022-04-02 23:48:57,384] {manager.py:784} INFO - 
================================================================================
DAG File Processing Stats

File Path                                                                                                                    PID    Runtime      # DAGs    # Errors  Last Runtime    Last Run
---------------------------------------------------------------------------------------------------------------------------  -----  ---------  --------  ----------  --------------  -------------------
/opt/anaconda3/envs/airflow_env/lib/python3.8/site-packages/airflow/example_dags/tutorial_taskflow_api_etl_virtualenv.py                              0           0  0.90s           2022-04-02T21:48:37
/opt/anaconda3/envs/airflow_env/lib/python3.8/site-packages/airflow/example_dags/example_kubernetes_executor.py                                       0           0  1.02s           2022-04-02T21:48:13
/opt/anaconda3/envs/airflow_env/lib/python3.8/site-packages/airflow/example_dags/plugins/workday.py                                                   0           0  0.90s           2022-04-02T21:48:35
/opt/anaconda3/envs/airflow_env/lib/python3.8/site-packages/airflow/example_dags/subdags/subdag.py                                                    0           0  0.89s           2022-04-02T21:48:33
/opt/anaconda3/envs/airflow_env/lib/python3.8/site-packages/airflow/example_dags/example_latest_only.py                                               1           0  0.96s           2022-04-02T21:48:11
/opt/anaconda3/envs/airflow_env/lib/python3.8/site-packages/airflow/example_dags/example_task_group_decorator.py                                      1           0  1.11s           2022-04-02T21:48:55
/opt/anaconda3/envs/airflow_env/lib/python3.8/site-packages/airflow/example_dags/example_complex.py                                                   1           0  0.89s           2022-04-02T21:48:19
/opt/anaconda3/envs/airflow_env/lib/python3.8/site-packages/airflow/example_dags/example_python_operator.py                                           1           0  0.96s           2022-04-02T21:48:03
/opt/anaconda3/envs/airflow_env/lib/python3.8/site-packages/airflow/example_dags/tutorial_taskflow_api_etl.py                                         1           0  1.09s           2022-04-02T21:48:39
/opt/anaconda3/envs/airflow_env/lib/python3.8/site-packages/airflow/example_dags/example_bash_operator.py                                             1           0  0.99s           2022-04-02T21:48:31
/opt/anaconda3/envs/airflow_env/lib/python3.8/site-packages/airflow/example_dags/example_short_circuit_operator.py                                    1           0  0.95s           2022-04-02T21:47:57
/opt/anaconda3/envs/airflow_env/lib/python3.8/site-packages/airflow/example_dags/example_branch_operator.py                                           1           0  0.94s           2022-04-02T21:48:23
/opt/anaconda3/envs/airflow_env/lib/python3.8/site-packages/airflow/example_dags/tutorial_etl_dag.py                                                  1           0  0.97s           2022-04-02T21:48:41
/opt/anaconda3/envs/airflow_env/lib/python3.8/site-packages/airflow/example_dags/example_branch_labels.py                                             1           0  0.97s           2022-04-02T21:48:25
/opt/anaconda3/envs/airflow_env/lib/python3.8/site-packages/airflow/example_dags/example_task_group.py                                                1           0  0.92s           2022-04-02T21:48:57
/opt/anaconda3/envs/airflow_env/lib/python3.8/site-packages/airflow/example_dags/tutorial.py                                                          1           0  0.89s           2022-04-02T21:48:43
/opt/anaconda3/envs/airflow_env/lib/python3.8/site-packages/airflow/example_dags/example_sla_dag.py                                                   1           0  0.97s           2022-04-02T21:47:53
/opt/anaconda3/envs/airflow_env/lib/python3.8/site-packages/airflow/example_dags/example_passing_params_via_test_command.py                           1           0  0.95s           2022-04-02T21:48:05
/opt/anaconda3/envs/airflow_env/lib/python3.8/site-packages/airflow/example_dags/example_latest_only_with_trigger.py                                  1           0  0.96s           2022-04-02T21:48:09
/opt/anaconda3/envs/airflow_env/lib/python3.8/site-packages/airflow/example_dags/example_time_delta_sensor_async.py                                   1           0  0.95s           2022-04-02T21:48:53
/opt/anaconda3/envs/airflow_env/lib/python3.8/site-packages/airflow/example_dags/example_dag_decorator.py                                             1           0  1.06s           2022-04-02T21:48:17
/opt/anaconda3/envs/airflow_env/lib/python3.8/site-packages/airflow/example_dags/example_xcom.py                                                      1           0  1.08s           2022-04-02T21:48:47
/opt/anaconda3/envs/airflow_env/lib/python3.8/site-packages/airflow/example_dags/example_branch_day_of_week_operator.py                               1           0  0.94s           2022-04-02T21:48:27
/opt/anaconda3/envs/airflow_env/lib/python3.8/site-packages/airflow/example_dags/example_skip_dag.py                                                  1           0  0.90s           2022-04-02T21:47:55
/opt/anaconda3/envs/airflow_env/lib/python3.8/site-packages/airflow/example_dags/example_trigger_target_dag.py                                        1           0  0.94s           2022-04-02T21:48:49
/opt/anaconda3/envs/airflow_env/lib/python3.8/site-packages/airflow/example_dags/example_branch_python_dop_operator_3.py                              1           0  0.90s           2022-04-02T21:48:21
/opt/anaconda3/envs/airflow_env/lib/python3.8/site-packages/airflow/example_dags/example_branch_datetime_operator.py                                  1           0  0.97s           2022-04-02T21:48:29
/opt/anaconda3/envs/airflow_env/lib/python3.8/site-packages/airflow/example_dags/example_nested_branch_dag.py                                         1           0  1.07s           2022-04-02T21:48:07
/opt/anaconda3/envs/airflow_env/lib/python3.8/site-packages/airflow/example_dags/example_trigger_controller_dag.py                                    1           0  0.96s           2022-04-02T21:48:51
/opt/anaconda3/envs/airflow_env/lib/python3.8/site-packages/airflow/example_dags/example_external_task_marker_dag.py                                  2           0  0.97s           2022-04-02T21:48:15
/opt/anaconda3/envs/airflow_env/lib/python3.8/site-packages/airflow/example_dags/example_xcomargs.py                                                  2           0  1.10s           2022-04-02T21:48:45
/opt/anaconda3/envs/airflow_env/lib/python3.8/site-packages/airflow/example_dags/example_subdag_operator.py                                           3           0  0.89s           2022-04-02T21:47:51
================================================================================
[2022-04-02 23:49:08,081] {manager.py:1065} INFO - Finding 'running' jobs without a recent heartbeat
[2022-04-02 23:49:08,082] {manager.py:1069} INFO - Failing jobs without heartbeat after 2022-04-02 21:44:08.082615+00:00
[2022-04-02 23:49:20,045] {manager.py:1065} INFO - Finding 'running' jobs without a recent heartbeat
[2022-04-02 23:49:20,048] {manager.py:1069} INFO - Failing jobs without heartbeat after 2022-04-02 21:44:20.048879+00:00
[2022-04-02 23:49:28,978] {manager.py:784} INFO - 
================================================================================
DAG File Processing Stats

File Path                                                                                                                    PID    Runtime      # DAGs    # Errors  Last Runtime    Last Run
---------------------------------------------------------------------------------------------------------------------------  -----  ---------  --------  ----------  --------------  -------------------
/opt/anaconda3/envs/airflow_env/lib/python3.8/site-packages/airflow/example_dags/tutorial_taskflow_api_etl_virtualenv.py                              0           0  0.90s           2022-04-02T21:48:37
/opt/anaconda3/envs/airflow_env/lib/python3.8/site-packages/airflow/example_dags/example_kubernetes_executor.py                                       0           0  0.92s           2022-04-02T21:49:20
/opt/anaconda3/envs/airflow_env/lib/python3.8/site-packages/airflow/example_dags/plugins/workday.py                                                   0           0  0.89s           2022-04-02T21:49:08
/opt/anaconda3/envs/airflow_env/lib/python3.8/site-packages/airflow/example_dags/subdags/subdag.py                                                    0           0  0.88s           2022-04-02T21:49:07
/opt/anaconda3/envs/airflow_env/lib/python3.8/site-packages/airflow/example_dags/example_latest_only.py                                               1           0  0.99s           2022-04-02T21:49:19
/opt/anaconda3/envs/airflow_env/lib/python3.8/site-packages/airflow/example_dags/example_task_group_decorator.py                                      1           0  1.11s           2022-04-02T21:48:55
/opt/anaconda3/envs/airflow_env/lib/python3.8/site-packages/airflow/example_dags/example_complex.py                                                   1           0  0.89s           2022-04-02T21:49:27
/opt/anaconda3/envs/airflow_env/lib/python3.8/site-packages/airflow/example_dags/example_python_operator.py                                           1           0  0.99s           2022-04-02T21:49:10
/opt/anaconda3/envs/airflow_env/lib/python3.8/site-packages/airflow/example_dags/tutorial_taskflow_api_etl.py                                         1           0  1.09s           2022-04-02T21:48:39
/opt/anaconda3/envs/airflow_env/lib/python3.8/site-packages/airflow/example_dags/example_bash_operator.py                                             1           0  0.99s           2022-04-02T21:48:31
/opt/anaconda3/envs/airflow_env/lib/python3.8/site-packages/airflow/example_dags/example_short_circuit_operator.py                                    1           0  0.94s           2022-04-02T21:49:05
/opt/anaconda3/envs/airflow_env/lib/python3.8/site-packages/airflow/example_dags/example_branch_operator.py                                           1           0  0.94s           2022-04-02T21:48:23
/opt/anaconda3/envs/airflow_env/lib/python3.8/site-packages/airflow/example_dags/tutorial_etl_dag.py                                                  1           0  0.97s           2022-04-02T21:48:41
/opt/anaconda3/envs/airflow_env/lib/python3.8/site-packages/airflow/example_dags/example_branch_labels.py                                             1           0  0.97s           2022-04-02T21:48:25
/opt/anaconda3/envs/airflow_env/lib/python3.8/site-packages/airflow/example_dags/example_task_group.py                                                1           0  0.92s           2022-04-02T21:48:57
/opt/anaconda3/envs/airflow_env/lib/python3.8/site-packages/airflow/example_dags/tutorial.py                                                          1           0  0.89s           2022-04-02T21:48:43
/opt/anaconda3/envs/airflow_env/lib/python3.8/site-packages/airflow/example_dags/example_sla_dag.py                                                   1           0  0.92s           2022-04-02T21:49:01
/opt/anaconda3/envs/airflow_env/lib/python3.8/site-packages/airflow/example_dags/example_passing_params_via_test_command.py                           1           0  0.97s           2022-04-02T21:49:12
/opt/anaconda3/envs/airflow_env/lib/python3.8/site-packages/airflow/example_dags/example_latest_only_with_trigger.py                                  1           0  1.01s           2022-04-02T21:49:17
/opt/anaconda3/envs/airflow_env/lib/python3.8/site-packages/airflow/example_dags/example_time_delta_sensor_async.py                                   1           0  0.95s           2022-04-02T21:48:53
/opt/anaconda3/envs/airflow_env/lib/python3.8/site-packages/airflow/example_dags/example_dag_decorator.py                                             1           0  1.13s           2022-04-02T21:49:25
/opt/anaconda3/envs/airflow_env/lib/python3.8/site-packages/airflow/example_dags/example_xcom.py                                                      1           0  1.08s           2022-04-02T21:48:47
/opt/anaconda3/envs/airflow_env/lib/python3.8/site-packages/airflow/example_dags/example_branch_day_of_week_operator.py                               1           0  0.94s           2022-04-02T21:48:27
/opt/anaconda3/envs/airflow_env/lib/python3.8/site-packages/airflow/example_dags/example_skip_dag.py                                                  1           0  0.93s           2022-04-02T21:49:03
/opt/anaconda3/envs/airflow_env/lib/python3.8/site-packages/airflow/example_dags/example_trigger_target_dag.py                                        1           0  0.94s           2022-04-02T21:48:49
/opt/anaconda3/envs/airflow_env/lib/python3.8/site-packages/airflow/example_dags/example_branch_python_dop_operator_3.py                              1           0  0.89s           2022-04-02T21:49:28
/opt/anaconda3/envs/airflow_env/lib/python3.8/site-packages/airflow/example_dags/example_branch_datetime_operator.py                                  1           0  0.97s           2022-04-02T21:48:29
/opt/anaconda3/envs/airflow_env/lib/python3.8/site-packages/airflow/example_dags/example_nested_branch_dag.py                                         1           0  0.96s           2022-04-02T21:49:14
/opt/anaconda3/envs/airflow_env/lib/python3.8/site-packages/airflow/example_dags/example_trigger_controller_dag.py                                    1           0  0.96s           2022-04-02T21:48:51
/opt/anaconda3/envs/airflow_env/lib/python3.8/site-packages/airflow/example_dags/example_external_task_marker_dag.py                                  2           0  0.94s           2022-04-02T21:49:22
/opt/anaconda3/envs/airflow_env/lib/python3.8/site-packages/airflow/example_dags/example_xcomargs.py                                                  2           0  1.10s           2022-04-02T21:48:45
/opt/anaconda3/envs/airflow_env/lib/python3.8/site-packages/airflow/example_dags/example_subdag_operator.py                                           3           0  0.90s           2022-04-02T21:48:59
================================================================================
[2022-04-02 23:49:31,936] {manager.py:1065} INFO - Finding 'running' jobs without a recent heartbeat
[2022-04-02 23:49:31,936] {manager.py:1069} INFO - Failing jobs without heartbeat after 2022-04-02 21:44:31.936704+00:00
[2022-04-02 23:49:43,799] {manager.py:1065} INFO - Finding 'running' jobs without a recent heartbeat
[2022-04-02 23:49:43,802] {manager.py:1069} INFO - Failing jobs without heartbeat after 2022-04-02 21:44:43.802485+00:00
[2022-04-02 23:49:55,977] {manager.py:1065} INFO - Finding 'running' jobs without a recent heartbeat
[2022-04-02 23:49:55,978] {manager.py:1069} INFO - Failing jobs without heartbeat after 2022-04-02 21:44:55.978246+00:00
[2022-04-02 23:50:00,906] {manager.py:784} INFO - 
================================================================================
DAG File Processing Stats

File Path                                                                                                                    PID    Runtime      # DAGs    # Errors  Last Runtime    Last Run
---------------------------------------------------------------------------------------------------------------------------  -----  ---------  --------  ----------  --------------  -------------------
/opt/anaconda3/envs/airflow_env/lib/python3.8/site-packages/airflow/example_dags/tutorial_taskflow_api_etl_virtualenv.py                              0           0  1.02s           2022-04-02T21:49:44
/opt/anaconda3/envs/airflow_env/lib/python3.8/site-packages/airflow/example_dags/example_kubernetes_executor.py                                       0           0  0.92s           2022-04-02T21:49:20
/opt/anaconda3/envs/airflow_env/lib/python3.8/site-packages/airflow/example_dags/plugins/workday.py                                                   0           0  0.92s           2022-04-02T21:49:42
/opt/anaconda3/envs/airflow_env/lib/python3.8/site-packages/airflow/example_dags/subdags/subdag.py                                                    0           0  0.94s           2022-04-02T21:49:40
/opt/anaconda3/envs/airflow_env/lib/python3.8/site-packages/airflow/example_dags/example_latest_only.py                                               1           0  0.99s           2022-04-02T21:49:19
/opt/anaconda3/envs/airflow_env/lib/python3.8/site-packages/airflow/example_dags/example_task_group_decorator.py                                      1           0  1.11s           2022-04-02T21:48:55
/opt/anaconda3/envs/airflow_env/lib/python3.8/site-packages/airflow/example_dags/example_complex.py                                                   1           0  0.89s           2022-04-02T21:49:27
/opt/anaconda3/envs/airflow_env/lib/python3.8/site-packages/airflow/example_dags/example_python_operator.py                                           1           0  0.99s           2022-04-02T21:49:10
/opt/anaconda3/envs/airflow_env/lib/python3.8/site-packages/airflow/example_dags/tutorial_taskflow_api_etl.py                                         1           0  1.13s           2022-04-02T21:49:47
/opt/anaconda3/envs/airflow_env/lib/python3.8/site-packages/airflow/example_dags/example_bash_operator.py                                             1           0  0.95s           2022-04-02T21:49:38
/opt/anaconda3/envs/airflow_env/lib/python3.8/site-packages/airflow/example_dags/example_short_circuit_operator.py                                    1           0  0.94s           2022-04-02T21:49:05
/opt/anaconda3/envs/airflow_env/lib/python3.8/site-packages/airflow/example_dags/example_branch_operator.py                                           1           0  0.90s           2022-04-02T21:49:30
/opt/anaconda3/envs/airflow_env/lib/python3.8/site-packages/airflow/example_dags/tutorial_etl_dag.py                                                  1           0  0.97s           2022-04-02T21:49:48
/opt/anaconda3/envs/airflow_env/lib/python3.8/site-packages/airflow/example_dags/example_branch_labels.py                                             1           0  0.91s           2022-04-02T21:49:32
/opt/anaconda3/envs/airflow_env/lib/python3.8/site-packages/airflow/example_dags/example_task_group.py                                                1           0  0.92s           2022-04-02T21:48:57
/opt/anaconda3/envs/airflow_env/lib/python3.8/site-packages/airflow/example_dags/tutorial.py                                                          1           0  0.94s           2022-04-02T21:49:50
/opt/anaconda3/envs/airflow_env/lib/python3.8/site-packages/airflow/example_dags/example_sla_dag.py                                                   1           0  0.92s           2022-04-02T21:49:01
/opt/anaconda3/envs/airflow_env/lib/python3.8/site-packages/airflow/example_dags/example_passing_params_via_test_command.py                           1           0  0.97s           2022-04-02T21:49:12
/opt/anaconda3/envs/airflow_env/lib/python3.8/site-packages/airflow/example_dags/example_latest_only_with_trigger.py                                  1           0  1.01s           2022-04-02T21:49:17
/opt/anaconda3/envs/airflow_env/lib/python3.8/site-packages/airflow/example_dags/example_time_delta_sensor_async.py                                   1           0  0.95s           2022-04-02T21:50:00
/opt/anaconda3/envs/airflow_env/lib/python3.8/site-packages/airflow/example_dags/example_dag_decorator.py                                             1           0  1.13s           2022-04-02T21:49:25
/opt/anaconda3/envs/airflow_env/lib/python3.8/site-packages/airflow/example_dags/example_xcom.py                                                      1           0  1.15s           2022-04-02T21:49:54
/opt/anaconda3/envs/airflow_env/lib/python3.8/site-packages/airflow/example_dags/example_branch_day_of_week_operator.py                               1           0  0.97s           2022-04-02T21:49:34
/opt/anaconda3/envs/airflow_env/lib/python3.8/site-packages/airflow/example_dags/example_skip_dag.py                                                  1           0  0.93s           2022-04-02T21:49:03
/opt/anaconda3/envs/airflow_env/lib/python3.8/site-packages/airflow/example_dags/example_trigger_target_dag.py                                        1           0  0.95s           2022-04-02T21:49:56
/opt/anaconda3/envs/airflow_env/lib/python3.8/site-packages/airflow/example_dags/example_branch_python_dop_operator_3.py                              1           0  0.89s           2022-04-02T21:49:28
/opt/anaconda3/envs/airflow_env/lib/python3.8/site-packages/airflow/example_dags/example_branch_datetime_operator.py                                  1           0  0.97s           2022-04-02T21:49:36
/opt/anaconda3/envs/airflow_env/lib/python3.8/site-packages/airflow/example_dags/example_nested_branch_dag.py                                         1           0  0.96s           2022-04-02T21:49:14
/opt/anaconda3/envs/airflow_env/lib/python3.8/site-packages/airflow/example_dags/example_trigger_controller_dag.py                                    1           0  0.97s           2022-04-02T21:49:58
/opt/anaconda3/envs/airflow_env/lib/python3.8/site-packages/airflow/example_dags/example_external_task_marker_dag.py                                  2           0  0.94s           2022-04-02T21:49:22
/opt/anaconda3/envs/airflow_env/lib/python3.8/site-packages/airflow/example_dags/example_xcomargs.py                                                  2           0  1.08s           2022-04-02T21:49:52
/opt/anaconda3/envs/airflow_env/lib/python3.8/site-packages/airflow/example_dags/example_subdag_operator.py                                           3           0  0.90s           2022-04-02T21:48:59
================================================================================
[2022-04-02 23:50:07,912] {manager.py:1065} INFO - Finding 'running' jobs without a recent heartbeat
[2022-04-02 23:50:07,913] {manager.py:1069} INFO - Failing jobs without heartbeat after 2022-04-02 21:45:07.913275+00:00
[2022-04-02 23:50:19,794] {manager.py:1065} INFO - Finding 'running' jobs without a recent heartbeat
[2022-04-02 23:50:19,797] {manager.py:1069} INFO - Failing jobs without heartbeat after 2022-04-02 21:45:19.796997+00:00
[2022-04-02 23:50:31,716] {manager.py:1065} INFO - Finding 'running' jobs without a recent heartbeat
[2022-04-02 23:50:31,718] {manager.py:1069} INFO - Failing jobs without heartbeat after 2022-04-02 21:45:31.718766+00:00
[2022-04-02 23:50:32,769] {manager.py:784} INFO - 
================================================================================
DAG File Processing Stats

File Path                                                                                                                    PID    Runtime      # DAGs    # Errors  Last Runtime    Last Run
---------------------------------------------------------------------------------------------------------------------------  -----  ---------  --------  ----------  --------------  -------------------
/opt/anaconda3/envs/airflow_env/lib/python3.8/site-packages/airflow/example_dags/tutorial_taskflow_api_etl_virtualenv.py                              0           0  1.02s           2022-04-02T21:49:44
/opt/anaconda3/envs/airflow_env/lib/python3.8/site-packages/airflow/example_dags/example_kubernetes_executor.py                                       0           0  0.91s           2022-04-02T21:50:28
/opt/anaconda3/envs/airflow_env/lib/python3.8/site-packages/airflow/example_dags/plugins/workday.py                                                   0           0  0.95s           2022-04-02T21:50:16
/opt/anaconda3/envs/airflow_env/lib/python3.8/site-packages/airflow/example_dags/subdags/subdag.py                                                    0           0  0.92s           2022-04-02T21:50:14
/opt/anaconda3/envs/airflow_env/lib/python3.8/site-packages/airflow/example_dags/example_latest_only.py                                               1           0  0.93s           2022-04-02T21:50:26
/opt/anaconda3/envs/airflow_env/lib/python3.8/site-packages/airflow/example_dags/example_task_group_decorator.py                                      1           0  1.05s           2022-04-02T21:50:02
/opt/anaconda3/envs/airflow_env/lib/python3.8/site-packages/airflow/example_dags/example_complex.py                                                   1           0  0.89s           2022-04-02T21:49:27
/opt/anaconda3/envs/airflow_env/lib/python3.8/site-packages/airflow/example_dags/example_python_operator.py                                           1           0  1.02s           2022-04-02T21:50:18
/opt/anaconda3/envs/airflow_env/lib/python3.8/site-packages/airflow/example_dags/tutorial_taskflow_api_etl.py                                         1           0  1.13s           2022-04-02T21:49:47
/opt/anaconda3/envs/airflow_env/lib/python3.8/site-packages/airflow/example_dags/example_bash_operator.py                                             1           0  0.95s           2022-04-02T21:49:38
/opt/anaconda3/envs/airflow_env/lib/python3.8/site-packages/airflow/example_dags/example_short_circuit_operator.py                                    1           0  0.92s           2022-04-02T21:50:12
/opt/anaconda3/envs/airflow_env/lib/python3.8/site-packages/airflow/example_dags/example_branch_operator.py                                           1           0  0.90s           2022-04-02T21:49:30
/opt/anaconda3/envs/airflow_env/lib/python3.8/site-packages/airflow/example_dags/tutorial_etl_dag.py                                                  1           0  0.97s           2022-04-02T21:49:48
/opt/anaconda3/envs/airflow_env/lib/python3.8/site-packages/airflow/example_dags/example_branch_labels.py                                             1           0  0.91s           2022-04-02T21:49:32
/opt/anaconda3/envs/airflow_env/lib/python3.8/site-packages/airflow/example_dags/example_task_group.py                                                1           0  0.89s           2022-04-02T21:50:04
/opt/anaconda3/envs/airflow_env/lib/python3.8/site-packages/airflow/example_dags/tutorial.py                                                          1           0  0.94s           2022-04-02T21:49:50
/opt/anaconda3/envs/airflow_env/lib/python3.8/site-packages/airflow/example_dags/example_sla_dag.py                                                   1           0  1.00s           2022-04-02T21:50:08
/opt/anaconda3/envs/airflow_env/lib/python3.8/site-packages/airflow/example_dags/example_passing_params_via_test_command.py                           1           0  0.96s           2022-04-02T21:50:20
/opt/anaconda3/envs/airflow_env/lib/python3.8/site-packages/airflow/example_dags/example_latest_only_with_trigger.py                                  1           0  1.03s           2022-04-02T21:50:24
/opt/anaconda3/envs/airflow_env/lib/python3.8/site-packages/airflow/example_dags/example_time_delta_sensor_async.py                                   1           0  0.95s           2022-04-02T21:50:00
/opt/anaconda3/envs/airflow_env/lib/python3.8/site-packages/airflow/example_dags/example_dag_decorator.py                                             1           0  1.03s           2022-04-02T21:50:32
/opt/anaconda3/envs/airflow_env/lib/python3.8/site-packages/airflow/example_dags/example_xcom.py                                                      1           0  1.15s           2022-04-02T21:49:54
/opt/anaconda3/envs/airflow_env/lib/python3.8/site-packages/airflow/example_dags/example_branch_day_of_week_operator.py                               1           0  0.97s           2022-04-02T21:49:34
/opt/anaconda3/envs/airflow_env/lib/python3.8/site-packages/airflow/example_dags/example_skip_dag.py                                                  1           0  0.90s           2022-04-02T21:50:10
/opt/anaconda3/envs/airflow_env/lib/python3.8/site-packages/airflow/example_dags/example_trigger_target_dag.py                                        1           0  0.95s           2022-04-02T21:49:56
/opt/anaconda3/envs/airflow_env/lib/python3.8/site-packages/airflow/example_dags/example_branch_python_dop_operator_3.py                              1           0  0.89s           2022-04-02T21:49:28
/opt/anaconda3/envs/airflow_env/lib/python3.8/site-packages/airflow/example_dags/example_branch_datetime_operator.py                                  1           0  0.97s           2022-04-02T21:49:36
/opt/anaconda3/envs/airflow_env/lib/python3.8/site-packages/airflow/example_dags/example_nested_branch_dag.py                                         1           0  0.99s           2022-04-02T21:50:22
/opt/anaconda3/envs/airflow_env/lib/python3.8/site-packages/airflow/example_dags/example_trigger_controller_dag.py                                    1           0  0.97s           2022-04-02T21:49:58
/opt/anaconda3/envs/airflow_env/lib/python3.8/site-packages/airflow/example_dags/example_external_task_marker_dag.py                                  2           0  0.93s           2022-04-02T21:50:30
/opt/anaconda3/envs/airflow_env/lib/python3.8/site-packages/airflow/example_dags/example_xcomargs.py                                                  2           0  1.08s           2022-04-02T21:49:52
/opt/anaconda3/envs/airflow_env/lib/python3.8/site-packages/airflow/example_dags/example_subdag_operator.py                                           3           0  0.96s           2022-04-02T21:50:06
================================================================================
[2022-04-02 23:50:43,461] {manager.py:1065} INFO - Finding 'running' jobs without a recent heartbeat
[2022-04-02 23:50:43,462] {manager.py:1069} INFO - Failing jobs without heartbeat after 2022-04-02 21:45:43.462818+00:00
[2022-04-02 23:50:55,394] {manager.py:1065} INFO - Finding 'running' jobs without a recent heartbeat
[2022-04-02 23:50:55,395] {manager.py:1069} INFO - Failing jobs without heartbeat after 2022-04-02 21:45:55.395181+00:00
[2022-04-02 23:51:04,397] {manager.py:784} INFO - 
================================================================================
DAG File Processing Stats

File Path                                                                                                                    PID    Runtime      # DAGs    # Errors  Last Runtime    Last Run
---------------------------------------------------------------------------------------------------------------------------  -----  ---------  --------  ----------  --------------  -------------------
/opt/anaconda3/envs/airflow_env/lib/python3.8/site-packages/airflow/example_dags/tutorial_taskflow_api_etl_virtualenv.py                              0           0  1.00s           2022-04-02T21:50:52
/opt/anaconda3/envs/airflow_env/lib/python3.8/site-packages/airflow/example_dags/example_kubernetes_executor.py                                       0           0  0.91s           2022-04-02T21:50:28
/opt/anaconda3/envs/airflow_env/lib/python3.8/site-packages/airflow/example_dags/plugins/workday.py                                                   0           0  0.93s           2022-04-02T21:50:50
/opt/anaconda3/envs/airflow_env/lib/python3.8/site-packages/airflow/example_dags/subdags/subdag.py                                                    0           0  0.90s           2022-04-02T21:50:48
/opt/anaconda3/envs/airflow_env/lib/python3.8/site-packages/airflow/example_dags/example_latest_only.py                                               1           0  0.93s           2022-04-02T21:50:26
/opt/anaconda3/envs/airflow_env/lib/python3.8/site-packages/airflow/example_dags/example_task_group_decorator.py                                      1           0  1.05s           2022-04-02T21:50:02
/opt/anaconda3/envs/airflow_env/lib/python3.8/site-packages/airflow/example_dags/example_complex.py                                                   1           0  0.89s           2022-04-02T21:50:34
/opt/anaconda3/envs/airflow_env/lib/python3.8/site-packages/airflow/example_dags/example_python_operator.py                                           1           0  1.02s           2022-04-02T21:50:18
/opt/anaconda3/envs/airflow_env/lib/python3.8/site-packages/airflow/example_dags/tutorial_taskflow_api_etl.py                                         1           0  1.10s           2022-04-02T21:50:54
/opt/anaconda3/envs/airflow_env/lib/python3.8/site-packages/airflow/example_dags/example_bash_operator.py                                             1           0  0.93s           2022-04-02T21:50:46
/opt/anaconda3/envs/airflow_env/lib/python3.8/site-packages/airflow/example_dags/example_short_circuit_operator.py                                    1           0  0.92s           2022-04-02T21:50:12
/opt/anaconda3/envs/airflow_env/lib/python3.8/site-packages/airflow/example_dags/example_branch_operator.py                                           1           0  0.95s           2022-04-02T21:50:38
/opt/anaconda3/envs/airflow_env/lib/python3.8/site-packages/airflow/example_dags/tutorial_etl_dag.py                                                  1           0  0.89s           2022-04-02T21:50:56
/opt/anaconda3/envs/airflow_env/lib/python3.8/site-packages/airflow/example_dags/example_branch_labels.py                                             1           0  0.90s           2022-04-02T21:50:40
/opt/anaconda3/envs/airflow_env/lib/python3.8/site-packages/airflow/example_dags/example_task_group.py                                                1           0  0.89s           2022-04-02T21:50:04
/opt/anaconda3/envs/airflow_env/lib/python3.8/site-packages/airflow/example_dags/tutorial.py                                                          1           0  0.87s           2022-04-02T21:50:58
/opt/anaconda3/envs/airflow_env/lib/python3.8/site-packages/airflow/example_dags/example_sla_dag.py                                                   1           0  1.00s           2022-04-02T21:50:08
/opt/anaconda3/envs/airflow_env/lib/python3.8/site-packages/airflow/example_dags/example_passing_params_via_test_command.py                           1           0  0.96s           2022-04-02T21:50:20
/opt/anaconda3/envs/airflow_env/lib/python3.8/site-packages/airflow/example_dags/example_latest_only_with_trigger.py                                  1           0  1.03s           2022-04-02T21:50:24
/opt/anaconda3/envs/airflow_env/lib/python3.8/site-packages/airflow/example_dags/example_time_delta_sensor_async.py                                   1           0  0.95s           2022-04-02T21:50:00
/opt/anaconda3/envs/airflow_env/lib/python3.8/site-packages/airflow/example_dags/example_dag_decorator.py                                             1           0  1.03s           2022-04-02T21:50:32
/opt/anaconda3/envs/airflow_env/lib/python3.8/site-packages/airflow/example_dags/example_xcom.py                                                      1           0  1.06s           2022-04-02T21:51:02
/opt/anaconda3/envs/airflow_env/lib/python3.8/site-packages/airflow/example_dags/example_branch_day_of_week_operator.py                               1           0  0.88s           2022-04-02T21:50:42
/opt/anaconda3/envs/airflow_env/lib/python3.8/site-packages/airflow/example_dags/example_skip_dag.py                                                  1           0  0.90s           2022-04-02T21:50:10
/opt/anaconda3/envs/airflow_env/lib/python3.8/site-packages/airflow/example_dags/example_trigger_target_dag.py                                        1           0  0.86s           2022-04-02T21:51:04
/opt/anaconda3/envs/airflow_env/lib/python3.8/site-packages/airflow/example_dags/example_branch_python_dop_operator_3.py                              1           0  0.91s           2022-04-02T21:50:36
/opt/anaconda3/envs/airflow_env/lib/python3.8/site-packages/airflow/example_dags/example_branch_datetime_operator.py                                  1           0  0.89s           2022-04-02T21:50:44
/opt/anaconda3/envs/airflow_env/lib/python3.8/site-packages/airflow/example_dags/example_nested_branch_dag.py                                         1           0  0.99s           2022-04-02T21:50:22
/opt/anaconda3/envs/airflow_env/lib/python3.8/site-packages/airflow/example_dags/example_trigger_controller_dag.py                                    1           0  0.97s           2022-04-02T21:49:58
/opt/anaconda3/envs/airflow_env/lib/python3.8/site-packages/airflow/example_dags/example_external_task_marker_dag.py                                  2           0  0.93s           2022-04-02T21:50:30
/opt/anaconda3/envs/airflow_env/lib/python3.8/site-packages/airflow/example_dags/example_xcomargs.py                                                  2           0  1.19s           2022-04-02T21:51:00
/opt/anaconda3/envs/airflow_env/lib/python3.8/site-packages/airflow/example_dags/example_subdag_operator.py                                           3           0  0.96s           2022-04-02T21:50:06
================================================================================
[2022-04-02 23:51:07,127] {manager.py:1065} INFO - Finding 'running' jobs without a recent heartbeat
[2022-04-02 23:51:07,127] {manager.py:1069} INFO - Failing jobs without heartbeat after 2022-04-02 21:46:07.127294+00:00
[2022-04-02 23:51:18,750] {manager.py:1065} INFO - Finding 'running' jobs without a recent heartbeat
[2022-04-02 23:51:18,750] {manager.py:1069} INFO - Failing jobs without heartbeat after 2022-04-02 21:46:18.750705+00:00
[2022-04-02 23:51:22,634] {manager.py:663} INFO - Searching for files in /Users/manvijha/Documents/MyProjects/CaseStudy_DE/dags
[2022-04-02 23:51:22,657] {manager.py:666} INFO - There are 34 files in /Users/manvijha/Documents/MyProjects/CaseStudy_DE/dags
[2022-04-02 23:51:30,448] {manager.py:1065} INFO - Finding 'running' jobs without a recent heartbeat
[2022-04-02 23:51:30,449] {manager.py:1069} INFO - Failing jobs without heartbeat after 2022-04-02 21:46:30.449749+00:00
[2022-04-02 23:51:35,353] {manager.py:784} INFO - 
================================================================================
DAG File Processing Stats

File Path                                                                                                                    PID    Runtime      # DAGs    # Errors  Last Runtime    Last Run
---------------------------------------------------------------------------------------------------------------------------  -----  ---------  --------  ----------  --------------  -------------------
/Users/manvijha/Documents/MyProjects/CaseStudy_DE/dags/firstdag.py
/Users/manvijha/Documents/MyProjects/CaseStudy_DE/dags/extract_file.py
/opt/anaconda3/envs/airflow_env/lib/python3.8/site-packages/airflow/example_dags/tutorial_taskflow_api_etl_virtualenv.py                              0           0  1.00s           2022-04-02T21:50:52
/opt/anaconda3/envs/airflow_env/lib/python3.8/site-packages/airflow/example_dags/example_kubernetes_executor.py                                       0           0  0.90s           2022-04-02T21:51:35
/opt/anaconda3/envs/airflow_env/lib/python3.8/site-packages/airflow/example_dags/plugins/workday.py                                                   0           0  0.87s           2022-04-02T21:51:23
/opt/anaconda3/envs/airflow_env/lib/python3.8/site-packages/airflow/example_dags/subdags/subdag.py                                                    0           0  0.90s           2022-04-02T21:51:21
/opt/anaconda3/envs/airflow_env/lib/python3.8/site-packages/airflow/example_dags/example_latest_only.py                                               1           0  1.02s           2022-04-02T21:51:33
/opt/anaconda3/envs/airflow_env/lib/python3.8/site-packages/airflow/example_dags/example_task_group_decorator.py                                      1           0  1.04s           2022-04-02T21:51:10
/opt/anaconda3/envs/airflow_env/lib/python3.8/site-packages/airflow/example_dags/example_complex.py                                                   1           0  0.89s           2022-04-02T21:50:34
/opt/anaconda3/envs/airflow_env/lib/python3.8/site-packages/airflow/example_dags/example_python_operator.py                                           1           0  0.92s           2022-04-02T21:51:25
/opt/anaconda3/envs/airflow_env/lib/python3.8/site-packages/airflow/example_dags/tutorial_taskflow_api_etl.py                                         1           0  1.10s           2022-04-02T21:50:54
/opt/anaconda3/envs/airflow_env/lib/python3.8/site-packages/airflow/example_dags/example_bash_operator.py                                             1           0  0.93s           2022-04-02T21:50:46
/opt/anaconda3/envs/airflow_env/lib/python3.8/site-packages/airflow/example_dags/example_short_circuit_operator.py                                    1           0  0.92s           2022-04-02T21:51:19
/opt/anaconda3/envs/airflow_env/lib/python3.8/site-packages/airflow/example_dags/example_branch_operator.py                                           1           0  0.95s           2022-04-02T21:50:38
/opt/anaconda3/envs/airflow_env/lib/python3.8/site-packages/airflow/example_dags/tutorial_etl_dag.py                                                  1           0  0.89s           2022-04-02T21:50:56
/opt/anaconda3/envs/airflow_env/lib/python3.8/site-packages/airflow/example_dags/example_branch_labels.py                                             1           0  0.90s           2022-04-02T21:50:40
/opt/anaconda3/envs/airflow_env/lib/python3.8/site-packages/airflow/example_dags/example_task_group.py                                                1           0  0.88s           2022-04-02T21:51:11
/opt/anaconda3/envs/airflow_env/lib/python3.8/site-packages/airflow/example_dags/tutorial.py                                                          1           0  0.87s           2022-04-02T21:50:58
/opt/anaconda3/envs/airflow_env/lib/python3.8/site-packages/airflow/example_dags/example_sla_dag.py                                                   1           0  0.89s           2022-04-02T21:51:15
/opt/anaconda3/envs/airflow_env/lib/python3.8/site-packages/airflow/example_dags/example_passing_params_via_test_command.py                           1           0  0.93s           2022-04-02T21:51:27
/opt/anaconda3/envs/airflow_env/lib/python3.8/site-packages/airflow/example_dags/example_latest_only_with_trigger.py                                  1           0  1.06s           2022-04-02T21:51:31
/opt/anaconda3/envs/airflow_env/lib/python3.8/site-packages/airflow/example_dags/example_time_delta_sensor_async.py                                   1           0  0.88s           2022-04-02T21:51:08
/opt/anaconda3/envs/airflow_env/lib/python3.8/site-packages/airflow/example_dags/example_dag_decorator.py                                             1           0  1.03s           2022-04-02T21:50:32
/opt/anaconda3/envs/airflow_env/lib/python3.8/site-packages/airflow/example_dags/example_xcom.py                                                      1           0  1.06s           2022-04-02T21:51:02
/opt/anaconda3/envs/airflow_env/lib/python3.8/site-packages/airflow/example_dags/example_branch_day_of_week_operator.py                               1           0  0.88s           2022-04-02T21:50:42
/opt/anaconda3/envs/airflow_env/lib/python3.8/site-packages/airflow/example_dags/example_skip_dag.py                                                  1           0  0.87s           2022-04-02T21:51:17
/opt/anaconda3/envs/airflow_env/lib/python3.8/site-packages/airflow/example_dags/example_trigger_target_dag.py                                        1           0  0.86s           2022-04-02T21:51:04
/opt/anaconda3/envs/airflow_env/lib/python3.8/site-packages/airflow/example_dags/example_branch_python_dop_operator_3.py                              1           0  0.91s           2022-04-02T21:50:36
/opt/anaconda3/envs/airflow_env/lib/python3.8/site-packages/airflow/example_dags/example_branch_datetime_operator.py                                  1           0  0.89s           2022-04-02T21:50:44
/opt/anaconda3/envs/airflow_env/lib/python3.8/site-packages/airflow/example_dags/example_nested_branch_dag.py                                         1           0  0.94s           2022-04-02T21:51:29
/opt/anaconda3/envs/airflow_env/lib/python3.8/site-packages/airflow/example_dags/example_trigger_controller_dag.py                                    1           0  0.86s           2022-04-02T21:51:06
/opt/anaconda3/envs/airflow_env/lib/python3.8/site-packages/airflow/example_dags/example_external_task_marker_dag.py                                  2           0  0.93s           2022-04-02T21:50:30
/opt/anaconda3/envs/airflow_env/lib/python3.8/site-packages/airflow/example_dags/example_xcomargs.py                                                  2           0  1.19s           2022-04-02T21:51:00
/opt/anaconda3/envs/airflow_env/lib/python3.8/site-packages/airflow/example_dags/example_subdag_operator.py                                           3           0  0.90s           2022-04-02T21:51:13
================================================================================
[2022-04-02 23:51:42,371] {manager.py:1065} INFO - Finding 'running' jobs without a recent heartbeat
[2022-04-02 23:51:42,374] {manager.py:1069} INFO - Failing jobs without heartbeat after 2022-04-02 21:46:42.374015+00:00
